[2.187s] Invoking command in '/home/rsl/Desktop/Indoor_Mobile_Robotic_Arm/Thesis/ws/src/locomotion_core': PYTHONPATH=/home/rsl/Desktop/Indoor_Mobile_Robotic_Arm/Thesis/ws/src/build/locomotion_core/prefix_override:/home/rsl/Desktop/Indoor_Mobile_Robotic_Arm/Thesis/ws/src/install/locomotion_core/lib/python3.8/site-packages:${PYTHONPATH} /usr/bin/python3 setup.py egg_info --egg-base ../build/locomotion_core build --build-base /home/rsl/Desktop/Indoor_Mobile_Robotic_Arm/Thesis/ws/src/build/locomotion_core/build install --record /home/rsl/Desktop/Indoor_Mobile_Robotic_Arm/Thesis/ws/src/build/locomotion_core/install.log --single-version-externally-managed
[2.353s] Error processing line 1 of /usr/lib/python3/dist-packages/matplotlib-3.1.2-nspkg.pth:
[2.353s] 
[2.364s]   Traceback (most recent call last):
[2.364s]     File "/usr/lib/python3.8/site.py", line 175, in addpackage
[2.364s]       exec(line)
[2.364s]     File "<string>", line 1, in <module>
[2.365s]     File "<frozen importlib._bootstrap>", line 553, in module_from_spec
[2.365s]   AttributeError: 'NoneType' object has no attribute 'loader'
[2.365s] 
[2.365s] Remainder of file ignored
[2.748s] running egg_info
[2.749s] writing ../build/locomotion_core/locomotion_core.egg-info/PKG-INFO
[2.749s] writing dependency_links to ../build/locomotion_core/locomotion_core.egg-info/dependency_links.txt
[2.750s] writing entry points to ../build/locomotion_core/locomotion_core.egg-info/entry_points.txt
[2.750s] writing requirements to ../build/locomotion_core/locomotion_core.egg-info/requires.txt
[2.750s] writing top-level names to ../build/locomotion_core/locomotion_core.egg-info/top_level.txt
[2.816s] reading manifest file '../build/locomotion_core/locomotion_core.egg-info/SOURCES.txt'
[2.818s] writing manifest file '../build/locomotion_core/locomotion_core.egg-info/SOURCES.txt'
[2.818s] running build
[2.818s] running build_py
[2.819s] copying locomotion_core/cmd_roboteq.py -> /home/rsl/Desktop/Indoor_Mobile_Robotic_Arm/Thesis/ws/src/build/locomotion_core/build/lib/locomotion_core
[2.819s] running install
[2.821s] running install_lib
[2.823s] copying /home/rsl/Desktop/Indoor_Mobile_Robotic_Arm/Thesis/ws/src/build/locomotion_core/build/lib/locomotion_core/cmd_roboteq.py -> /home/rsl/Desktop/Indoor_Mobile_Robotic_Arm/Thesis/ws/src/install/locomotion_core/lib/python3.8/site-packages/locomotion_core
[2.825s] byte-compiling /home/rsl/Desktop/Indoor_Mobile_Robotic_Arm/Thesis/ws/src/install/locomotion_core/lib/python3.8/site-packages/locomotion_core/cmd_roboteq.py to cmd_roboteq.cpython-38.pyc
[2.828s] running install_data
[2.829s] running install_egg_info
[2.833s] removing '/home/rsl/Desktop/Indoor_Mobile_Robotic_Arm/Thesis/ws/src/install/locomotion_core/lib/python3.8/site-packages/locomotion_core-0.0.0-py3.8.egg-info' (and everything under it)
[2.833s] Copying ../build/locomotion_core/locomotion_core.egg-info to /home/rsl/Desktop/Indoor_Mobile_Robotic_Arm/Thesis/ws/src/install/locomotion_core/lib/python3.8/site-packages/locomotion_core-0.0.0-py3.8.egg-info
[2.836s] running install_scripts
[2.873s] Installing cmd_roboteq script to /home/rsl/Desktop/Indoor_Mobile_Robotic_Arm/Thesis/ws/src/install/locomotion_core/lib/locomotion_core
[2.873s] Installing drive_selector script to /home/rsl/Desktop/Indoor_Mobile_Robotic_Arm/Thesis/ws/src/install/locomotion_core/lib/locomotion_core
[2.873s] Installing movebase_core script to /home/rsl/Desktop/Indoor_Mobile_Robotic_Arm/Thesis/ws/src/install/locomotion_core/lib/locomotion_core
[2.873s] Installing rover_state_controller script to /home/rsl/Desktop/Indoor_Mobile_Robotic_Arm/Thesis/ws/src/install/locomotion_core/lib/locomotion_core
[2.874s] writing list of installed files to '/home/rsl/Desktop/Indoor_Mobile_Robotic_Arm/Thesis/ws/src/build/locomotion_core/install.log'
[2.980s] Invoked command in '/home/rsl/Desktop/Indoor_Mobile_Robotic_Arm/Thesis/ws/src/locomotion_core' returned '0': PYTHONPATH=/home/rsl/Desktop/Indoor_Mobile_Robotic_Arm/Thesis/ws/src/build/locomotion_core/prefix_override:/home/rsl/Desktop/Indoor_Mobile_Robotic_Arm/Thesis/ws/src/install/locomotion_core/lib/python3.8/site-packages:${PYTHONPATH} /usr/bin/python3 setup.py egg_info --egg-base ../build/locomotion_core build --build-base /home/rsl/Desktop/Indoor_Mobile_Robotic_Arm/Thesis/ws/src/build/locomotion_core/build install --record /home/rsl/Desktop/Indoor_Mobile_Robotic_Arm/Thesis/ws/src/build/locomotion_core/install.log --single-version-externally-managed
