[3.793s] Invoking command in '/home/rsl/Desktop/Indoor_Mobile_Robotic_Arm/Thesis/ws/src/rsl_scu': PYTHONPATH=/home/rsl/Desktop/Indoor_Mobile_Robotic_Arm/Thesis/ws/build/rsl_scu/prefix_override:/home/rsl/Desktop/Indoor_Mobile_Robotic_Arm/Thesis/ws/install/rsl_scu/lib/python3.8/site-packages:${PYTHONPATH} /usr/bin/python3 setup.py egg_info --egg-base ../../build/rsl_scu build --build-base /home/rsl/Desktop/Indoor_Mobile_Robotic_Arm/Thesis/ws/build/rsl_scu/build install --record /home/rsl/Desktop/Indoor_Mobile_Robotic_Arm/Thesis/ws/build/rsl_scu/install.log --install-scripts $base/lib/rsl_scu --single-version-externally-managed
[3.975s] Error processing line 1 of /usr/lib/python3/dist-packages/matplotlib-3.1.2-nspkg.pth:
[3.976s] 
[3.985s]   Traceback (most recent call last):
[3.985s]     File "/usr/lib/python3.8/site.py", line 175, in addpackage
[3.986s]       exec(line)
[3.986s]     File "<string>", line 1, in <module>
[3.986s]     File "<frozen importlib._bootstrap>", line 553, in module_from_spec
[3.986s]   AttributeError: 'NoneType' object has no attribute 'loader'
[3.986s] 
[3.986s] Remainder of file ignored
[4.399s] running egg_info
[4.400s] writing ../../build/rsl_scu/rsl_scu.egg-info/PKG-INFO
[4.400s] writing dependency_links to ../../build/rsl_scu/rsl_scu.egg-info/dependency_links.txt
[4.401s] writing entry points to ../../build/rsl_scu/rsl_scu.egg-info/entry_points.txt
[4.401s] writing requirements to ../../build/rsl_scu/rsl_scu.egg-info/requires.txt
[4.401s] writing top-level names to ../../build/rsl_scu/rsl_scu.egg-info/top_level.txt
[4.626s] reading manifest file '../../build/rsl_scu/rsl_scu.egg-info/SOURCES.txt'
[4.762s] writing manifest file '../../build/rsl_scu/rsl_scu.egg-info/SOURCES.txt'
[4.762s] running build
[4.762s] running build_py
[4.763s] running install
[4.765s] running install_lib
[4.768s] running install_data
[4.769s] running install_egg_info
[4.774s] removing '/home/rsl/Desktop/Indoor_Mobile_Robotic_Arm/Thesis/ws/install/rsl_scu/lib/python3.8/site-packages/rsl_scu-0.0.0-py3.8.egg-info' (and everything under it)
[4.775s] Copying ../../build/rsl_scu/rsl_scu.egg-info to /home/rsl/Desktop/Indoor_Mobile_Robotic_Arm/Thesis/ws/install/rsl_scu/lib/python3.8/site-packages/rsl_scu-0.0.0-py3.8.egg-info
[4.777s] running install_scripts
[4.823s] Installing rsl_joy script to /home/rsl/Desktop/Indoor_Mobile_Robotic_Arm/Thesis/ws/install/rsl_scu/lib/rsl_scu
[4.824s] writing list of installed files to '/home/rsl/Desktop/Indoor_Mobile_Robotic_Arm/Thesis/ws/build/rsl_scu/install.log'
[4.981s] Invoked command in '/home/rsl/Desktop/Indoor_Mobile_Robotic_Arm/Thesis/ws/src/rsl_scu' returned '0': PYTHONPATH=/home/rsl/Desktop/Indoor_Mobile_Robotic_Arm/Thesis/ws/build/rsl_scu/prefix_override:/home/rsl/Desktop/Indoor_Mobile_Robotic_Arm/Thesis/ws/install/rsl_scu/lib/python3.8/site-packages:${PYTHONPATH} /usr/bin/python3 setup.py egg_info --egg-base ../../build/rsl_scu build --build-base /home/rsl/Desktop/Indoor_Mobile_Robotic_Arm/Thesis/ws/build/rsl_scu/build install --record /home/rsl/Desktop/Indoor_Mobile_Robotic_Arm/Thesis/ws/build/rsl_scu/install.log --install-scripts $base/lib/rsl_scu --single-version-externally-managed
