[1.126s] Invoking command in '/home/vboxuser/ws/src/locomotion_core': PYTHONPATH=/home/vboxuser/ws/build/locomotion_core/prefix_override:/home/vboxuser/ws/install/locomotion_core/lib/python3.10/site-packages:${PYTHONPATH} /usr/bin/python3 setup.py egg_info --egg-base ../../build/locomotion_core build --build-base /home/vboxuser/ws/build/locomotion_core/build install --record /home/vboxuser/ws/build/locomotion_core/install.log --single-version-externally-managed
[1.381s] running egg_info
[1.382s] writing ../../build/locomotion_core/locomotion_core.egg-info/PKG-INFO
[1.382s] writing dependency_links to ../../build/locomotion_core/locomotion_core.egg-info/dependency_links.txt
[1.383s] writing entry points to ../../build/locomotion_core/locomotion_core.egg-info/entry_points.txt
[1.383s] writing requirements to ../../build/locomotion_core/locomotion_core.egg-info/requires.txt
[1.383s] writing top-level names to ../../build/locomotion_core/locomotion_core.egg-info/top_level.txt
[1.386s] reading manifest file '../../build/locomotion_core/locomotion_core.egg-info/SOURCES.txt'
[1.386s] writing manifest file '../../build/locomotion_core/locomotion_core.egg-info/SOURCES.txt'
[1.387s] running build
[1.387s] running build_py
[1.387s] copying locomotion_core/rover_state_controller.py -> /home/vboxuser/ws/build/locomotion_core/build/lib/locomotion_core
[1.387s] running install
[1.388s] running install_lib
[1.391s] copying /home/vboxuser/ws/build/locomotion_core/build/lib/locomotion_core/rover_state_controller.py -> /home/vboxuser/ws/install/locomotion_core/lib/python3.10/site-packages/locomotion_core
[1.392s] byte-compiling /home/vboxuser/ws/install/locomotion_core/lib/python3.10/site-packages/locomotion_core/rover_state_controller.py to rover_state_controller.cpython-310.pyc
[1.394s] running install_data
[1.395s] running install_egg_info
[1.397s] removing '/home/vboxuser/ws/install/locomotion_core/lib/python3.10/site-packages/locomotion_core-0.0.0-py3.10.egg-info' (and everything under it)
[1.397s] Copying ../../build/locomotion_core/locomotion_core.egg-info to /home/vboxuser/ws/install/locomotion_core/lib/python3.10/site-packages/locomotion_core-0.0.0-py3.10.egg-info
[1.398s] running install_scripts
[1.416s] Installing cmd_roboteq script to /home/vboxuser/ws/install/locomotion_core/lib/locomotion_core
[1.416s] Installing drive_selector script to /home/vboxuser/ws/install/locomotion_core/lib/locomotion_core
[1.417s] Installing movebase_core script to /home/vboxuser/ws/install/locomotion_core/lib/locomotion_core
[1.417s] Installing rover_state_controller script to /home/vboxuser/ws/install/locomotion_core/lib/locomotion_core
[1.417s] writing list of installed files to '/home/vboxuser/ws/build/locomotion_core/install.log'
[1.447s] Invoked command in '/home/vboxuser/ws/src/locomotion_core' returned '0': PYTHONPATH=/home/vboxuser/ws/build/locomotion_core/prefix_override:/home/vboxuser/ws/install/locomotion_core/lib/python3.10/site-packages:${PYTHONPATH} /usr/bin/python3 setup.py egg_info --egg-base ../../build/locomotion_core build --build-base /home/vboxuser/ws/build/locomotion_core/build install --record /home/vboxuser/ws/build/locomotion_core/install.log --single-version-externally-managed
