[3.194s] Invoking command in '/home/rsl/Desktop/Indoor_Mobile_Robotic_Arm/Thesis/ws/src/rsl_scu': PYTHONPATH=/home/rsl/Desktop/Indoor_Mobile_Robotic_Arm/Thesis/ws/src/build/rsl_scu/prefix_override:/home/rsl/Desktop/Indoor_Mobile_Robotic_Arm/Thesis/ws/src/install/rsl_scu/lib/python3.8/site-packages:${PYTHONPATH} /usr/bin/python3 setup.py egg_info --egg-base ../build/rsl_scu build --build-base /home/rsl/Desktop/Indoor_Mobile_Robotic_Arm/Thesis/ws/src/build/rsl_scu/build install --record /home/rsl/Desktop/Indoor_Mobile_Robotic_Arm/Thesis/ws/src/build/rsl_scu/install.log --install-scripts $base/lib/rsl_scu --single-version-externally-managed
[3.364s] Error processing line 1 of /usr/lib/python3/dist-packages/matplotlib-3.1.2-nspkg.pth:
[3.364s] 
[3.372s]   Traceback (most recent call last):
[3.372s]     File "/usr/lib/python3.8/site.py", line 175, in addpackage
[3.373s]       exec(line)
[3.373s]     File "<string>", line 1, in <module>
[3.373s]     File "<frozen importlib._bootstrap>", line 553, in module_from_spec
[3.373s]   AttributeError: 'NoneType' object has no attribute 'loader'
[3.373s] 
[3.373s] Remainder of file ignored
[3.763s] running egg_info
[3.764s] writing ../build/rsl_scu/rsl_scu.egg-info/PKG-INFO
[3.765s] writing dependency_links to ../build/rsl_scu/rsl_scu.egg-info/dependency_links.txt
[3.765s] writing entry points to ../build/rsl_scu/rsl_scu.egg-info/entry_points.txt
[3.766s] writing requirements to ../build/rsl_scu/rsl_scu.egg-info/requires.txt
[3.766s] writing top-level names to ../build/rsl_scu/rsl_scu.egg-info/top_level.txt
[3.831s] reading manifest file '../build/rsl_scu/rsl_scu.egg-info/SOURCES.txt'
[3.833s] writing manifest file '../build/rsl_scu/rsl_scu.egg-info/SOURCES.txt'
[3.834s] running build
[3.834s] running build_py
[3.834s] running install
[3.836s] running install_lib
[3.839s] running install_data
[3.840s] running install_egg_info
[3.843s] removing '/home/rsl/Desktop/Indoor_Mobile_Robotic_Arm/Thesis/ws/src/install/rsl_scu/lib/python3.8/site-packages/rsl_scu-0.0.0-py3.8.egg-info' (and everything under it)
[3.844s] Copying ../build/rsl_scu/rsl_scu.egg-info to /home/rsl/Desktop/Indoor_Mobile_Robotic_Arm/Thesis/ws/src/install/rsl_scu/lib/python3.8/site-packages/rsl_scu-0.0.0-py3.8.egg-info
[3.846s] running install_scripts
[3.883s] Installing rsl_joy script to /home/rsl/Desktop/Indoor_Mobile_Robotic_Arm/Thesis/ws/src/install/rsl_scu/lib/rsl_scu
[3.884s] writing list of installed files to '/home/rsl/Desktop/Indoor_Mobile_Robotic_Arm/Thesis/ws/src/build/rsl_scu/install.log'
[3.955s] Invoked command in '/home/rsl/Desktop/Indoor_Mobile_Robotic_Arm/Thesis/ws/src/rsl_scu' returned '0': PYTHONPATH=/home/rsl/Desktop/Indoor_Mobile_Robotic_Arm/Thesis/ws/src/build/rsl_scu/prefix_override:/home/rsl/Desktop/Indoor_Mobile_Robotic_Arm/Thesis/ws/src/install/rsl_scu/lib/python3.8/site-packages:${PYTHONPATH} /usr/bin/python3 setup.py egg_info --egg-base ../build/rsl_scu build --build-base /home/rsl/Desktop/Indoor_Mobile_Robotic_Arm/Thesis/ws/src/build/rsl_scu/build install --record /home/rsl/Desktop/Indoor_Mobile_Robotic_Arm/Thesis/ws/src/build/rsl_scu/install.log --install-scripts $base/lib/rsl_scu --single-version-externally-managed
