[3.243s] Invoking command in '/home/vboxuser/ws/src/my_robot_ctrl': PYTHONPATH=/home/vboxuser/ws/build/my_robot_ctrl/prefix_override:/home/vboxuser/ws/install/my_robot_ctrl/lib/python3.10/site-packages:${PYTHONPATH} /usr/bin/python3 setup.py egg_info --egg-base ../../build/my_robot_ctrl build --build-base /home/vboxuser/ws/build/my_robot_ctrl/build install --record /home/vboxuser/ws/build/my_robot_ctrl/install.log --single-version-externally-managed
[4.249s] running egg_info
[4.255s] writing ../../build/my_robot_ctrl/my_robot_ctrl.egg-info/PKG-INFO
[4.260s] writing dependency_links to ../../build/my_robot_ctrl/my_robot_ctrl.egg-info/dependency_links.txt
[4.272s] writing entry points to ../../build/my_robot_ctrl/my_robot_ctrl.egg-info/entry_points.txt
[4.272s] writing requirements to ../../build/my_robot_ctrl/my_robot_ctrl.egg-info/requires.txt
[4.272s] writing top-level names to ../../build/my_robot_ctrl/my_robot_ctrl.egg-info/top_level.txt
[4.280s] reading manifest file '../../build/my_robot_ctrl/my_robot_ctrl.egg-info/SOURCES.txt'
[4.290s] writing manifest file '../../build/my_robot_ctrl/my_robot_ctrl.egg-info/SOURCES.txt'
[4.294s] running build
[4.295s] running build_py
[4.295s] running install
[4.295s] running install_lib
[4.296s] running install_data
[4.296s] running install_egg_info
[4.297s] removing '/home/vboxuser/ws/install/my_robot_ctrl/lib/python3.10/site-packages/my_robot_ctrl-0.0.0-py3.10.egg-info' (and everything under it)
[4.297s] Copying ../../build/my_robot_ctrl/my_robot_ctrl.egg-info to /home/vboxuser/ws/install/my_robot_ctrl/lib/python3.10/site-packages/my_robot_ctrl-0.0.0-py3.10.egg-info
[4.298s] running install_scripts
[4.387s] Installing mynode script to /home/vboxuser/ws/install/my_robot_ctrl/lib/my_robot_ctrl
[4.389s] writing list of installed files to '/home/vboxuser/ws/build/my_robot_ctrl/install.log'
[4.571s] Invoked command in '/home/vboxuser/ws/src/my_robot_ctrl' returned '0': PYTHONPATH=/home/vboxuser/ws/build/my_robot_ctrl/prefix_override:/home/vboxuser/ws/install/my_robot_ctrl/lib/python3.10/site-packages:${PYTHONPATH} /usr/bin/python3 setup.py egg_info --egg-base ../../build/my_robot_ctrl build --build-base /home/vboxuser/ws/build/my_robot_ctrl/build install --record /home/vboxuser/ws/build/my_robot_ctrl/install.log --single-version-externally-managed
