[4.089s] Invoking command in '/home/rsl/Desktop/Indoor_Mobile_Robotic_Arm/Thesis/ws/src/rsl_scu': PYTHONPATH=/home/rsl/Desktop/Indoor_Mobile_Robotic_Arm/Thesis/ws/build/rsl_scu/prefix_override:/home/rsl/Desktop/Indoor_Mobile_Robotic_Arm/Thesis/ws/install/rsl_scu/lib/python3.8/site-packages:${PYTHONPATH} /usr/bin/python3 setup.py egg_info --egg-base ../../build/rsl_scu build --build-base /home/rsl/Desktop/Indoor_Mobile_Robotic_Arm/Thesis/ws/build/rsl_scu/build install --record /home/rsl/Desktop/Indoor_Mobile_Robotic_Arm/Thesis/ws/build/rsl_scu/install.log --install-scripts $base/lib/rsl_scu --single-version-externally-managed
[4.269s] Error processing line 1 of /usr/lib/python3/dist-packages/matplotlib-3.1.2-nspkg.pth:
[4.269s] 
[4.280s]   Traceback (most recent call last):
[4.280s]     File "/usr/lib/python3.8/site.py", line 175, in addpackage
[4.280s]       exec(line)
[4.281s]     File "<string>", line 1, in <module>
[4.281s]     File "<frozen importlib._bootstrap>", line 553, in module_from_spec
[4.281s]   AttributeError: 'NoneType' object has no attribute 'loader'
[4.281s] 
[4.282s] Remainder of file ignored
[4.697s] running egg_info
[4.698s] writing ../../build/rsl_scu/rsl_scu.egg-info/PKG-INFO
[4.700s] writing dependency_links to ../../build/rsl_scu/rsl_scu.egg-info/dependency_links.txt
[4.700s] writing entry points to ../../build/rsl_scu/rsl_scu.egg-info/entry_points.txt
[4.700s] writing requirements to ../../build/rsl_scu/rsl_scu.egg-info/requires.txt
[4.701s] writing top-level names to ../../build/rsl_scu/rsl_scu.egg-info/top_level.txt
[4.919s] reading manifest file '../../build/rsl_scu/rsl_scu.egg-info/SOURCES.txt'
[5.059s] writing manifest file '../../build/rsl_scu/rsl_scu.egg-info/SOURCES.txt'
[5.061s] running build
[5.061s] running build_py
[5.061s] running install
[5.062s] running install_lib
[5.067s] running install_data
[5.068s] running install_egg_info
[5.072s] removing '/home/rsl/Desktop/Indoor_Mobile_Robotic_Arm/Thesis/ws/install/rsl_scu/lib/python3.8/site-packages/rsl_scu-0.0.0-py3.8.egg-info' (and everything under it)
[5.073s] Copying ../../build/rsl_scu/rsl_scu.egg-info to /home/rsl/Desktop/Indoor_Mobile_Robotic_Arm/Thesis/ws/install/rsl_scu/lib/python3.8/site-packages/rsl_scu-0.0.0-py3.8.egg-info
[5.079s] running install_scripts
[5.131s] Installing rsl_joy script to /home/rsl/Desktop/Indoor_Mobile_Robotic_Arm/Thesis/ws/install/rsl_scu/lib/rsl_scu
[5.132s] writing list of installed files to '/home/rsl/Desktop/Indoor_Mobile_Robotic_Arm/Thesis/ws/build/rsl_scu/install.log'
[5.283s] Invoked command in '/home/rsl/Desktop/Indoor_Mobile_Robotic_Arm/Thesis/ws/src/rsl_scu' returned '0': PYTHONPATH=/home/rsl/Desktop/Indoor_Mobile_Robotic_Arm/Thesis/ws/build/rsl_scu/prefix_override:/home/rsl/Desktop/Indoor_Mobile_Robotic_Arm/Thesis/ws/install/rsl_scu/lib/python3.8/site-packages:${PYTHONPATH} /usr/bin/python3 setup.py egg_info --egg-base ../../build/rsl_scu build --build-base /home/rsl/Desktop/Indoor_Mobile_Robotic_Arm/Thesis/ws/build/rsl_scu/build install --record /home/rsl/Desktop/Indoor_Mobile_Robotic_Arm/Thesis/ws/build/rsl_scu/install.log --install-scripts $base/lib/rsl_scu --single-version-externally-managed
