[1.033s] Invoking command in '/home/rsl/Desktop/Indoor_Mobile_Robotic_Arm/Thesis/ws/build/teleop_twist_joy': CMAKE_PREFIX_PATH=${CMAKE_PREFIX_PATH}:/home/rsl/Desktop/Indoor_Mobile_Robotic_Arm/Thesis/ws/install/rsl_scu:/home/rsl/Desktop/Indoor_Mobile_Robotic_Arm/Thesis/ws/install/locomotion_core:/opt/ros/foxy /usr/bin/cmake --build /home/rsl/Desktop/Indoor_Mobile_Robotic_Arm/Thesis/ws/build/teleop_twist_joy -- -j6 -l6
[1.177s] [ 50%] Built target teleop_twist_joy
[1.241s] [100%] Built target teleop_twist_joy_node
[1.287s] Invoked command in '/home/rsl/Desktop/Indoor_Mobile_Robotic_Arm/Thesis/ws/build/teleop_twist_joy' returned '0': CMAKE_PREFIX_PATH=${CMAKE_PREFIX_PATH}:/home/rsl/Desktop/Indoor_Mobile_Robotic_Arm/Thesis/ws/install/rsl_scu:/home/rsl/Desktop/Indoor_Mobile_Robotic_Arm/Thesis/ws/install/locomotion_core:/opt/ros/foxy /usr/bin/cmake --build /home/rsl/Desktop/Indoor_Mobile_Robotic_Arm/Thesis/ws/build/teleop_twist_joy -- -j6 -l6
[1.346s] Invoking command in '/home/rsl/Desktop/Indoor_Mobile_Robotic_Arm/Thesis/ws/build/teleop_twist_joy': CMAKE_PREFIX_PATH=${CMAKE_PREFIX_PATH}:/home/rsl/Desktop/Indoor_Mobile_Robotic_Arm/Thesis/ws/install/rsl_scu:/home/rsl/Desktop/Indoor_Mobile_Robotic_Arm/Thesis/ws/install/locomotion_core:/opt/ros/foxy /usr/bin/cmake --install /home/rsl/Desktop/Indoor_Mobile_Robotic_Arm/Thesis/ws/build/teleop_twist_joy
[1.366s] -- Install configuration: ""
[1.372s] -- Up-to-date: /home/rsl/Desktop/Indoor_Mobile_Robotic_Arm/Thesis/ws/install/teleop_twist_joy/lib/libteleop_twist_joy.so
[1.372s] -- Up-to-date: /home/rsl/Desktop/Indoor_Mobile_Robotic_Arm/Thesis/ws/install/teleop_twist_joy/lib/teleop_twist_joy/teleop_node
[1.372s] -- Up-to-date: /home/rsl/Desktop/Indoor_Mobile_Robotic_Arm/Thesis/ws/install/teleop_twist_joy/include
[1.373s] -- Up-to-date: /home/rsl/Desktop/Indoor_Mobile_Robotic_Arm/Thesis/ws/install/teleop_twist_joy/include/teleop_twist_joy
[1.373s] -- Up-to-date: /home/rsl/Desktop/Indoor_Mobile_Robotic_Arm/Thesis/ws/install/teleop_twist_joy/include/teleop_twist_joy/teleop_twist_joy.hpp
[1.373s] -- Up-to-date: /home/rsl/Desktop/Indoor_Mobile_Robotic_Arm/Thesis/ws/install/teleop_twist_joy/include/teleop_twist_joy/teleop_twist_joy_export.h
[1.378s] -- Up-to-date: /home/rsl/Desktop/Indoor_Mobile_Robotic_Arm/Thesis/ws/install/teleop_twist_joy/share/teleop_twist_joy/launch
[1.378s] -- Up-to-date: /home/rsl/Desktop/Indoor_Mobile_Robotic_Arm/Thesis/ws/install/teleop_twist_joy/share/teleop_twist_joy/launch/teleop-launch.py
[1.378s] -- Up-to-date: /home/rsl/Desktop/Indoor_Mobile_Robotic_Arm/Thesis/ws/install/teleop_twist_joy/share/teleop_twist_joy/config
[1.379s] -- Up-to-date: /home/rsl/Desktop/Indoor_Mobile_Robotic_Arm/Thesis/ws/install/teleop_twist_joy/share/teleop_twist_joy/config/xd3.config.yaml
[1.379s] -- Up-to-date: /home/rsl/Desktop/Indoor_Mobile_Robotic_Arm/Thesis/ws/install/teleop_twist_joy/share/teleop_twist_joy/config/logitech.config.yaml
[1.384s] -- Up-to-date: /home/rsl/Desktop/Indoor_Mobile_Robotic_Arm/Thesis/ws/install/teleop_twist_joy/share/teleop_twist_joy/config/ps3.config.yaml
[1.385s] -- Up-to-date: /home/rsl/Desktop/Indoor_Mobile_Robotic_Arm/Thesis/ws/install/teleop_twist_joy/share/teleop_twist_joy/config/ps3-holonomic.config.yaml
[1.391s] -- Up-to-date: /home/rsl/Desktop/Indoor_Mobile_Robotic_Arm/Thesis/ws/install/teleop_twist_joy/share/teleop_twist_joy/config/atk3.config.yaml
[1.392s] -- Up-to-date: /home/rsl/Desktop/Indoor_Mobile_Robotic_Arm/Thesis/ws/install/teleop_twist_joy/share/teleop_twist_joy/config/xbox.config.yaml
[1.392s] -- Up-to-date: /home/rsl/Desktop/Indoor_Mobile_Robotic_Arm/Thesis/ws/install/teleop_twist_joy/share/teleop_twist_joy/environment/library_path.sh
[1.393s] -- Up-to-date: /home/rsl/Desktop/Indoor_Mobile_Robotic_Arm/Thesis/ws/install/teleop_twist_joy/share/teleop_twist_joy/environment/library_path.dsv
[1.393s] -- Up-to-date: /home/rsl/Desktop/Indoor_Mobile_Robotic_Arm/Thesis/ws/install/teleop_twist_joy/share/ament_index/resource_index/package_run_dependencies/teleop_twist_joy
[1.394s] -- Up-to-date: /home/rsl/Desktop/Indoor_Mobile_Robotic_Arm/Thesis/ws/install/teleop_twist_joy/share/ament_index/resource_index/parent_prefix_path/teleop_twist_joy
[1.394s] -- Up-to-date: /home/rsl/Desktop/Indoor_Mobile_Robotic_Arm/Thesis/ws/install/teleop_twist_joy/share/teleop_twist_joy/environment/ament_prefix_path.sh
[1.395s] -- Up-to-date: /home/rsl/Desktop/Indoor_Mobile_Robotic_Arm/Thesis/ws/install/teleop_twist_joy/share/teleop_twist_joy/environment/ament_prefix_path.dsv
[1.395s] -- Up-to-date: /home/rsl/Desktop/Indoor_Mobile_Robotic_Arm/Thesis/ws/install/teleop_twist_joy/share/teleop_twist_joy/environment/path.sh
[1.399s] -- Up-to-date: /home/rsl/Desktop/Indoor_Mobile_Robotic_Arm/Thesis/ws/install/teleop_twist_joy/share/teleop_twist_joy/environment/path.dsv
[1.400s] -- Up-to-date: /home/rsl/Desktop/Indoor_Mobile_Robotic_Arm/Thesis/ws/install/teleop_twist_joy/share/teleop_twist_joy/local_setup.bash
[1.400s] -- Up-to-date: /home/rsl/Desktop/Indoor_Mobile_Robotic_Arm/Thesis/ws/install/teleop_twist_joy/share/teleop_twist_joy/local_setup.sh
[1.400s] -- Up-to-date: /home/rsl/Desktop/Indoor_Mobile_Robotic_Arm/Thesis/ws/install/teleop_twist_joy/share/teleop_twist_joy/local_setup.zsh
[1.401s] -- Up-to-date: /home/rsl/Desktop/Indoor_Mobile_Robotic_Arm/Thesis/ws/install/teleop_twist_joy/share/teleop_twist_joy/local_setup.dsv
[1.401s] -- Installing: /home/rsl/Desktop/Indoor_Mobile_Robotic_Arm/Thesis/ws/install/teleop_twist_joy/share/teleop_twist_joy/package.dsv
[1.401s] -- Up-to-date: /home/rsl/Desktop/Indoor_Mobile_Robotic_Arm/Thesis/ws/install/teleop_twist_joy/share/ament_index/resource_index/packages/teleop_twist_joy
[1.402s] -- Up-to-date: /home/rsl/Desktop/Indoor_Mobile_Robotic_Arm/Thesis/ws/install/teleop_twist_joy/share/ament_index/resource_index/rclcpp_components/teleop_twist_joy
[1.402s] -- Up-to-date: /home/rsl/Desktop/Indoor_Mobile_Robotic_Arm/Thesis/ws/install/teleop_twist_joy/share/teleop_twist_joy/cmake/ament_cmake_export_include_directories-extras.cmake
[1.402s] -- Up-to-date: /home/rsl/Desktop/Indoor_Mobile_Robotic_Arm/Thesis/ws/install/teleop_twist_joy/share/teleop_twist_joy/cmake/ament_cmake_export_libraries-extras.cmake
[1.402s] -- Up-to-date: /home/rsl/Desktop/Indoor_Mobile_Robotic_Arm/Thesis/ws/install/teleop_twist_joy/share/teleop_twist_joy/cmake/teleop_twist_joyConfig.cmake
[1.402s] -- Up-to-date: /home/rsl/Desktop/Indoor_Mobile_Robotic_Arm/Thesis/ws/install/teleop_twist_joy/share/teleop_twist_joy/cmake/teleop_twist_joyConfig-version.cmake
[1.402s] -- Up-to-date: /home/rsl/Desktop/Indoor_Mobile_Robotic_Arm/Thesis/ws/install/teleop_twist_joy/share/teleop_twist_joy/package.xml
[1.403s] Invoked command in '/home/rsl/Desktop/Indoor_Mobile_Robotic_Arm/Thesis/ws/build/teleop_twist_joy' returned '0': CMAKE_PREFIX_PATH=${CMAKE_PREFIX_PATH}:/home/rsl/Desktop/Indoor_Mobile_Robotic_Arm/Thesis/ws/install/rsl_scu:/home/rsl/Desktop/Indoor_Mobile_Robotic_Arm/Thesis/ws/install/locomotion_core:/opt/ros/foxy /usr/bin/cmake --install /home/rsl/Desktop/Indoor_Mobile_Robotic_Arm/Thesis/ws/build/teleop_twist_joy
