[2.977s] Invoking command in '/home/vboxuser/ws/src/locomotion_core': PYTHONPATH=/home/vboxuser/ws/build/locomotion_core/prefix_override:/home/vboxuser/ws/install/locomotion_core/lib/python3.10/site-packages:${PYTHONPATH} /usr/bin/python3 setup.py egg_info --egg-base ../../build/locomotion_core build --build-base /home/vboxuser/ws/build/locomotion_core/build install --record /home/vboxuser/ws/build/locomotion_core/install.log --single-version-externally-managed
[3.712s] running egg_info
[3.716s] writing ../../build/locomotion_core/locomotion_core.egg-info/PKG-INFO
[3.717s] writing dependency_links to ../../build/locomotion_core/locomotion_core.egg-info/dependency_links.txt
[3.718s] writing entry points to ../../build/locomotion_core/locomotion_core.egg-info/entry_points.txt
[3.718s] writing requirements to ../../build/locomotion_core/locomotion_core.egg-info/requires.txt
[3.719s] writing top-level names to ../../build/locomotion_core/locomotion_core.egg-info/top_level.txt
[3.724s] reading manifest file '../../build/locomotion_core/locomotion_core.egg-info/SOURCES.txt'
[3.729s] writing manifest file '../../build/locomotion_core/locomotion_core.egg-info/SOURCES.txt'
[3.732s] running build
[3.732s] running build_py
[3.733s] running install
[3.734s] running install_lib
[3.740s] running install_data
[3.741s] running install_egg_info
[3.744s] removing '/home/vboxuser/ws/install/locomotion_core/lib/python3.10/site-packages/locomotion_core-0.0.0-py3.10.egg-info' (and everything under it)
[3.746s] Copying ../../build/locomotion_core/locomotion_core.egg-info to /home/vboxuser/ws/install/locomotion_core/lib/python3.10/site-packages/locomotion_core-0.0.0-py3.10.egg-info
[3.752s] running install_scripts
[3.819s] Installing driver script to /home/vboxuser/ws/install/locomotion_core/lib/locomotion_core
[3.824s] writing list of installed files to '/home/vboxuser/ws/build/locomotion_core/install.log'
[4.010s] Invoked command in '/home/vboxuser/ws/src/locomotion_core' returned '0': PYTHONPATH=/home/vboxuser/ws/build/locomotion_core/prefix_override:/home/vboxuser/ws/install/locomotion_core/lib/python3.10/site-packages:${PYTHONPATH} /usr/bin/python3 setup.py egg_info --egg-base ../../build/locomotion_core build --build-base /home/vboxuser/ws/build/locomotion_core/build install --record /home/vboxuser/ws/build/locomotion_core/install.log --single-version-externally-managed
