[0.665s] DEBUG:colcon:Command line arguments: ['/usr/bin/colcon', 'build']
[0.665s] DEBUG:colcon:Parsed command line arguments: Namespace(log_base=None, log_level=None, verb_name='build', build_base='build', install_base='install', merge_install=False, symlink_install=False, test_result_base=None, continue_on_error=False, executor='parallel', parallel_workers=6, event_handlers=None, ignore_user_meta=False, metas=['./colcon.meta'], base_paths=['.'], packages_ignore=None, packages_ignore_regex=None, paths=None, packages_up_to=None, packages_up_to_regex=None, packages_above=None, packages_above_and_dependencies=None, packages_above_depth=None, packages_select_by_dep=None, packages_skip_by_dep=None, packages_skip_up_to=None, packages_select_build_failed=False, packages_skip_build_finished=False, packages_select_test_failures=False, packages_skip_test_passed=False, packages_select=None, packages_skip=None, packages_select_regex=None, packages_skip_regex=None, packages_start=None, packages_end=None, allow_overriding=[], cmake_args=None, cmake_target=None, cmake_target_skip_unavailable=False, cmake_clean_cache=False, cmake_clean_first=False, cmake_force_configure=False, ament_cmake_args=None, catkin_cmake_args=None, catkin_skip_building_tests=False, verb_parser=<colcon_defaults.argument_parser.defaults.DefaultArgumentsDecorator object at 0x7f2a3e271bd0>, verb_extension=<colcon_core.verb.build.BuildVerb object at 0x7f2a3e271660>, main=<bound method BuildVerb.main of <colcon_core.verb.build.BuildVerb object at 0x7f2a3e271660>>)
[0.690s] Level 1:colcon.colcon_core.package_discovery:discover_packages(colcon_meta) check parameters
[0.691s] Level 1:colcon.colcon_core.package_discovery:discover_packages(recursive) check parameters
[0.691s] Level 1:colcon.colcon_core.package_discovery:discover_packages(ignore) check parameters
[0.691s] Level 1:colcon.colcon_core.package_discovery:discover_packages(path) check parameters
[0.691s] Level 1:colcon.colcon_core.package_discovery:discover_packages(colcon_meta) discover
[0.691s] Level 1:colcon.colcon_core.package_discovery:discover_packages(recursive) discover
[0.691s] INFO:colcon.colcon_core.package_discovery:Crawling recursively for packages in '/home/vboxuser/ws'
[0.691s] Level 1:colcon.colcon_core.package_identification:_identify(.) by extensions ['ignore', 'ignore_ament_install']
[0.691s] Level 1:colcon.colcon_core.package_identification:_identify(.) by extension 'ignore'
[0.691s] Level 1:colcon.colcon_core.package_identification:_identify(.) by extension 'ignore_ament_install'
[0.691s] Level 1:colcon.colcon_core.package_identification:_identify(.) by extensions ['colcon_pkg']
[0.691s] Level 1:colcon.colcon_core.package_identification:_identify(.) by extension 'colcon_pkg'
[0.691s] Level 1:colcon.colcon_core.package_identification:_identify(.) by extensions ['colcon_meta']
[0.691s] Level 1:colcon.colcon_core.package_identification:_identify(.) by extension 'colcon_meta'
[0.691s] Level 1:colcon.colcon_core.package_identification:_identify(.) by extensions ['ros']
[0.692s] Level 1:colcon.colcon_core.package_identification:_identify(.) by extension 'ros'
[0.720s] Level 1:colcon.colcon_core.package_identification:_identify(.) by extensions ['cmake', 'python']
[0.720s] Level 1:colcon.colcon_core.package_identification:_identify(.) by extension 'cmake'
[0.720s] Level 1:colcon.colcon_core.package_identification:_identify(.) by extension 'python'
[0.720s] Level 1:colcon.colcon_core.package_identification:_identify(.) by extensions ['python_setup_py']
[0.720s] Level 1:colcon.colcon_core.package_identification:_identify(.) by extension 'python_setup_py'
[0.721s] Level 1:colcon.colcon_core.package_identification:_identify(build) by extensions ['ignore', 'ignore_ament_install']
[0.721s] Level 1:colcon.colcon_core.package_identification:_identify(build) by extension 'ignore'
[0.721s] Level 1:colcon.colcon_core.package_identification:_identify(build) ignored
[0.721s] Level 1:colcon.colcon_core.package_identification:_identify(install) by extensions ['ignore', 'ignore_ament_install']
[0.721s] Level 1:colcon.colcon_core.package_identification:_identify(install) by extension 'ignore'
[0.721s] Level 1:colcon.colcon_core.package_identification:_identify(install) ignored
[0.722s] Level 1:colcon.colcon_core.package_identification:_identify(log) by extensions ['ignore', 'ignore_ament_install']
[0.722s] Level 1:colcon.colcon_core.package_identification:_identify(log) by extension 'ignore'
[0.722s] Level 1:colcon.colcon_core.package_identification:_identify(log) ignored
[0.722s] Level 1:colcon.colcon_core.package_identification:_identify(src) by extensions ['ignore', 'ignore_ament_install']
[0.722s] Level 1:colcon.colcon_core.package_identification:_identify(src) by extension 'ignore'
[0.722s] Level 1:colcon.colcon_core.package_identification:_identify(src) by extension 'ignore_ament_install'
[0.722s] Level 1:colcon.colcon_core.package_identification:_identify(src) by extensions ['colcon_pkg']
[0.722s] Level 1:colcon.colcon_core.package_identification:_identify(src) by extension 'colcon_pkg'
[0.722s] Level 1:colcon.colcon_core.package_identification:_identify(src) by extensions ['colcon_meta']
[0.723s] Level 1:colcon.colcon_core.package_identification:_identify(src) by extension 'colcon_meta'
[0.723s] Level 1:colcon.colcon_core.package_identification:_identify(src) by extensions ['ros']
[0.723s] Level 1:colcon.colcon_core.package_identification:_identify(src) by extension 'ros'
[0.723s] Level 1:colcon.colcon_core.package_identification:_identify(src) by extensions ['cmake', 'python']
[0.723s] Level 1:colcon.colcon_core.package_identification:_identify(src) by extension 'cmake'
[0.723s] Level 1:colcon.colcon_core.package_identification:_identify(src) by extension 'python'
[0.723s] Level 1:colcon.colcon_core.package_identification:_identify(src) by extensions ['python_setup_py']
[0.723s] Level 1:colcon.colcon_core.package_identification:_identify(src) by extension 'python_setup_py'
[0.723s] Level 1:colcon.colcon_core.package_identification:_identify(src/my_robot_ctrl) by extensions ['ignore', 'ignore_ament_install']
[0.724s] Level 1:colcon.colcon_core.package_identification:_identify(src/my_robot_ctrl) by extension 'ignore'
[0.724s] Level 1:colcon.colcon_core.package_identification:_identify(src/my_robot_ctrl) by extension 'ignore_ament_install'
[0.724s] Level 1:colcon.colcon_core.package_identification:_identify(src/my_robot_ctrl) by extensions ['colcon_pkg']
[0.724s] Level 1:colcon.colcon_core.package_identification:_identify(src/my_robot_ctrl) by extension 'colcon_pkg'
[0.724s] Level 1:colcon.colcon_core.package_identification:_identify(src/my_robot_ctrl) by extensions ['colcon_meta']
[0.724s] Level 1:colcon.colcon_core.package_identification:_identify(src/my_robot_ctrl) by extension 'colcon_meta'
[0.724s] Level 1:colcon.colcon_core.package_identification:_identify(src/my_robot_ctrl) by extensions ['ros']
[0.724s] Level 1:colcon.colcon_core.package_identification:_identify(src/my_robot_ctrl) by extension 'ros'
[0.728s] DEBUG:colcon.colcon_core.package_identification:Package 'src/my_robot_ctrl' with type 'ros.ament_python' and name 'my_robot_ctrl'
[0.729s] Level 1:colcon.colcon_core.package_identification:_identify(src/robot_start) by extensions ['ignore', 'ignore_ament_install']
[0.729s] Level 1:colcon.colcon_core.package_identification:_identify(src/robot_start) by extension 'ignore'
[0.729s] Level 1:colcon.colcon_core.package_identification:_identify(src/robot_start) by extension 'ignore_ament_install'
[0.729s] Level 1:colcon.colcon_core.package_identification:_identify(src/robot_start) by extensions ['colcon_pkg']
[0.729s] Level 1:colcon.colcon_core.package_identification:_identify(src/robot_start) by extension 'colcon_pkg'
[0.729s] Level 1:colcon.colcon_core.package_identification:_identify(src/robot_start) by extensions ['colcon_meta']
[0.729s] Level 1:colcon.colcon_core.package_identification:_identify(src/robot_start) by extension 'colcon_meta'
[0.729s] Level 1:colcon.colcon_core.package_identification:_identify(src/robot_start) by extensions ['ros']
[0.730s] Level 1:colcon.colcon_core.package_identification:_identify(src/robot_start) by extension 'ros'
[0.730s] DEBUG:colcon.colcon_core.package_identification:Package 'src/robot_start' with type 'ros.ament_cmake' and name 'robot_start'
[0.731s] Level 1:colcon.colcon_core.package_discovery:discover_packages(recursive) using defaults
[0.731s] Level 1:colcon.colcon_core.package_discovery:discover_packages(ignore) discover
[0.731s] Level 1:colcon.colcon_core.package_discovery:discover_packages(ignore) using defaults
[0.731s] Level 1:colcon.colcon_core.package_discovery:discover_packages(path) discover
[0.731s] Level 1:colcon.colcon_core.package_discovery:discover_packages(path) using defaults
[0.755s] Level 1:colcon.colcon_core.package_discovery:discover_packages(prefix_path) check parameters
[0.755s] Level 1:colcon.colcon_core.package_discovery:discover_packages(prefix_path) discover
[0.758s] DEBUG:colcon.colcon_installed_package_information.package_discovery:Found 2 installed packages in /home/vboxuser/ws/install
[0.760s] DEBUG:colcon.colcon_installed_package_information.package_discovery:Found 4 installed packages in /home/vboxuser/ros2_ws/install
[0.762s] DEBUG:colcon.colcon_installed_package_information.package_discovery:Found 270 installed packages in /opt/ros/humble
[0.769s] Level 1:colcon.colcon_core.package_discovery:discover_packages(prefix_path) using defaults
[0.863s] Level 5:colcon.colcon_core.verb:set package 'my_robot_ctrl' build argument 'cmake_args' from command line to 'None'
[0.863s] Level 5:colcon.colcon_core.verb:set package 'my_robot_ctrl' build argument 'cmake_target' from command line to 'None'
[0.863s] Level 5:colcon.colcon_core.verb:set package 'my_robot_ctrl' build argument 'cmake_target_skip_unavailable' from command line to 'False'
[0.863s] Level 5:colcon.colcon_core.verb:set package 'my_robot_ctrl' build argument 'cmake_clean_cache' from command line to 'False'
[0.863s] Level 5:colcon.colcon_core.verb:set package 'my_robot_ctrl' build argument 'cmake_clean_first' from command line to 'False'
[0.863s] Level 5:colcon.colcon_core.verb:set package 'my_robot_ctrl' build argument 'cmake_force_configure' from command line to 'False'
[0.863s] Level 5:colcon.colcon_core.verb:set package 'my_robot_ctrl' build argument 'ament_cmake_args' from command line to 'None'
[0.863s] Level 5:colcon.colcon_core.verb:set package 'my_robot_ctrl' build argument 'catkin_cmake_args' from command line to 'None'
[0.863s] Level 5:colcon.colcon_core.verb:set package 'my_robot_ctrl' build argument 'catkin_skip_building_tests' from command line to 'False'
[0.863s] DEBUG:colcon.colcon_core.verb:Building package 'my_robot_ctrl' with the following arguments: {'ament_cmake_args': None, 'build_base': '/home/vboxuser/ws/build/my_robot_ctrl', 'catkin_cmake_args': None, 'catkin_skip_building_tests': False, 'cmake_args': None, 'cmake_clean_cache': False, 'cmake_clean_first': False, 'cmake_force_configure': False, 'cmake_target': None, 'cmake_target_skip_unavailable': False, 'install_base': '/home/vboxuser/ws/install/my_robot_ctrl', 'merge_install': False, 'path': '/home/vboxuser/ws/src/my_robot_ctrl', 'symlink_install': False, 'test_result_base': None}
[0.864s] Level 5:colcon.colcon_core.verb:set package 'robot_start' build argument 'cmake_args' from command line to 'None'
[0.864s] Level 5:colcon.colcon_core.verb:set package 'robot_start' build argument 'cmake_target' from command line to 'None'
[0.864s] Level 5:colcon.colcon_core.verb:set package 'robot_start' build argument 'cmake_target_skip_unavailable' from command line to 'False'
[0.864s] Level 5:colcon.colcon_core.verb:set package 'robot_start' build argument 'cmake_clean_cache' from command line to 'False'
[0.865s] Level 5:colcon.colcon_core.verb:set package 'robot_start' build argument 'cmake_clean_first' from command line to 'False'
[0.865s] Level 5:colcon.colcon_core.verb:set package 'robot_start' build argument 'cmake_force_configure' from command line to 'False'
[0.865s] Level 5:colcon.colcon_core.verb:set package 'robot_start' build argument 'ament_cmake_args' from command line to 'None'
[0.865s] Level 5:colcon.colcon_core.verb:set package 'robot_start' build argument 'catkin_cmake_args' from command line to 'None'
[0.865s] Level 5:colcon.colcon_core.verb:set package 'robot_start' build argument 'catkin_skip_building_tests' from command line to 'False'
[0.865s] DEBUG:colcon.colcon_core.verb:Building package 'robot_start' with the following arguments: {'ament_cmake_args': None, 'build_base': '/home/vboxuser/ws/build/robot_start', 'catkin_cmake_args': None, 'catkin_skip_building_tests': False, 'cmake_args': None, 'cmake_clean_cache': False, 'cmake_clean_first': False, 'cmake_force_configure': False, 'cmake_target': None, 'cmake_target_skip_unavailable': False, 'install_base': '/home/vboxuser/ws/install/robot_start', 'merge_install': False, 'path': '/home/vboxuser/ws/src/robot_start', 'symlink_install': False, 'test_result_base': None}
[0.865s] INFO:colcon.colcon_core.executor:Executing jobs using 'parallel' executor
[0.869s] DEBUG:colcon.colcon_parallel_executor.executor.parallel:run_until_complete
[0.869s] INFO:colcon.colcon_ros.task.ament_python.build:Building ROS package in '/home/vboxuser/ws/src/my_robot_ctrl' with build type 'ament_python'
[0.869s] Level 1:colcon.colcon_core.shell:create_environment_hook('my_robot_ctrl', 'ament_prefix_path')
[0.874s] INFO:colcon.colcon_core.plugin_system:Skipping extension 'colcon_core.shell.bat': Not used on non-Windows systems
[0.874s] INFO:colcon.colcon_core.shell:Creating environment hook '/home/vboxuser/ws/install/my_robot_ctrl/share/my_robot_ctrl/hook/ament_prefix_path.ps1'
[0.875s] INFO:colcon.colcon_core.shell:Creating environment descriptor '/home/vboxuser/ws/install/my_robot_ctrl/share/my_robot_ctrl/hook/ament_prefix_path.dsv'
[0.876s] INFO:colcon.colcon_core.shell:Creating environment hook '/home/vboxuser/ws/install/my_robot_ctrl/share/my_robot_ctrl/hook/ament_prefix_path.sh'
[0.877s] INFO:colcon.colcon_core.shell:Skip shell extension 'powershell' for command environment: Not usable outside of PowerShell
[0.878s] DEBUG:colcon.colcon_core.shell:Skip shell extension 'dsv' for command environment
[1.760s] INFO:colcon.colcon_core.task.python.build:Building Python package in '/home/vboxuser/ws/src/my_robot_ctrl'
[1.763s] INFO:colcon.colcon_core.shell:Skip shell extension 'powershell' for command environment: Not usable outside of PowerShell
[1.764s] DEBUG:colcon.colcon_core.shell:Skip shell extension 'dsv' for command environment
[2.702s] DEBUG:colcon.colcon_core.event_handler.log_command:Invoking command in '/home/vboxuser/ws/src/my_robot_ctrl': PYTHONPATH=/home/vboxuser/ws/build/my_robot_ctrl/prefix_override:/home/vboxuser/ws/install/my_robot_ctrl/lib/python3.10/site-packages:${PYTHONPATH} /usr/bin/python3 setup.py egg_info --egg-base ../../build/my_robot_ctrl build --build-base /home/vboxuser/ws/build/my_robot_ctrl/build install --record /home/vboxuser/ws/build/my_robot_ctrl/install.log --single-version-externally-managed
[3.445s] DEBUG:colcon.colcon_core.event_handler.log_command:Invoked command in '/home/vboxuser/ws/src/my_robot_ctrl' returned '0': PYTHONPATH=/home/vboxuser/ws/build/my_robot_ctrl/prefix_override:/home/vboxuser/ws/install/my_robot_ctrl/lib/python3.10/site-packages:${PYTHONPATH} /usr/bin/python3 setup.py egg_info --egg-base ../../build/my_robot_ctrl build --build-base /home/vboxuser/ws/build/my_robot_ctrl/build install --record /home/vboxuser/ws/build/my_robot_ctrl/install.log --single-version-externally-managed
[3.451s] Level 1:colcon.colcon_core.environment:checking '/home/vboxuser/ws/install/my_robot_ctrl' for CMake module files
[3.452s] Level 1:colcon.colcon_core.environment:checking '/home/vboxuser/ws/install/my_robot_ctrl' for CMake config files
[3.453s] Level 1:colcon.colcon_core.environment:checking '/home/vboxuser/ws/install/my_robot_ctrl/lib'
[3.453s] Level 1:colcon.colcon_core.environment:checking '/home/vboxuser/ws/install/my_robot_ctrl/bin'
[3.453s] Level 1:colcon.colcon_core.environment:checking '/home/vboxuser/ws/install/my_robot_ctrl/lib/pkgconfig/my_robot_ctrl.pc'
[3.453s] Level 1:colcon.colcon_core.environment:checking '/home/vboxuser/ws/install/my_robot_ctrl/lib/python3.10/site-packages'
[3.453s] Level 1:colcon.colcon_core.shell:create_environment_hook('my_robot_ctrl', 'pythonpath')
[3.455s] INFO:colcon.colcon_core.shell:Creating environment hook '/home/vboxuser/ws/install/my_robot_ctrl/share/my_robot_ctrl/hook/pythonpath.ps1'
[3.455s] INFO:colcon.colcon_core.shell:Creating environment descriptor '/home/vboxuser/ws/install/my_robot_ctrl/share/my_robot_ctrl/hook/pythonpath.dsv'
[3.456s] INFO:colcon.colcon_core.shell:Creating environment hook '/home/vboxuser/ws/install/my_robot_ctrl/share/my_robot_ctrl/hook/pythonpath.sh'
[3.456s] Level 1:colcon.colcon_core.environment:checking '/home/vboxuser/ws/install/my_robot_ctrl/bin'
[3.456s] Level 1:colcon.colcon_core.environment:create_environment_scripts_only(my_robot_ctrl)
[3.458s] INFO:colcon.colcon_core.shell:Creating package script '/home/vboxuser/ws/install/my_robot_ctrl/share/my_robot_ctrl/package.ps1'
[3.460s] INFO:colcon.colcon_core.shell:Creating package descriptor '/home/vboxuser/ws/install/my_robot_ctrl/share/my_robot_ctrl/package.dsv'
[3.462s] INFO:colcon.colcon_core.shell:Creating package script '/home/vboxuser/ws/install/my_robot_ctrl/share/my_robot_ctrl/package.sh'
[3.467s] INFO:colcon.colcon_core.shell:Creating package script '/home/vboxuser/ws/install/my_robot_ctrl/share/my_robot_ctrl/package.bash'
[3.469s] INFO:colcon.colcon_core.shell:Creating package script '/home/vboxuser/ws/install/my_robot_ctrl/share/my_robot_ctrl/package.zsh'
[3.470s] Level 1:colcon.colcon_core.environment:create_file_with_runtime_dependencies(/home/vboxuser/ws/install/my_robot_ctrl/share/colcon-core/packages/my_robot_ctrl)
[3.471s] INFO:colcon.colcon_ros.task.ament_cmake.build:Building ROS package in '/home/vboxuser/ws/src/robot_start' with build type 'ament_cmake'
[3.471s] INFO:colcon.colcon_cmake.task.cmake.build:Building CMake package in '/home/vboxuser/ws/src/robot_start'
[3.474s] INFO:colcon.colcon_core.shell:Skip shell extension 'powershell' for command environment: Not usable outside of PowerShell
[3.476s] DEBUG:colcon.colcon_core.shell:Skip shell extension 'dsv' for command environment
[3.537s] DEBUG:colcon.colcon_core.event_handler.log_command:Invoking command in '/home/vboxuser/ws/build/robot_start': AMENT_PREFIX_PATH=/home/vboxuser/ws/install/my_robot_ctrl:/home/vboxuser/ws/install/py_pubsub:/home/vboxuser/ros2_ws/install/py_pubsub:/home/vboxuser/ros2_ws/install/teleop_twist_joy:/home/vboxuser/ros2_ws/install/my_package:/opt/ros/humble CMAKE_PREFIX_PATH=${CMAKE_PREFIX_PATH}:/home/vboxuser/ws/install/py_pubsub:/home/vboxuser/ws/install/my_robot_ctrl:/home/vboxuser/ros2_ws/install/py_pubsub:/opt/ros/humble PYTHONPATH=/home/vboxuser/ws/install/my_robot_ctrl/lib/python3.10/site-packages:/home/vboxuser/ws/install/py_pubsub/lib/python3.10/site-packages:/home/vboxuser/ros2_ws/install/py_pubsub/lib/python3.10/site-packages:/home/vboxuser/ros2_ws/install/my_package/lib/python3.10/site-packages:/opt/ros/humble/lib/python3.10/site-packages:/opt/ros/humble/local/lib/python3.10/dist-packages /usr/bin/cmake /home/vboxuser/ws/src/robot_start -DCMAKE_INSTALL_PREFIX=/home/vboxuser/ws/install/robot_start
[5.371s] DEBUG:colcon.colcon_core.event_handler.log_command:Invoked command in '/home/vboxuser/ws/build/robot_start' returned '0': AMENT_PREFIX_PATH=/home/vboxuser/ws/install/my_robot_ctrl:/home/vboxuser/ws/install/py_pubsub:/home/vboxuser/ros2_ws/install/py_pubsub:/home/vboxuser/ros2_ws/install/teleop_twist_joy:/home/vboxuser/ros2_ws/install/my_package:/opt/ros/humble CMAKE_PREFIX_PATH=${CMAKE_PREFIX_PATH}:/home/vboxuser/ws/install/py_pubsub:/home/vboxuser/ws/install/my_robot_ctrl:/home/vboxuser/ros2_ws/install/py_pubsub:/opt/ros/humble PYTHONPATH=/home/vboxuser/ws/install/my_robot_ctrl/lib/python3.10/site-packages:/home/vboxuser/ws/install/py_pubsub/lib/python3.10/site-packages:/home/vboxuser/ros2_ws/install/py_pubsub/lib/python3.10/site-packages:/home/vboxuser/ros2_ws/install/my_package/lib/python3.10/site-packages:/opt/ros/humble/lib/python3.10/site-packages:/opt/ros/humble/local/lib/python3.10/dist-packages /usr/bin/cmake /home/vboxuser/ws/src/robot_start -DCMAKE_INSTALL_PREFIX=/home/vboxuser/ws/install/robot_start
[5.372s] DEBUG:colcon.colcon_core.event_handler.log_command:Invoking command in '/home/vboxuser/ws/build/robot_start': AMENT_PREFIX_PATH=/home/vboxuser/ws/install/my_robot_ctrl:/home/vboxuser/ws/install/py_pubsub:/home/vboxuser/ros2_ws/install/py_pubsub:/home/vboxuser/ros2_ws/install/teleop_twist_joy:/home/vboxuser/ros2_ws/install/my_package:/opt/ros/humble CMAKE_PREFIX_PATH=${CMAKE_PREFIX_PATH}:/home/vboxuser/ws/install/py_pubsub:/home/vboxuser/ws/install/my_robot_ctrl:/home/vboxuser/ros2_ws/install/py_pubsub:/opt/ros/humble PYTHONPATH=/home/vboxuser/ws/install/my_robot_ctrl/lib/python3.10/site-packages:/home/vboxuser/ws/install/py_pubsub/lib/python3.10/site-packages:/home/vboxuser/ros2_ws/install/py_pubsub/lib/python3.10/site-packages:/home/vboxuser/ros2_ws/install/my_package/lib/python3.10/site-packages:/opt/ros/humble/lib/python3.10/site-packages:/opt/ros/humble/local/lib/python3.10/dist-packages /usr/bin/cmake --build /home/vboxuser/ws/build/robot_start -- -j6 -l6
[5.468s] DEBUG:colcon.colcon_core.event_handler.log_command:Invoked command in '/home/vboxuser/ws/build/robot_start' returned '0': AMENT_PREFIX_PATH=/home/vboxuser/ws/install/my_robot_ctrl:/home/vboxuser/ws/install/py_pubsub:/home/vboxuser/ros2_ws/install/py_pubsub:/home/vboxuser/ros2_ws/install/teleop_twist_joy:/home/vboxuser/ros2_ws/install/my_package:/opt/ros/humble CMAKE_PREFIX_PATH=${CMAKE_PREFIX_PATH}:/home/vboxuser/ws/install/py_pubsub:/home/vboxuser/ws/install/my_robot_ctrl:/home/vboxuser/ros2_ws/install/py_pubsub:/opt/ros/humble PYTHONPATH=/home/vboxuser/ws/install/my_robot_ctrl/lib/python3.10/site-packages:/home/vboxuser/ws/install/py_pubsub/lib/python3.10/site-packages:/home/vboxuser/ros2_ws/install/py_pubsub/lib/python3.10/site-packages:/home/vboxuser/ros2_ws/install/my_package/lib/python3.10/site-packages:/opt/ros/humble/lib/python3.10/site-packages:/opt/ros/humble/local/lib/python3.10/dist-packages /usr/bin/cmake --build /home/vboxuser/ws/build/robot_start -- -j6 -l6
[5.549s] DEBUG:colcon.colcon_core.event_handler.log_command:Invoking command in '/home/vboxuser/ws/build/robot_start': AMENT_PREFIX_PATH=/home/vboxuser/ws/install/my_robot_ctrl:/home/vboxuser/ws/install/py_pubsub:/home/vboxuser/ros2_ws/install/py_pubsub:/home/vboxuser/ros2_ws/install/teleop_twist_joy:/home/vboxuser/ros2_ws/install/my_package:/opt/ros/humble CMAKE_PREFIX_PATH=${CMAKE_PREFIX_PATH}:/home/vboxuser/ws/install/py_pubsub:/home/vboxuser/ws/install/my_robot_ctrl:/home/vboxuser/ros2_ws/install/py_pubsub:/opt/ros/humble PYTHONPATH=/home/vboxuser/ws/install/my_robot_ctrl/lib/python3.10/site-packages:/home/vboxuser/ws/install/py_pubsub/lib/python3.10/site-packages:/home/vboxuser/ros2_ws/install/py_pubsub/lib/python3.10/site-packages:/home/vboxuser/ros2_ws/install/my_package/lib/python3.10/site-packages:/opt/ros/humble/lib/python3.10/site-packages:/opt/ros/humble/local/lib/python3.10/dist-packages /usr/bin/cmake --install /home/vboxuser/ws/build/robot_start
[5.571s] Level 1:colcon.colcon_core.environment:create_environment_scripts_only(robot_start)
[5.572s] DEBUG:colcon.colcon_core.event_handler.log_command:Invoked command in '/home/vboxuser/ws/build/robot_start' returned '0': AMENT_PREFIX_PATH=/home/vboxuser/ws/install/my_robot_ctrl:/home/vboxuser/ws/install/py_pubsub:/home/vboxuser/ros2_ws/install/py_pubsub:/home/vboxuser/ros2_ws/install/teleop_twist_joy:/home/vboxuser/ros2_ws/install/my_package:/opt/ros/humble CMAKE_PREFIX_PATH=${CMAKE_PREFIX_PATH}:/home/vboxuser/ws/install/py_pubsub:/home/vboxuser/ws/install/my_robot_ctrl:/home/vboxuser/ros2_ws/install/py_pubsub:/opt/ros/humble PYTHONPATH=/home/vboxuser/ws/install/my_robot_ctrl/lib/python3.10/site-packages:/home/vboxuser/ws/install/py_pubsub/lib/python3.10/site-packages:/home/vboxuser/ros2_ws/install/py_pubsub/lib/python3.10/site-packages:/home/vboxuser/ros2_ws/install/my_package/lib/python3.10/site-packages:/opt/ros/humble/lib/python3.10/site-packages:/opt/ros/humble/local/lib/python3.10/dist-packages /usr/bin/cmake --install /home/vboxuser/ws/build/robot_start
[5.581s] Level 1:colcon.colcon_core.environment:checking '/home/vboxuser/ws/install/robot_start' for CMake module files
[5.582s] Level 1:colcon.colcon_core.environment:checking '/home/vboxuser/ws/install/robot_start' for CMake config files
[5.582s] Level 1:colcon.colcon_core.shell:create_environment_hook('robot_start', 'cmake_prefix_path')
[5.583s] INFO:colcon.colcon_core.shell:Creating environment hook '/home/vboxuser/ws/install/robot_start/share/robot_start/hook/cmake_prefix_path.ps1'
[5.584s] INFO:colcon.colcon_core.shell:Creating environment descriptor '/home/vboxuser/ws/install/robot_start/share/robot_start/hook/cmake_prefix_path.dsv'
[5.584s] INFO:colcon.colcon_core.shell:Creating environment hook '/home/vboxuser/ws/install/robot_start/share/robot_start/hook/cmake_prefix_path.sh'
[5.585s] Level 1:colcon.colcon_core.environment:checking '/home/vboxuser/ws/install/robot_start/bin'
[5.585s] Level 1:colcon.colcon_core.environment:checking '/home/vboxuser/ws/install/robot_start/lib/pkgconfig/robot_start.pc'
[5.585s] Level 1:colcon.colcon_core.environment:checking '/home/vboxuser/ws/install/robot_start/lib/python3.10/site-packages'
[5.585s] Level 1:colcon.colcon_core.environment:checking '/home/vboxuser/ws/install/robot_start/bin'
[5.587s] INFO:colcon.colcon_core.shell:Creating package script '/home/vboxuser/ws/install/robot_start/share/robot_start/package.ps1'
[5.587s] INFO:colcon.colcon_core.shell:Creating package descriptor '/home/vboxuser/ws/install/robot_start/share/robot_start/package.dsv'
[5.588s] INFO:colcon.colcon_core.shell:Creating package script '/home/vboxuser/ws/install/robot_start/share/robot_start/package.sh'
[5.588s] INFO:colcon.colcon_core.shell:Creating package script '/home/vboxuser/ws/install/robot_start/share/robot_start/package.bash'
[5.589s] INFO:colcon.colcon_core.shell:Creating package script '/home/vboxuser/ws/install/robot_start/share/robot_start/package.zsh'
[5.589s] Level 1:colcon.colcon_core.environment:create_file_with_runtime_dependencies(/home/vboxuser/ws/install/robot_start/share/colcon-core/packages/robot_start)
[5.671s] Level 1:colcon.colcon_core.environment:create_environment_scripts_only(robot_start)
[5.680s] Level 1:colcon.colcon_core.environment:checking '/home/vboxuser/ws/install/robot_start' for CMake module files
[5.681s] Level 1:colcon.colcon_core.environment:checking '/home/vboxuser/ws/install/robot_start' for CMake config files
[5.681s] Level 1:colcon.colcon_core.shell:create_environment_hook('robot_start', 'cmake_prefix_path')
[5.683s] INFO:colcon.colcon_core.shell:Creating environment hook '/home/vboxuser/ws/install/robot_start/share/robot_start/hook/cmake_prefix_path.ps1'
[5.684s] INFO:colcon.colcon_core.shell:Creating environment descriptor '/home/vboxuser/ws/install/robot_start/share/robot_start/hook/cmake_prefix_path.dsv'
[5.685s] INFO:colcon.colcon_core.shell:Creating environment hook '/home/vboxuser/ws/install/robot_start/share/robot_start/hook/cmake_prefix_path.sh'
[5.686s] Level 1:colcon.colcon_core.environment:checking '/home/vboxuser/ws/install/robot_start/bin'
[5.687s] Level 1:colcon.colcon_core.environment:checking '/home/vboxuser/ws/install/robot_start/lib/pkgconfig/robot_start.pc'
[5.687s] Level 1:colcon.colcon_core.environment:checking '/home/vboxuser/ws/install/robot_start/lib/python3.10/site-packages'
[5.687s] Level 1:colcon.colcon_core.environment:checking '/home/vboxuser/ws/install/robot_start/bin'
[5.689s] INFO:colcon.colcon_core.shell:Creating package script '/home/vboxuser/ws/install/robot_start/share/robot_start/package.ps1'
[5.690s] INFO:colcon.colcon_core.shell:Creating package descriptor '/home/vboxuser/ws/install/robot_start/share/robot_start/package.dsv'
[5.691s] INFO:colcon.colcon_core.shell:Creating package script '/home/vboxuser/ws/install/robot_start/share/robot_start/package.sh'
[5.692s] INFO:colcon.colcon_core.shell:Creating package script '/home/vboxuser/ws/install/robot_start/share/robot_start/package.bash'
[5.692s] INFO:colcon.colcon_core.shell:Creating package script '/home/vboxuser/ws/install/robot_start/share/robot_start/package.zsh'
[5.693s] Level 1:colcon.colcon_core.environment:create_file_with_runtime_dependencies(/home/vboxuser/ws/install/robot_start/share/colcon-core/packages/robot_start)
[5.693s] DEBUG:colcon.colcon_parallel_executor.executor.parallel:closing loop
[5.694s] DEBUG:colcon.colcon_parallel_executor.executor.parallel:loop closed
[5.694s] DEBUG:colcon.colcon_parallel_executor.executor.parallel:run_until_complete finished with '0'
[5.694s] DEBUG:colcon.colcon_core.event_reactor:joining thread
[5.709s] INFO:colcon.colcon_core.plugin_system:Skipping extension 'colcon_notification.desktop_notification.terminal_notifier': Not used on non-Darwin systems
[5.711s] INFO:colcon.colcon_core.plugin_system:Skipping extension 'colcon_notification.desktop_notification.win32': Not used on non-Windows systems
[5.712s] INFO:colcon.colcon_notification.desktop_notification:Sending desktop notification using 'notify2'
[5.762s] DEBUG:colcon.colcon_core.event_reactor:joined thread
[5.766s] INFO:colcon.colcon_core.shell:Creating prefix script '/home/vboxuser/ws/install/local_setup.ps1'
[5.769s] INFO:colcon.colcon_core.shell:Creating prefix util module '/home/vboxuser/ws/install/_local_setup_util_ps1.py'
[5.788s] INFO:colcon.colcon_core.shell:Creating prefix chain script '/home/vboxuser/ws/install/setup.ps1'
[5.794s] INFO:colcon.colcon_core.shell:Creating prefix script '/home/vboxuser/ws/install/local_setup.sh'
[5.797s] INFO:colcon.colcon_core.shell:Creating prefix util module '/home/vboxuser/ws/install/_local_setup_util_sh.py'
[5.798s] INFO:colcon.colcon_core.shell:Creating prefix chain script '/home/vboxuser/ws/install/setup.sh'
[5.804s] INFO:colcon.colcon_core.shell:Creating prefix script '/home/vboxuser/ws/install/local_setup.bash'
[5.805s] INFO:colcon.colcon_core.shell:Creating prefix chain script '/home/vboxuser/ws/install/setup.bash'
[5.808s] INFO:colcon.colcon_core.shell:Creating prefix script '/home/vboxuser/ws/install/local_setup.zsh'
[5.808s] INFO:colcon.colcon_core.shell:Creating prefix chain script '/home/vboxuser/ws/install/setup.zsh'
