-- Found ament_cmake: 0.9.11 (/opt/ros/foxy/share/ament_cmake/cmake)
-- Using PYTHON_EXECUTABLE: /usr/bin/python3
-- Found geometry_msgs: 2.0.5 (/opt/ros/foxy/share/geometry_msgs/cmake)
-- Using all available rosidl_typesupport_c: rosidl_typesupport_fastrtps_c;rosidl_typesupport_introspection_c
-- Found rosidl_adapter: 1.3.0 (/opt/ros/foxy/share/rosidl_adapter/cmake)
-- Found OpenSSL: /usr/lib/aarch64-linux-gnu/libcrypto.so (found version "1.1.1f")  
-- Found FastRTPS: /opt/ros/foxy/include  
-- Using all available rosidl_typesupport_cpp: rosidl_typesupport_fastrtps_cpp;rosidl_typesupport_introspection_cpp
-- Found rosidl_default_generators: 1.0.1 (/opt/ros/foxy/share/rosidl_default_generators/cmake)
-- Found PythonInterp: /usr/bin/python3 (found version "3.8.10") 
-- Found ament_cmake_ros: 0.9.2 (/opt/ros/foxy/share/ament_cmake_ros/cmake)
-- Using all available rosidl_typesupport_c: rosidl_typesupport_fastrtps_c;rosidl_typesupport_introspection_c
-- Using all available rosidl_typesupport_cpp: rosidl_typesupport_fastrtps_cpp;rosidl_typesupport_introspection_cpp
-- Found PythonInterp: /usr/bin/python3 (found suitable version "3.8.10", minimum required is "3.5") 
-- Found python_cmake_module: 0.8.1 (/opt/ros/foxy/share/python_cmake_module/cmake)
-- Found PythonLibs: /usr/lib/aarch64-linux-gnu/libpython3.8.so (found suitable version "3.8.10", minimum required is "3.5") 
-- Using PYTHON_EXECUTABLE: /usr/bin/python3
-- Using PYTHON_INCLUDE_DIRS: /usr/include/python3.8
-- Using PYTHON_LIBRARIES: /usr/lib/aarch64-linux-gnu/libpython3.8.so
-- Found PythonExtra: .so  
-- Found ament_lint_auto: 0.9.8 (/opt/ros/foxy/share/ament_lint_auto/cmake)
-- Added test 'copyright' to check source files copyright and LICENSE
-- Added test 'lint_cmake' to check CMake code style
-- Added test 'xmllint' to check XML markup files
-- Configuring done
-- Generating done
-- Build files have been written to: /home/rsl/Desktop/Indoor_Mobile_Robotic_Arm/Thesis/ws/build/roboteq_interface
[  3%] [34m[1mGenerating C code for ROS interfaces[0m
[35m[1mScanning dependencies of target roboteq_interface__cpp[0m
[  6%] [34m[1mGenerating C++ code for ROS interfaces[0m
[  6%] Built target roboteq_interface__cpp
[  9%] [34m[1mGenerating C++ type support dispatch for ROS interfaces[0m
[ 12%] [34m[1mGenerating C++ introspection for ROS interfaces[0m
[ 16%] [34m[1mGenerating C++ type support for eProsima Fast-RTPS[0m
[35m[1mScanning dependencies of target roboteq_interface__rosidl_generator_c[0m
[ 19%] [32mBuilding C object CMakeFiles/roboteq_interface__rosidl_generator_c.dir/rosidl_generator_c/roboteq_interface/msg/detail/driver_list__functions.c.o[0m
[35m[1mScanning dependencies of target roboteq_interface__rosidl_typesupport_cpp[0m
[ 22%] [32mBuilding CXX object CMakeFiles/roboteq_interface__rosidl_typesupport_cpp.dir/rosidl_typesupport_cpp/roboteq_interface/msg/driver_list__type_support.cpp.o[0m
[35m[1mScanning dependencies of target roboteq_interface__rosidl_typesupport_introspection_cpp[0m
[35m[1mScanning dependencies of target roboteq_interface__rosidl_typesupport_fastrtps_cpp[0m
[ 25%] [32mBuilding CXX object CMakeFiles/roboteq_interface__rosidl_typesupport_introspection_cpp.dir/rosidl_typesupport_introspection_cpp/roboteq_interface/msg/detail/driver_list__type_support.cpp.o[0m
In file included from [01m[K/home/rsl/Desktop/Indoor_Mobile_Robotic_Arm/Thesis/ws/build/roboteq_interface/rosidl_generator_c/roboteq_interface/msg/detail/driver_list__functions.h:19[m[K,
                 from [01m[K/home/rsl/Desktop/Indoor_Mobile_Robotic_Arm/Thesis/ws/build/roboteq_interface/rosidl_generator_c/roboteq_interface/msg/detail/driver_list__functions.c:4[m[K:
[01m[K/home/rsl/Desktop/Indoor_Mobile_Robotic_Arm/Thesis/ws/build/roboteq_interface/rosidl_generator_c/roboteq_interface/msg/detail/driver_list__struct.h:25:10:[m[K [01;31m[Kfatal error: [m[Kroboteq_interface/msg/detail/int16__struct.h: No such file or directory
   25 | #include [01;31m[K"roboteq_interface/msg/detail/int16__struct.h"[m[K
      |          [01;31m[K^~~~~~~~~~~~~~~~~~~~~~~~~~~~~~~~~~~~~~~~~~~~~~[m[K
compilation terminated.
make[2]: *** [CMakeFiles/roboteq_interface__rosidl_generator_c.dir/build.make:92: CMakeFiles/roboteq_interface__rosidl_generator_c.dir/rosidl_generator_c/roboteq_interface/msg/detail/driver_list__functions.c.o] Error 1
make[1]: *** [CMakeFiles/Makefile2:207: CMakeFiles/roboteq_interface__rosidl_generator_c.dir/all] Error 2
make[1]: *** Waiting for unfinished jobs....
[ 29%] [32mBuilding CXX object CMakeFiles/roboteq_interface__rosidl_typesupport_fastrtps_cpp.dir/rosidl_typesupport_fastrtps_cpp/roboteq_interface/msg/detail/dds_fastrtps/driver_list__type_support.cpp.o[0m
In file included from [01m[K/home/rsl/Desktop/Indoor_Mobile_Robotic_Arm/Thesis/ws/build/roboteq_interface/rosidl_typesupport_cpp/roboteq_interface/msg/driver_list__type_support.cpp:7[m[K:
[01m[K/home/rsl/Desktop/Indoor_Mobile_Robotic_Arm/Thesis/ws/build/roboteq_interface/rosidl_generator_cpp/roboteq_interface/msg/detail/driver_list__struct.hpp:22:10:[m[K [01;31m[Kfatal error: [m[Kroboteq_interface/msg/detail/int16__struct.hpp: No such file or directory
   22 | #include [01;31m[K"roboteq_interface/msg/detail/int16__struct.hpp"[m[K
      |          [01;31m[K^~~~~~~~~~~~~~~~~~~~~~~~~~~~~~~~~~~~~~~~~~~~~~~~[m[K
compilation terminated.
In file included from [01m[K/home/rsl/Desktop/Indoor_Mobile_Robotic_Arm/Thesis/ws/build/roboteq_interface/rosidl_typesupport_fastrtps_cpp/roboteq_interface/msg/detail/driver_list__rosidl_typesupport_fastrtps_cpp.hpp:11[m[K,
                 from [01m[K/home/rsl/Desktop/Indoor_Mobile_Robotic_Arm/Thesis/ws/build/roboteq_interface/rosidl_typesupport_fastrtps_cpp/roboteq_interface/msg/detail/dds_fastrtps/driver_list__type_support.cpp:4[m[K:
[01m[K/home/rsl/Desktop/Indoor_Mobile_Robotic_Arm/Thesis/ws/build/roboteq_interface/rosidl_generator_cpp/roboteq_interface/msg/detail/driver_list__struct.hpp:22:10:[m[K [01;31m[Kfatal error: [m[Kroboteq_interface/msg/detail/int16__struct.hpp: No such file or directory
   22 | #include [01;31m[K"roboteq_interface/msg/detail/int16__struct.hpp"[m[K
      |          [01;31m[K^~~~~~~~~~~~~~~~~~~~~~~~~~~~~~~~~~~~~~~~~~~~~~~~[m[K
compilation terminated.
make[2]: *** [CMakeFiles/roboteq_interface__rosidl_typesupport_cpp.dir/build.make:73: CMakeFiles/roboteq_interface__rosidl_typesupport_cpp.dir/rosidl_typesupport_cpp/roboteq_interface/msg/driver_list__type_support.cpp.o] Error 1
make[1]: *** [CMakeFiles/Makefile2:526: CMakeFiles/roboteq_interface__rosidl_typesupport_cpp.dir/all] Error 2
make[2]: *** [CMakeFiles/roboteq_interface__rosidl_typesupport_fastrtps_cpp.dir/build.make:78: CMakeFiles/roboteq_interface__rosidl_typesupport_fastrtps_cpp.dir/rosidl_typesupport_fastrtps_cpp/roboteq_interface/msg/detail/dds_fastrtps/driver_list__type_support.cpp.o] Error 1
make[1]: *** [CMakeFiles/Makefile2:297: CMakeFiles/roboteq_interface__rosidl_typesupport_fastrtps_cpp.dir/all] Error 2
In file included from [01m[K/home/rsl/Desktop/Indoor_Mobile_Robotic_Arm/Thesis/ws/build/roboteq_interface/rosidl_typesupport_introspection_cpp/roboteq_interface/msg/detail/driver_list__type_support.cpp:12[m[K:
[01m[K/home/rsl/Desktop/Indoor_Mobile_Robotic_Arm/Thesis/ws/build/roboteq_interface/rosidl_generator_cpp/roboteq_interface/msg/detail/driver_list__struct.hpp:22:10:[m[K [01;31m[Kfatal error: [m[Kroboteq_interface/msg/detail/int16__struct.hpp: No such file or directory
   22 | #include [01;31m[K"roboteq_interface/msg/detail/int16__struct.hpp"[m[K
      |          [01;31m[K^~~~~~~~~~~~~~~~~~~~~~~~~~~~~~~~~~~~~~~~~~~~~~~~[m[K
compilation terminated.
make[2]: *** [CMakeFiles/roboteq_interface__rosidl_typesupport_introspection_cpp.dir/build.make:78: CMakeFiles/roboteq_interface__rosidl_typesupport_introspection_cpp.dir/rosidl_typesupport_introspection_cpp/roboteq_interface/msg/detail/driver_list__type_support.cpp.o] Error 1
make[1]: *** [CMakeFiles/Makefile2:468: CMakeFiles/roboteq_interface__rosidl_typesupport_introspection_cpp.dir/all] Error 2
make: *** [Makefile:141: all] Error 2
