[1.014s] Invoking command in '/home/rsl/Desktop/Indoor_Mobile_Robotic_Arm/Thesis/ws/build/roboteq_interface': CMAKE_PREFIX_PATH=${CMAKE_PREFIX_PATH}:/home/rsl/Desktop/Indoor_Mobile_Robotic_Arm/Thesis/ws/install/rsl_scu:/home/rsl/Desktop/Indoor_Mobile_Robotic_Arm/Thesis/ws/install/locomotion_core:/opt/ros/foxy /usr/bin/cmake --build /home/rsl/Desktop/Indoor_Mobile_Robotic_Arm/Thesis/ws/build/roboteq_interface -- -j6 -l6
[1.808s] -- Found ament_cmake: 0.9.11 (/opt/ros/foxy/share/ament_cmake/cmake)
[1.809s] -- Using PYTHON_EXECUTABLE: /usr/bin/python3
[2.469s] -- Found geometry_msgs: 2.0.5 (/opt/ros/foxy/share/geometry_msgs/cmake)
[2.712s] -- Using all available rosidl_typesupport_c: rosidl_typesupport_fastrtps_c;rosidl_typesupport_introspection_c
[2.738s] -- Found rosidl_adapter: 1.3.0 (/opt/ros/foxy/share/rosidl_adapter/cmake)
[3.051s] -- Found OpenSSL: /usr/lib/aarch64-linux-gnu/libcrypto.so (found version "1.1.1f")  
[3.115s] -- Found FastRTPS: /opt/ros/foxy/include  
[3.501s] -- Using all available rosidl_typesupport_cpp: rosidl_typesupport_fastrtps_cpp;rosidl_typesupport_introspection_cpp
[3.989s] -- Found rosidl_default_generators: 1.0.1 (/opt/ros/foxy/share/rosidl_default_generators/cmake)
[4.069s] -- Found PythonInterp: /usr/bin/python3 (found version "3.8.10") 
[4.963s] -- Found ament_cmake_ros: 0.9.2 (/opt/ros/foxy/share/ament_cmake_ros/cmake)
[5.457s] -- Using all available rosidl_typesupport_c: rosidl_typesupport_fastrtps_c;rosidl_typesupport_introspection_c
[5.477s] -- Using all available rosidl_typesupport_cpp: rosidl_typesupport_fastrtps_cpp;rosidl_typesupport_introspection_cpp
[5.534s] -- Found PythonInterp: /usr/bin/python3 (found suitable version "3.8.10", minimum required is "3.5") 
[5.675s] -- Found python_cmake_module: 0.8.1 (/opt/ros/foxy/share/python_cmake_module/cmake)
[5.883s] -- Found PythonLibs: /usr/lib/aarch64-linux-gnu/libpython3.8.so (found suitable version "3.8.10", minimum required is "3.5") 
[5.884s] -- Using PYTHON_EXECUTABLE: /usr/bin/python3
[5.884s] -- Using PYTHON_INCLUDE_DIRS: /usr/include/python3.8
[5.885s] -- Using PYTHON_LIBRARIES: /usr/lib/aarch64-linux-gnu/libpython3.8.so
[5.929s] -- Found PythonExtra: .so  
[6.426s] -- Found ament_lint_auto: 0.9.8 (/opt/ros/foxy/share/ament_lint_auto/cmake)
[6.479s] -- Added test 'copyright' to check source files copyright and LICENSE
[6.487s] -- Added test 'lint_cmake' to check CMake code style
[6.490s] -- Added test 'xmllint' to check XML markup files
[6.502s] -- Configuring done
[6.721s] -- Generating done
[6.728s] -- Build files have been written to: /home/rsl/Desktop/Indoor_Mobile_Robotic_Arm/Thesis/ws/build/roboteq_interface
[6.790s] [  3%] [34m[1mGenerating C code for ROS interfaces[0m
[6.790s] [35m[1mScanning dependencies of target roboteq_interface__cpp[0m
[6.813s] [  6%] [34m[1mGenerating C++ code for ROS interfaces[0m
[8.105s] [  6%] Built target roboteq_interface__cpp
[8.136s] [  9%] [34m[1mGenerating C++ type support dispatch for ROS interfaces[0m
[8.167s] [ 12%] [34m[1mGenerating C++ introspection for ROS interfaces[0m
[8.185s] [ 16%] [34m[1mGenerating C++ type support for eProsima Fast-RTPS[0m
[8.345s] [35m[1mScanning dependencies of target roboteq_interface__rosidl_generator_c[0m
[8.403s] [ 19%] [32mBuilding C object CMakeFiles/roboteq_interface__rosidl_generator_c.dir/rosidl_generator_c/roboteq_interface/msg/detail/driver_list__functions.c.o[0m
[8.778s] [35m[1mScanning dependencies of target roboteq_interface__rosidl_typesupport_cpp[0m
[9.183s] [ 22%] [32mBuilding CXX object CMakeFiles/roboteq_interface__rosidl_typesupport_cpp.dir/rosidl_typesupport_cpp/roboteq_interface/msg/driver_list__type_support.cpp.o[0m
[9.184s] [35m[1mScanning dependencies of target roboteq_interface__rosidl_typesupport_introspection_cpp[0m
[9.205s] [35m[1mScanning dependencies of target roboteq_interface__rosidl_typesupport_fastrtps_cpp[0m
[9.231s] [ 25%] [32mBuilding CXX object CMakeFiles/roboteq_interface__rosidl_typesupport_introspection_cpp.dir/rosidl_typesupport_introspection_cpp/roboteq_interface/msg/detail/driver_list__type_support.cpp.o[0m
[9.500s] In file included from [01m[K/home/rsl/Desktop/Indoor_Mobile_Robotic_Arm/Thesis/ws/build/roboteq_interface/rosidl_generator_c/roboteq_interface/msg/detail/driver_list__functions.h:19[m[K,
[9.500s]                  from [01m[K/home/rsl/Desktop/Indoor_Mobile_Robotic_Arm/Thesis/ws/build/roboteq_interface/rosidl_generator_c/roboteq_interface/msg/detail/driver_list__functions.c:4[m[K:
[9.500s] [01m[K/home/rsl/Desktop/Indoor_Mobile_Robotic_Arm/Thesis/ws/build/roboteq_interface/rosidl_generator_c/roboteq_interface/msg/detail/driver_list__struct.h:25:10:[m[K [01;31m[Kfatal error: [m[Kroboteq_interface/msg/detail/int16__struct.h: No such file or directory
[9.501s]    25 | #include [01;31m[K"roboteq_interface/msg/detail/int16__struct.h"[m[K
[9.501s]       |          [01;31m[K^~~~~~~~~~~~~~~~~~~~~~~~~~~~~~~~~~~~~~~~~~~~~~[m[K
[9.501s] compilation terminated.
[9.504s] make[2]: *** [CMakeFiles/roboteq_interface__rosidl_generator_c.dir/build.make:92: CMakeFiles/roboteq_interface__rosidl_generator_c.dir/rosidl_generator_c/roboteq_interface/msg/detail/driver_list__functions.c.o] Error 1
[9.505s] make[1]: *** [CMakeFiles/Makefile2:207: CMakeFiles/roboteq_interface__rosidl_generator_c.dir/all] Error 2
[9.505s] make[1]: *** Waiting for unfinished jobs....
[9.524s] [ 29%] [32mBuilding CXX object CMakeFiles/roboteq_interface__rosidl_typesupport_fastrtps_cpp.dir/rosidl_typesupport_fastrtps_cpp/roboteq_interface/msg/detail/dds_fastrtps/driver_list__type_support.cpp.o[0m
[9.625s] In file included from [01m[K/home/rsl/Desktop/Indoor_Mobile_Robotic_Arm/Thesis/ws/build/roboteq_interface/rosidl_typesupport_cpp/roboteq_interface/msg/driver_list__type_support.cpp:7[m[K:
[9.625s] [01m[K/home/rsl/Desktop/Indoor_Mobile_Robotic_Arm/Thesis/ws/build/roboteq_interface/rosidl_generator_cpp/roboteq_interface/msg/detail/driver_list__struct.hpp:22:10:[m[K [01;31m[Kfatal error: [m[Kroboteq_interface/msg/detail/int16__struct.hpp: No such file or directory
[9.625s]    22 | #include [01;31m[K"roboteq_interface/msg/detail/int16__struct.hpp"[m[K
[9.626s]       |          [01;31m[K^~~~~~~~~~~~~~~~~~~~~~~~~~~~~~~~~~~~~~~~~~~~~~~~[m[K
[9.626s] compilation terminated.
[9.626s] In file included from [01m[K/home/rsl/Desktop/Indoor_Mobile_Robotic_Arm/Thesis/ws/build/roboteq_interface/rosidl_typesupport_fastrtps_cpp/roboteq_interface/msg/detail/driver_list__rosidl_typesupport_fastrtps_cpp.hpp:11[m[K,
[9.626s]                  from [01m[K/home/rsl/Desktop/Indoor_Mobile_Robotic_Arm/Thesis/ws/build/roboteq_interface/rosidl_typesupport_fastrtps_cpp/roboteq_interface/msg/detail/dds_fastrtps/driver_list__type_support.cpp:4[m[K:
[9.626s] [01m[K/home/rsl/Desktop/Indoor_Mobile_Robotic_Arm/Thesis/ws/build/roboteq_interface/rosidl_generator_cpp/roboteq_interface/msg/detail/driver_list__struct.hpp:22:10:[m[K [01;31m[Kfatal error: [m[Kroboteq_interface/msg/detail/int16__struct.hpp: No such file or directory
[9.626s]    22 | #include [01;31m[K"roboteq_interface/msg/detail/int16__struct.hpp"[m[K
[9.626s]       |          [01;31m[K^~~~~~~~~~~~~~~~~~~~~~~~~~~~~~~~~~~~~~~~~~~~~~~~[m[K
[9.627s] compilation terminated.
[9.631s] make[2]: *** [CMakeFiles/roboteq_interface__rosidl_typesupport_cpp.dir/build.make:73: CMakeFiles/roboteq_interface__rosidl_typesupport_cpp.dir/rosidl_typesupport_cpp/roboteq_interface/msg/driver_list__type_support.cpp.o] Error 1
[9.632s] make[1]: *** [CMakeFiles/Makefile2:526: CMakeFiles/roboteq_interface__rosidl_typesupport_cpp.dir/all] Error 2
[9.633s] make[2]: *** [CMakeFiles/roboteq_interface__rosidl_typesupport_fastrtps_cpp.dir/build.make:78: CMakeFiles/roboteq_interface__rosidl_typesupport_fastrtps_cpp.dir/rosidl_typesupport_fastrtps_cpp/roboteq_interface/msg/detail/dds_fastrtps/driver_list__type_support.cpp.o] Error 1
[9.633s] make[1]: *** [CMakeFiles/Makefile2:297: CMakeFiles/roboteq_interface__rosidl_typesupport_fastrtps_cpp.dir/all] Error 2
[9.635s] In file included from [01m[K/home/rsl/Desktop/Indoor_Mobile_Robotic_Arm/Thesis/ws/build/roboteq_interface/rosidl_typesupport_introspection_cpp/roboteq_interface/msg/detail/driver_list__type_support.cpp:12[m[K:
[9.635s] [01m[K/home/rsl/Desktop/Indoor_Mobile_Robotic_Arm/Thesis/ws/build/roboteq_interface/rosidl_generator_cpp/roboteq_interface/msg/detail/driver_list__struct.hpp:22:10:[m[K [01;31m[Kfatal error: [m[Kroboteq_interface/msg/detail/int16__struct.hpp: No such file or directory
[9.635s]    22 | #include [01;31m[K"roboteq_interface/msg/detail/int16__struct.hpp"[m[K
[9.636s]       |          [01;31m[K^~~~~~~~~~~~~~~~~~~~~~~~~~~~~~~~~~~~~~~~~~~~~~~~[m[K
[9.636s] compilation terminated.
[9.640s] make[2]: *** [CMakeFiles/roboteq_interface__rosidl_typesupport_introspection_cpp.dir/build.make:78: CMakeFiles/roboteq_interface__rosidl_typesupport_introspection_cpp.dir/rosidl_typesupport_introspection_cpp/roboteq_interface/msg/detail/driver_list__type_support.cpp.o] Error 1
[9.640s] make[1]: *** [CMakeFiles/Makefile2:468: CMakeFiles/roboteq_interface__rosidl_typesupport_introspection_cpp.dir/all] Error 2
[9.641s] make: *** [Makefile:141: all] Error 2
[9.646s] Invoked command in '/home/rsl/Desktop/Indoor_Mobile_Robotic_Arm/Thesis/ws/build/roboteq_interface' returned '2': CMAKE_PREFIX_PATH=${CMAKE_PREFIX_PATH}:/home/rsl/Desktop/Indoor_Mobile_Robotic_Arm/Thesis/ws/install/rsl_scu:/home/rsl/Desktop/Indoor_Mobile_Robotic_Arm/Thesis/ws/install/locomotion_core:/opt/ros/foxy /usr/bin/cmake --build /home/rsl/Desktop/Indoor_Mobile_Robotic_Arm/Thesis/ws/build/roboteq_interface -- -j6 -l6
