[1.245s] Invoking command in '/home/rsl/Desktop/Indoor_Mobile_Robotic_Arm/build/teleop_twist_joy': /usr/bin/cmake /home/rsl/Desktop/Indoor_Mobile_Robotic_Arm/Thesis/ws/src/teleop_twist_joy -DCMAKE_INSTALL_PREFIX=/home/rsl/Desktop/Indoor_Mobile_Robotic_Arm/install/teleop_twist_joy
[2.097s] -- The C compiler identification is GNU 9.4.0
[2.869s] -- The CXX compiler identification is GNU 9.4.0
[2.889s] -- Check for working C compiler: /usr/bin/cc
[3.126s] -- Check for working C compiler: /usr/bin/cc -- works
[3.267s] -- Detecting C compiler ABI info
[3.548s] -- Detecting C compiler ABI info - done
[3.704s] -- Detecting C compile features
[3.705s] -- Detecting C compile features - done
[3.712s] -- Check for working CXX compiler: /usr/bin/c++
[3.957s] -- Check for working CXX compiler: /usr/bin/c++ -- works
[3.960s] -- Detecting CXX compiler ABI info
[4.369s] -- Detecting CXX compiler ABI info - done
[4.406s] -- Detecting CXX compile features
[4.406s] -- Detecting CXX compile features - done
[4.568s] CMake Error at CMakeLists.txt:13 (find_package):
[4.568s]   By not providing "Findament_cmake.cmake" in CMAKE_MODULE_PATH this project
[4.569s]   has asked CMake to find a package configuration file provided by
[4.569s]   "ament_cmake", but CMake did not find one.
[4.569s] 
[4.570s]   Could not find a package configuration file provided by "ament_cmake" with
[4.570s]   any of the following names:
[4.570s] 
[4.571s]     ament_cmakeConfig.cmake
[4.571s]     ament_cmake-config.cmake
[4.571s] 
[4.572s]   Add the installation prefix of "ament_cmake" to CMAKE_PREFIX_PATH or set
[4.572s]   "ament_cmake_DIR" to a directory containing one of the above files.  If
[4.572s]   "ament_cmake" provides a separate development package or SDK, be sure it
[4.573s]   has been installed.
[4.573s] 
[4.573s] 
[4.573s] -- Configuring incomplete, errors occurred!
[4.574s] See also "/home/rsl/Desktop/Indoor_Mobile_Robotic_Arm/build/teleop_twist_joy/CMakeFiles/CMakeOutput.log".
[4.581s] Invoked command in '/home/rsl/Desktop/Indoor_Mobile_Robotic_Arm/build/teleop_twist_joy' returned '1': /usr/bin/cmake /home/rsl/Desktop/Indoor_Mobile_Robotic_Arm/Thesis/ws/src/teleop_twist_joy -DCMAKE_INSTALL_PREFIX=/home/rsl/Desktop/Indoor_Mobile_Robotic_Arm/install/teleop_twist_joy
