[2.155s] Invoking command in '/home/rsl/Desktop/Indoor_Mobile_Robotic_Arm/Thesis/ws/src/locomotion_core': PYTHONPATH=/home/rsl/Desktop/Indoor_Mobile_Robotic_Arm/Thesis/ws/src/build/locomotion_core/prefix_override:/home/rsl/Desktop/Indoor_Mobile_Robotic_Arm/Thesis/ws/src/install/locomotion_core/lib/python3.8/site-packages:${PYTHONPATH} /usr/bin/python3 setup.py egg_info --egg-base ../build/locomotion_core build --build-base /home/rsl/Desktop/Indoor_Mobile_Robotic_Arm/Thesis/ws/src/build/locomotion_core/build install --record /home/rsl/Desktop/Indoor_Mobile_Robotic_Arm/Thesis/ws/src/build/locomotion_core/install.log --single-version-externally-managed
[2.332s] Error processing line 1 of /usr/lib/python3/dist-packages/matplotlib-3.1.2-nspkg.pth:
[2.332s] 
[2.347s]   Traceback (most recent call last):
[2.347s]     File "/usr/lib/python3.8/site.py", line 175, in addpackage
[2.348s]       exec(line)
[2.348s]     File "<string>", line 1, in <module>
[2.348s]     File "<frozen importlib._bootstrap>", line 553, in module_from_spec
[2.348s]   AttributeError: 'NoneType' object has no attribute 'loader'
[2.348s] 
[2.348s] Remainder of file ignored
[2.724s] running egg_info
[2.726s] writing ../build/locomotion_core/locomotion_core.egg-info/PKG-INFO
[2.726s] writing dependency_links to ../build/locomotion_core/locomotion_core.egg-info/dependency_links.txt
[2.727s] writing entry points to ../build/locomotion_core/locomotion_core.egg-info/entry_points.txt
[2.727s] writing requirements to ../build/locomotion_core/locomotion_core.egg-info/requires.txt
[2.727s] writing top-level names to ../build/locomotion_core/locomotion_core.egg-info/top_level.txt
[2.792s] reading manifest file '../build/locomotion_core/locomotion_core.egg-info/SOURCES.txt'
[2.794s] writing manifest file '../build/locomotion_core/locomotion_core.egg-info/SOURCES.txt'
[2.794s] running build
[2.795s] running build_py
[2.795s] copying locomotion_core/rover_state_controller.py -> /home/rsl/Desktop/Indoor_Mobile_Robotic_Arm/Thesis/ws/src/build/locomotion_core/build/lib/locomotion_core
[2.797s] running install
[2.798s] running install_lib
[2.800s] copying /home/rsl/Desktop/Indoor_Mobile_Robotic_Arm/Thesis/ws/src/build/locomotion_core/build/lib/locomotion_core/rover_state_controller.py -> /home/rsl/Desktop/Indoor_Mobile_Robotic_Arm/Thesis/ws/src/install/locomotion_core/lib/python3.8/site-packages/locomotion_core
[2.802s] byte-compiling /home/rsl/Desktop/Indoor_Mobile_Robotic_Arm/Thesis/ws/src/install/locomotion_core/lib/python3.8/site-packages/locomotion_core/rover_state_controller.py to rover_state_controller.cpython-38.pyc
[2.805s] running install_data
[2.806s] running install_egg_info
[2.810s] removing '/home/rsl/Desktop/Indoor_Mobile_Robotic_Arm/Thesis/ws/src/install/locomotion_core/lib/python3.8/site-packages/locomotion_core-0.0.0-py3.8.egg-info' (and everything under it)
[2.810s] Copying ../build/locomotion_core/locomotion_core.egg-info to /home/rsl/Desktop/Indoor_Mobile_Robotic_Arm/Thesis/ws/src/install/locomotion_core/lib/python3.8/site-packages/locomotion_core-0.0.0-py3.8.egg-info
[2.812s] running install_scripts
[2.851s] Installing cmd_roboteq script to /home/rsl/Desktop/Indoor_Mobile_Robotic_Arm/Thesis/ws/src/install/locomotion_core/lib/locomotion_core
[2.851s] Installing drive_selector script to /home/rsl/Desktop/Indoor_Mobile_Robotic_Arm/Thesis/ws/src/install/locomotion_core/lib/locomotion_core
[2.851s] Installing movebase_core script to /home/rsl/Desktop/Indoor_Mobile_Robotic_Arm/Thesis/ws/src/install/locomotion_core/lib/locomotion_core
[2.852s] Installing rover_state_controller script to /home/rsl/Desktop/Indoor_Mobile_Robotic_Arm/Thesis/ws/src/install/locomotion_core/lib/locomotion_core
[2.853s] writing list of installed files to '/home/rsl/Desktop/Indoor_Mobile_Robotic_Arm/Thesis/ws/src/build/locomotion_core/install.log'
[2.946s] Invoked command in '/home/rsl/Desktop/Indoor_Mobile_Robotic_Arm/Thesis/ws/src/locomotion_core' returned '0': PYTHONPATH=/home/rsl/Desktop/Indoor_Mobile_Robotic_Arm/Thesis/ws/src/build/locomotion_core/prefix_override:/home/rsl/Desktop/Indoor_Mobile_Robotic_Arm/Thesis/ws/src/install/locomotion_core/lib/python3.8/site-packages:${PYTHONPATH} /usr/bin/python3 setup.py egg_info --egg-base ../build/locomotion_core build --build-base /home/rsl/Desktop/Indoor_Mobile_Robotic_Arm/Thesis/ws/src/build/locomotion_core/build install --record /home/rsl/Desktop/Indoor_Mobile_Robotic_Arm/Thesis/ws/src/build/locomotion_core/install.log --single-version-externally-managed
