[2.046s] Invoking command in '/home/rsl/Desktop/Indoor_Mobile_Robotic_Arm/Thesis/ws/src/rsl_scu': PYTHONPATH=/home/rsl/Desktop/Indoor_Mobile_Robotic_Arm/Thesis/ws/src/build/rsl_scu/prefix_override:/home/rsl/Desktop/Indoor_Mobile_Robotic_Arm/Thesis/ws/src/install/rsl_scu/lib/python3.8/site-packages:${PYTHONPATH} /usr/bin/python3 setup.py egg_info --egg-base ../build/rsl_scu build --build-base /home/rsl/Desktop/Indoor_Mobile_Robotic_Arm/Thesis/ws/src/build/rsl_scu/build install --record /home/rsl/Desktop/Indoor_Mobile_Robotic_Arm/Thesis/ws/src/build/rsl_scu/install.log --install-scripts $base/lib/rsl_scu --single-version-externally-managed
[3.020s] Error processing line 1 of /usr/lib/python3/dist-packages/matplotlib-3.1.2-nspkg.pth:
[3.020s] 
[3.031s]   Traceback (most recent call last):
[3.031s]     File "/usr/lib/python3.8/site.py", line 175, in addpackage
[3.032s]       exec(line)
[3.032s]     File "<string>", line 1, in <module>
[3.032s]     File "<frozen importlib._bootstrap>", line 553, in module_from_spec
[3.032s]   AttributeError: 'NoneType' object has no attribute 'loader'
[3.033s] 
[3.033s] Remainder of file ignored
[3.415s] running egg_info
[3.416s] writing ../build/rsl_scu/rsl_scu.egg-info/PKG-INFO
[3.416s] writing dependency_links to ../build/rsl_scu/rsl_scu.egg-info/dependency_links.txt
[3.417s] writing entry points to ../build/rsl_scu/rsl_scu.egg-info/entry_points.txt
[3.417s] writing requirements to ../build/rsl_scu/rsl_scu.egg-info/requires.txt
[3.418s] writing top-level names to ../build/rsl_scu/rsl_scu.egg-info/top_level.txt
[3.482s] reading manifest file '../build/rsl_scu/rsl_scu.egg-info/SOURCES.txt'
[3.484s] writing manifest file '../build/rsl_scu/rsl_scu.egg-info/SOURCES.txt'
[3.484s] running build
[3.484s] running build_py
[3.485s] running install
[3.487s] running install_lib
[3.489s] running install_data
[3.490s] running install_egg_info
[3.494s] removing '/home/rsl/Desktop/Indoor_Mobile_Robotic_Arm/Thesis/ws/src/install/rsl_scu/lib/python3.8/site-packages/rsl_scu-0.0.0-py3.8.egg-info' (and everything under it)
[3.494s] Copying ../build/rsl_scu/rsl_scu.egg-info to /home/rsl/Desktop/Indoor_Mobile_Robotic_Arm/Thesis/ws/src/install/rsl_scu/lib/python3.8/site-packages/rsl_scu-0.0.0-py3.8.egg-info
[3.496s] running install_scripts
[3.535s] Installing rsl_joy script to /home/rsl/Desktop/Indoor_Mobile_Robotic_Arm/Thesis/ws/src/install/rsl_scu/lib/rsl_scu
[3.535s] writing list of installed files to '/home/rsl/Desktop/Indoor_Mobile_Robotic_Arm/Thesis/ws/src/build/rsl_scu/install.log'
[3.605s] Invoked command in '/home/rsl/Desktop/Indoor_Mobile_Robotic_Arm/Thesis/ws/src/rsl_scu' returned '0': PYTHONPATH=/home/rsl/Desktop/Indoor_Mobile_Robotic_Arm/Thesis/ws/src/build/rsl_scu/prefix_override:/home/rsl/Desktop/Indoor_Mobile_Robotic_Arm/Thesis/ws/src/install/rsl_scu/lib/python3.8/site-packages:${PYTHONPATH} /usr/bin/python3 setup.py egg_info --egg-base ../build/rsl_scu build --build-base /home/rsl/Desktop/Indoor_Mobile_Robotic_Arm/Thesis/ws/src/build/rsl_scu/build install --record /home/rsl/Desktop/Indoor_Mobile_Robotic_Arm/Thesis/ws/src/build/rsl_scu/install.log --install-scripts $base/lib/rsl_scu --single-version-externally-managed
