[0.446s] Invoking command in '/home/vboxuser/ws/build/robot_start': CMAKE_PREFIX_PATH=/opt/ros/humble /usr/bin/cmake --build /home/vboxuser/ws/build/robot_start -- -j6 -l6
[0.491s] Invoked command in '/home/vboxuser/ws/build/robot_start' returned '0': CMAKE_PREFIX_PATH=/opt/ros/humble /usr/bin/cmake --build /home/vboxuser/ws/build/robot_start -- -j6 -l6
[0.528s] Invoking command in '/home/vboxuser/ws/build/robot_start': CMAKE_PREFIX_PATH=/opt/ros/humble /usr/bin/cmake --install /home/vboxuser/ws/build/robot_start
[0.536s] -- Install configuration: ""
[0.537s] -- Up-to-date: /home/vboxuser/ws/install/robot_start/share/robot_start/launch
[0.538s] -- Up-to-date: /home/vboxuser/ws/install/robot_start/share/robot_start/launch/demo.launch.py
[0.538s] -- Up-to-date: /home/vboxuser/ws/install/robot_start/share/robot_start/launch/rover_start.launch.py
[0.539s] -- Up-to-date: /home/vboxuser/ws/install/robot_start/share/ament_index/resource_index/package_run_dependencies/robot_start
[0.539s] -- Up-to-date: /home/vboxuser/ws/install/robot_start/share/ament_index/resource_index/parent_prefix_path/robot_start
[0.540s] -- Up-to-date: /home/vboxuser/ws/install/robot_start/share/robot_start/environment/ament_prefix_path.sh
[0.541s] -- Up-to-date: /home/vboxuser/ws/install/robot_start/share/robot_start/environment/ament_prefix_path.dsv
[0.550s] -- Up-to-date: /home/vboxuser/ws/install/robot_start/share/robot_start/environment/path.sh
[0.551s] -- Up-to-date: /home/vboxuser/ws/install/robot_start/share/robot_start/environment/path.dsv
[0.551s] -- Up-to-date: /home/vboxuser/ws/install/robot_start/share/robot_start/local_setup.bash
[0.552s] -- Up-to-date: /home/vboxuser/ws/install/robot_start/share/robot_start/local_setup.sh
[0.552s] -- Up-to-date: /home/vboxuser/ws/install/robot_start/share/robot_start/local_setup.zsh
[0.553s] -- Up-to-date: /home/vboxuser/ws/install/robot_start/share/robot_start/local_setup.dsv
[0.568s] -- Installing: /home/vboxuser/ws/install/robot_start/share/robot_start/package.dsv
[0.571s] -- Up-to-date: /home/vboxuser/ws/install/robot_start/share/ament_index/resource_index/packages/robot_start
[0.573s] -- Up-to-date: /home/vboxuser/ws/install/robot_start/share/robot_start/cmake/robot_startConfig.cmake
[0.574s] -- Up-to-date: /home/vboxuser/ws/install/robot_start/share/robot_start/cmake/robot_startConfig-version.cmake
[0.579s] -- Up-to-date: /home/vboxuser/ws/install/robot_start/share/robot_start/package.xml
[0.580s] Invoked command in '/home/vboxuser/ws/build/robot_start' returned '0': CMAKE_PREFIX_PATH=/opt/ros/humble /usr/bin/cmake --install /home/vboxuser/ws/build/robot_start
