[1.348s] Invoking command in '/home/vboxuser/ws/src/locomotion_core': PYTHONPATH=/home/vboxuser/ws/build/locomotion_core/prefix_override:/home/vboxuser/ws/install/locomotion_core/lib/python3.10/site-packages:${PYTHONPATH} /usr/bin/python3 setup.py egg_info --egg-base ../../build/locomotion_core build --build-base /home/vboxuser/ws/build/locomotion_core/build install --record /home/vboxuser/ws/build/locomotion_core/install.log --single-version-externally-managed
[1.693s] running egg_info
[1.694s] writing ../../build/locomotion_core/locomotion_core.egg-info/PKG-INFO
[1.695s] writing dependency_links to ../../build/locomotion_core/locomotion_core.egg-info/dependency_links.txt
[1.695s] writing entry points to ../../build/locomotion_core/locomotion_core.egg-info/entry_points.txt
[1.695s] writing requirements to ../../build/locomotion_core/locomotion_core.egg-info/requires.txt
[1.695s] writing top-level names to ../../build/locomotion_core/locomotion_core.egg-info/top_level.txt
[1.699s] reading manifest file '../../build/locomotion_core/locomotion_core.egg-info/SOURCES.txt'
[1.701s] writing manifest file '../../build/locomotion_core/locomotion_core.egg-info/SOURCES.txt'
[1.701s] running build
[1.701s] running build_py
[1.701s] running install
[1.703s] running install_lib
[1.705s] running install_data
[1.706s] running install_egg_info
[1.708s] removing '/home/vboxuser/ws/install/locomotion_core/lib/python3.10/site-packages/locomotion_core-0.0.0-py3.10.egg-info' (and everything under it)
[1.708s] Copying ../../build/locomotion_core/locomotion_core.egg-info to /home/vboxuser/ws/install/locomotion_core/lib/python3.10/site-packages/locomotion_core-0.0.0-py3.10.egg-info
[1.709s] running install_scripts
[1.735s] writing list of installed files to '/home/vboxuser/ws/build/locomotion_core/install.log'
[1.776s] Invoked command in '/home/vboxuser/ws/src/locomotion_core' returned '0': PYTHONPATH=/home/vboxuser/ws/build/locomotion_core/prefix_override:/home/vboxuser/ws/install/locomotion_core/lib/python3.10/site-packages:${PYTHONPATH} /usr/bin/python3 setup.py egg_info --egg-base ../../build/locomotion_core build --build-base /home/vboxuser/ws/build/locomotion_core/build install --record /home/vboxuser/ws/build/locomotion_core/install.log --single-version-externally-managed
