/home/rslam/Desktop/Thesis/ws/src/install/locomotion_core/lib/python3.10/site-packages/locomotion_core/movebase_core.py
/home/rslam/Desktop/Thesis/ws/src/install/locomotion_core/lib/python3.10/site-packages/locomotion_core/cmd_roboteq.py
/home/rslam/Desktop/Thesis/ws/src/install/locomotion_core/lib/python3.10/site-packages/locomotion_core/drive_selector.py
/home/rslam/Desktop/Thesis/ws/src/install/locomotion_core/lib/python3.10/site-packages/locomotion_core/driver_node.py
/home/rslam/Desktop/Thesis/ws/src/install/locomotion_core/lib/python3.10/site-packages/locomotion_core/__init__.py
/home/rslam/Desktop/Thesis/ws/src/install/locomotion_core/lib/python3.10/site-packages/locomotion_core/rover_state_controller.py
/home/rslam/Desktop/Thesis/ws/src/install/locomotion_core/lib/python3.10/site-packages/locomotion_core/__pycache__/movebase_core.cpython-310.pyc
/home/rslam/Desktop/Thesis/ws/src/install/locomotion_core/lib/python3.10/site-packages/locomotion_core/__pycache__/cmd_roboteq.cpython-310.pyc
/home/rslam/Desktop/Thesis/ws/src/install/locomotion_core/lib/python3.10/site-packages/locomotion_core/__pycache__/drive_selector.cpython-310.pyc
/home/rslam/Desktop/Thesis/ws/src/install/locomotion_core/lib/python3.10/site-packages/locomotion_core/__pycache__/driver_node.cpython-310.pyc
/home/rslam/Desktop/Thesis/ws/src/install/locomotion_core/lib/python3.10/site-packages/locomotion_core/__pycache__/__init__.cpython-310.pyc
/home/rslam/Desktop/Thesis/ws/src/install/locomotion_core/lib/python3.10/site-packages/locomotion_core/__pycache__/rover_state_controller.cpython-310.pyc
/home/rslam/Desktop/Thesis/ws/src/install/locomotion_core/share/ament_index/resource_index/packages/locomotion_core
/home/rslam/Desktop/Thesis/ws/src/install/locomotion_core/share/locomotion_core/package.xml
/home/rslam/Desktop/Thesis/ws/src/install/locomotion_core/lib/python3.10/site-packages/locomotion_core-0.0.0-py3.10.egg-info/entry_points.txt
/home/rslam/Desktop/Thesis/ws/src/install/locomotion_core/lib/python3.10/site-packages/locomotion_core-0.0.0-py3.10.egg-info/zip-safe
/home/rslam/Desktop/Thesis/ws/src/install/locomotion_core/lib/python3.10/site-packages/locomotion_core-0.0.0-py3.10.egg-info/PKG-INFO
/home/rslam/Desktop/Thesis/ws/src/install/locomotion_core/lib/python3.10/site-packages/locomotion_core-0.0.0-py3.10.egg-info/top_level.txt
/home/rslam/Desktop/Thesis/ws/src/install/locomotion_core/lib/python3.10/site-packages/locomotion_core-0.0.0-py3.10.egg-info/SOURCES.txt
/home/rslam/Desktop/Thesis/ws/src/install/locomotion_core/lib/python3.10/site-packages/locomotion_core-0.0.0-py3.10.egg-info/requires.txt
/home/rslam/Desktop/Thesis/ws/src/install/locomotion_core/lib/python3.10/site-packages/locomotion_core-0.0.0-py3.10.egg-info/dependency_links.txt
/home/rslam/Desktop/Thesis/ws/src/install/locomotion_core/lib/locomotion_core/cmd_roboteq
/home/rslam/Desktop/Thesis/ws/src/install/locomotion_core/lib/locomotion_core/drive_selector
/home/rslam/Desktop/Thesis/ws/src/install/locomotion_core/lib/locomotion_core/movebase_core
/home/rslam/Desktop/Thesis/ws/src/install/locomotion_core/lib/locomotion_core/rover_state_controller
