[2.211s] DEBUG:colcon:Command line arguments: ['/usr/bin/colcon', 'build']
[2.212s] DEBUG:colcon:Parsed command line arguments: Namespace(allow_overriding=[], ament_cmake_args=None, base_paths=['.'], build_base='build', catkin_cmake_args=None, catkin_skip_building_tests=False, cmake_args=None, cmake_clean_cache=False, cmake_clean_first=False, cmake_force_configure=False, cmake_target=None, cmake_target_skip_unavailable=False, continue_on_error=False, event_handlers=None, executor='parallel', ignore_user_meta=False, install_base='install', log_base=None, log_level=None, main=<bound method BuildVerb.main of <colcon_core.verb.build.BuildVerb object at 0xffff8b618760>>, merge_install=False, metas=['./colcon.meta'], packages_above=None, packages_above_and_dependencies=None, packages_above_depth=None, packages_end=None, packages_ignore=None, packages_ignore_regex=None, packages_select=None, packages_select_build_failed=False, packages_select_by_dep=None, packages_select_regex=None, packages_select_test_failures=False, packages_skip=None, packages_skip_build_finished=False, packages_skip_by_dep=None, packages_skip_regex=None, packages_skip_test_passed=False, packages_skip_up_to=None, packages_start=None, packages_up_to=None, packages_up_to_regex=None, parallel_workers=6, paths=None, symlink_install=False, test_result_base=None, verb_extension=<colcon_core.verb.build.BuildVerb object at 0xffff8b618760>, verb_name='build', verb_parser=<colcon_defaults.argument_parser.defaults.DefaultArgumentsDecorator object at 0xffff8b618ca0>)
[2.312s] Level 1:colcon.colcon_core.package_discovery:discover_packages(colcon_meta) check parameters
[2.313s] Level 1:colcon.colcon_core.package_discovery:discover_packages(recursive) check parameters
[2.313s] Level 1:colcon.colcon_core.package_discovery:discover_packages(ignore) check parameters
[2.313s] Level 1:colcon.colcon_core.package_discovery:discover_packages(path) check parameters
[2.313s] Level 1:colcon.colcon_core.package_discovery:discover_packages(colcon_meta) discover
[2.313s] Level 1:colcon.colcon_core.package_discovery:discover_packages(recursive) discover
[2.313s] INFO:colcon.colcon_core.package_discovery:Crawling recursively for packages in '/home/rsl/Desktop/Indoor_Mobile_Robotic_Arm/Thesis/ws'
[2.313s] Level 1:colcon.colcon_core.package_identification:_identify(.) by extensions ['ignore', 'ignore_ament_install']
[2.314s] Level 1:colcon.colcon_core.package_identification:_identify(.) by extension 'ignore'
[2.314s] Level 1:colcon.colcon_core.package_identification:_identify(.) by extension 'ignore_ament_install'
[2.314s] Level 1:colcon.colcon_core.package_identification:_identify(.) by extensions ['colcon_pkg']
[2.314s] Level 1:colcon.colcon_core.package_identification:_identify(.) by extension 'colcon_pkg'
[2.314s] Level 1:colcon.colcon_core.package_identification:_identify(.) by extensions ['colcon_meta']
[2.314s] Level 1:colcon.colcon_core.package_identification:_identify(.) by extension 'colcon_meta'
[2.314s] Level 1:colcon.colcon_core.package_identification:_identify(.) by extensions ['ros']
[2.315s] Level 1:colcon.colcon_core.package_identification:_identify(.) by extension 'ros'
[2.390s] Level 1:colcon.colcon_core.package_identification:_identify(.) by extensions ['cmake', 'python']
[2.391s] Level 1:colcon.colcon_core.package_identification:_identify(.) by extension 'cmake'
[2.391s] Level 1:colcon.colcon_core.package_identification:_identify(.) by extension 'python'
[2.391s] Level 1:colcon.colcon_core.package_identification:_identify(.) by extensions ['python_setup_py']
[2.391s] Level 1:colcon.colcon_core.package_identification:_identify(.) by extension 'python_setup_py'
[2.392s] Level 1:colcon.colcon_core.package_identification:_identify(build) by extensions ['ignore', 'ignore_ament_install']
[2.392s] Level 1:colcon.colcon_core.package_identification:_identify(build) by extension 'ignore'
[2.392s] Level 1:colcon.colcon_core.package_identification:_identify(build) ignored
[2.392s] Level 1:colcon.colcon_core.package_identification:_identify(install) by extensions ['ignore', 'ignore_ament_install']
[2.393s] Level 1:colcon.colcon_core.package_identification:_identify(install) by extension 'ignore'
[2.393s] Level 1:colcon.colcon_core.package_identification:_identify(install) ignored
[2.393s] Level 1:colcon.colcon_core.package_identification:_identify(log) by extensions ['ignore', 'ignore_ament_install']
[2.393s] Level 1:colcon.colcon_core.package_identification:_identify(log) by extension 'ignore'
[2.393s] Level 1:colcon.colcon_core.package_identification:_identify(log) ignored
[2.394s] Level 1:colcon.colcon_core.package_identification:_identify(src) by extensions ['ignore', 'ignore_ament_install']
[2.394s] Level 1:colcon.colcon_core.package_identification:_identify(src) by extension 'ignore'
[2.394s] Level 1:colcon.colcon_core.package_identification:_identify(src) by extension 'ignore_ament_install'
[2.394s] Level 1:colcon.colcon_core.package_identification:_identify(src) by extensions ['colcon_pkg']
[2.394s] Level 1:colcon.colcon_core.package_identification:_identify(src) by extension 'colcon_pkg'
[2.394s] Level 1:colcon.colcon_core.package_identification:_identify(src) by extensions ['colcon_meta']
[2.394s] Level 1:colcon.colcon_core.package_identification:_identify(src) by extension 'colcon_meta'
[2.395s] Level 1:colcon.colcon_core.package_identification:_identify(src) by extensions ['ros']
[2.395s] Level 1:colcon.colcon_core.package_identification:_identify(src) by extension 'ros'
[2.395s] Level 1:colcon.colcon_core.package_identification:_identify(src) by extensions ['cmake', 'python']
[2.395s] Level 1:colcon.colcon_core.package_identification:_identify(src) by extension 'cmake'
[2.395s] Level 1:colcon.colcon_core.package_identification:_identify(src) by extension 'python'
[2.395s] Level 1:colcon.colcon_core.package_identification:_identify(src) by extensions ['python_setup_py']
[2.395s] Level 1:colcon.colcon_core.package_identification:_identify(src) by extension 'python_setup_py'
[2.395s] Level 1:colcon.colcon_core.package_identification:_identify(src/build) by extensions ['ignore', 'ignore_ament_install']
[2.396s] Level 1:colcon.colcon_core.package_identification:_identify(src/build) by extension 'ignore'
[2.396s] Level 1:colcon.colcon_core.package_identification:_identify(src/build) ignored
[2.396s] Level 1:colcon.colcon_core.package_identification:_identify(src/install) by extensions ['ignore', 'ignore_ament_install']
[2.396s] Level 1:colcon.colcon_core.package_identification:_identify(src/install) by extension 'ignore'
[2.396s] Level 1:colcon.colcon_core.package_identification:_identify(src/install) ignored
[2.396s] Level 1:colcon.colcon_core.package_identification:_identify(src/locomotion_core) by extensions ['ignore', 'ignore_ament_install']
[2.397s] Level 1:colcon.colcon_core.package_identification:_identify(src/locomotion_core) by extension 'ignore'
[2.397s] Level 1:colcon.colcon_core.package_identification:_identify(src/locomotion_core) by extension 'ignore_ament_install'
[2.397s] Level 1:colcon.colcon_core.package_identification:_identify(src/locomotion_core) by extensions ['colcon_pkg']
[2.397s] Level 1:colcon.colcon_core.package_identification:_identify(src/locomotion_core) by extension 'colcon_pkg'
[2.397s] Level 1:colcon.colcon_core.package_identification:_identify(src/locomotion_core) by extensions ['colcon_meta']
[2.397s] Level 1:colcon.colcon_core.package_identification:_identify(src/locomotion_core) by extension 'colcon_meta'
[2.397s] Level 1:colcon.colcon_core.package_identification:_identify(src/locomotion_core) by extensions ['ros']
[2.397s] Level 1:colcon.colcon_core.package_identification:_identify(src/locomotion_core) by extension 'ros'
[2.543s] DEBUG:colcon.colcon_core.package_identification:Package 'src/locomotion_core' with type 'ros.ament_python' and name 'locomotion_core'
[2.544s] Level 1:colcon.colcon_core.package_identification:_identify(src/log) by extensions ['ignore', 'ignore_ament_install']
[2.544s] Level 1:colcon.colcon_core.package_identification:_identify(src/log) by extension 'ignore'
[2.544s] Level 1:colcon.colcon_core.package_identification:_identify(src/log) ignored
[2.545s] Level 1:colcon.colcon_core.package_identification:_identify(src/rsl_scu) by extensions ['ignore', 'ignore_ament_install']
[2.545s] Level 1:colcon.colcon_core.package_identification:_identify(src/rsl_scu) by extension 'ignore'
[2.545s] Level 1:colcon.colcon_core.package_identification:_identify(src/rsl_scu) by extension 'ignore_ament_install'
[2.545s] Level 1:colcon.colcon_core.package_identification:_identify(src/rsl_scu) by extensions ['colcon_pkg']
[2.545s] Level 1:colcon.colcon_core.package_identification:_identify(src/rsl_scu) by extension 'colcon_pkg'
[2.545s] Level 1:colcon.colcon_core.package_identification:_identify(src/rsl_scu) by extensions ['colcon_meta']
[2.546s] Level 1:colcon.colcon_core.package_identification:_identify(src/rsl_scu) by extension 'colcon_meta'
[2.546s] Level 1:colcon.colcon_core.package_identification:_identify(src/rsl_scu) by extensions ['ros']
[2.546s] Level 1:colcon.colcon_core.package_identification:_identify(src/rsl_scu) by extension 'ros'
[2.548s] DEBUG:colcon.colcon_core.package_identification:Package 'src/rsl_scu' with type 'ros.ament_python' and name 'rsl_scu'
[2.548s] Level 1:colcon.colcon_core.package_identification:_identify(src/teleop_twist_joy) by extensions ['ignore', 'ignore_ament_install']
[2.548s] Level 1:colcon.colcon_core.package_identification:_identify(src/teleop_twist_joy) by extension 'ignore'
[2.549s] Level 1:colcon.colcon_core.package_identification:_identify(src/teleop_twist_joy) by extension 'ignore_ament_install'
[2.549s] Level 1:colcon.colcon_core.package_identification:_identify(src/teleop_twist_joy) by extensions ['colcon_pkg']
[2.549s] Level 1:colcon.colcon_core.package_identification:_identify(src/teleop_twist_joy) by extension 'colcon_pkg'
[2.549s] Level 1:colcon.colcon_core.package_identification:_identify(src/teleop_twist_joy) by extensions ['colcon_meta']
[2.549s] Level 1:colcon.colcon_core.package_identification:_identify(src/teleop_twist_joy) by extension 'colcon_meta'
[2.549s] Level 1:colcon.colcon_core.package_identification:_identify(src/teleop_twist_joy) by extensions ['ros']
[2.549s] Level 1:colcon.colcon_core.package_identification:_identify(src/teleop_twist_joy) by extension 'ros'
[2.552s] DEBUG:colcon.colcon_core.package_identification:Package 'src/teleop_twist_joy' with type 'ros.ament_cmake' and name 'teleop_twist_joy'
[2.552s] Level 1:colcon.colcon_core.package_discovery:discover_packages(recursive) using defaults
[2.552s] Level 1:colcon.colcon_core.package_discovery:discover_packages(ignore) discover
[2.552s] Level 1:colcon.colcon_core.package_discovery:discover_packages(ignore) using defaults
[2.552s] Level 1:colcon.colcon_core.package_discovery:discover_packages(path) discover
[2.552s] Level 1:colcon.colcon_core.package_discovery:discover_packages(path) using defaults
[2.758s] Level 1:colcon.colcon_core.package_discovery:discover_packages(prefix_path) check parameters
[2.758s] Level 1:colcon.colcon_core.package_discovery:discover_packages(prefix_path) discover
[2.764s] Level 1:colcon.colcon_core.package_discovery:discover_packages(prefix_path) using defaults
[2.769s] Level 5:colcon.colcon_core.verb:set package 'locomotion_core' build argument 'cmake_args' from command line to 'None'
[2.769s] Level 5:colcon.colcon_core.verb:set package 'locomotion_core' build argument 'cmake_target' from command line to 'None'
[2.770s] Level 5:colcon.colcon_core.verb:set package 'locomotion_core' build argument 'cmake_target_skip_unavailable' from command line to 'False'
[2.770s] Level 5:colcon.colcon_core.verb:set package 'locomotion_core' build argument 'cmake_clean_cache' from command line to 'False'
[2.770s] Level 5:colcon.colcon_core.verb:set package 'locomotion_core' build argument 'cmake_clean_first' from command line to 'False'
[2.770s] Level 5:colcon.colcon_core.verb:set package 'locomotion_core' build argument 'cmake_force_configure' from command line to 'False'
[2.770s] Level 5:colcon.colcon_core.verb:set package 'locomotion_core' build argument 'ament_cmake_args' from command line to 'None'
[2.770s] Level 5:colcon.colcon_core.verb:set package 'locomotion_core' build argument 'catkin_cmake_args' from command line to 'None'
[2.770s] Level 5:colcon.colcon_core.verb:set package 'locomotion_core' build argument 'catkin_skip_building_tests' from command line to 'False'
[2.770s] DEBUG:colcon.colcon_core.verb:Building package 'locomotion_core' with the following arguments: {'ament_cmake_args': None, 'build_base': '/home/rsl/Desktop/Indoor_Mobile_Robotic_Arm/Thesis/ws/build/locomotion_core', 'catkin_cmake_args': None, 'catkin_skip_building_tests': False, 'cmake_args': None, 'cmake_clean_cache': False, 'cmake_clean_first': False, 'cmake_force_configure': False, 'cmake_target': None, 'cmake_target_skip_unavailable': False, 'install_base': '/home/rsl/Desktop/Indoor_Mobile_Robotic_Arm/Thesis/ws/install/locomotion_core', 'merge_install': False, 'path': '/home/rsl/Desktop/Indoor_Mobile_Robotic_Arm/Thesis/ws/src/locomotion_core', 'symlink_install': False, 'test_result_base': None}
[2.772s] Level 5:colcon.colcon_core.verb:set package 'rsl_scu' build argument 'cmake_args' from command line to 'None'
[2.773s] Level 5:colcon.colcon_core.verb:set package 'rsl_scu' build argument 'cmake_target' from command line to 'None'
[2.773s] Level 5:colcon.colcon_core.verb:set package 'rsl_scu' build argument 'cmake_target_skip_unavailable' from command line to 'False'
[2.773s] Level 5:colcon.colcon_core.verb:set package 'rsl_scu' build argument 'cmake_clean_cache' from command line to 'False'
[2.773s] Level 5:colcon.colcon_core.verb:set package 'rsl_scu' build argument 'cmake_clean_first' from command line to 'False'
[2.773s] Level 5:colcon.colcon_core.verb:set package 'rsl_scu' build argument 'cmake_force_configure' from command line to 'False'
[2.773s] Level 5:colcon.colcon_core.verb:set package 'rsl_scu' build argument 'ament_cmake_args' from command line to 'None'
[2.773s] Level 5:colcon.colcon_core.verb:set package 'rsl_scu' build argument 'catkin_cmake_args' from command line to 'None'
[2.773s] Level 5:colcon.colcon_core.verb:set package 'rsl_scu' build argument 'catkin_skip_building_tests' from command line to 'False'
[2.773s] DEBUG:colcon.colcon_core.verb:Building package 'rsl_scu' with the following arguments: {'ament_cmake_args': None, 'build_base': '/home/rsl/Desktop/Indoor_Mobile_Robotic_Arm/Thesis/ws/build/rsl_scu', 'catkin_cmake_args': None, 'catkin_skip_building_tests': False, 'cmake_args': None, 'cmake_clean_cache': False, 'cmake_clean_first': False, 'cmake_force_configure': False, 'cmake_target': None, 'cmake_target_skip_unavailable': False, 'install_base': '/home/rsl/Desktop/Indoor_Mobile_Robotic_Arm/Thesis/ws/install/rsl_scu', 'merge_install': False, 'path': '/home/rsl/Desktop/Indoor_Mobile_Robotic_Arm/Thesis/ws/src/rsl_scu', 'symlink_install': False, 'test_result_base': None}
[2.775s] Level 5:colcon.colcon_core.verb:set package 'teleop_twist_joy' build argument 'cmake_args' from command line to 'None'
[2.775s] Level 5:colcon.colcon_core.verb:set package 'teleop_twist_joy' build argument 'cmake_target' from command line to 'None'
[2.776s] Level 5:colcon.colcon_core.verb:set package 'teleop_twist_joy' build argument 'cmake_target_skip_unavailable' from command line to 'False'
[2.776s] Level 5:colcon.colcon_core.verb:set package 'teleop_twist_joy' build argument 'cmake_clean_cache' from command line to 'False'
[2.776s] Level 5:colcon.colcon_core.verb:set package 'teleop_twist_joy' build argument 'cmake_clean_first' from command line to 'False'
[2.776s] Level 5:colcon.colcon_core.verb:set package 'teleop_twist_joy' build argument 'cmake_force_configure' from command line to 'False'
[2.776s] Level 5:colcon.colcon_core.verb:set package 'teleop_twist_joy' build argument 'ament_cmake_args' from command line to 'None'
[2.776s] Level 5:colcon.colcon_core.verb:set package 'teleop_twist_joy' build argument 'catkin_cmake_args' from command line to 'None'
[2.776s] Level 5:colcon.colcon_core.verb:set package 'teleop_twist_joy' build argument 'catkin_skip_building_tests' from command line to 'False'
[2.776s] DEBUG:colcon.colcon_core.verb:Building package 'teleop_twist_joy' with the following arguments: {'ament_cmake_args': None, 'build_base': '/home/rsl/Desktop/Indoor_Mobile_Robotic_Arm/Thesis/ws/build/teleop_twist_joy', 'catkin_cmake_args': None, 'catkin_skip_building_tests': False, 'cmake_args': None, 'cmake_clean_cache': False, 'cmake_clean_first': False, 'cmake_force_configure': False, 'cmake_target': None, 'cmake_target_skip_unavailable': False, 'install_base': '/home/rsl/Desktop/Indoor_Mobile_Robotic_Arm/Thesis/ws/install/teleop_twist_joy', 'merge_install': False, 'path': '/home/rsl/Desktop/Indoor_Mobile_Robotic_Arm/Thesis/ws/src/teleop_twist_joy', 'symlink_install': False, 'test_result_base': None}
[2.778s] INFO:colcon.colcon_core.executor:Executing jobs using 'parallel' executor
[2.786s] DEBUG:colcon.colcon_parallel_executor.executor.parallel:run_until_complete
[2.787s] INFO:colcon.colcon_ros.task.ament_python.build:Building ROS package in '/home/rsl/Desktop/Indoor_Mobile_Robotic_Arm/Thesis/ws/src/locomotion_core' with build type 'ament_python'
[2.788s] Level 1:colcon.colcon_core.shell:create_environment_hook('locomotion_core', 'ament_prefix_path')
[2.953s] INFO:colcon.colcon_core.plugin_system:Skipping extension 'colcon_core.shell.bat': Not used on non-Windows systems
[2.954s] INFO:colcon.colcon_core.shell:Creating environment hook '/home/rsl/Desktop/Indoor_Mobile_Robotic_Arm/Thesis/ws/install/locomotion_core/share/locomotion_core/hook/ament_prefix_path.ps1'
[2.958s] INFO:colcon.colcon_core.shell:Creating environment descriptor '/home/rsl/Desktop/Indoor_Mobile_Robotic_Arm/Thesis/ws/install/locomotion_core/share/locomotion_core/hook/ament_prefix_path.dsv'
[2.960s] INFO:colcon.colcon_core.shell:Creating environment hook '/home/rsl/Desktop/Indoor_Mobile_Robotic_Arm/Thesis/ws/install/locomotion_core/share/locomotion_core/hook/ament_prefix_path.sh'
[2.966s] INFO:colcon.colcon_core.shell:Skip shell extension 'powershell' for command environment: Not usable outside of PowerShell
[2.967s] DEBUG:colcon.colcon_core.shell:Skip shell extension 'dsv' for command environment
[2.983s] INFO:colcon.colcon_ros.task.ament_python.build:Building ROS package in '/home/rsl/Desktop/Indoor_Mobile_Robotic_Arm/Thesis/ws/src/rsl_scu' with build type 'ament_python'
[2.984s] Level 1:colcon.colcon_core.shell:create_environment_hook('rsl_scu', 'ament_prefix_path')
[2.988s] INFO:colcon.colcon_core.shell:Creating environment hook '/home/rsl/Desktop/Indoor_Mobile_Robotic_Arm/Thesis/ws/install/rsl_scu/share/rsl_scu/hook/ament_prefix_path.ps1'
[2.992s] INFO:colcon.colcon_core.shell:Creating environment descriptor '/home/rsl/Desktop/Indoor_Mobile_Robotic_Arm/Thesis/ws/install/rsl_scu/share/rsl_scu/hook/ament_prefix_path.dsv'
[2.994s] INFO:colcon.colcon_core.shell:Creating environment hook '/home/rsl/Desktop/Indoor_Mobile_Robotic_Arm/Thesis/ws/install/rsl_scu/share/rsl_scu/hook/ament_prefix_path.sh'
[3.026s] INFO:colcon.colcon_core.shell:Skip shell extension 'powershell' for command environment: Not usable outside of PowerShell
[3.026s] DEBUG:colcon.colcon_core.shell:Skip shell extension 'dsv' for command environment
[3.040s] INFO:colcon.colcon_ros.task.ament_cmake.build:Building ROS package in '/home/rsl/Desktop/Indoor_Mobile_Robotic_Arm/Thesis/ws/src/teleop_twist_joy' with build type 'ament_cmake'
[3.041s] INFO:colcon.colcon_cmake.task.cmake.build:Building CMake package in '/home/rsl/Desktop/Indoor_Mobile_Robotic_Arm/Thesis/ws/src/teleop_twist_joy'
[3.047s] INFO:colcon.colcon_core.shell:Skip shell extension 'powershell' for command environment: Not usable outside of PowerShell
[3.048s] DEBUG:colcon.colcon_core.shell:Skip shell extension 'dsv' for command environment
[3.823s] INFO:colcon.colcon_core.task.python.build:Building Python package in '/home/rsl/Desktop/Indoor_Mobile_Robotic_Arm/Thesis/ws/src/locomotion_core'
[3.827s] INFO:colcon.colcon_core.shell:Skip shell extension 'powershell' for command environment: Not usable outside of PowerShell
[3.828s] DEBUG:colcon.colcon_core.shell:Skip shell extension 'dsv' for command environment
[4.467s] INFO:colcon.colcon_core.task.python.build:Building Python package in '/home/rsl/Desktop/Indoor_Mobile_Robotic_Arm/Thesis/ws/src/rsl_scu'
[4.472s] INFO:colcon.colcon_core.shell:Skip shell extension 'powershell' for command environment: Not usable outside of PowerShell
[4.472s] DEBUG:colcon.colcon_core.shell:Skip shell extension 'dsv' for command environment
[4.630s] DEBUG:colcon.colcon_core.event_handler.log_command:Invoking command in '/home/rsl/Desktop/Indoor_Mobile_Robotic_Arm/Thesis/ws/build/teleop_twist_joy': /usr/bin/cmake --build /home/rsl/Desktop/Indoor_Mobile_Robotic_Arm/Thesis/ws/build/teleop_twist_joy -- -j6 -l6
[5.507s] DEBUG:colcon.colcon_core.event_handler.log_command:Invoked command in '/home/rsl/Desktop/Indoor_Mobile_Robotic_Arm/Thesis/ws/build/teleop_twist_joy' returned '0': /usr/bin/cmake --build /home/rsl/Desktop/Indoor_Mobile_Robotic_Arm/Thesis/ws/build/teleop_twist_joy -- -j6 -l6
[5.602s] DEBUG:colcon.colcon_core.event_handler.log_command:Invoking command in '/home/rsl/Desktop/Indoor_Mobile_Robotic_Arm/Thesis/ws/build/teleop_twist_joy': /usr/bin/cmake --install /home/rsl/Desktop/Indoor_Mobile_Robotic_Arm/Thesis/ws/build/teleop_twist_joy
[5.644s] Level 1:colcon.colcon_core.environment:create_environment_scripts_only(teleop_twist_joy)
[5.648s] DEBUG:colcon.colcon_core.event_handler.log_command:Invoked command in '/home/rsl/Desktop/Indoor_Mobile_Robotic_Arm/Thesis/ws/build/teleop_twist_joy' returned '0': /usr/bin/cmake --install /home/rsl/Desktop/Indoor_Mobile_Robotic_Arm/Thesis/ws/build/teleop_twist_joy
[5.693s] Level 1:colcon.colcon_core.environment:checking '/home/rsl/Desktop/Indoor_Mobile_Robotic_Arm/Thesis/ws/install/teleop_twist_joy' for CMake module files
[5.695s] Level 1:colcon.colcon_core.environment:checking '/home/rsl/Desktop/Indoor_Mobile_Robotic_Arm/Thesis/ws/install/teleop_twist_joy' for CMake config files
[5.696s] Level 1:colcon.colcon_core.shell:create_environment_hook('teleop_twist_joy', 'cmake_prefix_path')
[5.700s] INFO:colcon.colcon_core.shell:Creating environment hook '/home/rsl/Desktop/Indoor_Mobile_Robotic_Arm/Thesis/ws/install/teleop_twist_joy/share/teleop_twist_joy/hook/cmake_prefix_path.ps1'
[5.703s] INFO:colcon.colcon_core.shell:Creating environment descriptor '/home/rsl/Desktop/Indoor_Mobile_Robotic_Arm/Thesis/ws/install/teleop_twist_joy/share/teleop_twist_joy/hook/cmake_prefix_path.dsv'
[5.704s] INFO:colcon.colcon_core.shell:Creating environment hook '/home/rsl/Desktop/Indoor_Mobile_Robotic_Arm/Thesis/ws/install/teleop_twist_joy/share/teleop_twist_joy/hook/cmake_prefix_path.sh'
[5.708s] Level 1:colcon.colcon_core.environment:checking '/home/rsl/Desktop/Indoor_Mobile_Robotic_Arm/Thesis/ws/install/teleop_twist_joy/lib'
[5.709s] Level 1:colcon.colcon_core.shell:create_environment_hook('teleop_twist_joy', 'ld_library_path_lib')
[5.714s] INFO:colcon.colcon_core.shell:Creating environment hook '/home/rsl/Desktop/Indoor_Mobile_Robotic_Arm/Thesis/ws/install/teleop_twist_joy/share/teleop_twist_joy/hook/ld_library_path_lib.ps1'
[5.716s] INFO:colcon.colcon_core.shell:Creating environment descriptor '/home/rsl/Desktop/Indoor_Mobile_Robotic_Arm/Thesis/ws/install/teleop_twist_joy/share/teleop_twist_joy/hook/ld_library_path_lib.dsv'
[5.717s] INFO:colcon.colcon_core.shell:Creating environment hook '/home/rsl/Desktop/Indoor_Mobile_Robotic_Arm/Thesis/ws/install/teleop_twist_joy/share/teleop_twist_joy/hook/ld_library_path_lib.sh'
[5.718s] Level 1:colcon.colcon_core.environment:checking '/home/rsl/Desktop/Indoor_Mobile_Robotic_Arm/Thesis/ws/install/teleop_twist_joy/bin'
[5.719s] Level 1:colcon.colcon_core.environment:checking '/home/rsl/Desktop/Indoor_Mobile_Robotic_Arm/Thesis/ws/install/teleop_twist_joy/lib/pkgconfig/teleop_twist_joy.pc'
[5.720s] Level 1:colcon.colcon_core.environment:checking '/home/rsl/Desktop/Indoor_Mobile_Robotic_Arm/Thesis/ws/install/teleop_twist_joy/lib/python3.8/site-packages'
[5.720s] Level 1:colcon.colcon_core.environment:checking '/home/rsl/Desktop/Indoor_Mobile_Robotic_Arm/Thesis/ws/install/teleop_twist_joy/bin'
[5.724s] INFO:colcon.colcon_core.shell:Creating package script '/home/rsl/Desktop/Indoor_Mobile_Robotic_Arm/Thesis/ws/install/teleop_twist_joy/share/teleop_twist_joy/package.ps1'
[5.729s] INFO:colcon.colcon_core.shell:Creating package descriptor '/home/rsl/Desktop/Indoor_Mobile_Robotic_Arm/Thesis/ws/install/teleop_twist_joy/share/teleop_twist_joy/package.dsv'
[5.732s] INFO:colcon.colcon_core.shell:Creating package script '/home/rsl/Desktop/Indoor_Mobile_Robotic_Arm/Thesis/ws/install/teleop_twist_joy/share/teleop_twist_joy/package.sh'
[5.735s] INFO:colcon.colcon_core.shell:Creating package script '/home/rsl/Desktop/Indoor_Mobile_Robotic_Arm/Thesis/ws/install/teleop_twist_joy/share/teleop_twist_joy/package.bash'
[5.739s] INFO:colcon.colcon_core.shell:Creating package script '/home/rsl/Desktop/Indoor_Mobile_Robotic_Arm/Thesis/ws/install/teleop_twist_joy/share/teleop_twist_joy/package.zsh'
[5.743s] Level 1:colcon.colcon_core.environment:create_file_with_runtime_dependencies(/home/rsl/Desktop/Indoor_Mobile_Robotic_Arm/Thesis/ws/install/teleop_twist_joy/share/colcon-core/packages/teleop_twist_joy)
[5.832s] Level 1:colcon.colcon_core.environment:create_environment_scripts_only(teleop_twist_joy)
[5.838s] Level 1:colcon.colcon_core.environment:checking '/home/rsl/Desktop/Indoor_Mobile_Robotic_Arm/Thesis/ws/install/teleop_twist_joy' for CMake module files
[5.839s] Level 1:colcon.colcon_core.environment:checking '/home/rsl/Desktop/Indoor_Mobile_Robotic_Arm/Thesis/ws/install/teleop_twist_joy' for CMake config files
[5.840s] Level 1:colcon.colcon_core.shell:create_environment_hook('teleop_twist_joy', 'cmake_prefix_path')
[5.843s] INFO:colcon.colcon_core.shell:Creating environment hook '/home/rsl/Desktop/Indoor_Mobile_Robotic_Arm/Thesis/ws/install/teleop_twist_joy/share/teleop_twist_joy/hook/cmake_prefix_path.ps1'
[5.845s] INFO:colcon.colcon_core.shell:Creating environment descriptor '/home/rsl/Desktop/Indoor_Mobile_Robotic_Arm/Thesis/ws/install/teleop_twist_joy/share/teleop_twist_joy/hook/cmake_prefix_path.dsv'
[5.846s] INFO:colcon.colcon_core.shell:Creating environment hook '/home/rsl/Desktop/Indoor_Mobile_Robotic_Arm/Thesis/ws/install/teleop_twist_joy/share/teleop_twist_joy/hook/cmake_prefix_path.sh'
[5.848s] Level 1:colcon.colcon_core.environment:checking '/home/rsl/Desktop/Indoor_Mobile_Robotic_Arm/Thesis/ws/install/teleop_twist_joy/lib'
[5.848s] Level 1:colcon.colcon_core.shell:create_environment_hook('teleop_twist_joy', 'ld_library_path_lib')
[5.851s] INFO:colcon.colcon_core.shell:Creating environment hook '/home/rsl/Desktop/Indoor_Mobile_Robotic_Arm/Thesis/ws/install/teleop_twist_joy/share/teleop_twist_joy/hook/ld_library_path_lib.ps1'
[5.852s] INFO:colcon.colcon_core.shell:Creating environment descriptor '/home/rsl/Desktop/Indoor_Mobile_Robotic_Arm/Thesis/ws/install/teleop_twist_joy/share/teleop_twist_joy/hook/ld_library_path_lib.dsv'
[5.854s] INFO:colcon.colcon_core.shell:Creating environment hook '/home/rsl/Desktop/Indoor_Mobile_Robotic_Arm/Thesis/ws/install/teleop_twist_joy/share/teleop_twist_joy/hook/ld_library_path_lib.sh'
[5.855s] Level 1:colcon.colcon_core.environment:checking '/home/rsl/Desktop/Indoor_Mobile_Robotic_Arm/Thesis/ws/install/teleop_twist_joy/bin'
[5.856s] Level 1:colcon.colcon_core.environment:checking '/home/rsl/Desktop/Indoor_Mobile_Robotic_Arm/Thesis/ws/install/teleop_twist_joy/lib/pkgconfig/teleop_twist_joy.pc'
[5.857s] Level 1:colcon.colcon_core.environment:checking '/home/rsl/Desktop/Indoor_Mobile_Robotic_Arm/Thesis/ws/install/teleop_twist_joy/lib/python3.8/site-packages'
[5.858s] Level 1:colcon.colcon_core.environment:checking '/home/rsl/Desktop/Indoor_Mobile_Robotic_Arm/Thesis/ws/install/teleop_twist_joy/bin'
[5.862s] INFO:colcon.colcon_core.shell:Creating package script '/home/rsl/Desktop/Indoor_Mobile_Robotic_Arm/Thesis/ws/install/teleop_twist_joy/share/teleop_twist_joy/package.ps1'
[5.864s] INFO:colcon.colcon_core.shell:Creating package descriptor '/home/rsl/Desktop/Indoor_Mobile_Robotic_Arm/Thesis/ws/install/teleop_twist_joy/share/teleop_twist_joy/package.dsv'
[5.866s] INFO:colcon.colcon_core.shell:Creating package script '/home/rsl/Desktop/Indoor_Mobile_Robotic_Arm/Thesis/ws/install/teleop_twist_joy/share/teleop_twist_joy/package.sh'
[5.867s] INFO:colcon.colcon_core.shell:Creating package script '/home/rsl/Desktop/Indoor_Mobile_Robotic_Arm/Thesis/ws/install/teleop_twist_joy/share/teleop_twist_joy/package.bash'
[5.868s] INFO:colcon.colcon_core.shell:Creating package script '/home/rsl/Desktop/Indoor_Mobile_Robotic_Arm/Thesis/ws/install/teleop_twist_joy/share/teleop_twist_joy/package.zsh'
[5.869s] Level 1:colcon.colcon_core.environment:create_file_with_runtime_dependencies(/home/rsl/Desktop/Indoor_Mobile_Robotic_Arm/Thesis/ws/install/teleop_twist_joy/share/colcon-core/packages/teleop_twist_joy)
[6.669s] DEBUG:colcon.colcon_core.event_handler.log_command:Invoking command in '/home/rsl/Desktop/Indoor_Mobile_Robotic_Arm/Thesis/ws/src/locomotion_core': PYTHONPATH=/home/rsl/Desktop/Indoor_Mobile_Robotic_Arm/Thesis/ws/build/locomotion_core/prefix_override:/home/rsl/Desktop/Indoor_Mobile_Robotic_Arm/Thesis/ws/install/locomotion_core/lib/python3.8/site-packages: /usr/bin/python3 setup.py egg_info --egg-base ../../build/locomotion_core build --build-base /home/rsl/Desktop/Indoor_Mobile_Robotic_Arm/Thesis/ws/build/locomotion_core/build install --record /home/rsl/Desktop/Indoor_Mobile_Robotic_Arm/Thesis/ws/build/locomotion_core/install.log --single-version-externally-managed
[6.715s] DEBUG:colcon.colcon_core.event_handler.log_command:Invoking command in '/home/rsl/Desktop/Indoor_Mobile_Robotic_Arm/Thesis/ws/src/rsl_scu': PYTHONPATH=/home/rsl/Desktop/Indoor_Mobile_Robotic_Arm/Thesis/ws/build/rsl_scu/prefix_override:/home/rsl/Desktop/Indoor_Mobile_Robotic_Arm/Thesis/ws/install/rsl_scu/lib/python3.8/site-packages: /usr/bin/python3 setup.py egg_info --egg-base ../../build/rsl_scu build --build-base /home/rsl/Desktop/Indoor_Mobile_Robotic_Arm/Thesis/ws/build/rsl_scu/build install --record /home/rsl/Desktop/Indoor_Mobile_Robotic_Arm/Thesis/ws/build/rsl_scu/install.log --install-scripts $base/lib/rsl_scu --single-version-externally-managed
[7.691s] DEBUG:colcon.colcon_core.event_handler.log_command:Invoked command in '/home/rsl/Desktop/Indoor_Mobile_Robotic_Arm/Thesis/ws/src/rsl_scu' returned '1': PYTHONPATH=/home/rsl/Desktop/Indoor_Mobile_Robotic_Arm/Thesis/ws/build/rsl_scu/prefix_override:/home/rsl/Desktop/Indoor_Mobile_Robotic_Arm/Thesis/ws/install/rsl_scu/lib/python3.8/site-packages: /usr/bin/python3 setup.py egg_info --egg-base ../../build/rsl_scu build --build-base /home/rsl/Desktop/Indoor_Mobile_Robotic_Arm/Thesis/ws/build/rsl_scu/build install --record /home/rsl/Desktop/Indoor_Mobile_Robotic_Arm/Thesis/ws/build/rsl_scu/install.log --install-scripts $base/lib/rsl_scu --single-version-externally-managed
[7.792s] DEBUG:colcon.colcon_parallel_executor.executor.parallel:closing loop
[7.793s] DEBUG:colcon.colcon_parallel_executor.executor.parallel:loop closed
[7.793s] DEBUG:colcon.colcon_parallel_executor.executor.parallel:run_until_complete finished with '1'
[7.793s] DEBUG:colcon.colcon_core.event_reactor:joining thread
[7.825s] INFO:colcon.colcon_core.plugin_system:Skipping extension 'colcon_notification.desktop_notification.terminal_notifier': Not used on non-Darwin systems
[7.826s] INFO:colcon.colcon_core.plugin_system:Skipping extension 'colcon_notification.desktop_notification.win32': Not used on non-Windows systems
[7.826s] INFO:colcon.colcon_notification.desktop_notification:Sending desktop notification using 'notify2'
[7.892s] DEBUG:colcon.colcon_core.event_reactor:joined thread
[7.898s] INFO:colcon.colcon_core.shell:Creating prefix script '/home/rsl/Desktop/Indoor_Mobile_Robotic_Arm/Thesis/ws/install/local_setup.ps1'
[8.023s] INFO:colcon.colcon_core.shell:Creating prefix util module '/home/rsl/Desktop/Indoor_Mobile_Robotic_Arm/Thesis/ws/install/_local_setup_util_ps1.py'
[8.030s] INFO:colcon.colcon_core.shell:Creating prefix chain script '/home/rsl/Desktop/Indoor_Mobile_Robotic_Arm/Thesis/ws/install/setup.ps1'
[8.034s] INFO:colcon.colcon_core.shell:Creating prefix script '/home/rsl/Desktop/Indoor_Mobile_Robotic_Arm/Thesis/ws/install/local_setup.sh'
[8.036s] INFO:colcon.colcon_core.shell:Creating prefix util module '/home/rsl/Desktop/Indoor_Mobile_Robotic_Arm/Thesis/ws/install/_local_setup_util_sh.py'
[8.037s] INFO:colcon.colcon_core.shell:Creating prefix chain script '/home/rsl/Desktop/Indoor_Mobile_Robotic_Arm/Thesis/ws/install/setup.sh'
[8.041s] INFO:colcon.colcon_core.shell:Creating prefix script '/home/rsl/Desktop/Indoor_Mobile_Robotic_Arm/Thesis/ws/install/local_setup.bash'
[8.042s] INFO:colcon.colcon_core.shell:Creating prefix chain script '/home/rsl/Desktop/Indoor_Mobile_Robotic_Arm/Thesis/ws/install/setup.bash'
[8.046s] INFO:colcon.colcon_core.shell:Creating prefix script '/home/rsl/Desktop/Indoor_Mobile_Robotic_Arm/Thesis/ws/install/local_setup.zsh'
[8.047s] INFO:colcon.colcon_core.shell:Creating prefix chain script '/home/rsl/Desktop/Indoor_Mobile_Robotic_Arm/Thesis/ws/install/setup.zsh'
