[1.118s] Invoking command in '/home/vboxuser/ws/src/locomotion_core': PYTHONPATH=/home/vboxuser/ws/build/locomotion_core/prefix_override:/home/vboxuser/ws/install/locomotion_core/lib/python3.10/site-packages:${PYTHONPATH} /usr/bin/python3 setup.py egg_info --egg-base ../../build/locomotion_core build --build-base /home/vboxuser/ws/build/locomotion_core/build install --record /home/vboxuser/ws/build/locomotion_core/install.log --single-version-externally-managed
[1.406s] running egg_info
[1.407s] writing ../../build/locomotion_core/locomotion_core.egg-info/PKG-INFO
[1.408s] writing dependency_links to ../../build/locomotion_core/locomotion_core.egg-info/dependency_links.txt
[1.408s] writing entry points to ../../build/locomotion_core/locomotion_core.egg-info/entry_points.txt
[1.408s] writing requirements to ../../build/locomotion_core/locomotion_core.egg-info/requires.txt
[1.408s] writing top-level names to ../../build/locomotion_core/locomotion_core.egg-info/top_level.txt
[1.410s] reading manifest file '../../build/locomotion_core/locomotion_core.egg-info/SOURCES.txt'
[1.411s] writing manifest file '../../build/locomotion_core/locomotion_core.egg-info/SOURCES.txt'
[1.411s] running build
[1.411s] running build_py
[1.412s] copying locomotion_core/cmd_roboteq.py -> /home/vboxuser/ws/build/locomotion_core/build/lib/locomotion_core
[1.412s] running install
[1.412s] running install_lib
[1.413s] copying /home/vboxuser/ws/build/locomotion_core/build/lib/locomotion_core/cmd_roboteq.py -> /home/vboxuser/ws/install/locomotion_core/lib/python3.10/site-packages/locomotion_core
[1.413s] byte-compiling /home/vboxuser/ws/install/locomotion_core/lib/python3.10/site-packages/locomotion_core/cmd_roboteq.py to cmd_roboteq.cpython-310.pyc
[1.414s] running install_data
[1.415s] running install_egg_info
[1.416s] removing '/home/vboxuser/ws/install/locomotion_core/lib/python3.10/site-packages/locomotion_core-0.0.0-py3.10.egg-info' (and everything under it)
[1.418s] Copying ../../build/locomotion_core/locomotion_core.egg-info to /home/vboxuser/ws/install/locomotion_core/lib/python3.10/site-packages/locomotion_core-0.0.0-py3.10.egg-info
[1.418s] running install_scripts
[1.433s] Installing cmd_roboteq script to /home/vboxuser/ws/install/locomotion_core/lib/locomotion_core
[1.434s] Installing drive_selector script to /home/vboxuser/ws/install/locomotion_core/lib/locomotion_core
[1.434s] Installing movebase_core script to /home/vboxuser/ws/install/locomotion_core/lib/locomotion_core
[1.434s] writing list of installed files to '/home/vboxuser/ws/build/locomotion_core/install.log'
[1.486s] Invoked command in '/home/vboxuser/ws/src/locomotion_core' returned '0': PYTHONPATH=/home/vboxuser/ws/build/locomotion_core/prefix_override:/home/vboxuser/ws/install/locomotion_core/lib/python3.10/site-packages:${PYTHONPATH} /usr/bin/python3 setup.py egg_info --egg-base ../../build/locomotion_core build --build-base /home/vboxuser/ws/build/locomotion_core/build install --record /home/vboxuser/ws/build/locomotion_core/install.log --single-version-externally-managed
