[1.009s] Invoking command in '/home/vboxuser/ws/src/locomotion_core': PYTHONPATH=/home/vboxuser/ws/build/locomotion_core/prefix_override:/home/vboxuser/ws/install/locomotion_core/lib/python3.10/site-packages:${PYTHONPATH} /usr/bin/python3 setup.py egg_info --egg-base ../../build/locomotion_core build --build-base /home/vboxuser/ws/build/locomotion_core/build install --record /home/vboxuser/ws/build/locomotion_core/install.log --single-version-externally-managed
[1.264s] running egg_info
[1.265s] writing ../../build/locomotion_core/locomotion_core.egg-info/PKG-INFO
[1.266s] writing dependency_links to ../../build/locomotion_core/locomotion_core.egg-info/dependency_links.txt
[1.266s] writing entry points to ../../build/locomotion_core/locomotion_core.egg-info/entry_points.txt
[1.266s] writing requirements to ../../build/locomotion_core/locomotion_core.egg-info/requires.txt
[1.266s] writing top-level names to ../../build/locomotion_core/locomotion_core.egg-info/top_level.txt
[1.268s] reading manifest file '../../build/locomotion_core/locomotion_core.egg-info/SOURCES.txt'
[1.269s] writing manifest file '../../build/locomotion_core/locomotion_core.egg-info/SOURCES.txt'
[1.269s] running build
[1.269s] running build_py
[1.270s] running install
[1.270s] running install_lib
[1.272s] running install_data
[1.273s] running install_egg_info
[1.275s] removing '/home/vboxuser/ws/install/locomotion_core/lib/python3.10/site-packages/locomotion_core-0.0.0-py3.10.egg-info' (and everything under it)
[1.276s] Copying ../../build/locomotion_core/locomotion_core.egg-info to /home/vboxuser/ws/install/locomotion_core/lib/python3.10/site-packages/locomotion_core-0.0.0-py3.10.egg-info
[1.278s] running install_scripts
[1.293s] Installing cmd_roboteq script to /home/vboxuser/ws/install/locomotion_core/lib/locomotion_core
[1.294s] Installing drive_selector script to /home/vboxuser/ws/install/locomotion_core/lib/locomotion_core
[1.294s] Installing movebase_core script to /home/vboxuser/ws/install/locomotion_core/lib/locomotion_core
[1.295s] writing list of installed files to '/home/vboxuser/ws/build/locomotion_core/install.log'
[1.338s] Invoked command in '/home/vboxuser/ws/src/locomotion_core' returned '0': PYTHONPATH=/home/vboxuser/ws/build/locomotion_core/prefix_override:/home/vboxuser/ws/install/locomotion_core/lib/python3.10/site-packages:${PYTHONPATH} /usr/bin/python3 setup.py egg_info --egg-base ../../build/locomotion_core build --build-base /home/vboxuser/ws/build/locomotion_core/build install --record /home/vboxuser/ws/build/locomotion_core/install.log --single-version-externally-managed
