[2.146s] Invoking command in '/home/rsl/Desktop/Indoor_Mobile_Robotic_Arm/Thesis/ws/src/rsl_scu': PYTHONPATH=/home/rsl/Desktop/Indoor_Mobile_Robotic_Arm/Thesis/ws/build/rsl_scu/prefix_override:/home/rsl/Desktop/Indoor_Mobile_Robotic_Arm/Thesis/ws/install/rsl_scu/lib/python3.8/site-packages:${PYTHONPATH} /usr/bin/python3 setup.py egg_info --egg-base ../../build/rsl_scu build --build-base /home/rsl/Desktop/Indoor_Mobile_Robotic_Arm/Thesis/ws/build/rsl_scu/build install --record /home/rsl/Desktop/Indoor_Mobile_Robotic_Arm/Thesis/ws/build/rsl_scu/install.log --install-scripts $base/lib/rsl_scu --single-version-externally-managed
[2.325s] Error processing line 1 of /usr/lib/python3/dist-packages/matplotlib-3.1.2-nspkg.pth:
[2.325s] 
[2.334s]   Traceback (most recent call last):
[2.334s]     File "/usr/lib/python3.8/site.py", line 175, in addpackage
[2.334s]       exec(line)
[2.334s]     File "<string>", line 1, in <module>
[2.335s]     File "<frozen importlib._bootstrap>", line 553, in module_from_spec
[2.335s]   AttributeError: 'NoneType' object has no attribute 'loader'
[2.335s] 
[2.335s] Remainder of file ignored
[2.703s] running egg_info
[2.704s] writing ../../build/rsl_scu/rsl_scu.egg-info/PKG-INFO
[2.705s] writing dependency_links to ../../build/rsl_scu/rsl_scu.egg-info/dependency_links.txt
[2.705s] writing entry points to ../../build/rsl_scu/rsl_scu.egg-info/entry_points.txt
[2.706s] writing requirements to ../../build/rsl_scu/rsl_scu.egg-info/requires.txt
[2.706s] writing top-level names to ../../build/rsl_scu/rsl_scu.egg-info/top_level.txt
[2.771s] reading manifest file '../../build/rsl_scu/rsl_scu.egg-info/SOURCES.txt'
[2.773s] writing manifest file '../../build/rsl_scu/rsl_scu.egg-info/SOURCES.txt'
[2.773s] running build
[2.773s] running build_py
[2.774s] running install
[2.775s] running install_lib
[2.778s] running install_data
[2.786s] running install_egg_info
[2.787s] removing '/home/rsl/Desktop/Indoor_Mobile_Robotic_Arm/Thesis/ws/install/rsl_scu/lib/python3.8/site-packages/rsl_scu-0.0.0-py3.8.egg-info' (and everything under it)
[2.787s] Copying ../../build/rsl_scu/rsl_scu.egg-info to /home/rsl/Desktop/Indoor_Mobile_Robotic_Arm/Thesis/ws/install/rsl_scu/lib/python3.8/site-packages/rsl_scu-0.0.0-py3.8.egg-info
[2.787s] running install_scripts
[2.821s] Installing rsl_joy script to /home/rsl/Desktop/Indoor_Mobile_Robotic_Arm/Thesis/ws/install/rsl_scu/lib/rsl_scu
[2.822s] writing list of installed files to '/home/rsl/Desktop/Indoor_Mobile_Robotic_Arm/Thesis/ws/build/rsl_scu/install.log'
[2.885s] Invoked command in '/home/rsl/Desktop/Indoor_Mobile_Robotic_Arm/Thesis/ws/src/rsl_scu' returned '0': PYTHONPATH=/home/rsl/Desktop/Indoor_Mobile_Robotic_Arm/Thesis/ws/build/rsl_scu/prefix_override:/home/rsl/Desktop/Indoor_Mobile_Robotic_Arm/Thesis/ws/install/rsl_scu/lib/python3.8/site-packages:${PYTHONPATH} /usr/bin/python3 setup.py egg_info --egg-base ../../build/rsl_scu build --build-base /home/rsl/Desktop/Indoor_Mobile_Robotic_Arm/Thesis/ws/build/rsl_scu/build install --record /home/rsl/Desktop/Indoor_Mobile_Robotic_Arm/Thesis/ws/build/rsl_scu/install.log --install-scripts $base/lib/rsl_scu --single-version-externally-managed
