[0.103s] Invoking command in '/home/rsl/Desktop/Indoor_Mobile_Robotic_Arm/Thesis/ws/build/roboteq_interface': CMAKE_PREFIX_PATH=${CMAKE_PREFIX_PATH}:/home/rsl/Desktop/Indoor_Mobile_Robotic_Arm/Thesis/ws/install/rsl_scu:/home/rsl/Desktop/Indoor_Mobile_Robotic_Arm/Thesis/ws/install/locomotion_core:/opt/ros/foxy /usr/bin/cmake --build /home/rsl/Desktop/Indoor_Mobile_Robotic_Arm/Thesis/ws/build/roboteq_interface -- -j6 -l6
[0.673s] [ 12%] Built target roboteq_interface__rosidl_generator_c
[0.674s] [ 12%] Built target roboteq_interface__cpp
[0.675s] [ 22%] Built target roboteq_interface__rosidl_typesupport_introspection_cpp
[0.676s] [ 32%] Built target roboteq_interface__rosidl_typesupport_introspection_c
[0.678s] [ 41%] Built target roboteq_interface__rosidl_typesupport_fastrtps_cpp
[0.678s] [ 51%] Built target roboteq_interface__rosidl_typesupport_c
[0.679s] [ 61%] Built target roboteq_interface__rosidl_typesupport_cpp
[0.684s] [ 70%] Built target roboteq_interface__rosidl_typesupport_fastrtps_c
[0.685s] [ 70%] Built target roboteq_interface
[0.685s] [ 74%] Built target roboteq_interface__py
[0.685s] [ 80%] Built target roboteq_interface__python
[0.685s] [ 87%] Built target roboteq_interface__rosidl_typesupport_introspection_c__pyext
[0.686s] [ 93%] Built target roboteq_interface__rosidl_typesupport_c__pyext
[0.686s] [100%] Built target roboteq_interface__rosidl_typesupport_fastrtps_c__pyext
[0.686s] Invoked command in '/home/rsl/Desktop/Indoor_Mobile_Robotic_Arm/Thesis/ws/build/roboteq_interface' returned '0': CMAKE_PREFIX_PATH=${CMAKE_PREFIX_PATH}:/home/rsl/Desktop/Indoor_Mobile_Robotic_Arm/Thesis/ws/install/rsl_scu:/home/rsl/Desktop/Indoor_Mobile_Robotic_Arm/Thesis/ws/install/locomotion_core:/opt/ros/foxy /usr/bin/cmake --build /home/rsl/Desktop/Indoor_Mobile_Robotic_Arm/Thesis/ws/build/roboteq_interface -- -j6 -l6
[0.831s] Invoking command in '/home/rsl/Desktop/Indoor_Mobile_Robotic_Arm/Thesis/ws/build/roboteq_interface': CMAKE_PREFIX_PATH=${CMAKE_PREFIX_PATH}:/home/rsl/Desktop/Indoor_Mobile_Robotic_Arm/Thesis/ws/install/rsl_scu:/home/rsl/Desktop/Indoor_Mobile_Robotic_Arm/Thesis/ws/install/locomotion_core:/opt/ros/foxy /usr/bin/cmake --install /home/rsl/Desktop/Indoor_Mobile_Robotic_Arm/Thesis/ws/build/roboteq_interface
[0.854s] -- Install configuration: ""
[0.854s] -- Up-to-date: /home/rsl/Desktop/Indoor_Mobile_Robotic_Arm/Thesis/ws/install/roboteq_interface/share/ament_index/resource_index/rosidl_interfaces/roboteq_interface
[0.854s] -- Up-to-date: /home/rsl/Desktop/Indoor_Mobile_Robotic_Arm/Thesis/ws/install/roboteq_interface/include/roboteq_interface
[0.855s] -- Up-to-date: /home/rsl/Desktop/Indoor_Mobile_Robotic_Arm/Thesis/ws/install/roboteq_interface/include/roboteq_interface/msg
[0.855s] -- Up-to-date: /home/rsl/Desktop/Indoor_Mobile_Robotic_Arm/Thesis/ws/install/roboteq_interface/include/roboteq_interface/msg/rosidl_generator_c__visibility_control.h
[0.855s] -- Up-to-date: /home/rsl/Desktop/Indoor_Mobile_Robotic_Arm/Thesis/ws/install/roboteq_interface/include/roboteq_interface/msg/driver_list.h
[0.855s] -- Up-to-date: /home/rsl/Desktop/Indoor_Mobile_Robotic_Arm/Thesis/ws/install/roboteq_interface/include/roboteq_interface/msg/detail
[0.855s] -- Up-to-date: /home/rsl/Desktop/Indoor_Mobile_Robotic_Arm/Thesis/ws/install/roboteq_interface/include/roboteq_interface/msg/detail/driver_list__type_support.h
[0.856s] -- Up-to-date: /home/rsl/Desktop/Indoor_Mobile_Robotic_Arm/Thesis/ws/install/roboteq_interface/include/roboteq_interface/msg/detail/driver_list__functions.h
[0.857s] -- Up-to-date: /home/rsl/Desktop/Indoor_Mobile_Robotic_Arm/Thesis/ws/install/roboteq_interface/include/roboteq_interface/msg/detail/driver_list__struct.h
[0.857s] -- Up-to-date: /home/rsl/Desktop/Indoor_Mobile_Robotic_Arm/Thesis/ws/install/roboteq_interface/include/roboteq_interface/msg/detail/driver_list__functions.c
[0.857s] -- Up-to-date: /home/rsl/Desktop/Indoor_Mobile_Robotic_Arm/Thesis/ws/install/roboteq_interface/share/roboteq_interface/environment/library_path.sh
[0.857s] -- Up-to-date: /home/rsl/Desktop/Indoor_Mobile_Robotic_Arm/Thesis/ws/install/roboteq_interface/share/roboteq_interface/environment/library_path.dsv
[0.858s] -- Up-to-date: /home/rsl/Desktop/Indoor_Mobile_Robotic_Arm/Thesis/ws/install/roboteq_interface/lib/libroboteq_interface__rosidl_generator_c.so
[0.858s] -- Up-to-date: /home/rsl/Desktop/Indoor_Mobile_Robotic_Arm/Thesis/ws/install/roboteq_interface/include/roboteq_interface
[0.858s] -- Up-to-date: /home/rsl/Desktop/Indoor_Mobile_Robotic_Arm/Thesis/ws/install/roboteq_interface/include/roboteq_interface/msg
[0.858s] -- Up-to-date: /home/rsl/Desktop/Indoor_Mobile_Robotic_Arm/Thesis/ws/install/roboteq_interface/include/roboteq_interface/msg/rosidl_typesupport_fastrtps_c__visibility_control.h
[0.858s] -- Up-to-date: /home/rsl/Desktop/Indoor_Mobile_Robotic_Arm/Thesis/ws/install/roboteq_interface/include/roboteq_interface/msg/detail
[0.859s] -- Up-to-date: /home/rsl/Desktop/Indoor_Mobile_Robotic_Arm/Thesis/ws/install/roboteq_interface/include/roboteq_interface/msg/detail/driver_list__rosidl_typesupport_fastrtps_c.h
[0.859s] -- Up-to-date: /home/rsl/Desktop/Indoor_Mobile_Robotic_Arm/Thesis/ws/install/roboteq_interface/lib/libroboteq_interface__rosidl_typesupport_fastrtps_c.so
[0.860s] -- Up-to-date: /home/rsl/Desktop/Indoor_Mobile_Robotic_Arm/Thesis/ws/install/roboteq_interface/include/roboteq_interface
[0.860s] -- Up-to-date: /home/rsl/Desktop/Indoor_Mobile_Robotic_Arm/Thesis/ws/install/roboteq_interface/include/roboteq_interface/msg
[0.860s] -- Up-to-date: /home/rsl/Desktop/Indoor_Mobile_Robotic_Arm/Thesis/ws/install/roboteq_interface/include/roboteq_interface/msg/rosidl_typesupport_fastrtps_cpp__visibility_control.h
[0.860s] -- Up-to-date: /home/rsl/Desktop/Indoor_Mobile_Robotic_Arm/Thesis/ws/install/roboteq_interface/include/roboteq_interface/msg/detail
[0.860s] -- Up-to-date: /home/rsl/Desktop/Indoor_Mobile_Robotic_Arm/Thesis/ws/install/roboteq_interface/include/roboteq_interface/msg/detail/dds_fastrtps
[0.860s] -- Up-to-date: /home/rsl/Desktop/Indoor_Mobile_Robotic_Arm/Thesis/ws/install/roboteq_interface/include/roboteq_interface/msg/detail/driver_list__rosidl_typesupport_fastrtps_cpp.hpp
[0.861s] -- Up-to-date: /home/rsl/Desktop/Indoor_Mobile_Robotic_Arm/Thesis/ws/install/roboteq_interface/lib/libroboteq_interface__rosidl_typesupport_fastrtps_cpp.so
[0.861s] -- Up-to-date: /home/rsl/Desktop/Indoor_Mobile_Robotic_Arm/Thesis/ws/install/roboteq_interface/include/roboteq_interface
[0.861s] -- Up-to-date: /home/rsl/Desktop/Indoor_Mobile_Robotic_Arm/Thesis/ws/install/roboteq_interface/include/roboteq_interface/msg
[0.861s] -- Up-to-date: /home/rsl/Desktop/Indoor_Mobile_Robotic_Arm/Thesis/ws/install/roboteq_interface/include/roboteq_interface/msg/rosidl_typesupport_introspection_c__visibility_control.h
[0.861s] -- Up-to-date: /home/rsl/Desktop/Indoor_Mobile_Robotic_Arm/Thesis/ws/install/roboteq_interface/include/roboteq_interface/msg/detail
[0.861s] -- Up-to-date: /home/rsl/Desktop/Indoor_Mobile_Robotic_Arm/Thesis/ws/install/roboteq_interface/include/roboteq_interface/msg/detail/driver_list__type_support.c
[0.862s] -- Up-to-date: /home/rsl/Desktop/Indoor_Mobile_Robotic_Arm/Thesis/ws/install/roboteq_interface/include/roboteq_interface/msg/detail/driver_list__rosidl_typesupport_introspection_c.h
[0.862s] -- Up-to-date: /home/rsl/Desktop/Indoor_Mobile_Robotic_Arm/Thesis/ws/install/roboteq_interface/lib/libroboteq_interface__rosidl_typesupport_introspection_c.so
[0.862s] -- Up-to-date: /home/rsl/Desktop/Indoor_Mobile_Robotic_Arm/Thesis/ws/install/roboteq_interface/lib/libroboteq_interface__rosidl_typesupport_c.so
[0.864s] -- Up-to-date: /home/rsl/Desktop/Indoor_Mobile_Robotic_Arm/Thesis/ws/install/roboteq_interface/include/roboteq_interface
[0.865s] -- Up-to-date: /home/rsl/Desktop/Indoor_Mobile_Robotic_Arm/Thesis/ws/install/roboteq_interface/include/roboteq_interface/msg
[0.865s] -- Up-to-date: /home/rsl/Desktop/Indoor_Mobile_Robotic_Arm/Thesis/ws/install/roboteq_interface/include/roboteq_interface/msg/driver_list.hpp
[0.865s] -- Up-to-date: /home/rsl/Desktop/Indoor_Mobile_Robotic_Arm/Thesis/ws/install/roboteq_interface/include/roboteq_interface/msg/detail
[0.866s] -- Up-to-date: /home/rsl/Desktop/Indoor_Mobile_Robotic_Arm/Thesis/ws/install/roboteq_interface/include/roboteq_interface/msg/detail/driver_list__traits.hpp
[0.866s] -- Up-to-date: /home/rsl/Desktop/Indoor_Mobile_Robotic_Arm/Thesis/ws/install/roboteq_interface/include/roboteq_interface/msg/detail/driver_list__builder.hpp
[0.866s] -- Up-to-date: /home/rsl/Desktop/Indoor_Mobile_Robotic_Arm/Thesis/ws/install/roboteq_interface/include/roboteq_interface/msg/detail/driver_list__struct.hpp
[0.866s] -- Up-to-date: /home/rsl/Desktop/Indoor_Mobile_Robotic_Arm/Thesis/ws/install/roboteq_interface/include/roboteq_interface
[0.867s] -- Up-to-date: /home/rsl/Desktop/Indoor_Mobile_Robotic_Arm/Thesis/ws/install/roboteq_interface/include/roboteq_interface/msg
[0.867s] -- Up-to-date: /home/rsl/Desktop/Indoor_Mobile_Robotic_Arm/Thesis/ws/install/roboteq_interface/include/roboteq_interface/msg/detail
[0.867s] -- Up-to-date: /home/rsl/Desktop/Indoor_Mobile_Robotic_Arm/Thesis/ws/install/roboteq_interface/include/roboteq_interface/msg/detail/driver_list__rosidl_typesupport_introspection_cpp.hpp
[0.867s] -- Up-to-date: /home/rsl/Desktop/Indoor_Mobile_Robotic_Arm/Thesis/ws/install/roboteq_interface/include/roboteq_interface/msg/detail/driver_list__type_support.cpp
[0.867s] -- Up-to-date: /home/rsl/Desktop/Indoor_Mobile_Robotic_Arm/Thesis/ws/install/roboteq_interface/lib/libroboteq_interface__rosidl_typesupport_introspection_cpp.so
[0.868s] -- Up-to-date: /home/rsl/Desktop/Indoor_Mobile_Robotic_Arm/Thesis/ws/install/roboteq_interface/lib/libroboteq_interface__rosidl_typesupport_cpp.so
[0.868s] -- Up-to-date: /home/rsl/Desktop/Indoor_Mobile_Robotic_Arm/Thesis/ws/install/roboteq_interface/share/roboteq_interface/environment/pythonpath.sh
[0.869s] -- Up-to-date: /home/rsl/Desktop/Indoor_Mobile_Robotic_Arm/Thesis/ws/install/roboteq_interface/share/roboteq_interface/environment/pythonpath.dsv
[0.869s] -- Up-to-date: /home/rsl/Desktop/Indoor_Mobile_Robotic_Arm/Thesis/ws/install/roboteq_interface/lib/python3.8/site-packages/roboteq_interface/__init__.py
[0.945s] -- Up-to-date: /home/rsl/Desktop/Indoor_Mobile_Robotic_Arm/Thesis/ws/install/roboteq_interface/lib/python3.8/site-packages/roboteq_interface/msg
[0.946s] -- Up-to-date: /home/rsl/Desktop/Indoor_Mobile_Robotic_Arm/Thesis/ws/install/roboteq_interface/lib/python3.8/site-packages/roboteq_interface/msg/_driver_list_s.c
[0.946s] -- Up-to-date: /home/rsl/Desktop/Indoor_Mobile_Robotic_Arm/Thesis/ws/install/roboteq_interface/lib/python3.8/site-packages/roboteq_interface/msg/__init__.py
[0.946s] -- Up-to-date: /home/rsl/Desktop/Indoor_Mobile_Robotic_Arm/Thesis/ws/install/roboteq_interface/lib/python3.8/site-packages/roboteq_interface/msg/_driver_list.py
[0.946s] -- Up-to-date: /home/rsl/Desktop/Indoor_Mobile_Robotic_Arm/Thesis/ws/install/roboteq_interface/lib/python3.8/site-packages/roboteq_interface/roboteq_interface_s__rosidl_typesupport_fastrtps_c.cpython-38-aarch64-linux-gnu.so
[0.947s] -- Up-to-date: /home/rsl/Desktop/Indoor_Mobile_Robotic_Arm/Thesis/ws/install/roboteq_interface/lib/python3.8/site-packages/roboteq_interface/roboteq_interface_s__rosidl_typesupport_introspection_c.cpython-38-aarch64-linux-gnu.so
[0.948s] -- Up-to-date: /home/rsl/Desktop/Indoor_Mobile_Robotic_Arm/Thesis/ws/install/roboteq_interface/lib/python3.8/site-packages/roboteq_interface/roboteq_interface_s__rosidl_typesupport_c.cpython-38-aarch64-linux-gnu.so
[0.949s] -- Up-to-date: /home/rsl/Desktop/Indoor_Mobile_Robotic_Arm/Thesis/ws/install/roboteq_interface/lib/libroboteq_interface__python.so
[0.949s] -- Up-to-date: /home/rsl/Desktop/Indoor_Mobile_Robotic_Arm/Thesis/ws/install/roboteq_interface/share/roboteq_interface/msg/DriverList.idl
[0.951s] -- Up-to-date: /home/rsl/Desktop/Indoor_Mobile_Robotic_Arm/Thesis/ws/install/roboteq_interface/share/roboteq_interface/msg/DriverList.msg
[0.951s] -- Up-to-date: /home/rsl/Desktop/Indoor_Mobile_Robotic_Arm/Thesis/ws/install/roboteq_interface/share/ament_index/resource_index/package_run_dependencies/roboteq_interface
[0.951s] -- Up-to-date: /home/rsl/Desktop/Indoor_Mobile_Robotic_Arm/Thesis/ws/install/roboteq_interface/share/ament_index/resource_index/parent_prefix_path/roboteq_interface
[0.952s] -- Up-to-date: /home/rsl/Desktop/Indoor_Mobile_Robotic_Arm/Thesis/ws/install/roboteq_interface/share/roboteq_interface/environment/ament_prefix_path.sh
[0.952s] -- Up-to-date: /home/rsl/Desktop/Indoor_Mobile_Robotic_Arm/Thesis/ws/install/roboteq_interface/share/roboteq_interface/environment/ament_prefix_path.dsv
[0.952s] -- Up-to-date: /home/rsl/Desktop/Indoor_Mobile_Robotic_Arm/Thesis/ws/install/roboteq_interface/share/roboteq_interface/environment/path.sh
[0.952s] -- Up-to-date: /home/rsl/Desktop/Indoor_Mobile_Robotic_Arm/Thesis/ws/install/roboteq_interface/share/roboteq_interface/environment/path.dsv
[0.953s] -- Up-to-date: /home/rsl/Desktop/Indoor_Mobile_Robotic_Arm/Thesis/ws/install/roboteq_interface/share/roboteq_interface/local_setup.bash
[0.953s] -- Up-to-date: /home/rsl/Desktop/Indoor_Mobile_Robotic_Arm/Thesis/ws/install/roboteq_interface/share/roboteq_interface/local_setup.sh
[0.953s] -- Up-to-date: /home/rsl/Desktop/Indoor_Mobile_Robotic_Arm/Thesis/ws/install/roboteq_interface/share/roboteq_interface/local_setup.zsh
[0.953s] -- Up-to-date: /home/rsl/Desktop/Indoor_Mobile_Robotic_Arm/Thesis/ws/install/roboteq_interface/share/roboteq_interface/local_setup.dsv
[0.954s] -- Installing: /home/rsl/Desktop/Indoor_Mobile_Robotic_Arm/Thesis/ws/install/roboteq_interface/share/roboteq_interface/package.dsv
[0.954s] -- Up-to-date: /home/rsl/Desktop/Indoor_Mobile_Robotic_Arm/Thesis/ws/install/roboteq_interface/share/ament_index/resource_index/packages/roboteq_interface
[0.954s] -- Up-to-date: /home/rsl/Desktop/Indoor_Mobile_Robotic_Arm/Thesis/ws/install/roboteq_interface/share/roboteq_interface/cmake/roboteq_interface__rosidl_generator_cExport.cmake
[0.955s] -- Up-to-date: /home/rsl/Desktop/Indoor_Mobile_Robotic_Arm/Thesis/ws/install/roboteq_interface/share/roboteq_interface/cmake/roboteq_interface__rosidl_generator_cExport-noconfig.cmake
[0.955s] -- Up-to-date: /home/rsl/Desktop/Indoor_Mobile_Robotic_Arm/Thesis/ws/install/roboteq_interface/share/roboteq_interface/cmake/roboteq_interface__rosidl_typesupport_introspection_cExport.cmake
[0.955s] -- Up-to-date: /home/rsl/Desktop/Indoor_Mobile_Robotic_Arm/Thesis/ws/install/roboteq_interface/share/roboteq_interface/cmake/roboteq_interface__rosidl_typesupport_introspection_cExport-noconfig.cmake
[0.956s] -- Up-to-date: /home/rsl/Desktop/Indoor_Mobile_Robotic_Arm/Thesis/ws/install/roboteq_interface/share/roboteq_interface/cmake/roboteq_interface__rosidl_typesupport_cExport.cmake
[0.956s] -- Up-to-date: /home/rsl/Desktop/Indoor_Mobile_Robotic_Arm/Thesis/ws/install/roboteq_interface/share/roboteq_interface/cmake/roboteq_interface__rosidl_typesupport_cExport-noconfig.cmake
[0.956s] -- Up-to-date: /home/rsl/Desktop/Indoor_Mobile_Robotic_Arm/Thesis/ws/install/roboteq_interface/share/roboteq_interface/cmake/roboteq_interface__rosidl_generator_cppExport.cmake
[0.957s] -- Up-to-date: /home/rsl/Desktop/Indoor_Mobile_Robotic_Arm/Thesis/ws/install/roboteq_interface/share/roboteq_interface/cmake/roboteq_interface__rosidl_typesupport_introspection_cppExport.cmake
[0.957s] -- Up-to-date: /home/rsl/Desktop/Indoor_Mobile_Robotic_Arm/Thesis/ws/install/roboteq_interface/share/roboteq_interface/cmake/roboteq_interface__rosidl_typesupport_introspection_cppExport-noconfig.cmake
[0.957s] -- Up-to-date: /home/rsl/Desktop/Indoor_Mobile_Robotic_Arm/Thesis/ws/install/roboteq_interface/share/roboteq_interface/cmake/roboteq_interface__rosidl_typesupport_cppExport.cmake
[0.957s] -- Up-to-date: /home/rsl/Desktop/Indoor_Mobile_Robotic_Arm/Thesis/ws/install/roboteq_interface/share/roboteq_interface/cmake/roboteq_interface__rosidl_typesupport_cppExport-noconfig.cmake
[0.958s] -- Up-to-date: /home/rsl/Desktop/Indoor_Mobile_Robotic_Arm/Thesis/ws/install/roboteq_interface/share/roboteq_interface/cmake/rosidl_cmake-extras.cmake
[0.958s] -- Up-to-date: /home/rsl/Desktop/Indoor_Mobile_Robotic_Arm/Thesis/ws/install/roboteq_interface/share/roboteq_interface/cmake/ament_cmake_export_dependencies-extras.cmake
[0.959s] -- Up-to-date: /home/rsl/Desktop/Indoor_Mobile_Robotic_Arm/Thesis/ws/install/roboteq_interface/share/roboteq_interface/cmake/ament_cmake_export_libraries-extras.cmake
[0.959s] -- Up-to-date: /home/rsl/Desktop/Indoor_Mobile_Robotic_Arm/Thesis/ws/install/roboteq_interface/share/roboteq_interface/cmake/ament_cmake_export_targets-extras.cmake
[0.959s] -- Up-to-date: /home/rsl/Desktop/Indoor_Mobile_Robotic_Arm/Thesis/ws/install/roboteq_interface/share/roboteq_interface/cmake/ament_cmake_export_include_directories-extras.cmake
[0.960s] -- Up-to-date: /home/rsl/Desktop/Indoor_Mobile_Robotic_Arm/Thesis/ws/install/roboteq_interface/share/roboteq_interface/cmake/rosidl_cmake_export_typesupport_libraries-extras.cmake
[0.960s] -- Up-to-date: /home/rsl/Desktop/Indoor_Mobile_Robotic_Arm/Thesis/ws/install/roboteq_interface/share/roboteq_interface/cmake/rosidl_cmake_export_typesupport_targets-extras.cmake
[0.960s] -- Up-to-date: /home/rsl/Desktop/Indoor_Mobile_Robotic_Arm/Thesis/ws/install/roboteq_interface/share/roboteq_interface/cmake/roboteq_interfaceConfig.cmake
[0.960s] -- Up-to-date: /home/rsl/Desktop/Indoor_Mobile_Robotic_Arm/Thesis/ws/install/roboteq_interface/share/roboteq_interface/cmake/roboteq_interfaceConfig-version.cmake
[0.960s] -- Up-to-date: /home/rsl/Desktop/Indoor_Mobile_Robotic_Arm/Thesis/ws/install/roboteq_interface/share/roboteq_interface/package.xml
[0.967s] Invoked command in '/home/rsl/Desktop/Indoor_Mobile_Robotic_Arm/Thesis/ws/build/roboteq_interface' returned '0': CMAKE_PREFIX_PATH=${CMAKE_PREFIX_PATH}:/home/rsl/Desktop/Indoor_Mobile_Robotic_Arm/Thesis/ws/install/rsl_scu:/home/rsl/Desktop/Indoor_Mobile_Robotic_Arm/Thesis/ws/install/locomotion_core:/opt/ros/foxy /usr/bin/cmake --install /home/rsl/Desktop/Indoor_Mobile_Robotic_Arm/Thesis/ws/build/roboteq_interface
