[4.350s] Invoking command in '/home/rsl/Desktop/Indoor_Mobile_Robotic_Arm/Thesis/ws/src/rsl_scu': PYTHONPATH=/home/rsl/Desktop/Indoor_Mobile_Robotic_Arm/Thesis/ws/build/rsl_scu/prefix_override:/home/rsl/Desktop/Indoor_Mobile_Robotic_Arm/Thesis/ws/install/rsl_scu/lib/python3.8/site-packages:${PYTHONPATH} /usr/bin/python3 setup.py egg_info --egg-base ../../build/rsl_scu build --build-base /home/rsl/Desktop/Indoor_Mobile_Robotic_Arm/Thesis/ws/build/rsl_scu/build install --record /home/rsl/Desktop/Indoor_Mobile_Robotic_Arm/Thesis/ws/build/rsl_scu/install.log --install-scripts $base/lib/rsl_scu --single-version-externally-managed
[4.518s] Error processing line 1 of /usr/lib/python3/dist-packages/matplotlib-3.1.2-nspkg.pth:
[4.518s] 
[4.529s]   Traceback (most recent call last):
[4.529s]     File "/usr/lib/python3.8/site.py", line 175, in addpackage
[4.529s]       exec(line)
[4.529s]     File "<string>", line 1, in <module>
[4.530s]     File "<frozen importlib._bootstrap>", line 553, in module_from_spec
[4.530s]   AttributeError: 'NoneType' object has no attribute 'loader'
[4.530s] 
[4.530s] Remainder of file ignored
[4.934s] running egg_info
[4.935s] writing ../../build/rsl_scu/rsl_scu.egg-info/PKG-INFO
[4.936s] writing dependency_links to ../../build/rsl_scu/rsl_scu.egg-info/dependency_links.txt
[4.937s] writing entry points to ../../build/rsl_scu/rsl_scu.egg-info/entry_points.txt
[4.938s] writing requirements to ../../build/rsl_scu/rsl_scu.egg-info/requires.txt
[4.938s] writing top-level names to ../../build/rsl_scu/rsl_scu.egg-info/top_level.txt
[5.152s] reading manifest file '../../build/rsl_scu/rsl_scu.egg-info/SOURCES.txt'
[5.293s] writing manifest file '../../build/rsl_scu/rsl_scu.egg-info/SOURCES.txt'
[5.294s] running build
[5.294s] running build_py
[5.295s] running install
[5.296s] running install_lib
[5.299s] running install_data
[5.300s] running install_egg_info
[5.306s] removing '/home/rsl/Desktop/Indoor_Mobile_Robotic_Arm/Thesis/ws/install/rsl_scu/lib/python3.8/site-packages/rsl_scu-0.0.0-py3.8.egg-info' (and everything under it)
[5.307s] Copying ../../build/rsl_scu/rsl_scu.egg-info to /home/rsl/Desktop/Indoor_Mobile_Robotic_Arm/Thesis/ws/install/rsl_scu/lib/python3.8/site-packages/rsl_scu-0.0.0-py3.8.egg-info
[5.310s] running install_scripts
[5.353s] Installing rsl_joy script to /home/rsl/Desktop/Indoor_Mobile_Robotic_Arm/Thesis/ws/install/rsl_scu/lib/rsl_scu
[5.354s] writing list of installed files to '/home/rsl/Desktop/Indoor_Mobile_Robotic_Arm/Thesis/ws/build/rsl_scu/install.log'
[5.493s] Invoked command in '/home/rsl/Desktop/Indoor_Mobile_Robotic_Arm/Thesis/ws/src/rsl_scu' returned '0': PYTHONPATH=/home/rsl/Desktop/Indoor_Mobile_Robotic_Arm/Thesis/ws/build/rsl_scu/prefix_override:/home/rsl/Desktop/Indoor_Mobile_Robotic_Arm/Thesis/ws/install/rsl_scu/lib/python3.8/site-packages:${PYTHONPATH} /usr/bin/python3 setup.py egg_info --egg-base ../../build/rsl_scu build --build-base /home/rsl/Desktop/Indoor_Mobile_Robotic_Arm/Thesis/ws/build/rsl_scu/build install --record /home/rsl/Desktop/Indoor_Mobile_Robotic_Arm/Thesis/ws/build/rsl_scu/install.log --install-scripts $base/lib/rsl_scu --single-version-externally-managed
