[1.516s] Invoking command in '/home/vboxuser/ws/src/locomotion_core': PYTHONPATH=/home/vboxuser/ws/build/locomotion_core/prefix_override:/home/vboxuser/ws/install/locomotion_core/lib/python3.10/site-packages:${PYTHONPATH} /usr/bin/python3 setup.py egg_info --egg-base ../../build/locomotion_core build --build-base /home/vboxuser/ws/build/locomotion_core/build install --record /home/vboxuser/ws/build/locomotion_core/install.log --single-version-externally-managed
[1.919s] running egg_info
[1.923s] writing ../../build/locomotion_core/locomotion_core.egg-info/PKG-INFO
[1.924s] writing dependency_links to ../../build/locomotion_core/locomotion_core.egg-info/dependency_links.txt
[1.924s] writing entry points to ../../build/locomotion_core/locomotion_core.egg-info/entry_points.txt
[1.925s] writing requirements to ../../build/locomotion_core/locomotion_core.egg-info/requires.txt
[1.925s] writing top-level names to ../../build/locomotion_core/locomotion_core.egg-info/top_level.txt
[1.928s] reading manifest file '../../build/locomotion_core/locomotion_core.egg-info/SOURCES.txt'
[1.929s] writing manifest file '../../build/locomotion_core/locomotion_core.egg-info/SOURCES.txt'
[1.929s] running build
[1.929s] running build_py
[1.930s] running install
[1.930s] running install_lib
[1.931s] running install_data
[1.932s] running install_egg_info
[1.934s] removing '/home/vboxuser/ws/install/locomotion_core/lib/python3.10/site-packages/locomotion_core-0.0.0-py3.10.egg-info' (and everything under it)
[1.941s] Copying ../../build/locomotion_core/locomotion_core.egg-info to /home/vboxuser/ws/install/locomotion_core/lib/python3.10/site-packages/locomotion_core-0.0.0-py3.10.egg-info
[1.942s] running install_scripts
[2.000s] Installing cmd_roboteq script to /home/vboxuser/ws/install/locomotion_core/lib/locomotion_core
[2.001s] Installing drive_selector script to /home/vboxuser/ws/install/locomotion_core/lib/locomotion_core
[2.002s] Installing movebase_core script to /home/vboxuser/ws/install/locomotion_core/lib/locomotion_core
[2.003s] writing list of installed files to '/home/vboxuser/ws/build/locomotion_core/install.log'
[2.114s] Invoked command in '/home/vboxuser/ws/src/locomotion_core' returned '0': PYTHONPATH=/home/vboxuser/ws/build/locomotion_core/prefix_override:/home/vboxuser/ws/install/locomotion_core/lib/python3.10/site-packages:${PYTHONPATH} /usr/bin/python3 setup.py egg_info --egg-base ../../build/locomotion_core build --build-base /home/vboxuser/ws/build/locomotion_core/build install --record /home/vboxuser/ws/build/locomotion_core/install.log --single-version-externally-managed
