running egg_info
creating ../../build/my_robot_ctrl/my_robot_ctrl.egg-info
writing ../../build/my_robot_ctrl/my_robot_ctrl.egg-info/PKG-INFO
writing dependency_links to ../../build/my_robot_ctrl/my_robot_ctrl.egg-info/dependency_links.txt
writing entry points to ../../build/my_robot_ctrl/my_robot_ctrl.egg-info/entry_points.txt
writing requirements to ../../build/my_robot_ctrl/my_robot_ctrl.egg-info/requires.txt
writing top-level names to ../../build/my_robot_ctrl/my_robot_ctrl.egg-info/top_level.txt
writing manifest file '../../build/my_robot_ctrl/my_robot_ctrl.egg-info/SOURCES.txt'
reading manifest file '../../build/my_robot_ctrl/my_robot_ctrl.egg-info/SOURCES.txt'
/usr/lib/python3/dist-packages/setuptools/command/install.py:34: SetuptoolsDeprecationWarning: setup.py install is deprecated. Use build and pip and other standards-based tools.
  warnings.warn(
writing manifest file '../../build/my_robot_ctrl/my_robot_ctrl.egg-info/SOURCES.txt'
running build
running build_py
creating /home/vboxuser/ws/build/my_robot_ctrl/build
creating /home/vboxuser/ws/build/my_robot_ctrl/build/lib
creating /home/vboxuser/ws/build/my_robot_ctrl/build/lib/my_robot_ctrl
copying my_robot_ctrl/__init__.py -> /home/vboxuser/ws/build/my_robot_ctrl/build/lib/my_robot_ctrl
running install
running install_lib
creating /home/vboxuser/ws/install/my_robot_ctrl/lib/python3.10/site-packages/my_robot_ctrl
copying /home/vboxuser/ws/build/my_robot_ctrl/build/lib/my_robot_ctrl/__init__.py -> /home/vboxuser/ws/install/my_robot_ctrl/lib/python3.10/site-packages/my_robot_ctrl
byte-compiling /home/vboxuser/ws/install/my_robot_ctrl/lib/python3.10/site-packages/my_robot_ctrl/__init__.py to __init__.cpython-310.pyc
running install_data
creating /home/vboxuser/ws/install/my_robot_ctrl/share/ament_index
creating /home/vboxuser/ws/install/my_robot_ctrl/share/ament_index/resource_index
creating /home/vboxuser/ws/install/my_robot_ctrl/share/ament_index/resource_index/packages
copying resource/my_robot_ctrl -> /home/vboxuser/ws/install/my_robot_ctrl/share/ament_index/resource_index/packages
copying package.xml -> /home/vboxuser/ws/install/my_robot_ctrl/share/my_robot_ctrl
running install_egg_info
Copying ../../build/my_robot_ctrl/my_robot_ctrl.egg-info to /home/vboxuser/ws/install/my_robot_ctrl/lib/python3.10/site-packages/my_robot_ctrl-0.0.0-py3.10.egg-info
running install_scripts
writing list of installed files to '/home/vboxuser/ws/build/my_robot_ctrl/install.log'
