[2.429s] Invoking command in '/home/rsl/Desktop/Indoor_Mobile_Robotic_Arm/Thesis/ws/src/rsl_scu': PYTHONPATH=/home/rsl/Desktop/Indoor_Mobile_Robotic_Arm/Thesis/ws/src/build/rsl_scu/prefix_override:/home/rsl/Desktop/Indoor_Mobile_Robotic_Arm/Thesis/ws/src/install/rsl_scu/lib/python3.8/site-packages:${PYTHONPATH} /usr/bin/python3 setup.py egg_info --egg-base ../build/rsl_scu build --build-base /home/rsl/Desktop/Indoor_Mobile_Robotic_Arm/Thesis/ws/src/build/rsl_scu/build install --record /home/rsl/Desktop/Indoor_Mobile_Robotic_Arm/Thesis/ws/src/build/rsl_scu/install.log --install-scripts $base/lib/rsl_scu --single-version-externally-managed
[2.605s] Error processing line 1 of /usr/lib/python3/dist-packages/matplotlib-3.1.2-nspkg.pth:
[2.605s] 
[2.615s]   Traceback (most recent call last):
[2.615s]     File "/usr/lib/python3.8/site.py", line 175, in addpackage
[2.615s]       exec(line)
[2.615s]     File "<string>", line 1, in <module>
[2.616s]     File "<frozen importlib._bootstrap>", line 553, in module_from_spec
[2.616s]   AttributeError: 'NoneType' object has no attribute 'loader'
[2.616s] 
[2.616s] Remainder of file ignored
[2.989s] running egg_info
[2.990s] writing ../build/rsl_scu/rsl_scu.egg-info/PKG-INFO
[2.991s] writing dependency_links to ../build/rsl_scu/rsl_scu.egg-info/dependency_links.txt
[2.991s] writing entry points to ../build/rsl_scu/rsl_scu.egg-info/entry_points.txt
[2.992s] writing requirements to ../build/rsl_scu/rsl_scu.egg-info/requires.txt
[2.992s] writing top-level names to ../build/rsl_scu/rsl_scu.egg-info/top_level.txt
[3.059s] reading manifest file '../build/rsl_scu/rsl_scu.egg-info/SOURCES.txt'
[3.060s] writing manifest file '../build/rsl_scu/rsl_scu.egg-info/SOURCES.txt'
[3.061s] running build
[3.061s] running build_py
[3.061s] running install
[3.063s] running install_lib
[3.066s] running install_data
[3.067s] running install_egg_info
[3.072s] removing '/home/rsl/Desktop/Indoor_Mobile_Robotic_Arm/Thesis/ws/src/install/rsl_scu/lib/python3.8/site-packages/rsl_scu-0.0.0-py3.8.egg-info' (and everything under it)
[3.073s] Copying ../build/rsl_scu/rsl_scu.egg-info to /home/rsl/Desktop/Indoor_Mobile_Robotic_Arm/Thesis/ws/src/install/rsl_scu/lib/python3.8/site-packages/rsl_scu-0.0.0-py3.8.egg-info
[3.074s] running install_scripts
[3.113s] Installing rsl_joy script to /home/rsl/Desktop/Indoor_Mobile_Robotic_Arm/Thesis/ws/src/install/rsl_scu/lib/rsl_scu
[3.113s] writing list of installed files to '/home/rsl/Desktop/Indoor_Mobile_Robotic_Arm/Thesis/ws/src/build/rsl_scu/install.log'
[3.185s] Invoked command in '/home/rsl/Desktop/Indoor_Mobile_Robotic_Arm/Thesis/ws/src/rsl_scu' returned '0': PYTHONPATH=/home/rsl/Desktop/Indoor_Mobile_Robotic_Arm/Thesis/ws/src/build/rsl_scu/prefix_override:/home/rsl/Desktop/Indoor_Mobile_Robotic_Arm/Thesis/ws/src/install/rsl_scu/lib/python3.8/site-packages:${PYTHONPATH} /usr/bin/python3 setup.py egg_info --egg-base ../build/rsl_scu build --build-base /home/rsl/Desktop/Indoor_Mobile_Robotic_Arm/Thesis/ws/src/build/rsl_scu/build install --record /home/rsl/Desktop/Indoor_Mobile_Robotic_Arm/Thesis/ws/src/build/rsl_scu/install.log --install-scripts $base/lib/rsl_scu --single-version-externally-managed
