[1.601s] Invoking command in '/home/pi/Desktop/Indoor_Mobile_Robotic_Arm/Thesis/ws/build/teleop_twist_joy': CMAKE_PREFIX_PATH=/opt/ros/humble /usr/bin/cmake --build /home/pi/Desktop/Indoor_Mobile_Robotic_Arm/Thesis/ws/build/teleop_twist_joy -- -j4 -l4
[1.858s] [ 50%] Built target teleop_twist_joy
[1.980s] [100%] Built target teleop_twist_joy_node
[2.029s] Invoked command in '/home/pi/Desktop/Indoor_Mobile_Robotic_Arm/Thesis/ws/build/teleop_twist_joy' returned '0': CMAKE_PREFIX_PATH=/opt/ros/humble /usr/bin/cmake --build /home/pi/Desktop/Indoor_Mobile_Robotic_Arm/Thesis/ws/build/teleop_twist_joy -- -j4 -l4
[2.228s] Invoking command in '/home/pi/Desktop/Indoor_Mobile_Robotic_Arm/Thesis/ws/build/teleop_twist_joy': CMAKE_PREFIX_PATH=/opt/ros/humble /usr/bin/cmake --install /home/pi/Desktop/Indoor_Mobile_Robotic_Arm/Thesis/ws/build/teleop_twist_joy
[2.256s] -- Install configuration: ""
[2.258s] -- Up-to-date: /home/pi/Desktop/Indoor_Mobile_Robotic_Arm/Thesis/ws/install/teleop_twist_joy/lib/libteleop_twist_joy.so
[2.260s] -- Up-to-date: /home/pi/Desktop/Indoor_Mobile_Robotic_Arm/Thesis/ws/install/teleop_twist_joy/lib/teleop_twist_joy/teleop_node
[2.268s] -- Up-to-date: /home/pi/Desktop/Indoor_Mobile_Robotic_Arm/Thesis/ws/install/teleop_twist_joy/include
[2.268s] -- Up-to-date: /home/pi/Desktop/Indoor_Mobile_Robotic_Arm/Thesis/ws/install/teleop_twist_joy/include/teleop_twist_joy
[2.269s] -- Up-to-date: /home/pi/Desktop/Indoor_Mobile_Robotic_Arm/Thesis/ws/install/teleop_twist_joy/include/teleop_twist_joy/teleop_twist_joy.hpp
[2.270s] -- Up-to-date: /home/pi/Desktop/Indoor_Mobile_Robotic_Arm/Thesis/ws/install/teleop_twist_joy/include/teleop_twist_joy/teleop_twist_joy_export.h
[2.271s] -- Up-to-date: /home/pi/Desktop/Indoor_Mobile_Robotic_Arm/Thesis/ws/install/teleop_twist_joy/share/teleop_twist_joy/launch
[2.272s] -- Up-to-date: /home/pi/Desktop/Indoor_Mobile_Robotic_Arm/Thesis/ws/install/teleop_twist_joy/share/teleop_twist_joy/launch/teleop-launch.py
[2.273s] -- Up-to-date: /home/pi/Desktop/Indoor_Mobile_Robotic_Arm/Thesis/ws/install/teleop_twist_joy/share/teleop_twist_joy/config
[2.273s] -- Up-to-date: /home/pi/Desktop/Indoor_Mobile_Robotic_Arm/Thesis/ws/install/teleop_twist_joy/share/teleop_twist_joy/config/xbox.config.yaml
[2.274s] -- Up-to-date: /home/pi/Desktop/Indoor_Mobile_Robotic_Arm/Thesis/ws/install/teleop_twist_joy/share/teleop_twist_joy/config/ps3.config.yaml
[2.275s] -- Up-to-date: /home/pi/Desktop/Indoor_Mobile_Robotic_Arm/Thesis/ws/install/teleop_twist_joy/share/teleop_twist_joy/config/atk3.config.yaml
[2.276s] -- Up-to-date: /home/pi/Desktop/Indoor_Mobile_Robotic_Arm/Thesis/ws/install/teleop_twist_joy/share/teleop_twist_joy/config/ps3-holonomic.config.yaml
[2.277s] -- Up-to-date: /home/pi/Desktop/Indoor_Mobile_Robotic_Arm/Thesis/ws/install/teleop_twist_joy/share/teleop_twist_joy/config/xd3.config.yaml
[2.277s] -- Up-to-date: /home/pi/Desktop/Indoor_Mobile_Robotic_Arm/Thesis/ws/install/teleop_twist_joy/share/teleop_twist_joy/environment/library_path.sh
[2.278s] -- Up-to-date: /home/pi/Desktop/Indoor_Mobile_Robotic_Arm/Thesis/ws/install/teleop_twist_joy/share/teleop_twist_joy/environment/library_path.dsv
[2.279s] -- Up-to-date: /home/pi/Desktop/Indoor_Mobile_Robotic_Arm/Thesis/ws/install/teleop_twist_joy/share/ament_index/resource_index/package_run_dependencies/teleop_twist_joy
[2.280s] -- Up-to-date: /home/pi/Desktop/Indoor_Mobile_Robotic_Arm/Thesis/ws/install/teleop_twist_joy/share/ament_index/resource_index/parent_prefix_path/teleop_twist_joy
[2.280s] -- Up-to-date: /home/pi/Desktop/Indoor_Mobile_Robotic_Arm/Thesis/ws/install/teleop_twist_joy/share/teleop_twist_joy/environment/ament_prefix_path.sh
[2.282s] -- Up-to-date: /home/pi/Desktop/Indoor_Mobile_Robotic_Arm/Thesis/ws/install/teleop_twist_joy/share/teleop_twist_joy/environment/ament_prefix_path.dsv
[2.283s] -- Up-to-date: /home/pi/Desktop/Indoor_Mobile_Robotic_Arm/Thesis/ws/install/teleop_twist_joy/share/teleop_twist_joy/environment/path.sh
[2.283s] -- Up-to-date: /home/pi/Desktop/Indoor_Mobile_Robotic_Arm/Thesis/ws/install/teleop_twist_joy/share/teleop_twist_joy/environment/path.dsv
[2.283s] -- Up-to-date: /home/pi/Desktop/Indoor_Mobile_Robotic_Arm/Thesis/ws/install/teleop_twist_joy/share/teleop_twist_joy/local_setup.bash
[2.284s] -- Up-to-date: /home/pi/Desktop/Indoor_Mobile_Robotic_Arm/Thesis/ws/install/teleop_twist_joy/share/teleop_twist_joy/local_setup.sh
[2.296s] -- Up-to-date: /home/pi/Desktop/Indoor_Mobile_Robotic_Arm/Thesis/ws/install/teleop_twist_joy/share/teleop_twist_joy/local_setup.zsh
[2.297s] -- Up-to-date: /home/pi/Desktop/Indoor_Mobile_Robotic_Arm/Thesis/ws/install/teleop_twist_joy/share/teleop_twist_joy/local_setup.dsv
[2.297s] -- Installing: /home/pi/Desktop/Indoor_Mobile_Robotic_Arm/Thesis/ws/install/teleop_twist_joy/share/teleop_twist_joy/package.dsv
[2.303s] -- Up-to-date: /home/pi/Desktop/Indoor_Mobile_Robotic_Arm/Thesis/ws/install/teleop_twist_joy/share/ament_index/resource_index/packages/teleop_twist_joy
[2.306s] -- Up-to-date: /home/pi/Desktop/Indoor_Mobile_Robotic_Arm/Thesis/ws/install/teleop_twist_joy/share/ament_index/resource_index/rclcpp_components/teleop_twist_joy
[2.308s] -- Up-to-date: /home/pi/Desktop/Indoor_Mobile_Robotic_Arm/Thesis/ws/install/teleop_twist_joy/share/teleop_twist_joy/cmake/ament_cmake_export_include_directories-extras.cmake
[2.311s] -- Up-to-date: /home/pi/Desktop/Indoor_Mobile_Robotic_Arm/Thesis/ws/install/teleop_twist_joy/share/teleop_twist_joy/cmake/ament_cmake_export_libraries-extras.cmake
[2.312s] -- Up-to-date: /home/pi/Desktop/Indoor_Mobile_Robotic_Arm/Thesis/ws/install/teleop_twist_joy/share/teleop_twist_joy/cmake/teleop_twist_joyConfig.cmake
[2.313s] -- Up-to-date: /home/pi/Desktop/Indoor_Mobile_Robotic_Arm/Thesis/ws/install/teleop_twist_joy/share/teleop_twist_joy/cmake/teleop_twist_joyConfig-version.cmake
[2.314s] -- Up-to-date: /home/pi/Desktop/Indoor_Mobile_Robotic_Arm/Thesis/ws/install/teleop_twist_joy/share/teleop_twist_joy/package.xml
[2.315s] Invoked command in '/home/pi/Desktop/Indoor_Mobile_Robotic_Arm/Thesis/ws/build/teleop_twist_joy' returned '0': CMAKE_PREFIX_PATH=/opt/ros/humble /usr/bin/cmake --install /home/pi/Desktop/Indoor_Mobile_Robotic_Arm/Thesis/ws/build/teleop_twist_joy
