[2.031s] Invoking command in '/home/rsl/Desktop/Indoor_Mobile_Robotic_Arm/Thesis/ws/src/locomotion_core': PYTHONPATH=/home/rsl/Desktop/Indoor_Mobile_Robotic_Arm/Thesis/ws/build/locomotion_core/prefix_override:/home/rsl/Desktop/Indoor_Mobile_Robotic_Arm/Thesis/ws/install/locomotion_core/lib/python3.8/site-packages:${PYTHONPATH} /usr/bin/python3 setup.py egg_info --egg-base ../../build/locomotion_core build --build-base /home/rsl/Desktop/Indoor_Mobile_Robotic_Arm/Thesis/ws/build/locomotion_core/build install --record /home/rsl/Desktop/Indoor_Mobile_Robotic_Arm/Thesis/ws/build/locomotion_core/install.log --single-version-externally-managed
[2.470s] running egg_info
[2.471s] writing ../../build/locomotion_core/locomotion_core.egg-info/PKG-INFO
[2.472s] writing dependency_links to ../../build/locomotion_core/locomotion_core.egg-info/dependency_links.txt
[2.472s] writing entry points to ../../build/locomotion_core/locomotion_core.egg-info/entry_points.txt
[2.473s] writing requirements to ../../build/locomotion_core/locomotion_core.egg-info/requires.txt
[2.473s] writing top-level names to ../../build/locomotion_core/locomotion_core.egg-info/top_level.txt
[2.549s] reading manifest file '../../build/locomotion_core/locomotion_core.egg-info/SOURCES.txt'
[2.552s] writing manifest file '../../build/locomotion_core/locomotion_core.egg-info/SOURCES.txt'
[2.552s] running build
[2.553s] running build_py
[2.555s] copying locomotion_core/cmd_roboteq.py -> /home/rsl/Desktop/Indoor_Mobile_Robotic_Arm/Thesis/ws/build/locomotion_core/build/lib/locomotion_core
[2.555s] running install
[2.557s] running install_lib
[2.559s] copying /home/rsl/Desktop/Indoor_Mobile_Robotic_Arm/Thesis/ws/build/locomotion_core/build/lib/locomotion_core/cmd_roboteq.py -> /home/rsl/Desktop/Indoor_Mobile_Robotic_Arm/Thesis/ws/install/locomotion_core/lib/python3.8/site-packages/locomotion_core
[2.561s] byte-compiling /home/rsl/Desktop/Indoor_Mobile_Robotic_Arm/Thesis/ws/install/locomotion_core/lib/python3.8/site-packages/locomotion_core/cmd_roboteq.py to cmd_roboteq.cpython-38.pyc
[2.565s] running install_data
[2.565s] running install_egg_info
[2.569s] removing '/home/rsl/Desktop/Indoor_Mobile_Robotic_Arm/Thesis/ws/install/locomotion_core/lib/python3.8/site-packages/locomotion_core-0.0.0-py3.8.egg-info' (and everything under it)
[2.571s] Copying ../../build/locomotion_core/locomotion_core.egg-info to /home/rsl/Desktop/Indoor_Mobile_Robotic_Arm/Thesis/ws/install/locomotion_core/lib/python3.8/site-packages/locomotion_core-0.0.0-py3.8.egg-info
[2.571s] running install_scripts
[2.622s] Installing cmd_roboteq script to /home/rsl/Desktop/Indoor_Mobile_Robotic_Arm/Thesis/ws/install/locomotion_core/lib/locomotion_core
[2.623s] Installing drive_selector script to /home/rsl/Desktop/Indoor_Mobile_Robotic_Arm/Thesis/ws/install/locomotion_core/lib/locomotion_core
[2.623s] Installing movebase_core script to /home/rsl/Desktop/Indoor_Mobile_Robotic_Arm/Thesis/ws/install/locomotion_core/lib/locomotion_core
[2.623s] Installing rover_state_controller script to /home/rsl/Desktop/Indoor_Mobile_Robotic_Arm/Thesis/ws/install/locomotion_core/lib/locomotion_core
[2.624s] writing list of installed files to '/home/rsl/Desktop/Indoor_Mobile_Robotic_Arm/Thesis/ws/build/locomotion_core/install.log'
[2.703s] Invoked command in '/home/rsl/Desktop/Indoor_Mobile_Robotic_Arm/Thesis/ws/src/locomotion_core' returned '0': PYTHONPATH=/home/rsl/Desktop/Indoor_Mobile_Robotic_Arm/Thesis/ws/build/locomotion_core/prefix_override:/home/rsl/Desktop/Indoor_Mobile_Robotic_Arm/Thesis/ws/install/locomotion_core/lib/python3.8/site-packages:${PYTHONPATH} /usr/bin/python3 setup.py egg_info --egg-base ../../build/locomotion_core build --build-base /home/rsl/Desktop/Indoor_Mobile_Robotic_Arm/Thesis/ws/build/locomotion_core/build install --record /home/rsl/Desktop/Indoor_Mobile_Robotic_Arm/Thesis/ws/build/locomotion_core/install.log --single-version-externally-managed
