[2.408s] Invoking command in '/home/rsl/Desktop/Indoor_Mobile_Robotic_Arm/Thesis/ws/src/locomotion_core': PYTHONPATH=/home/rsl/Desktop/Indoor_Mobile_Robotic_Arm/Thesis/ws/src/build/locomotion_core/prefix_override:/home/rsl/Desktop/Indoor_Mobile_Robotic_Arm/Thesis/ws/src/install/locomotion_core/lib/python3.8/site-packages:${PYTHONPATH} /usr/bin/python3 setup.py egg_info --egg-base ../build/locomotion_core build --build-base /home/rsl/Desktop/Indoor_Mobile_Robotic_Arm/Thesis/ws/src/build/locomotion_core/build install --record /home/rsl/Desktop/Indoor_Mobile_Robotic_Arm/Thesis/ws/src/build/locomotion_core/install.log --single-version-externally-managed
[2.580s] Error processing line 1 of /usr/lib/python3/dist-packages/matplotlib-3.1.2-nspkg.pth:
[2.580s] 
[2.591s]   Traceback (most recent call last):
[2.591s]     File "/usr/lib/python3.8/site.py", line 175, in addpackage
[2.591s]       exec(line)
[2.591s]     File "<string>", line 1, in <module>
[2.592s]     File "<frozen importlib._bootstrap>", line 553, in module_from_spec
[2.592s]   AttributeError: 'NoneType' object has no attribute 'loader'
[2.592s] 
[2.592s] Remainder of file ignored
[2.968s] running egg_info
[2.969s] writing ../build/locomotion_core/locomotion_core.egg-info/PKG-INFO
[2.970s] writing dependency_links to ../build/locomotion_core/locomotion_core.egg-info/dependency_links.txt
[2.970s] writing entry points to ../build/locomotion_core/locomotion_core.egg-info/entry_points.txt
[2.971s] writing requirements to ../build/locomotion_core/locomotion_core.egg-info/requires.txt
[2.971s] writing top-level names to ../build/locomotion_core/locomotion_core.egg-info/top_level.txt
[3.037s] reading manifest file '../build/locomotion_core/locomotion_core.egg-info/SOURCES.txt'
[3.038s] writing manifest file '../build/locomotion_core/locomotion_core.egg-info/SOURCES.txt'
[3.039s] running build
[3.039s] running build_py
[3.039s] copying locomotion_core/rover_state_controller.py -> /home/rsl/Desktop/Indoor_Mobile_Robotic_Arm/Thesis/ws/src/build/locomotion_core/build/lib/locomotion_core
[3.040s] running install
[3.042s] running install_lib
[3.044s] copying /home/rsl/Desktop/Indoor_Mobile_Robotic_Arm/Thesis/ws/src/build/locomotion_core/build/lib/locomotion_core/rover_state_controller.py -> /home/rsl/Desktop/Indoor_Mobile_Robotic_Arm/Thesis/ws/src/install/locomotion_core/lib/python3.8/site-packages/locomotion_core
[3.046s] byte-compiling /home/rsl/Desktop/Indoor_Mobile_Robotic_Arm/Thesis/ws/src/install/locomotion_core/lib/python3.8/site-packages/locomotion_core/rover_state_controller.py to rover_state_controller.cpython-38.pyc
[3.049s] running install_data
[3.050s] running install_egg_info
[3.053s] removing '/home/rsl/Desktop/Indoor_Mobile_Robotic_Arm/Thesis/ws/src/install/locomotion_core/lib/python3.8/site-packages/locomotion_core-0.0.0-py3.8.egg-info' (and everything under it)
[3.054s] Copying ../build/locomotion_core/locomotion_core.egg-info to /home/rsl/Desktop/Indoor_Mobile_Robotic_Arm/Thesis/ws/src/install/locomotion_core/lib/python3.8/site-packages/locomotion_core-0.0.0-py3.8.egg-info
[3.056s] running install_scripts
[3.093s] Installing cmd_roboteq script to /home/rsl/Desktop/Indoor_Mobile_Robotic_Arm/Thesis/ws/src/install/locomotion_core/lib/locomotion_core
[3.094s] Installing drive_selector script to /home/rsl/Desktop/Indoor_Mobile_Robotic_Arm/Thesis/ws/src/install/locomotion_core/lib/locomotion_core
[3.094s] Installing movebase_core script to /home/rsl/Desktop/Indoor_Mobile_Robotic_Arm/Thesis/ws/src/install/locomotion_core/lib/locomotion_core
[3.094s] Installing rover_state_controller script to /home/rsl/Desktop/Indoor_Mobile_Robotic_Arm/Thesis/ws/src/install/locomotion_core/lib/locomotion_core
[3.095s] writing list of installed files to '/home/rsl/Desktop/Indoor_Mobile_Robotic_Arm/Thesis/ws/src/build/locomotion_core/install.log'
[3.200s] Invoked command in '/home/rsl/Desktop/Indoor_Mobile_Robotic_Arm/Thesis/ws/src/locomotion_core' returned '0': PYTHONPATH=/home/rsl/Desktop/Indoor_Mobile_Robotic_Arm/Thesis/ws/src/build/locomotion_core/prefix_override:/home/rsl/Desktop/Indoor_Mobile_Robotic_Arm/Thesis/ws/src/install/locomotion_core/lib/python3.8/site-packages:${PYTHONPATH} /usr/bin/python3 setup.py egg_info --egg-base ../build/locomotion_core build --build-base /home/rsl/Desktop/Indoor_Mobile_Robotic_Arm/Thesis/ws/src/build/locomotion_core/build install --record /home/rsl/Desktop/Indoor_Mobile_Robotic_Arm/Thesis/ws/src/build/locomotion_core/install.log --single-version-externally-managed
