Error processing line 1 of /usr/lib/python3/dist-packages/matplotlib-3.1.2-nspkg.pth:

  Traceback (most recent call last):
    File "/usr/lib/python3.8/site.py", line 175, in addpackage
      exec(line)
    File "<string>", line 1, in <module>
    File "<frozen importlib._bootstrap>", line 553, in module_from_spec
  AttributeError: 'NoneType' object has no attribute 'loader'

Remainder of file ignored
running egg_info
writing ../../build/locomotion_core/locomotion_core.egg-info/PKG-INFO
writing dependency_links to ../../build/locomotion_core/locomotion_core.egg-info/dependency_links.txt
writing entry points to ../../build/locomotion_core/locomotion_core.egg-info/entry_points.txt
writing requirements to ../../build/locomotion_core/locomotion_core.egg-info/requires.txt
writing top-level names to ../../build/locomotion_core/locomotion_core.egg-info/top_level.txt
reading manifest file '../../build/locomotion_core/locomotion_core.egg-info/SOURCES.txt'
writing manifest file '../../build/locomotion_core/locomotion_core.egg-info/SOURCES.txt'
running build
running build_py
copying locomotion_core/cmd_roboteq.py -> /home/rsl/Desktop/Indoor_Mobile_Robotic_Arm/Thesis/ws/build/locomotion_core/build/lib/locomotion_core
running install
running install_lib
  File "/home/rsl/Desktop/Indoor_Mobile_Robotic_Arm/Thesis/ws/install/locomotion_core/lib/python3.8/site-packages/locomotion_core/cmd_roboteq.py", line 42
    AttributeError: 'MotorDriver' object has no attribute 'roboteq_front'
                                  ^
SyntaxError: invalid syntax

copying /home/rsl/Desktop/Indoor_Mobile_Robotic_Arm/Thesis/ws/build/locomotion_core/build/lib/locomotion_core/cmd_roboteq.py -> /home/rsl/Desktop/Indoor_Mobile_Robotic_Arm/Thesis/ws/install/locomotion_core/lib/python3.8/site-packages/locomotion_core
byte-compiling /home/rsl/Desktop/Indoor_Mobile_Robotic_Arm/Thesis/ws/install/locomotion_core/lib/python3.8/site-packages/locomotion_core/cmd_roboteq.py to cmd_roboteq.cpython-38.pyc
running install_data
running install_egg_info
removing '/home/rsl/Desktop/Indoor_Mobile_Robotic_Arm/Thesis/ws/install/locomotion_core/lib/python3.8/site-packages/locomotion_core-0.0.0-py3.8.egg-info' (and everything under it)
Copying ../../build/locomotion_core/locomotion_core.egg-info to /home/rsl/Desktop/Indoor_Mobile_Robotic_Arm/Thesis/ws/install/locomotion_core/lib/python3.8/site-packages/locomotion_core-0.0.0-py3.8.egg-info
running install_scripts
Installing cmd_roboteq script to /home/rsl/Desktop/Indoor_Mobile_Robotic_Arm/Thesis/ws/install/locomotion_core/lib/locomotion_core
Installing drive_selector script to /home/rsl/Desktop/Indoor_Mobile_Robotic_Arm/Thesis/ws/install/locomotion_core/lib/locomotion_core
Installing movebase_core script to /home/rsl/Desktop/Indoor_Mobile_Robotic_Arm/Thesis/ws/install/locomotion_core/lib/locomotion_core
Installing rover_state_controller script to /home/rsl/Desktop/Indoor_Mobile_Robotic_Arm/Thesis/ws/install/locomotion_core/lib/locomotion_core
writing list of installed files to '/home/rsl/Desktop/Indoor_Mobile_Robotic_Arm/Thesis/ws/build/locomotion_core/install.log'
