[1.462s] Invoking command in '/home/vboxuser/ws/src/locomotion_core': PYTHONPATH=/home/vboxuser/ws/build/locomotion_core/prefix_override:/home/vboxuser/ws/install/locomotion_core/lib/python3.10/site-packages:${PYTHONPATH} /usr/bin/python3 setup.py egg_info --egg-base ../../build/locomotion_core build --build-base /home/vboxuser/ws/build/locomotion_core/build install --record /home/vboxuser/ws/build/locomotion_core/install.log --single-version-externally-managed
[1.838s] running egg_info
[1.839s] writing ../../build/locomotion_core/locomotion_core.egg-info/PKG-INFO
[1.841s] writing dependency_links to ../../build/locomotion_core/locomotion_core.egg-info/dependency_links.txt
[1.841s] writing entry points to ../../build/locomotion_core/locomotion_core.egg-info/entry_points.txt
[1.841s] writing requirements to ../../build/locomotion_core/locomotion_core.egg-info/requires.txt
[1.841s] writing top-level names to ../../build/locomotion_core/locomotion_core.egg-info/top_level.txt
[1.845s] reading manifest file '../../build/locomotion_core/locomotion_core.egg-info/SOURCES.txt'
[1.846s] writing manifest file '../../build/locomotion_core/locomotion_core.egg-info/SOURCES.txt'
[1.847s] running build
[1.847s] running build_py
[1.847s] running install
[1.848s] running install_lib
[1.852s] running install_data
[1.853s] running install_egg_info
[1.855s] removing '/home/vboxuser/ws/install/locomotion_core/lib/python3.10/site-packages/locomotion_core-0.0.0-py3.10.egg-info' (and everything under it)
[1.856s] Copying ../../build/locomotion_core/locomotion_core.egg-info to /home/vboxuser/ws/install/locomotion_core/lib/python3.10/site-packages/locomotion_core-0.0.0-py3.10.egg-info
[1.857s] running install_scripts
[1.879s] Installing driver script to /home/vboxuser/ws/install/locomotion_core/lib/locomotion_core
[1.881s] writing list of installed files to '/home/vboxuser/ws/build/locomotion_core/install.log'
[1.925s] Invoked command in '/home/vboxuser/ws/src/locomotion_core' returned '0': PYTHONPATH=/home/vboxuser/ws/build/locomotion_core/prefix_override:/home/vboxuser/ws/install/locomotion_core/lib/python3.10/site-packages:${PYTHONPATH} /usr/bin/python3 setup.py egg_info --egg-base ../../build/locomotion_core build --build-base /home/vboxuser/ws/build/locomotion_core/build install --record /home/vboxuser/ws/build/locomotion_core/install.log --single-version-externally-managed
