[1.976s] Invoking command in '/home/rsl/Desktop/Indoor_Mobile_Robotic_Arm/Thesis/ws/src/locomotion_core': PYTHONPATH=/home/rsl/Desktop/Indoor_Mobile_Robotic_Arm/Thesis/build/locomotion_core/prefix_override:/home/rsl/Desktop/Indoor_Mobile_Robotic_Arm/Thesis/install/locomotion_core/lib/python3.8/site-packages:${PYTHONPATH} /usr/bin/python3 setup.py egg_info --egg-base ../../../build/locomotion_core build --build-base /home/rsl/Desktop/Indoor_Mobile_Robotic_Arm/Thesis/build/locomotion_core/build install --record /home/rsl/Desktop/Indoor_Mobile_Robotic_Arm/Thesis/build/locomotion_core/install.log --single-version-externally-managed
[2.465s] running egg_info
[2.466s] creating ../../../build/locomotion_core/locomotion_core.egg-info
[2.467s] writing ../../../build/locomotion_core/locomotion_core.egg-info/PKG-INFO
[2.474s] writing dependency_links to ../../../build/locomotion_core/locomotion_core.egg-info/dependency_links.txt
[2.474s] writing entry points to ../../../build/locomotion_core/locomotion_core.egg-info/entry_points.txt
[2.474s] writing requirements to ../../../build/locomotion_core/locomotion_core.egg-info/requires.txt
[2.474s] writing top-level names to ../../../build/locomotion_core/locomotion_core.egg-info/top_level.txt
[2.537s] writing manifest file '../../../build/locomotion_core/locomotion_core.egg-info/SOURCES.txt'
[2.610s] reading manifest file '../../../build/locomotion_core/locomotion_core.egg-info/SOURCES.txt'
[2.614s] writing manifest file '../../../build/locomotion_core/locomotion_core.egg-info/SOURCES.txt'
[2.614s] running build
[2.614s] running build_py
[2.614s] creating /home/rsl/Desktop/Indoor_Mobile_Robotic_Arm/Thesis/build/locomotion_core/build
[2.614s] creating /home/rsl/Desktop/Indoor_Mobile_Robotic_Arm/Thesis/build/locomotion_core/build/lib
[2.614s] creating /home/rsl/Desktop/Indoor_Mobile_Robotic_Arm/Thesis/build/locomotion_core/build/lib/locomotion_core
[2.615s] copying locomotion_core/RoverDescription.py -> /home/rsl/Desktop/Indoor_Mobile_Robotic_Arm/Thesis/build/locomotion_core/build/lib/locomotion_core
[2.751s] copying locomotion_core/RobotDefinition.py -> /home/rsl/Desktop/Indoor_Mobile_Robotic_Arm/Thesis/build/locomotion_core/build/lib/locomotion_core
[2.753s] copying locomotion_core/__init__.py -> /home/rsl/Desktop/Indoor_Mobile_Robotic_Arm/Thesis/build/locomotion_core/build/lib/locomotion_core
[2.753s] copying locomotion_core/rover_state_controller.py -> /home/rsl/Desktop/Indoor_Mobile_Robotic_Arm/Thesis/build/locomotion_core/build/lib/locomotion_core
[2.753s] copying locomotion_core/cmd_roboteq.py -> /home/rsl/Desktop/Indoor_Mobile_Robotic_Arm/Thesis/build/locomotion_core/build/lib/locomotion_core
[2.753s] copying locomotion_core/driver_node.py -> /home/rsl/Desktop/Indoor_Mobile_Robotic_Arm/Thesis/build/locomotion_core/build/lib/locomotion_core
[2.753s] copying locomotion_core/cmd_roboteq_test.py -> /home/rsl/Desktop/Indoor_Mobile_Robotic_Arm/Thesis/build/locomotion_core/build/lib/locomotion_core
[2.754s] running install
[2.757s] running install_lib
[2.760s] creating /home/rsl/Desktop/Indoor_Mobile_Robotic_Arm/Thesis/install/locomotion_core/lib/python3.8/site-packages/locomotion_core
[2.760s] copying /home/rsl/Desktop/Indoor_Mobile_Robotic_Arm/Thesis/build/locomotion_core/build/lib/locomotion_core/RoverDescription.py -> /home/rsl/Desktop/Indoor_Mobile_Robotic_Arm/Thesis/install/locomotion_core/lib/python3.8/site-packages/locomotion_core
[2.760s] copying /home/rsl/Desktop/Indoor_Mobile_Robotic_Arm/Thesis/build/locomotion_core/build/lib/locomotion_core/RobotDefinition.py -> /home/rsl/Desktop/Indoor_Mobile_Robotic_Arm/Thesis/install/locomotion_core/lib/python3.8/site-packages/locomotion_core
[2.761s] copying /home/rsl/Desktop/Indoor_Mobile_Robotic_Arm/Thesis/build/locomotion_core/build/lib/locomotion_core/__init__.py -> /home/rsl/Desktop/Indoor_Mobile_Robotic_Arm/Thesis/install/locomotion_core/lib/python3.8/site-packages/locomotion_core
[2.761s] copying /home/rsl/Desktop/Indoor_Mobile_Robotic_Arm/Thesis/build/locomotion_core/build/lib/locomotion_core/rover_state_controller.py -> /home/rsl/Desktop/Indoor_Mobile_Robotic_Arm/Thesis/install/locomotion_core/lib/python3.8/site-packages/locomotion_core
[2.761s] copying /home/rsl/Desktop/Indoor_Mobile_Robotic_Arm/Thesis/build/locomotion_core/build/lib/locomotion_core/cmd_roboteq.py -> /home/rsl/Desktop/Indoor_Mobile_Robotic_Arm/Thesis/install/locomotion_core/lib/python3.8/site-packages/locomotion_core
[2.762s] copying /home/rsl/Desktop/Indoor_Mobile_Robotic_Arm/Thesis/build/locomotion_core/build/lib/locomotion_core/driver_node.py -> /home/rsl/Desktop/Indoor_Mobile_Robotic_Arm/Thesis/install/locomotion_core/lib/python3.8/site-packages/locomotion_core
[2.762s] copying /home/rsl/Desktop/Indoor_Mobile_Robotic_Arm/Thesis/build/locomotion_core/build/lib/locomotion_core/cmd_roboteq_test.py -> /home/rsl/Desktop/Indoor_Mobile_Robotic_Arm/Thesis/install/locomotion_core/lib/python3.8/site-packages/locomotion_core
[2.763s] byte-compiling /home/rsl/Desktop/Indoor_Mobile_Robotic_Arm/Thesis/install/locomotion_core/lib/python3.8/site-packages/locomotion_core/RoverDescription.py to RoverDescription.cpython-38.pyc
[2.766s] byte-compiling /home/rsl/Desktop/Indoor_Mobile_Robotic_Arm/Thesis/install/locomotion_core/lib/python3.8/site-packages/locomotion_core/RobotDefinition.py to RobotDefinition.cpython-38.pyc
[2.767s] byte-compiling /home/rsl/Desktop/Indoor_Mobile_Robotic_Arm/Thesis/install/locomotion_core/lib/python3.8/site-packages/locomotion_core/__init__.py to __init__.cpython-38.pyc
[2.767s] byte-compiling /home/rsl/Desktop/Indoor_Mobile_Robotic_Arm/Thesis/install/locomotion_core/lib/python3.8/site-packages/locomotion_core/rover_state_controller.py to rover_state_controller.cpython-38.pyc
[2.768s] byte-compiling /home/rsl/Desktop/Indoor_Mobile_Robotic_Arm/Thesis/install/locomotion_core/lib/python3.8/site-packages/locomotion_core/cmd_roboteq.py to cmd_roboteq.cpython-38.pyc
[2.781s] byte-compiling /home/rsl/Desktop/Indoor_Mobile_Robotic_Arm/Thesis/install/locomotion_core/lib/python3.8/site-packages/locomotion_core/driver_node.py to driver_node.cpython-38.pyc
[2.781s] byte-compiling /home/rsl/Desktop/Indoor_Mobile_Robotic_Arm/Thesis/install/locomotion_core/lib/python3.8/site-packages/locomotion_core/cmd_roboteq_test.py to cmd_roboteq_test.cpython-38.pyc
[2.782s] running install_data
[2.782s] creating /home/rsl/Desktop/Indoor_Mobile_Robotic_Arm/Thesis/install/locomotion_core/share/ament_index
[2.782s] creating /home/rsl/Desktop/Indoor_Mobile_Robotic_Arm/Thesis/install/locomotion_core/share/ament_index/resource_index
[2.782s] creating /home/rsl/Desktop/Indoor_Mobile_Robotic_Arm/Thesis/install/locomotion_core/share/ament_index/resource_index/packages
[2.783s] copying resource/locomotion_core -> /home/rsl/Desktop/Indoor_Mobile_Robotic_Arm/Thesis/install/locomotion_core/share/ament_index/resource_index/packages
[2.783s] copying package.xml -> /home/rsl/Desktop/Indoor_Mobile_Robotic_Arm/Thesis/install/locomotion_core/share/locomotion_core
[2.783s] running install_egg_info
[2.784s] Copying ../../../build/locomotion_core/locomotion_core.egg-info to /home/rsl/Desktop/Indoor_Mobile_Robotic_Arm/Thesis/install/locomotion_core/lib/python3.8/site-packages/locomotion_core-0.0.0-py3.8.egg-info
[2.784s] running install_scripts
[2.828s] Installing cmd_roboteq script to /home/rsl/Desktop/Indoor_Mobile_Robotic_Arm/Thesis/install/locomotion_core/lib/locomotion_core
[2.828s] Installing drive_selector script to /home/rsl/Desktop/Indoor_Mobile_Robotic_Arm/Thesis/install/locomotion_core/lib/locomotion_core
[2.828s] Installing movebase_core script to /home/rsl/Desktop/Indoor_Mobile_Robotic_Arm/Thesis/install/locomotion_core/lib/locomotion_core
[2.829s] Installing rover_state_controller script to /home/rsl/Desktop/Indoor_Mobile_Robotic_Arm/Thesis/install/locomotion_core/lib/locomotion_core
[2.829s] writing list of installed files to '/home/rsl/Desktop/Indoor_Mobile_Robotic_Arm/Thesis/build/locomotion_core/install.log'
[2.957s] Invoked command in '/home/rsl/Desktop/Indoor_Mobile_Robotic_Arm/Thesis/ws/src/locomotion_core' returned '0': PYTHONPATH=/home/rsl/Desktop/Indoor_Mobile_Robotic_Arm/Thesis/build/locomotion_core/prefix_override:/home/rsl/Desktop/Indoor_Mobile_Robotic_Arm/Thesis/install/locomotion_core/lib/python3.8/site-packages:${PYTHONPATH} /usr/bin/python3 setup.py egg_info --egg-base ../../../build/locomotion_core build --build-base /home/rsl/Desktop/Indoor_Mobile_Robotic_Arm/Thesis/build/locomotion_core/build install --record /home/rsl/Desktop/Indoor_Mobile_Robotic_Arm/Thesis/build/locomotion_core/install.log --single-version-externally-managed
