[1.609s] Invoking command in '/home/vboxuser/ws/src/locomotion_core': PYTHONPATH=/home/vboxuser/ws/build/locomotion_core/prefix_override:/home/vboxuser/ws/install/locomotion_core/lib/python3.10/site-packages:${PYTHONPATH} /usr/bin/python3 setup.py egg_info --egg-base ../../build/locomotion_core build --build-base /home/vboxuser/ws/build/locomotion_core/build install --record /home/vboxuser/ws/build/locomotion_core/install.log --single-version-externally-managed
[2.008s] running egg_info
[2.009s] writing ../../build/locomotion_core/locomotion_core.egg-info/PKG-INFO
[2.010s] writing dependency_links to ../../build/locomotion_core/locomotion_core.egg-info/dependency_links.txt
[2.010s] writing entry points to ../../build/locomotion_core/locomotion_core.egg-info/entry_points.txt
[2.010s] writing requirements to ../../build/locomotion_core/locomotion_core.egg-info/requires.txt
[2.010s] writing top-level names to ../../build/locomotion_core/locomotion_core.egg-info/top_level.txt
[2.013s] reading manifest file '../../build/locomotion_core/locomotion_core.egg-info/SOURCES.txt'
[2.013s] writing manifest file '../../build/locomotion_core/locomotion_core.egg-info/SOURCES.txt'
[2.014s] running build
[2.014s] running build_py
[2.014s] running install
[2.014s] running install_lib
[2.015s] running install_data
[2.016s] running install_egg_info
[2.017s] removing '/home/vboxuser/ws/install/locomotion_core/lib/python3.10/site-packages/locomotion_core-0.0.0-py3.10.egg-info' (and everything under it)
[2.019s] Copying ../../build/locomotion_core/locomotion_core.egg-info to /home/vboxuser/ws/install/locomotion_core/lib/python3.10/site-packages/locomotion_core-0.0.0-py3.10.egg-info
[2.019s] running install_scripts
[2.047s] Installing cmd_roboteq script to /home/vboxuser/ws/install/locomotion_core/lib/locomotion_core
[2.047s] Installing drive_selector script to /home/vboxuser/ws/install/locomotion_core/lib/locomotion_core
[2.047s] Installing movebase_core script to /home/vboxuser/ws/install/locomotion_core/lib/locomotion_core
[2.047s] writing list of installed files to '/home/vboxuser/ws/build/locomotion_core/install.log'
[2.116s] Invoked command in '/home/vboxuser/ws/src/locomotion_core' returned '0': PYTHONPATH=/home/vboxuser/ws/build/locomotion_core/prefix_override:/home/vboxuser/ws/install/locomotion_core/lib/python3.10/site-packages:${PYTHONPATH} /usr/bin/python3 setup.py egg_info --egg-base ../../build/locomotion_core build --build-base /home/vboxuser/ws/build/locomotion_core/build install --record /home/vboxuser/ws/build/locomotion_core/install.log --single-version-externally-managed
