[2.484s] Invoking command in '/home/rsl/Desktop/Indoor_Mobile_Robotic_Arm/Thesis/ws/src/locomotion_core': PYTHONPATH=/home/rsl/Desktop/Indoor_Mobile_Robotic_Arm/Thesis/ws/src/build/locomotion_core/prefix_override:/home/rsl/Desktop/Indoor_Mobile_Robotic_Arm/Thesis/ws/src/install/locomotion_core/lib/python3.8/site-packages:${PYTHONPATH} /usr/bin/python3 setup.py egg_info --egg-base ../build/locomotion_core build --build-base /home/rsl/Desktop/Indoor_Mobile_Robotic_Arm/Thesis/ws/src/build/locomotion_core/build install --record /home/rsl/Desktop/Indoor_Mobile_Robotic_Arm/Thesis/ws/src/build/locomotion_core/install.log --single-version-externally-managed
[2.651s] Error processing line 1 of /usr/lib/python3/dist-packages/matplotlib-3.1.2-nspkg.pth:
[2.651s] 
[2.665s]   Traceback (most recent call last):
[2.666s]     File "/usr/lib/python3.8/site.py", line 175, in addpackage
[2.666s]       exec(line)
[2.666s]     File "<string>", line 1, in <module>
[2.666s]     File "<frozen importlib._bootstrap>", line 553, in module_from_spec
[2.667s]   AttributeError: 'NoneType' object has no attribute 'loader'
[2.667s] 
[2.667s] Remainder of file ignored
[3.047s] running egg_info
[3.048s] writing ../build/locomotion_core/locomotion_core.egg-info/PKG-INFO
[3.049s] writing dependency_links to ../build/locomotion_core/locomotion_core.egg-info/dependency_links.txt
[3.049s] writing entry points to ../build/locomotion_core/locomotion_core.egg-info/entry_points.txt
[3.049s] writing requirements to ../build/locomotion_core/locomotion_core.egg-info/requires.txt
[3.050s] writing top-level names to ../build/locomotion_core/locomotion_core.egg-info/top_level.txt
[3.114s] reading manifest file '../build/locomotion_core/locomotion_core.egg-info/SOURCES.txt'
[3.116s] writing manifest file '../build/locomotion_core/locomotion_core.egg-info/SOURCES.txt'
[3.117s] running build
[3.117s] running build_py
[3.118s] copying locomotion_core/rover_state_controller.py -> /home/rsl/Desktop/Indoor_Mobile_Robotic_Arm/Thesis/ws/src/build/locomotion_core/build/lib/locomotion_core
[3.118s] running install
[3.120s] running install_lib
[3.122s] copying /home/rsl/Desktop/Indoor_Mobile_Robotic_Arm/Thesis/ws/src/build/locomotion_core/build/lib/locomotion_core/rover_state_controller.py -> /home/rsl/Desktop/Indoor_Mobile_Robotic_Arm/Thesis/ws/src/install/locomotion_core/lib/python3.8/site-packages/locomotion_core
[3.124s] byte-compiling /home/rsl/Desktop/Indoor_Mobile_Robotic_Arm/Thesis/ws/src/install/locomotion_core/lib/python3.8/site-packages/locomotion_core/rover_state_controller.py to rover_state_controller.cpython-38.pyc
[3.129s] running install_data
[3.129s] running install_egg_info
[3.132s] removing '/home/rsl/Desktop/Indoor_Mobile_Robotic_Arm/Thesis/ws/src/install/locomotion_core/lib/python3.8/site-packages/locomotion_core-0.0.0-py3.8.egg-info' (and everything under it)
[3.133s] Copying ../build/locomotion_core/locomotion_core.egg-info to /home/rsl/Desktop/Indoor_Mobile_Robotic_Arm/Thesis/ws/src/install/locomotion_core/lib/python3.8/site-packages/locomotion_core-0.0.0-py3.8.egg-info
[3.135s] running install_scripts
[3.174s] Installing cmd_roboteq script to /home/rsl/Desktop/Indoor_Mobile_Robotic_Arm/Thesis/ws/src/install/locomotion_core/lib/locomotion_core
[3.174s] Installing drive_selector script to /home/rsl/Desktop/Indoor_Mobile_Robotic_Arm/Thesis/ws/src/install/locomotion_core/lib/locomotion_core
[3.174s] Installing movebase_core script to /home/rsl/Desktop/Indoor_Mobile_Robotic_Arm/Thesis/ws/src/install/locomotion_core/lib/locomotion_core
[3.175s] Installing rover_state_controller script to /home/rsl/Desktop/Indoor_Mobile_Robotic_Arm/Thesis/ws/src/install/locomotion_core/lib/locomotion_core
[3.176s] writing list of installed files to '/home/rsl/Desktop/Indoor_Mobile_Robotic_Arm/Thesis/ws/src/build/locomotion_core/install.log'
[3.258s] Invoked command in '/home/rsl/Desktop/Indoor_Mobile_Robotic_Arm/Thesis/ws/src/locomotion_core' returned '0': PYTHONPATH=/home/rsl/Desktop/Indoor_Mobile_Robotic_Arm/Thesis/ws/src/build/locomotion_core/prefix_override:/home/rsl/Desktop/Indoor_Mobile_Robotic_Arm/Thesis/ws/src/install/locomotion_core/lib/python3.8/site-packages:${PYTHONPATH} /usr/bin/python3 setup.py egg_info --egg-base ../build/locomotion_core build --build-base /home/rsl/Desktop/Indoor_Mobile_Robotic_Arm/Thesis/ws/src/build/locomotion_core/build install --record /home/rsl/Desktop/Indoor_Mobile_Robotic_Arm/Thesis/ws/src/build/locomotion_core/install.log --single-version-externally-managed
