[0.457s] Invoking command in '/home/rslam/Desktop/Thesis/ws/src/locomotion_core': PYTHONPATH=/home/rslam/Desktop/Thesis/ws/src/build/locomotion_core/prefix_override:/home/rslam/Desktop/Thesis/ws/src/install/locomotion_core/lib/python3.10/site-packages:${PYTHONPATH} /usr/bin/python3 setup.py egg_info --egg-base ../build/locomotion_core build --build-base /home/rslam/Desktop/Thesis/ws/src/build/locomotion_core/build install --record /home/rslam/Desktop/Thesis/ws/src/build/locomotion_core/install.log --single-version-externally-managed
[0.601s] running egg_info
[0.601s] creating ../build/locomotion_core/locomotion_core.egg-info
[0.602s] writing ../build/locomotion_core/locomotion_core.egg-info/PKG-INFO
[0.602s] writing dependency_links to ../build/locomotion_core/locomotion_core.egg-info/dependency_links.txt
[0.602s] writing entry points to ../build/locomotion_core/locomotion_core.egg-info/entry_points.txt
[0.602s] writing requirements to ../build/locomotion_core/locomotion_core.egg-info/requires.txt
[0.602s] writing top-level names to ../build/locomotion_core/locomotion_core.egg-info/top_level.txt
[0.602s] writing manifest file '../build/locomotion_core/locomotion_core.egg-info/SOURCES.txt'
[0.603s] reading manifest file '../build/locomotion_core/locomotion_core.egg-info/SOURCES.txt'
[0.604s] writing manifest file '../build/locomotion_core/locomotion_core.egg-info/SOURCES.txt'
[0.604s] running build
[0.604s] running build_py
[0.605s] creating /home/rslam/Desktop/Thesis/ws/src/build/locomotion_core/build
[0.605s] creating /home/rslam/Desktop/Thesis/ws/src/build/locomotion_core/build/lib
[0.605s] creating /home/rslam/Desktop/Thesis/ws/src/build/locomotion_core/build/lib/locomotion_core
[0.605s] copying locomotion_core/movebase_core.py -> /home/rslam/Desktop/Thesis/ws/src/build/locomotion_core/build/lib/locomotion_core
[0.605s] copying locomotion_core/cmd_roboteq.py -> /home/rslam/Desktop/Thesis/ws/src/build/locomotion_core/build/lib/locomotion_core
[0.605s] copying locomotion_core/drive_selector.py -> /home/rslam/Desktop/Thesis/ws/src/build/locomotion_core/build/lib/locomotion_core
[0.605s] copying locomotion_core/driver_node.py -> /home/rslam/Desktop/Thesis/ws/src/build/locomotion_core/build/lib/locomotion_core
[0.605s] /usr/lib/python3/dist-packages/setuptools/command/install.py:34: SetuptoolsDeprecationWarning: setup.py install is deprecated. Use build and pip and other standards-based tools.
[0.605s]   warnings.warn(
[0.605s] copying locomotion_core/__init__.py -> /home/rslam/Desktop/Thesis/ws/src/build/locomotion_core/build/lib/locomotion_core
[0.606s] copying locomotion_core/rover_state_controller.py -> /home/rslam/Desktop/Thesis/ws/src/build/locomotion_core/build/lib/locomotion_core
[0.606s] running install
[0.606s] running install_lib
[0.607s] creating /home/rslam/Desktop/Thesis/ws/src/install/locomotion_core/lib/python3.10/site-packages/locomotion_core
[0.607s] copying /home/rslam/Desktop/Thesis/ws/src/build/locomotion_core/build/lib/locomotion_core/movebase_core.py -> /home/rslam/Desktop/Thesis/ws/src/install/locomotion_core/lib/python3.10/site-packages/locomotion_core
[0.607s] copying /home/rslam/Desktop/Thesis/ws/src/build/locomotion_core/build/lib/locomotion_core/cmd_roboteq.py -> /home/rslam/Desktop/Thesis/ws/src/install/locomotion_core/lib/python3.10/site-packages/locomotion_core
[0.607s] copying /home/rslam/Desktop/Thesis/ws/src/build/locomotion_core/build/lib/locomotion_core/drive_selector.py -> /home/rslam/Desktop/Thesis/ws/src/install/locomotion_core/lib/python3.10/site-packages/locomotion_core
[0.607s] copying /home/rslam/Desktop/Thesis/ws/src/build/locomotion_core/build/lib/locomotion_core/driver_node.py -> /home/rslam/Desktop/Thesis/ws/src/install/locomotion_core/lib/python3.10/site-packages/locomotion_core
[0.607s] copying /home/rslam/Desktop/Thesis/ws/src/build/locomotion_core/build/lib/locomotion_core/__init__.py -> /home/rslam/Desktop/Thesis/ws/src/install/locomotion_core/lib/python3.10/site-packages/locomotion_core
[0.607s] copying /home/rslam/Desktop/Thesis/ws/src/build/locomotion_core/build/lib/locomotion_core/rover_state_controller.py -> /home/rslam/Desktop/Thesis/ws/src/install/locomotion_core/lib/python3.10/site-packages/locomotion_core
[0.607s] byte-compiling /home/rslam/Desktop/Thesis/ws/src/install/locomotion_core/lib/python3.10/site-packages/locomotion_core/movebase_core.py to movebase_core.cpython-310.pyc
[0.607s] byte-compiling /home/rslam/Desktop/Thesis/ws/src/install/locomotion_core/lib/python3.10/site-packages/locomotion_core/cmd_roboteq.py to cmd_roboteq.cpython-310.pyc
[0.608s] byte-compiling /home/rslam/Desktop/Thesis/ws/src/install/locomotion_core/lib/python3.10/site-packages/locomotion_core/drive_selector.py to drive_selector.cpython-310.pyc
[0.608s] byte-compiling /home/rslam/Desktop/Thesis/ws/src/install/locomotion_core/lib/python3.10/site-packages/locomotion_core/driver_node.py to driver_node.cpython-310.pyc
[0.608s] byte-compiling /home/rslam/Desktop/Thesis/ws/src/install/locomotion_core/lib/python3.10/site-packages/locomotion_core/__init__.py to __init__.cpython-310.pyc
[0.608s] byte-compiling /home/rslam/Desktop/Thesis/ws/src/install/locomotion_core/lib/python3.10/site-packages/locomotion_core/rover_state_controller.py to rover_state_controller.cpython-310.pyc
[0.610s] running install_data
[0.610s] creating /home/rslam/Desktop/Thesis/ws/src/install/locomotion_core/share/ament_index
[0.610s] creating /home/rslam/Desktop/Thesis/ws/src/install/locomotion_core/share/ament_index/resource_index
[0.610s] creating /home/rslam/Desktop/Thesis/ws/src/install/locomotion_core/share/ament_index/resource_index/packages
[0.610s] copying resource/locomotion_core -> /home/rslam/Desktop/Thesis/ws/src/install/locomotion_core/share/ament_index/resource_index/packages
[0.610s] copying package.xml -> /home/rslam/Desktop/Thesis/ws/src/install/locomotion_core/share/locomotion_core
[0.610s] running install_egg_info
[0.610s] Copying ../build/locomotion_core/locomotion_core.egg-info to /home/rslam/Desktop/Thesis/ws/src/install/locomotion_core/lib/python3.10/site-packages/locomotion_core-0.0.0-py3.10.egg-info
[0.612s] running install_scripts
[0.630s] Installing cmd_roboteq script to /home/rslam/Desktop/Thesis/ws/src/install/locomotion_core/lib/locomotion_core
[0.630s] Installing drive_selector script to /home/rslam/Desktop/Thesis/ws/src/install/locomotion_core/lib/locomotion_core
[0.630s] Installing movebase_core script to /home/rslam/Desktop/Thesis/ws/src/install/locomotion_core/lib/locomotion_core
[0.631s] Installing rover_state_controller script to /home/rslam/Desktop/Thesis/ws/src/install/locomotion_core/lib/locomotion_core
[0.631s] writing list of installed files to '/home/rslam/Desktop/Thesis/ws/src/build/locomotion_core/install.log'
[0.658s] Invoked command in '/home/rslam/Desktop/Thesis/ws/src/locomotion_core' returned '0': PYTHONPATH=/home/rslam/Desktop/Thesis/ws/src/build/locomotion_core/prefix_override:/home/rslam/Desktop/Thesis/ws/src/install/locomotion_core/lib/python3.10/site-packages:${PYTHONPATH} /usr/bin/python3 setup.py egg_info --egg-base ../build/locomotion_core build --build-base /home/rslam/Desktop/Thesis/ws/src/build/locomotion_core/build install --record /home/rslam/Desktop/Thesis/ws/src/build/locomotion_core/install.log --single-version-externally-managed
