[0.056s] Invoking command in '/home/vboxuser/ws/build/robot_start': AMENT_PREFIX_PATH=/home/vboxuser/ws/install/my_robot_ctrl:/home/vboxuser/ws/install/py_pubsub:/home/vboxuser/ros2_ws/install/py_pubsub:/home/vboxuser/ros2_ws/install/teleop_twist_joy:/home/vboxuser/ros2_ws/install/my_package:/opt/ros/humble CMAKE_PREFIX_PATH=${CMAKE_PREFIX_PATH}:/home/vboxuser/ws/install/py_pubsub:/home/vboxuser/ws/install/my_robot_ctrl:/home/vboxuser/ros2_ws/install/py_pubsub:/opt/ros/humble PYTHONPATH=/home/vboxuser/ws/install/my_robot_ctrl/lib/python3.10/site-packages:/home/vboxuser/ws/install/py_pubsub/lib/python3.10/site-packages:/home/vboxuser/ros2_ws/install/py_pubsub/lib/python3.10/site-packages:/home/vboxuser/ros2_ws/install/my_package/lib/python3.10/site-packages:/opt/ros/humble/lib/python3.10/site-packages:/opt/ros/humble/local/lib/python3.10/dist-packages /usr/bin/cmake /home/vboxuser/ws/src/robot_start -DCMAKE_INSTALL_PREFIX=/home/vboxuser/ws/install/robot_start
[0.290s] -- The C compiler identification is GNU 11.3.0
[0.406s] -- The CXX compiler identification is GNU 11.3.0
[0.418s] -- Detecting C compiler ABI info
[0.660s] -- Detecting C compiler ABI info - done
[0.680s] -- Check for working C compiler: /usr/bin/cc - skipped
[0.680s] -- Detecting C compile features
[0.688s] -- Detecting C compile features - done
[0.693s] -- Detecting CXX compiler ABI info
[0.971s] -- Detecting CXX compiler ABI info - done
[0.992s] -- Check for working CXX compiler: /usr/bin/c++ - skipped
[0.993s] -- Detecting CXX compile features
[0.994s] -- Detecting CXX compile features - done
[0.998s] -- Found ament_cmake: 1.3.3 (/opt/ros/humble/share/ament_cmake/cmake)
[1.394s] -- Found Python3: /usr/bin/python3.10 (found version "3.10.6") found components: Interpreter 
[1.619s] -- Found ament_lint_auto: 0.12.5 (/opt/ros/humble/share/ament_lint_auto/cmake)
[1.825s] -- Added test 'flake8' to check Python code syntax and style conventions
[1.826s] -- Added test 'lint_cmake' to check CMake code style
[1.826s] -- Added test 'pep257' to check Python code against some of the docstring style conventions in PEP 257
[1.827s] -- Added test 'xmllint' to check XML markup files
[1.828s] -- Configuring done
[1.852s] -- Generating done
[1.854s] -- Build files have been written to: /home/vboxuser/ws/build/robot_start
[1.890s] Invoked command in '/home/vboxuser/ws/build/robot_start' returned '0': AMENT_PREFIX_PATH=/home/vboxuser/ws/install/my_robot_ctrl:/home/vboxuser/ws/install/py_pubsub:/home/vboxuser/ros2_ws/install/py_pubsub:/home/vboxuser/ros2_ws/install/teleop_twist_joy:/home/vboxuser/ros2_ws/install/my_package:/opt/ros/humble CMAKE_PREFIX_PATH=${CMAKE_PREFIX_PATH}:/home/vboxuser/ws/install/py_pubsub:/home/vboxuser/ws/install/my_robot_ctrl:/home/vboxuser/ros2_ws/install/py_pubsub:/opt/ros/humble PYTHONPATH=/home/vboxuser/ws/install/my_robot_ctrl/lib/python3.10/site-packages:/home/vboxuser/ws/install/py_pubsub/lib/python3.10/site-packages:/home/vboxuser/ros2_ws/install/py_pubsub/lib/python3.10/site-packages:/home/vboxuser/ros2_ws/install/my_package/lib/python3.10/site-packages:/opt/ros/humble/lib/python3.10/site-packages:/opt/ros/humble/local/lib/python3.10/dist-packages /usr/bin/cmake /home/vboxuser/ws/src/robot_start -DCMAKE_INSTALL_PREFIX=/home/vboxuser/ws/install/robot_start
[1.891s] Invoking command in '/home/vboxuser/ws/build/robot_start': AMENT_PREFIX_PATH=/home/vboxuser/ws/install/my_robot_ctrl:/home/vboxuser/ws/install/py_pubsub:/home/vboxuser/ros2_ws/install/py_pubsub:/home/vboxuser/ros2_ws/install/teleop_twist_joy:/home/vboxuser/ros2_ws/install/my_package:/opt/ros/humble CMAKE_PREFIX_PATH=${CMAKE_PREFIX_PATH}:/home/vboxuser/ws/install/py_pubsub:/home/vboxuser/ws/install/my_robot_ctrl:/home/vboxuser/ros2_ws/install/py_pubsub:/opt/ros/humble PYTHONPATH=/home/vboxuser/ws/install/my_robot_ctrl/lib/python3.10/site-packages:/home/vboxuser/ws/install/py_pubsub/lib/python3.10/site-packages:/home/vboxuser/ros2_ws/install/py_pubsub/lib/python3.10/site-packages:/home/vboxuser/ros2_ws/install/my_package/lib/python3.10/site-packages:/opt/ros/humble/lib/python3.10/site-packages:/opt/ros/humble/local/lib/python3.10/dist-packages /usr/bin/cmake --build /home/vboxuser/ws/build/robot_start -- -j6 -l6
[1.987s] Invoked command in '/home/vboxuser/ws/build/robot_start' returned '0': AMENT_PREFIX_PATH=/home/vboxuser/ws/install/my_robot_ctrl:/home/vboxuser/ws/install/py_pubsub:/home/vboxuser/ros2_ws/install/py_pubsub:/home/vboxuser/ros2_ws/install/teleop_twist_joy:/home/vboxuser/ros2_ws/install/my_package:/opt/ros/humble CMAKE_PREFIX_PATH=${CMAKE_PREFIX_PATH}:/home/vboxuser/ws/install/py_pubsub:/home/vboxuser/ws/install/my_robot_ctrl:/home/vboxuser/ros2_ws/install/py_pubsub:/opt/ros/humble PYTHONPATH=/home/vboxuser/ws/install/my_robot_ctrl/lib/python3.10/site-packages:/home/vboxuser/ws/install/py_pubsub/lib/python3.10/site-packages:/home/vboxuser/ros2_ws/install/py_pubsub/lib/python3.10/site-packages:/home/vboxuser/ros2_ws/install/my_package/lib/python3.10/site-packages:/opt/ros/humble/lib/python3.10/site-packages:/opt/ros/humble/local/lib/python3.10/dist-packages /usr/bin/cmake --build /home/vboxuser/ws/build/robot_start -- -j6 -l6
[2.068s] Invoking command in '/home/vboxuser/ws/build/robot_start': AMENT_PREFIX_PATH=/home/vboxuser/ws/install/my_robot_ctrl:/home/vboxuser/ws/install/py_pubsub:/home/vboxuser/ros2_ws/install/py_pubsub:/home/vboxuser/ros2_ws/install/teleop_twist_joy:/home/vboxuser/ros2_ws/install/my_package:/opt/ros/humble CMAKE_PREFIX_PATH=${CMAKE_PREFIX_PATH}:/home/vboxuser/ws/install/py_pubsub:/home/vboxuser/ws/install/my_robot_ctrl:/home/vboxuser/ros2_ws/install/py_pubsub:/opt/ros/humble PYTHONPATH=/home/vboxuser/ws/install/my_robot_ctrl/lib/python3.10/site-packages:/home/vboxuser/ws/install/py_pubsub/lib/python3.10/site-packages:/home/vboxuser/ros2_ws/install/py_pubsub/lib/python3.10/site-packages:/home/vboxuser/ros2_ws/install/my_package/lib/python3.10/site-packages:/opt/ros/humble/lib/python3.10/site-packages:/opt/ros/humble/local/lib/python3.10/dist-packages /usr/bin/cmake --install /home/vboxuser/ws/build/robot_start
[2.081s] -- Install configuration: ""
[2.081s] -- Installing: /home/vboxuser/ws/install/robot_start/share/robot_start/launch
[2.082s] -- Installing: /home/vboxuser/ws/install/robot_start/share/robot_start/launch/demo.launch.py
[2.082s] -- Installing: /home/vboxuser/ws/install/robot_start/share/ament_index/resource_index/package_run_dependencies/robot_start
[2.082s] -- Installing: /home/vboxuser/ws/install/robot_start/share/ament_index/resource_index/parent_prefix_path/robot_start
[2.082s] -- Installing: /home/vboxuser/ws/install/robot_start/share/robot_start/environment/ament_prefix_path.sh
[2.082s] -- Installing: /home/vboxuser/ws/install/robot_start/share/robot_start/environment/ament_prefix_path.dsv
[2.083s] -- Installing: /home/vboxuser/ws/install/robot_start/share/robot_start/environment/path.sh
[2.083s] -- Installing: /home/vboxuser/ws/install/robot_start/share/robot_start/environment/path.dsv
[2.083s] -- Installing: /home/vboxuser/ws/install/robot_start/share/robot_start/local_setup.bash
[2.083s] -- Installing: /home/vboxuser/ws/install/robot_start/share/robot_start/local_setup.sh
[2.083s] -- Installing: /home/vboxuser/ws/install/robot_start/share/robot_start/local_setup.zsh
[2.084s] -- Installing: /home/vboxuser/ws/install/robot_start/share/robot_start/local_setup.dsv
[2.084s] -- Installing: /home/vboxuser/ws/install/robot_start/share/robot_start/package.dsv
[2.087s] -- Installing: /home/vboxuser/ws/install/robot_start/share/ament_index/resource_index/packages/robot_start
[2.088s] -- Installing: /home/vboxuser/ws/install/robot_start/share/robot_start/cmake/robot_startConfig.cmake
[2.088s] -- Installing: /home/vboxuser/ws/install/robot_start/share/robot_start/cmake/robot_startConfig-version.cmake
[2.088s] -- Installing: /home/vboxuser/ws/install/robot_start/share/robot_start/package.xml
[2.091s] Invoked command in '/home/vboxuser/ws/build/robot_start' returned '0': AMENT_PREFIX_PATH=/home/vboxuser/ws/install/my_robot_ctrl:/home/vboxuser/ws/install/py_pubsub:/home/vboxuser/ros2_ws/install/py_pubsub:/home/vboxuser/ros2_ws/install/teleop_twist_joy:/home/vboxuser/ros2_ws/install/my_package:/opt/ros/humble CMAKE_PREFIX_PATH=${CMAKE_PREFIX_PATH}:/home/vboxuser/ws/install/py_pubsub:/home/vboxuser/ws/install/my_robot_ctrl:/home/vboxuser/ros2_ws/install/py_pubsub:/opt/ros/humble PYTHONPATH=/home/vboxuser/ws/install/my_robot_ctrl/lib/python3.10/site-packages:/home/vboxuser/ws/install/py_pubsub/lib/python3.10/site-packages:/home/vboxuser/ros2_ws/install/py_pubsub/lib/python3.10/site-packages:/home/vboxuser/ros2_ws/install/my_package/lib/python3.10/site-packages:/opt/ros/humble/lib/python3.10/site-packages:/opt/ros/humble/local/lib/python3.10/dist-packages /usr/bin/cmake --install /home/vboxuser/ws/build/robot_start
