[ 12%] Built target roboteq_interface__rosidl_generator_c
[ 12%] Built target roboteq_interface__cpp
[ 22%] Built target roboteq_interface__rosidl_typesupport_introspection_cpp
[ 32%] Built target roboteq_interface__rosidl_typesupport_introspection_c
[ 41%] Built target roboteq_interface__rosidl_typesupport_fastrtps_cpp
[ 51%] Built target roboteq_interface__rosidl_typesupport_c
[ 61%] Built target roboteq_interface__rosidl_typesupport_cpp
[ 70%] Built target roboteq_interface__rosidl_typesupport_fastrtps_c
[ 70%] Built target roboteq_interface
[ 74%] Built target roboteq_interface__py
[ 80%] Built target roboteq_interface__python
[ 87%] Built target roboteq_interface__rosidl_typesupport_introspection_c__pyext
[ 93%] Built target roboteq_interface__rosidl_typesupport_c__pyext
[100%] Built target roboteq_interface__rosidl_typesupport_fastrtps_c__pyext
-- Install configuration: ""
-- Up-to-date: /home/rsl/Desktop/Indoor_Mobile_Robotic_Arm/Thesis/ws/install/roboteq_interface/share/ament_index/resource_index/rosidl_interfaces/roboteq_interface
-- Up-to-date: /home/rsl/Desktop/Indoor_Mobile_Robotic_Arm/Thesis/ws/install/roboteq_interface/include/roboteq_interface
-- Up-to-date: /home/rsl/Desktop/Indoor_Mobile_Robotic_Arm/Thesis/ws/install/roboteq_interface/include/roboteq_interface/msg
-- Up-to-date: /home/rsl/Desktop/Indoor_Mobile_Robotic_Arm/Thesis/ws/install/roboteq_interface/include/roboteq_interface/msg/rosidl_generator_c__visibility_control.h
-- Up-to-date: /home/rsl/Desktop/Indoor_Mobile_Robotic_Arm/Thesis/ws/install/roboteq_interface/include/roboteq_interface/msg/driver_list.h
-- Up-to-date: /home/rsl/Desktop/Indoor_Mobile_Robotic_Arm/Thesis/ws/install/roboteq_interface/include/roboteq_interface/msg/detail
-- Up-to-date: /home/rsl/Desktop/Indoor_Mobile_Robotic_Arm/Thesis/ws/install/roboteq_interface/include/roboteq_interface/msg/detail/driver_list__type_support.h
-- Up-to-date: /home/rsl/Desktop/Indoor_Mobile_Robotic_Arm/Thesis/ws/install/roboteq_interface/include/roboteq_interface/msg/detail/driver_list__functions.h
-- Up-to-date: /home/rsl/Desktop/Indoor_Mobile_Robotic_Arm/Thesis/ws/install/roboteq_interface/include/roboteq_interface/msg/detail/driver_list__struct.h
-- Up-to-date: /home/rsl/Desktop/Indoor_Mobile_Robotic_Arm/Thesis/ws/install/roboteq_interface/include/roboteq_interface/msg/detail/driver_list__functions.c
-- Up-to-date: /home/rsl/Desktop/Indoor_Mobile_Robotic_Arm/Thesis/ws/install/roboteq_interface/share/roboteq_interface/environment/library_path.sh
-- Up-to-date: /home/rsl/Desktop/Indoor_Mobile_Robotic_Arm/Thesis/ws/install/roboteq_interface/share/roboteq_interface/environment/library_path.dsv
-- Up-to-date: /home/rsl/Desktop/Indoor_Mobile_Robotic_Arm/Thesis/ws/install/roboteq_interface/lib/libroboteq_interface__rosidl_generator_c.so
-- Up-to-date: /home/rsl/Desktop/Indoor_Mobile_Robotic_Arm/Thesis/ws/install/roboteq_interface/include/roboteq_interface
-- Up-to-date: /home/rsl/Desktop/Indoor_Mobile_Robotic_Arm/Thesis/ws/install/roboteq_interface/include/roboteq_interface/msg
-- Up-to-date: /home/rsl/Desktop/Indoor_Mobile_Robotic_Arm/Thesis/ws/install/roboteq_interface/include/roboteq_interface/msg/rosidl_typesupport_fastrtps_c__visibility_control.h
-- Up-to-date: /home/rsl/Desktop/Indoor_Mobile_Robotic_Arm/Thesis/ws/install/roboteq_interface/include/roboteq_interface/msg/detail
-- Up-to-date: /home/rsl/Desktop/Indoor_Mobile_Robotic_Arm/Thesis/ws/install/roboteq_interface/include/roboteq_interface/msg/detail/driver_list__rosidl_typesupport_fastrtps_c.h
-- Up-to-date: /home/rsl/Desktop/Indoor_Mobile_Robotic_Arm/Thesis/ws/install/roboteq_interface/lib/libroboteq_interface__rosidl_typesupport_fastrtps_c.so
-- Up-to-date: /home/rsl/Desktop/Indoor_Mobile_Robotic_Arm/Thesis/ws/install/roboteq_interface/include/roboteq_interface
-- Up-to-date: /home/rsl/Desktop/Indoor_Mobile_Robotic_Arm/Thesis/ws/install/roboteq_interface/include/roboteq_interface/msg
-- Up-to-date: /home/rsl/Desktop/Indoor_Mobile_Robotic_Arm/Thesis/ws/install/roboteq_interface/include/roboteq_interface/msg/rosidl_typesupport_fastrtps_cpp__visibility_control.h
-- Up-to-date: /home/rsl/Desktop/Indoor_Mobile_Robotic_Arm/Thesis/ws/install/roboteq_interface/include/roboteq_interface/msg/detail
-- Up-to-date: /home/rsl/Desktop/Indoor_Mobile_Robotic_Arm/Thesis/ws/install/roboteq_interface/include/roboteq_interface/msg/detail/dds_fastrtps
-- Up-to-date: /home/rsl/Desktop/Indoor_Mobile_Robotic_Arm/Thesis/ws/install/roboteq_interface/include/roboteq_interface/msg/detail/driver_list__rosidl_typesupport_fastrtps_cpp.hpp
-- Up-to-date: /home/rsl/Desktop/Indoor_Mobile_Robotic_Arm/Thesis/ws/install/roboteq_interface/lib/libroboteq_interface__rosidl_typesupport_fastrtps_cpp.so
-- Up-to-date: /home/rsl/Desktop/Indoor_Mobile_Robotic_Arm/Thesis/ws/install/roboteq_interface/include/roboteq_interface
-- Up-to-date: /home/rsl/Desktop/Indoor_Mobile_Robotic_Arm/Thesis/ws/install/roboteq_interface/include/roboteq_interface/msg
-- Up-to-date: /home/rsl/Desktop/Indoor_Mobile_Robotic_Arm/Thesis/ws/install/roboteq_interface/include/roboteq_interface/msg/rosidl_typesupport_introspection_c__visibility_control.h
-- Up-to-date: /home/rsl/Desktop/Indoor_Mobile_Robotic_Arm/Thesis/ws/install/roboteq_interface/include/roboteq_interface/msg/detail
-- Up-to-date: /home/rsl/Desktop/Indoor_Mobile_Robotic_Arm/Thesis/ws/install/roboteq_interface/include/roboteq_interface/msg/detail/driver_list__type_support.c
-- Up-to-date: /home/rsl/Desktop/Indoor_Mobile_Robotic_Arm/Thesis/ws/install/roboteq_interface/include/roboteq_interface/msg/detail/driver_list__rosidl_typesupport_introspection_c.h
-- Up-to-date: /home/rsl/Desktop/Indoor_Mobile_Robotic_Arm/Thesis/ws/install/roboteq_interface/lib/libroboteq_interface__rosidl_typesupport_introspection_c.so
-- Up-to-date: /home/rsl/Desktop/Indoor_Mobile_Robotic_Arm/Thesis/ws/install/roboteq_interface/lib/libroboteq_interface__rosidl_typesupport_c.so
-- Up-to-date: /home/rsl/Desktop/Indoor_Mobile_Robotic_Arm/Thesis/ws/install/roboteq_interface/include/roboteq_interface
-- Up-to-date: /home/rsl/Desktop/Indoor_Mobile_Robotic_Arm/Thesis/ws/install/roboteq_interface/include/roboteq_interface/msg
-- Up-to-date: /home/rsl/Desktop/Indoor_Mobile_Robotic_Arm/Thesis/ws/install/roboteq_interface/include/roboteq_interface/msg/driver_list.hpp
-- Up-to-date: /home/rsl/Desktop/Indoor_Mobile_Robotic_Arm/Thesis/ws/install/roboteq_interface/include/roboteq_interface/msg/detail
-- Up-to-date: /home/rsl/Desktop/Indoor_Mobile_Robotic_Arm/Thesis/ws/install/roboteq_interface/include/roboteq_interface/msg/detail/driver_list__traits.hpp
-- Up-to-date: /home/rsl/Desktop/Indoor_Mobile_Robotic_Arm/Thesis/ws/install/roboteq_interface/include/roboteq_interface/msg/detail/driver_list__builder.hpp
-- Up-to-date: /home/rsl/Desktop/Indoor_Mobile_Robotic_Arm/Thesis/ws/install/roboteq_interface/include/roboteq_interface/msg/detail/driver_list__struct.hpp
-- Up-to-date: /home/rsl/Desktop/Indoor_Mobile_Robotic_Arm/Thesis/ws/install/roboteq_interface/include/roboteq_interface
-- Up-to-date: /home/rsl/Desktop/Indoor_Mobile_Robotic_Arm/Thesis/ws/install/roboteq_interface/include/roboteq_interface/msg
-- Up-to-date: /home/rsl/Desktop/Indoor_Mobile_Robotic_Arm/Thesis/ws/install/roboteq_interface/include/roboteq_interface/msg/detail
-- Up-to-date: /home/rsl/Desktop/Indoor_Mobile_Robotic_Arm/Thesis/ws/install/roboteq_interface/include/roboteq_interface/msg/detail/driver_list__rosidl_typesupport_introspection_cpp.hpp
-- Up-to-date: /home/rsl/Desktop/Indoor_Mobile_Robotic_Arm/Thesis/ws/install/roboteq_interface/include/roboteq_interface/msg/detail/driver_list__type_support.cpp
-- Up-to-date: /home/rsl/Desktop/Indoor_Mobile_Robotic_Arm/Thesis/ws/install/roboteq_interface/lib/libroboteq_interface__rosidl_typesupport_introspection_cpp.so
-- Up-to-date: /home/rsl/Desktop/Indoor_Mobile_Robotic_Arm/Thesis/ws/install/roboteq_interface/lib/libroboteq_interface__rosidl_typesupport_cpp.so
-- Up-to-date: /home/rsl/Desktop/Indoor_Mobile_Robotic_Arm/Thesis/ws/install/roboteq_interface/share/roboteq_interface/environment/pythonpath.sh
-- Up-to-date: /home/rsl/Desktop/Indoor_Mobile_Robotic_Arm/Thesis/ws/install/roboteq_interface/share/roboteq_interface/environment/pythonpath.dsv
-- Up-to-date: /home/rsl/Desktop/Indoor_Mobile_Robotic_Arm/Thesis/ws/install/roboteq_interface/lib/python3.8/site-packages/roboteq_interface/__init__.py
-- Up-to-date: /home/rsl/Desktop/Indoor_Mobile_Robotic_Arm/Thesis/ws/install/roboteq_interface/lib/python3.8/site-packages/roboteq_interface/msg
-- Up-to-date: /home/rsl/Desktop/Indoor_Mobile_Robotic_Arm/Thesis/ws/install/roboteq_interface/lib/python3.8/site-packages/roboteq_interface/msg/_driver_list_s.c
-- Up-to-date: /home/rsl/Desktop/Indoor_Mobile_Robotic_Arm/Thesis/ws/install/roboteq_interface/lib/python3.8/site-packages/roboteq_interface/msg/__init__.py
-- Up-to-date: /home/rsl/Desktop/Indoor_Mobile_Robotic_Arm/Thesis/ws/install/roboteq_interface/lib/python3.8/site-packages/roboteq_interface/msg/_driver_list.py
-- Up-to-date: /home/rsl/Desktop/Indoor_Mobile_Robotic_Arm/Thesis/ws/install/roboteq_interface/lib/python3.8/site-packages/roboteq_interface/roboteq_interface_s__rosidl_typesupport_fastrtps_c.cpython-38-aarch64-linux-gnu.so
-- Up-to-date: /home/rsl/Desktop/Indoor_Mobile_Robotic_Arm/Thesis/ws/install/roboteq_interface/lib/python3.8/site-packages/roboteq_interface/roboteq_interface_s__rosidl_typesupport_introspection_c.cpython-38-aarch64-linux-gnu.so
-- Up-to-date: /home/rsl/Desktop/Indoor_Mobile_Robotic_Arm/Thesis/ws/install/roboteq_interface/lib/python3.8/site-packages/roboteq_interface/roboteq_interface_s__rosidl_typesupport_c.cpython-38-aarch64-linux-gnu.so
-- Up-to-date: /home/rsl/Desktop/Indoor_Mobile_Robotic_Arm/Thesis/ws/install/roboteq_interface/lib/libroboteq_interface__python.so
-- Up-to-date: /home/rsl/Desktop/Indoor_Mobile_Robotic_Arm/Thesis/ws/install/roboteq_interface/share/roboteq_interface/msg/DriverList.idl
-- Up-to-date: /home/rsl/Desktop/Indoor_Mobile_Robotic_Arm/Thesis/ws/install/roboteq_interface/share/roboteq_interface/msg/DriverList.msg
-- Up-to-date: /home/rsl/Desktop/Indoor_Mobile_Robotic_Arm/Thesis/ws/install/roboteq_interface/share/ament_index/resource_index/package_run_dependencies/roboteq_interface
-- Up-to-date: /home/rsl/Desktop/Indoor_Mobile_Robotic_Arm/Thesis/ws/install/roboteq_interface/share/ament_index/resource_index/parent_prefix_path/roboteq_interface
-- Up-to-date: /home/rsl/Desktop/Indoor_Mobile_Robotic_Arm/Thesis/ws/install/roboteq_interface/share/roboteq_interface/environment/ament_prefix_path.sh
-- Up-to-date: /home/rsl/Desktop/Indoor_Mobile_Robotic_Arm/Thesis/ws/install/roboteq_interface/share/roboteq_interface/environment/ament_prefix_path.dsv
-- Up-to-date: /home/rsl/Desktop/Indoor_Mobile_Robotic_Arm/Thesis/ws/install/roboteq_interface/share/roboteq_interface/environment/path.sh
-- Up-to-date: /home/rsl/Desktop/Indoor_Mobile_Robotic_Arm/Thesis/ws/install/roboteq_interface/share/roboteq_interface/environment/path.dsv
-- Up-to-date: /home/rsl/Desktop/Indoor_Mobile_Robotic_Arm/Thesis/ws/install/roboteq_interface/share/roboteq_interface/local_setup.bash
-- Up-to-date: /home/rsl/Desktop/Indoor_Mobile_Robotic_Arm/Thesis/ws/install/roboteq_interface/share/roboteq_interface/local_setup.sh
-- Up-to-date: /home/rsl/Desktop/Indoor_Mobile_Robotic_Arm/Thesis/ws/install/roboteq_interface/share/roboteq_interface/local_setup.zsh
-- Up-to-date: /home/rsl/Desktop/Indoor_Mobile_Robotic_Arm/Thesis/ws/install/roboteq_interface/share/roboteq_interface/local_setup.dsv
-- Installing: /home/rsl/Desktop/Indoor_Mobile_Robotic_Arm/Thesis/ws/install/roboteq_interface/share/roboteq_interface/package.dsv
-- Up-to-date: /home/rsl/Desktop/Indoor_Mobile_Robotic_Arm/Thesis/ws/install/roboteq_interface/share/ament_index/resource_index/packages/roboteq_interface
-- Up-to-date: /home/rsl/Desktop/Indoor_Mobile_Robotic_Arm/Thesis/ws/install/roboteq_interface/share/roboteq_interface/cmake/roboteq_interface__rosidl_generator_cExport.cmake
-- Up-to-date: /home/rsl/Desktop/Indoor_Mobile_Robotic_Arm/Thesis/ws/install/roboteq_interface/share/roboteq_interface/cmake/roboteq_interface__rosidl_generator_cExport-noconfig.cmake
-- Up-to-date: /home/rsl/Desktop/Indoor_Mobile_Robotic_Arm/Thesis/ws/install/roboteq_interface/share/roboteq_interface/cmake/roboteq_interface__rosidl_typesupport_introspection_cExport.cmake
-- Up-to-date: /home/rsl/Desktop/Indoor_Mobile_Robotic_Arm/Thesis/ws/install/roboteq_interface/share/roboteq_interface/cmake/roboteq_interface__rosidl_typesupport_introspection_cExport-noconfig.cmake
-- Up-to-date: /home/rsl/Desktop/Indoor_Mobile_Robotic_Arm/Thesis/ws/install/roboteq_interface/share/roboteq_interface/cmake/roboteq_interface__rosidl_typesupport_cExport.cmake
-- Up-to-date: /home/rsl/Desktop/Indoor_Mobile_Robotic_Arm/Thesis/ws/install/roboteq_interface/share/roboteq_interface/cmake/roboteq_interface__rosidl_typesupport_cExport-noconfig.cmake
-- Up-to-date: /home/rsl/Desktop/Indoor_Mobile_Robotic_Arm/Thesis/ws/install/roboteq_interface/share/roboteq_interface/cmake/roboteq_interface__rosidl_generator_cppExport.cmake
-- Up-to-date: /home/rsl/Desktop/Indoor_Mobile_Robotic_Arm/Thesis/ws/install/roboteq_interface/share/roboteq_interface/cmake/roboteq_interface__rosidl_typesupport_introspection_cppExport.cmake
-- Up-to-date: /home/rsl/Desktop/Indoor_Mobile_Robotic_Arm/Thesis/ws/install/roboteq_interface/share/roboteq_interface/cmake/roboteq_interface__rosidl_typesupport_introspection_cppExport-noconfig.cmake
-- Up-to-date: /home/rsl/Desktop/Indoor_Mobile_Robotic_Arm/Thesis/ws/install/roboteq_interface/share/roboteq_interface/cmake/roboteq_interface__rosidl_typesupport_cppExport.cmake
-- Up-to-date: /home/rsl/Desktop/Indoor_Mobile_Robotic_Arm/Thesis/ws/install/roboteq_interface/share/roboteq_interface/cmake/roboteq_interface__rosidl_typesupport_cppExport-noconfig.cmake
-- Up-to-date: /home/rsl/Desktop/Indoor_Mobile_Robotic_Arm/Thesis/ws/install/roboteq_interface/share/roboteq_interface/cmake/rosidl_cmake-extras.cmake
-- Up-to-date: /home/rsl/Desktop/Indoor_Mobile_Robotic_Arm/Thesis/ws/install/roboteq_interface/share/roboteq_interface/cmake/ament_cmake_export_dependencies-extras.cmake
-- Up-to-date: /home/rsl/Desktop/Indoor_Mobile_Robotic_Arm/Thesis/ws/install/roboteq_interface/share/roboteq_interface/cmake/ament_cmake_export_libraries-extras.cmake
-- Up-to-date: /home/rsl/Desktop/Indoor_Mobile_Robotic_Arm/Thesis/ws/install/roboteq_interface/share/roboteq_interface/cmake/ament_cmake_export_targets-extras.cmake
-- Up-to-date: /home/rsl/Desktop/Indoor_Mobile_Robotic_Arm/Thesis/ws/install/roboteq_interface/share/roboteq_interface/cmake/ament_cmake_export_include_directories-extras.cmake
-- Up-to-date: /home/rsl/Desktop/Indoor_Mobile_Robotic_Arm/Thesis/ws/install/roboteq_interface/share/roboteq_interface/cmake/rosidl_cmake_export_typesupport_libraries-extras.cmake
-- Up-to-date: /home/rsl/Desktop/Indoor_Mobile_Robotic_Arm/Thesis/ws/install/roboteq_interface/share/roboteq_interface/cmake/rosidl_cmake_export_typesupport_targets-extras.cmake
-- Up-to-date: /home/rsl/Desktop/Indoor_Mobile_Robotic_Arm/Thesis/ws/install/roboteq_interface/share/roboteq_interface/cmake/roboteq_interfaceConfig.cmake
-- Up-to-date: /home/rsl/Desktop/Indoor_Mobile_Robotic_Arm/Thesis/ws/install/roboteq_interface/share/roboteq_interface/cmake/roboteq_interfaceConfig-version.cmake
-- Up-to-date: /home/rsl/Desktop/Indoor_Mobile_Robotic_Arm/Thesis/ws/install/roboteq_interface/share/roboteq_interface/package.xml
