[0.046s] Invoking command in '/home/vboxuser/ws/build/robot_start': AMENT_PREFIX_PATH=/home/vboxuser/ws/install/my_robot_ctrl:${AMENT_PREFIX_PATH} CMAKE_PREFIX_PATH=/opt/ros/humble PYTHONPATH=/home/vboxuser/ws/install/my_robot_ctrl/lib/python3.10/site-packages:${PYTHONPATH} /usr/bin/cmake --build /home/vboxuser/ws/build/robot_start -- -j6 -l6
[0.159s] Invoked command in '/home/vboxuser/ws/build/robot_start' returned '0': AMENT_PREFIX_PATH=/home/vboxuser/ws/install/my_robot_ctrl:${AMENT_PREFIX_PATH} CMAKE_PREFIX_PATH=/opt/ros/humble PYTHONPATH=/home/vboxuser/ws/install/my_robot_ctrl/lib/python3.10/site-packages:${PYTHONPATH} /usr/bin/cmake --build /home/vboxuser/ws/build/robot_start -- -j6 -l6
[0.196s] Invoking command in '/home/vboxuser/ws/build/robot_start': AMENT_PREFIX_PATH=/home/vboxuser/ws/install/my_robot_ctrl:${AMENT_PREFIX_PATH} CMAKE_PREFIX_PATH=/opt/ros/humble PYTHONPATH=/home/vboxuser/ws/install/my_robot_ctrl/lib/python3.10/site-packages:${PYTHONPATH} /usr/bin/cmake --install /home/vboxuser/ws/build/robot_start
[0.215s] -- Install configuration: ""
[0.220s] -- Up-to-date: /home/vboxuser/ws/install/robot_start/share/robot_start/launch
[0.221s] -- Up-to-date: /home/vboxuser/ws/install/robot_start/share/robot_start/launch/demo.launch.py
[0.223s] -- Up-to-date: /home/vboxuser/ws/install/robot_start/share/ament_index/resource_index/package_run_dependencies/robot_start
[0.224s] -- Up-to-date: /home/vboxuser/ws/install/robot_start/share/ament_index/resource_index/parent_prefix_path/robot_start
[0.226s] -- Up-to-date: /home/vboxuser/ws/install/robot_start/share/robot_start/environment/ament_prefix_path.sh
[0.226s] -- Up-to-date: /home/vboxuser/ws/install/robot_start/share/robot_start/environment/ament_prefix_path.dsv
[0.226s] -- Up-to-date: /home/vboxuser/ws/install/robot_start/share/robot_start/environment/path.sh
[0.227s] -- Up-to-date: /home/vboxuser/ws/install/robot_start/share/robot_start/environment/path.dsv
[0.227s] -- Up-to-date: /home/vboxuser/ws/install/robot_start/share/robot_start/local_setup.bash
[0.227s] -- Up-to-date: /home/vboxuser/ws/install/robot_start/share/robot_start/local_setup.sh
[0.227s] -- Up-to-date: /home/vboxuser/ws/install/robot_start/share/robot_start/local_setup.zsh
[0.227s] -- Up-to-date: /home/vboxuser/ws/install/robot_start/share/robot_start/local_setup.dsv
[0.227s] -- Installing: /home/vboxuser/ws/install/robot_start/share/robot_start/package.dsv
[0.228s] -- Up-to-date: /home/vboxuser/ws/install/robot_start/share/ament_index/resource_index/packages/robot_start
[0.228s] -- Up-to-date: /home/vboxuser/ws/install/robot_start/share/robot_start/cmake/robot_startConfig.cmake
[0.228s] -- Up-to-date: /home/vboxuser/ws/install/robot_start/share/robot_start/cmake/robot_startConfig-version.cmake
[0.228s] -- Up-to-date: /home/vboxuser/ws/install/robot_start/share/robot_start/package.xml
[0.235s] Invoked command in '/home/vboxuser/ws/build/robot_start' returned '0': AMENT_PREFIX_PATH=/home/vboxuser/ws/install/my_robot_ctrl:${AMENT_PREFIX_PATH} CMAKE_PREFIX_PATH=/opt/ros/humble PYTHONPATH=/home/vboxuser/ws/install/my_robot_ctrl/lib/python3.10/site-packages:${PYTHONPATH} /usr/bin/cmake --install /home/vboxuser/ws/build/robot_start
