[1.684s] Invoking command in '/home/vboxuser/ws/src/locomotion_core': PYTHONPATH=/home/vboxuser/ws/build/locomotion_core/prefix_override:/home/vboxuser/ws/install/locomotion_core/lib/python3.10/site-packages:${PYTHONPATH} /usr/bin/python3 setup.py egg_info --egg-base ../../build/locomotion_core build --build-base /home/vboxuser/ws/build/locomotion_core/build install --record /home/vboxuser/ws/build/locomotion_core/install.log --single-version-externally-managed
[2.014s] running egg_info
[2.016s] writing ../../build/locomotion_core/locomotion_core.egg-info/PKG-INFO
[2.017s] writing dependency_links to ../../build/locomotion_core/locomotion_core.egg-info/dependency_links.txt
[2.018s] writing entry points to ../../build/locomotion_core/locomotion_core.egg-info/entry_points.txt
[2.018s] writing requirements to ../../build/locomotion_core/locomotion_core.egg-info/requires.txt
[2.018s] writing top-level names to ../../build/locomotion_core/locomotion_core.egg-info/top_level.txt
[2.020s] reading manifest file '../../build/locomotion_core/locomotion_core.egg-info/SOURCES.txt'
[2.022s] writing manifest file '../../build/locomotion_core/locomotion_core.egg-info/SOURCES.txt'
[2.022s] running build
[2.022s] running build_py
[2.022s] copying locomotion_core/driver_core.py -> /home/vboxuser/ws/build/locomotion_core/build/lib/locomotion_core
[2.024s] running install
[2.024s] running install_lib
[2.025s] copying /home/vboxuser/ws/build/locomotion_core/build/lib/locomotion_core/driver_core.py -> /home/vboxuser/ws/install/locomotion_core/lib/python3.10/site-packages/locomotion_core
[2.026s] byte-compiling /home/vboxuser/ws/install/locomotion_core/lib/python3.10/site-packages/locomotion_core/driver_core.py to driver_core.cpython-310.pyc
[2.027s] running install_data
[2.027s] running install_egg_info
[2.030s] removing '/home/vboxuser/ws/install/locomotion_core/lib/python3.10/site-packages/locomotion_core-0.0.0-py3.10.egg-info' (and everything under it)
[2.031s] Copying ../../build/locomotion_core/locomotion_core.egg-info to /home/vboxuser/ws/install/locomotion_core/lib/python3.10/site-packages/locomotion_core-0.0.0-py3.10.egg-info
[2.032s] running install_scripts
[2.065s] Installing driver script to /home/vboxuser/ws/install/locomotion_core/lib/locomotion_core
[2.065s] writing list of installed files to '/home/vboxuser/ws/build/locomotion_core/install.log'
[2.099s] Invoked command in '/home/vboxuser/ws/src/locomotion_core' returned '0': PYTHONPATH=/home/vboxuser/ws/build/locomotion_core/prefix_override:/home/vboxuser/ws/install/locomotion_core/lib/python3.10/site-packages:${PYTHONPATH} /usr/bin/python3 setup.py egg_info --egg-base ../../build/locomotion_core build --build-base /home/vboxuser/ws/build/locomotion_core/build install --record /home/vboxuser/ws/build/locomotion_core/install.log --single-version-externally-managed
