[1.462s] Invoking command in '/home/vboxuser/ws/src/locomotion_core': PYTHONPATH=/home/vboxuser/ws/build/locomotion_core/prefix_override:/home/vboxuser/ws/install/locomotion_core/lib/python3.10/site-packages:${PYTHONPATH} /usr/bin/python3 setup.py egg_info --egg-base ../../build/locomotion_core build --build-base /home/vboxuser/ws/build/locomotion_core/build install --record /home/vboxuser/ws/build/locomotion_core/install.log --single-version-externally-managed
[1.736s] running egg_info
[1.736s] writing ../../build/locomotion_core/locomotion_core.egg-info/PKG-INFO
[1.737s] writing dependency_links to ../../build/locomotion_core/locomotion_core.egg-info/dependency_links.txt
[1.737s] writing entry points to ../../build/locomotion_core/locomotion_core.egg-info/entry_points.txt
[1.737s] writing requirements to ../../build/locomotion_core/locomotion_core.egg-info/requires.txt
[1.738s] writing top-level names to ../../build/locomotion_core/locomotion_core.egg-info/top_level.txt
[1.740s] reading manifest file '../../build/locomotion_core/locomotion_core.egg-info/SOURCES.txt'
[1.741s] writing manifest file '../../build/locomotion_core/locomotion_core.egg-info/SOURCES.txt'
[1.741s] running build
[1.741s] running build_py
[1.741s] copying locomotion_core/cmd_motors.py -> /home/vboxuser/ws/build/locomotion_core/build/lib/locomotion_core
[1.741s] running install
[1.741s] running install_lib
[1.742s] copying /home/vboxuser/ws/build/locomotion_core/build/lib/locomotion_core/cmd_motors.py -> /home/vboxuser/ws/install/locomotion_core/lib/python3.10/site-packages/locomotion_core
[1.743s] byte-compiling /home/vboxuser/ws/install/locomotion_core/lib/python3.10/site-packages/locomotion_core/cmd_motors.py to cmd_motors.cpython-310.pyc
[1.744s] running install_data
[1.744s] running install_egg_info
[1.748s] removing '/home/vboxuser/ws/install/locomotion_core/lib/python3.10/site-packages/locomotion_core-0.0.0-py3.10.egg-info' (and everything under it)
[1.748s] Copying ../../build/locomotion_core/locomotion_core.egg-info to /home/vboxuser/ws/install/locomotion_core/lib/python3.10/site-packages/locomotion_core-0.0.0-py3.10.egg-info
[1.751s] running install_scripts
[1.774s] Installing driver script to /home/vboxuser/ws/install/locomotion_core/lib/locomotion_core
[1.774s] Installing du_commander script to /home/vboxuser/ws/install/locomotion_core/lib/locomotion_core
[1.774s] writing list of installed files to '/home/vboxuser/ws/build/locomotion_core/install.log'
[1.820s] Invoked command in '/home/vboxuser/ws/src/locomotion_core' returned '0': PYTHONPATH=/home/vboxuser/ws/build/locomotion_core/prefix_override:/home/vboxuser/ws/install/locomotion_core/lib/python3.10/site-packages:${PYTHONPATH} /usr/bin/python3 setup.py egg_info --egg-base ../../build/locomotion_core build --build-base /home/vboxuser/ws/build/locomotion_core/build install --record /home/vboxuser/ws/build/locomotion_core/install.log --single-version-externally-managed
