[0.185s] Invoking command in '/home/rslam/Desktop/Thesis/ws/src/build/robot_start': CMAKE_PREFIX_PATH=${CMAKE_PREFIX_PATH}:/home/rslam/Desktop/Thesis/ws/install/py_pubsub:/home/rslam/Desktop/Thesis/ws/install/my_robot_ctrl:/home/rslam/Desktop/Thesis/ws/install/locomotion_core:/opt/ros/humble /usr/bin/cmake /home/rslam/Desktop/Thesis/ws/src/robot_start -DCMAKE_INSTALL_PREFIX=/home/rslam/Desktop/Thesis/ws/src/install/robot_start
[0.263s] -- The C compiler identification is GNU 11.3.0
[0.320s] -- The CXX compiler identification is GNU 11.3.0
[0.327s] -- Detecting C compiler ABI info
[0.406s] -- Detecting C compiler ABI info - done
[0.410s] -- Check for working C compiler: /usr/bin/cc - skipped
[0.411s] -- Detecting C compile features
[0.411s] -- Detecting C compile features - done
[0.414s] -- Detecting CXX compiler ABI info
[0.501s] -- Detecting CXX compiler ABI info - done
[0.509s] -- Check for working CXX compiler: /usr/bin/c++ - skipped
[0.509s] -- Detecting CXX compile features
[0.510s] -- Detecting CXX compile features - done
[0.512s] -- Found ament_cmake: 1.3.3 (/opt/ros/humble/share/ament_cmake/cmake)
[0.650s] -- Found Python3: /usr/bin/python3.10 (found version "3.10.6") found components: Interpreter 
[0.720s] -- Found ament_lint_auto: 0.12.5 (/opt/ros/humble/share/ament_lint_auto/cmake)
[0.781s] -- Added test 'flake8' to check Python code syntax and style conventions
[0.781s] -- Added test 'lint_cmake' to check CMake code style
[0.782s] -- Added test 'pep257' to check Python code against some of the docstring style conventions in PEP 257
[0.783s] -- Added test 'xmllint' to check XML markup files
[0.784s] -- Configuring done
[0.786s] -- Generating done
[0.787s] -- Build files have been written to: /home/rslam/Desktop/Thesis/ws/src/build/robot_start
[0.794s] Invoked command in '/home/rslam/Desktop/Thesis/ws/src/build/robot_start' returned '0': CMAKE_PREFIX_PATH=${CMAKE_PREFIX_PATH}:/home/rslam/Desktop/Thesis/ws/install/py_pubsub:/home/rslam/Desktop/Thesis/ws/install/my_robot_ctrl:/home/rslam/Desktop/Thesis/ws/install/locomotion_core:/opt/ros/humble /usr/bin/cmake /home/rslam/Desktop/Thesis/ws/src/robot_start -DCMAKE_INSTALL_PREFIX=/home/rslam/Desktop/Thesis/ws/src/install/robot_start
[0.794s] Invoking command in '/home/rslam/Desktop/Thesis/ws/src/build/robot_start': CMAKE_PREFIX_PATH=${CMAKE_PREFIX_PATH}:/home/rslam/Desktop/Thesis/ws/install/py_pubsub:/home/rslam/Desktop/Thesis/ws/install/my_robot_ctrl:/home/rslam/Desktop/Thesis/ws/install/locomotion_core:/opt/ros/humble /usr/bin/cmake --build /home/rslam/Desktop/Thesis/ws/src/build/robot_start -- -j8 -l8
[0.839s] Invoked command in '/home/rslam/Desktop/Thesis/ws/src/build/robot_start' returned '0': CMAKE_PREFIX_PATH=${CMAKE_PREFIX_PATH}:/home/rslam/Desktop/Thesis/ws/install/py_pubsub:/home/rslam/Desktop/Thesis/ws/install/my_robot_ctrl:/home/rslam/Desktop/Thesis/ws/install/locomotion_core:/opt/ros/humble /usr/bin/cmake --build /home/rslam/Desktop/Thesis/ws/src/build/robot_start -- -j8 -l8
[0.891s] Invoking command in '/home/rslam/Desktop/Thesis/ws/src/build/robot_start': CMAKE_PREFIX_PATH=${CMAKE_PREFIX_PATH}:/home/rslam/Desktop/Thesis/ws/install/py_pubsub:/home/rslam/Desktop/Thesis/ws/install/my_robot_ctrl:/home/rslam/Desktop/Thesis/ws/install/locomotion_core:/opt/ros/humble /usr/bin/cmake --install /home/rslam/Desktop/Thesis/ws/src/build/robot_start
[0.898s] -- Install configuration: ""
[0.898s] -- Installing: /home/rslam/Desktop/Thesis/ws/src/install/robot_start/share/robot_start/launch
[0.899s] -- Installing: /home/rslam/Desktop/Thesis/ws/src/install/robot_start/share/robot_start/launch/rover_start.launch.py
[0.899s] -- Installing: /home/rslam/Desktop/Thesis/ws/src/install/robot_start/share/robot_start/launch/demo.launch.py
[0.899s] -- Installing: /home/rslam/Desktop/Thesis/ws/src/install/robot_start/share/ament_index/resource_index/package_run_dependencies/robot_start
[0.899s] -- Installing: /home/rslam/Desktop/Thesis/ws/src/install/robot_start/share/ament_index/resource_index/parent_prefix_path/robot_start
[0.900s] -- Installing: /home/rslam/Desktop/Thesis/ws/src/install/robot_start/share/robot_start/environment/ament_prefix_path.sh
[0.900s] -- Installing: /home/rslam/Desktop/Thesis/ws/src/install/robot_start/share/robot_start/environment/ament_prefix_path.dsv
[0.901s] -- Installing: /home/rslam/Desktop/Thesis/ws/src/install/robot_start/share/robot_start/environment/path.sh
[0.901s] -- Installing: /home/rslam/Desktop/Thesis/ws/src/install/robot_start/share/robot_start/environment/path.dsv
[0.902s] -- Installing: /home/rslam/Desktop/Thesis/ws/src/install/robot_start/share/robot_start/local_setup.bash
[0.902s] -- Installing: /home/rslam/Desktop/Thesis/ws/src/install/robot_start/share/robot_start/local_setup.sh
[0.902s] -- Installing: /home/rslam/Desktop/Thesis/ws/src/install/robot_start/share/robot_start/local_setup.zsh
[0.902s] -- Installing: /home/rslam/Desktop/Thesis/ws/src/install/robot_start/share/robot_start/local_setup.dsv
[0.902s] -- Installing: /home/rslam/Desktop/Thesis/ws/src/install/robot_start/share/robot_start/package.dsv
[0.902s] -- Installing: /home/rslam/Desktop/Thesis/ws/src/install/robot_start/share/ament_index/resource_index/packages/robot_start
[0.903s] -- Installing: /home/rslam/Desktop/Thesis/ws/src/install/robot_start/share/robot_start/cmake/robot_startConfig.cmake
[0.903s] -- Installing: /home/rslam/Desktop/Thesis/ws/src/install/robot_start/share/robot_start/cmake/robot_startConfig-version.cmake
[0.903s] -- Installing: /home/rslam/Desktop/Thesis/ws/src/install/robot_start/share/robot_start/package.xml
[0.907s] Invoked command in '/home/rslam/Desktop/Thesis/ws/src/build/robot_start' returned '0': CMAKE_PREFIX_PATH=${CMAKE_PREFIX_PATH}:/home/rslam/Desktop/Thesis/ws/install/py_pubsub:/home/rslam/Desktop/Thesis/ws/install/my_robot_ctrl:/home/rslam/Desktop/Thesis/ws/install/locomotion_core:/opt/ros/humble /usr/bin/cmake --install /home/rslam/Desktop/Thesis/ws/src/build/robot_start
