[0.147s] Invoking command in '/home/rslam/Desktop/Thesis/build/robot_start': CMAKE_PREFIX_PATH=/opt/ros/humble /usr/bin/cmake /home/rslam/Desktop/Thesis/ws/src/robot_start -DCMAKE_INSTALL_PREFIX=/home/rslam/Desktop/Thesis/install/robot_start
[0.195s] -- The C compiler identification is GNU 11.3.0
[0.240s] -- The CXX compiler identification is GNU 11.3.0
[0.246s] -- Detecting C compiler ABI info
[0.303s] -- Detecting C compiler ABI info - done
[0.308s] -- Check for working C compiler: /usr/bin/cc - skipped
[0.309s] -- Detecting C compile features
[0.309s] -- Detecting C compile features - done
[0.312s] -- Detecting CXX compiler ABI info
[0.374s] -- Detecting CXX compiler ABI info - done
[0.380s] -- Check for working CXX compiler: /usr/bin/c++ - skipped
[0.380s] -- Detecting CXX compile features
[0.381s] -- Detecting CXX compile features - done
[0.383s] -- Found ament_cmake: 1.3.3 (/opt/ros/humble/share/ament_cmake/cmake)
[0.497s] -- Found Python3: /usr/bin/python3.10 (found version "3.10.6") found components: Interpreter 
[0.552s] -- Found ament_lint_auto: 0.12.5 (/opt/ros/humble/share/ament_lint_auto/cmake)
[0.597s] -- Added test 'flake8' to check Python code syntax and style conventions
[0.598s] -- Added test 'lint_cmake' to check CMake code style
[0.599s] -- Added test 'pep257' to check Python code against some of the docstring style conventions in PEP 257
[0.599s] -- Added test 'xmllint' to check XML markup files
[0.600s] -- Configuring done
[0.602s] -- Generating done
[0.603s] -- Build files have been written to: /home/rslam/Desktop/Thesis/build/robot_start
[0.607s] Invoked command in '/home/rslam/Desktop/Thesis/build/robot_start' returned '0': CMAKE_PREFIX_PATH=/opt/ros/humble /usr/bin/cmake /home/rslam/Desktop/Thesis/ws/src/robot_start -DCMAKE_INSTALL_PREFIX=/home/rslam/Desktop/Thesis/install/robot_start
[0.608s] Invoking command in '/home/rslam/Desktop/Thesis/build/robot_start': CMAKE_PREFIX_PATH=/opt/ros/humble /usr/bin/cmake --build /home/rslam/Desktop/Thesis/build/robot_start -- -j8 -l8
[0.641s] Invoked command in '/home/rslam/Desktop/Thesis/build/robot_start' returned '0': CMAKE_PREFIX_PATH=/opt/ros/humble /usr/bin/cmake --build /home/rslam/Desktop/Thesis/build/robot_start -- -j8 -l8
[0.669s] Invoking command in '/home/rslam/Desktop/Thesis/build/robot_start': CMAKE_PREFIX_PATH=/opt/ros/humble /usr/bin/cmake --install /home/rslam/Desktop/Thesis/build/robot_start
[0.675s] -- Install configuration: ""
[0.676s] -- Installing: /home/rslam/Desktop/Thesis/install/robot_start/share/robot_start/launch
[0.676s] -- Installing: /home/rslam/Desktop/Thesis/install/robot_start/share/robot_start/launch/rover_start.launch.py
[0.676s] -- Installing: /home/rslam/Desktop/Thesis/install/robot_start/share/robot_start/launch/demo.launch.py
[0.676s] -- Installing: /home/rslam/Desktop/Thesis/install/robot_start/share/ament_index/resource_index/package_run_dependencies/robot_start
[0.676s] -- Installing: /home/rslam/Desktop/Thesis/install/robot_start/share/ament_index/resource_index/parent_prefix_path/robot_start
[0.676s] -- Installing: /home/rslam/Desktop/Thesis/install/robot_start/share/robot_start/environment/ament_prefix_path.sh
[0.676s] -- Installing: /home/rslam/Desktop/Thesis/install/robot_start/share/robot_start/environment/ament_prefix_path.dsv
[0.676s] -- Installing: /home/rslam/Desktop/Thesis/install/robot_start/share/robot_start/environment/path.sh
[0.677s] -- Installing: /home/rslam/Desktop/Thesis/install/robot_start/share/robot_start/environment/path.dsv
[0.677s] -- Installing: /home/rslam/Desktop/Thesis/install/robot_start/share/robot_start/local_setup.bash
[0.677s] -- Installing: /home/rslam/Desktop/Thesis/install/robot_start/share/robot_start/local_setup.sh
[0.677s] -- Installing: /home/rslam/Desktop/Thesis/install/robot_start/share/robot_start/local_setup.zsh
[0.677s] -- Installing: /home/rslam/Desktop/Thesis/install/robot_start/share/robot_start/local_setup.dsv
[0.677s] -- Installing: /home/rslam/Desktop/Thesis/install/robot_start/share/robot_start/package.dsv
[0.677s] -- Installing: /home/rslam/Desktop/Thesis/install/robot_start/share/ament_index/resource_index/packages/robot_start
[0.677s] -- Installing: /home/rslam/Desktop/Thesis/install/robot_start/share/robot_start/cmake/robot_startConfig.cmake
[0.677s] -- Installing: /home/rslam/Desktop/Thesis/install/robot_start/share/robot_start/cmake/robot_startConfig-version.cmake
[0.677s] -- Installing: /home/rslam/Desktop/Thesis/install/robot_start/share/robot_start/package.xml
[0.680s] Invoked command in '/home/rslam/Desktop/Thesis/build/robot_start' returned '0': CMAKE_PREFIX_PATH=/opt/ros/humble /usr/bin/cmake --install /home/rslam/Desktop/Thesis/build/robot_start
