running egg_info
creating ../../build/locomotion_core/locomotion_core.egg-info
writing ../../build/locomotion_core/locomotion_core.egg-info/PKG-INFO
writing dependency_links to ../../build/locomotion_core/locomotion_core.egg-info/dependency_links.txt
writing entry points to ../../build/locomotion_core/locomotion_core.egg-info/entry_points.txt
writing requirements to ../../build/locomotion_core/locomotion_core.egg-info/requires.txt
writing top-level names to ../../build/locomotion_core/locomotion_core.egg-info/top_level.txt
writing manifest file '../../build/locomotion_core/locomotion_core.egg-info/SOURCES.txt'
reading manifest file '../../build/locomotion_core/locomotion_core.egg-info/SOURCES.txt'
writing manifest file '../../build/locomotion_core/locomotion_core.egg-info/SOURCES.txt'
running build
running build_py
creating /home/vboxuser/ws/build/locomotion_core/build
creating /home/vboxuser/ws/build/locomotion_core/build/lib
creating /home/vboxuser/ws/build/locomotion_core/build/lib/locomotion_core
copying locomotion_core/__init__.py -> /home/vboxuser/ws/build/locomotion_core/build/lib/locomotion_core
running install
running install_lib
creating /home/vboxuser/ws/install/locomotion_core/lib/python3.10/site-packages/locomotion_core
copying /home/vboxuser/ws/build/locomotion_core/build/lib/locomotion_core/__init__.py -> /home/vboxuser/ws/install/locomotion_core/lib/python3.10/site-packages/locomotion_core
byte-compiling /home/vboxuser/ws/install/locomotion_core/lib/python3.10/site-packages/locomotion_core/__init__.py to __init__.cpython-310.pyc
running install_data
creating /home/vboxuser/ws/install/locomotion_core/share/ament_index
creating /home/vboxuser/ws/install/locomotion_core/share/ament_index/resource_index
creating /home/vboxuser/ws/install/locomotion_core/share/ament_index/resource_index/packages
copying resource/locomotion_core -> /home/vboxuser/ws/install/locomotion_core/share/ament_index/resource_index/packages
copying package.xml -> /home/vboxuser/ws/install/locomotion_core/share/locomotion_core
running install_egg_info
Copying ../../build/locomotion_core/locomotion_core.egg-info to /home/vboxuser/ws/install/locomotion_core/lib/python3.10/site-packages/locomotion_core-0.0.0-py3.10.egg-info
running install_scripts
writing list of installed files to '/home/vboxuser/ws/build/locomotion_core/install.log'
