[1.224s] Invoking command in '/home/vboxuser/ws/src/locomotion_core': PYTHONPATH=/home/vboxuser/ws/build/locomotion_core/prefix_override:/home/vboxuser/ws/install/locomotion_core/lib/python3.10/site-packages:${PYTHONPATH} /usr/bin/python3 setup.py egg_info --egg-base ../../build/locomotion_core build --build-base /home/vboxuser/ws/build/locomotion_core/build install --record /home/vboxuser/ws/build/locomotion_core/install.log --single-version-externally-managed
[1.543s] running egg_info
[1.545s] creating ../../build/locomotion_core/locomotion_core.egg-info
[1.545s] writing ../../build/locomotion_core/locomotion_core.egg-info/PKG-INFO
[1.545s] writing dependency_links to ../../build/locomotion_core/locomotion_core.egg-info/dependency_links.txt
[1.545s] writing entry points to ../../build/locomotion_core/locomotion_core.egg-info/entry_points.txt
[1.546s] writing requirements to ../../build/locomotion_core/locomotion_core.egg-info/requires.txt
[1.546s] writing top-level names to ../../build/locomotion_core/locomotion_core.egg-info/top_level.txt
[1.546s] writing manifest file '../../build/locomotion_core/locomotion_core.egg-info/SOURCES.txt'
[1.548s] reading manifest file '../../build/locomotion_core/locomotion_core.egg-info/SOURCES.txt'
[1.549s] writing manifest file '../../build/locomotion_core/locomotion_core.egg-info/SOURCES.txt'
[1.549s] running build
[1.549s] running build_py
[1.550s] creating /home/vboxuser/ws/build/locomotion_core/build
[1.550s] creating /home/vboxuser/ws/build/locomotion_core/build/lib
[1.550s] creating /home/vboxuser/ws/build/locomotion_core/build/lib/locomotion_core
[1.550s] copying locomotion_core/__init__.py -> /home/vboxuser/ws/build/locomotion_core/build/lib/locomotion_core
[1.550s] running install
[1.550s] running install_lib
[1.551s] creating /home/vboxuser/ws/install/locomotion_core/lib/python3.10/site-packages/locomotion_core
[1.551s] copying /home/vboxuser/ws/build/locomotion_core/build/lib/locomotion_core/__init__.py -> /home/vboxuser/ws/install/locomotion_core/lib/python3.10/site-packages/locomotion_core
[1.551s] byte-compiling /home/vboxuser/ws/install/locomotion_core/lib/python3.10/site-packages/locomotion_core/__init__.py to __init__.cpython-310.pyc
[1.552s] running install_data
[1.552s] creating /home/vboxuser/ws/install/locomotion_core/share/ament_index
[1.553s] creating /home/vboxuser/ws/install/locomotion_core/share/ament_index/resource_index
[1.553s] creating /home/vboxuser/ws/install/locomotion_core/share/ament_index/resource_index/packages
[1.553s] copying resource/locomotion_core -> /home/vboxuser/ws/install/locomotion_core/share/ament_index/resource_index/packages
[1.553s] copying package.xml -> /home/vboxuser/ws/install/locomotion_core/share/locomotion_core
[1.553s] running install_egg_info
[1.556s] Copying ../../build/locomotion_core/locomotion_core.egg-info to /home/vboxuser/ws/install/locomotion_core/lib/python3.10/site-packages/locomotion_core-0.0.0-py3.10.egg-info
[1.556s] running install_scripts
[1.582s] writing list of installed files to '/home/vboxuser/ws/build/locomotion_core/install.log'
[1.637s] Invoked command in '/home/vboxuser/ws/src/locomotion_core' returned '0': PYTHONPATH=/home/vboxuser/ws/build/locomotion_core/prefix_override:/home/vboxuser/ws/install/locomotion_core/lib/python3.10/site-packages:${PYTHONPATH} /usr/bin/python3 setup.py egg_info --egg-base ../../build/locomotion_core build --build-base /home/vboxuser/ws/build/locomotion_core/build install --record /home/vboxuser/ws/build/locomotion_core/install.log --single-version-externally-managed
