-- Found ament_cmake: 0.9.11 (/opt/ros/foxy/share/ament_cmake/cmake)
-- Found PythonInterp: /usr/bin/python3 (found suitable version "3.8.10", minimum required is "3") 
-- Using PYTHON_EXECUTABLE: /usr/bin/python3
-- Found geometry_msgs: 2.0.5 (/opt/ros/foxy/share/geometry_msgs/cmake)
-- Using all available rosidl_typesupport_c: rosidl_typesupport_fastrtps_c;rosidl_typesupport_introspection_c
-- Found rosidl_adapter: 1.3.0 (/opt/ros/foxy/share/rosidl_adapter/cmake)
-- Using all available rosidl_typesupport_cpp: rosidl_typesupport_fastrtps_cpp;rosidl_typesupport_introspection_cpp
-- Found rosidl_default_generators: 1.0.1 (/opt/ros/foxy/share/rosidl_default_generators/cmake)
-- Found PythonInterp: /usr/bin/python3 (found version "3.8.10") 
-- Found ament_cmake_ros: 0.9.2 (/opt/ros/foxy/share/ament_cmake_ros/cmake)
-- Using all available rosidl_typesupport_c: rosidl_typesupport_fastrtps_c;rosidl_typesupport_introspection_c
-- Using all available rosidl_typesupport_cpp: rosidl_typesupport_fastrtps_cpp;rosidl_typesupport_introspection_cpp
-- Found PythonInterp: /usr/bin/python3 (found suitable version "3.8.10", minimum required is "3.5") 
-- Found python_cmake_module: 0.8.1 (/opt/ros/foxy/share/python_cmake_module/cmake)
-- Using PYTHON_EXECUTABLE: /usr/bin/python3
-- Using PYTHON_INCLUDE_DIRS: /usr/include/python3.8
-- Using PYTHON_LIBRARIES: /usr/lib/aarch64-linux-gnu/libpython3.8.so
-- Found ament_lint_auto: 0.9.8 (/opt/ros/foxy/share/ament_lint_auto/cmake)
-- Added test 'copyright' to check source files copyright and LICENSE
-- Added test 'lint_cmake' to check CMake code style
-- Added test 'xmllint' to check XML markup files
-- Configuring done
-- Generating done
-- Build files have been written to: /home/rsl/Desktop/Indoor_Mobile_Robotic_Arm/Thesis/ws/build/roboteq_interface
[  3%] [34m[1mGenerating C code for ROS interfaces[0m
[  6%] [34m[1mGenerating C++ code for ROS interfaces[0m
[35m[1mScanning dependencies of target roboteq_interface__rosidl_generator_c[0m
[  9%] [32mBuilding C object CMakeFiles/roboteq_interface__rosidl_generator_c.dir/rosidl_generator_c/roboteq_interface/msg/detail/driver_list__functions.c.o[0m
[  9%] Built target roboteq_interface__cpp
[ 12%] [34m[1mGenerating C++ type support for eProsima Fast-RTPS[0m
[ 16%] [34m[1mGenerating C++ type support dispatch for ROS interfaces[0m
[ 19%] [34m[1mGenerating C++ introspection for ROS interfaces[0m
[ 22%] [32m[1mLinking C shared library libroboteq_interface__rosidl_generator_c.so[0m
[35m[1mScanning dependencies of target roboteq_interface__rosidl_typesupport_cpp[0m
[35m[1mScanning dependencies of target roboteq_interface__rosidl_typesupport_fastrtps_cpp[0m
[ 25%] [32mBuilding CXX object CMakeFiles/roboteq_interface__rosidl_typesupport_cpp.dir/rosidl_typesupport_cpp/roboteq_interface/msg/driver_list__type_support.cpp.o[0m
[35m[1mScanning dependencies of target roboteq_interface__rosidl_typesupport_introspection_cpp[0m
[ 29%] [32mBuilding CXX object CMakeFiles/roboteq_interface__rosidl_typesupport_fastrtps_cpp.dir/rosidl_typesupport_fastrtps_cpp/roboteq_interface/msg/detail/dds_fastrtps/driver_list__type_support.cpp.o[0m
[ 32%] [32mBuilding CXX object CMakeFiles/roboteq_interface__rosidl_typesupport_introspection_cpp.dir/rosidl_typesupport_introspection_cpp/roboteq_interface/msg/detail/driver_list__type_support.cpp.o[0m
[ 32%] Built target roboteq_interface__rosidl_generator_c
[ 35%] [34m[1mGenerating C introspection for ROS interfaces[0m
[ 38%] [34m[1mGenerating C type support dispatch for ROS interfaces[0m
[35m[1mScanning dependencies of target roboteq_interface__rosidl_typesupport_c[0m
[35m[1mScanning dependencies of target roboteq_interface__rosidl_typesupport_introspection_c[0m
[ 41%] [32m[1mLinking CXX shared library libroboteq_interface__rosidl_typesupport_introspection_cpp.so[0m
[ 45%] [32m[1mLinking CXX shared library libroboteq_interface__rosidl_typesupport_cpp.so[0m
[ 48%] [32mBuilding C object CMakeFiles/roboteq_interface__rosidl_typesupport_introspection_c.dir/rosidl_typesupport_introspection_c/roboteq_interface/msg/detail/driver_list__type_support.c.o[0m
[ 51%] [32mBuilding CXX object CMakeFiles/roboteq_interface__rosidl_typesupport_c.dir/rosidl_typesupport_c/roboteq_interface/msg/driver_list__type_support.cpp.o[0m
[ 54%] [32m[1mLinking C shared library libroboteq_interface__rosidl_typesupport_introspection_c.so[0m
[ 58%] [32m[1mLinking CXX shared library libroboteq_interface__rosidl_typesupport_c.so[0m
[ 58%] Built target roboteq_interface__rosidl_typesupport_cpp
[ 58%] Built target roboteq_interface__rosidl_typesupport_introspection_cpp
[ 58%] Built target roboteq_interface__rosidl_typesupport_introspection_c
[ 58%] Built target roboteq_interface__rosidl_typesupport_c
[ 61%] [32m[1mLinking CXX shared library libroboteq_interface__rosidl_typesupport_fastrtps_cpp.so[0m
[ 61%] Built target roboteq_interface__rosidl_typesupport_fastrtps_cpp
[ 64%] [34m[1mGenerating C type support for eProsima Fast-RTPS[0m
[35m[1mScanning dependencies of target roboteq_interface__rosidl_typesupport_fastrtps_c[0m
[ 67%] [32mBuilding CXX object CMakeFiles/roboteq_interface__rosidl_typesupport_fastrtps_c.dir/rosidl_typesupport_fastrtps_c/roboteq_interface/msg/detail/driver_list__type_support_c.cpp.o[0m
[ 70%] [32m[1mLinking CXX shared library libroboteq_interface__rosidl_typesupport_fastrtps_c.so[0m
[ 70%] Built target roboteq_interface__rosidl_typesupport_fastrtps_c
[35m[1mScanning dependencies of target roboteq_interface[0m
[ 70%] Built target roboteq_interface
[35m[1mScanning dependencies of target roboteq_interface__py[0m
[ 74%] [34m[1mGenerating Python code for ROS interfaces[0m
[ 74%] Built target roboteq_interface__py
[35m[1mScanning dependencies of target roboteq_interface__python[0m
[ 77%] [32mBuilding C object CMakeFiles/roboteq_interface__python.dir/rosidl_generator_py/roboteq_interface/msg/_driver_list_s.c.o[0m
[ 80%] [32m[1mLinking C shared library rosidl_generator_py/roboteq_interface/libroboteq_interface__python.so[0m
[ 80%] Built target roboteq_interface__python
[35m[1mScanning dependencies of target roboteq_interface__rosidl_typesupport_introspection_c__pyext[0m
[35m[1mScanning dependencies of target roboteq_interface__rosidl_typesupport_fastrtps_c__pyext[0m
[35m[1mScanning dependencies of target roboteq_interface__rosidl_typesupport_c__pyext[0m
[ 87%] [32mBuilding C object CMakeFiles/roboteq_interface__rosidl_typesupport_fastrtps_c__pyext.dir/rosidl_generator_py/roboteq_interface/_roboteq_interface_s.ep.rosidl_typesupport_fastrtps_c.c.o[0m
[ 87%] [32mBuilding C object CMakeFiles/roboteq_interface__rosidl_typesupport_c__pyext.dir/rosidl_generator_py/roboteq_interface/_roboteq_interface_s.ep.rosidl_typesupport_c.c.o[0m
[ 90%] [32mBuilding C object CMakeFiles/roboteq_interface__rosidl_typesupport_introspection_c__pyext.dir/rosidl_generator_py/roboteq_interface/_roboteq_interface_s.ep.rosidl_typesupport_introspection_c.c.o[0m
[100%] [32m[1mLinking CXX shared library rosidl_generator_py/roboteq_interface/roboteq_interface_s__rosidl_typesupport_fastrtps_c.cpython-38-aarch64-linux-gnu.so[0m
[100%] [32m[1mLinking C shared library rosidl_generator_py/roboteq_interface/roboteq_interface_s__rosidl_typesupport_introspection_c.cpython-38-aarch64-linux-gnu.so[0m
[100%] [32m[1mLinking C shared library rosidl_generator_py/roboteq_interface/roboteq_interface_s__rosidl_typesupport_c.cpython-38-aarch64-linux-gnu.so[0m
[100%] Built target roboteq_interface__rosidl_typesupport_c__pyext
[100%] Built target roboteq_interface__rosidl_typesupport_introspection_c__pyext
[100%] Built target roboteq_interface__rosidl_typesupport_fastrtps_c__pyext
-- Install configuration: ""
-- Installing: /home/rsl/Desktop/Indoor_Mobile_Robotic_Arm/Thesis/ws/install/roboteq_interface/share/ament_index/resource_index/rosidl_interfaces/roboteq_interface
-- Installing: /home/rsl/Desktop/Indoor_Mobile_Robotic_Arm/Thesis/ws/install/roboteq_interface/include/roboteq_interface
-- Installing: /home/rsl/Desktop/Indoor_Mobile_Robotic_Arm/Thesis/ws/install/roboteq_interface/include/roboteq_interface/msg
-- Installing: /home/rsl/Desktop/Indoor_Mobile_Robotic_Arm/Thesis/ws/install/roboteq_interface/include/roboteq_interface/msg/rosidl_generator_c__visibility_control.h
-- Installing: /home/rsl/Desktop/Indoor_Mobile_Robotic_Arm/Thesis/ws/install/roboteq_interface/include/roboteq_interface/msg/driver_list.h
-- Installing: /home/rsl/Desktop/Indoor_Mobile_Robotic_Arm/Thesis/ws/install/roboteq_interface/include/roboteq_interface/msg/detail
-- Installing: /home/rsl/Desktop/Indoor_Mobile_Robotic_Arm/Thesis/ws/install/roboteq_interface/include/roboteq_interface/msg/detail/driver_list__type_support.h
-- Installing: /home/rsl/Desktop/Indoor_Mobile_Robotic_Arm/Thesis/ws/install/roboteq_interface/include/roboteq_interface/msg/detail/driver_list__functions.h
-- Installing: /home/rsl/Desktop/Indoor_Mobile_Robotic_Arm/Thesis/ws/install/roboteq_interface/include/roboteq_interface/msg/detail/driver_list__struct.h
-- Installing: /home/rsl/Desktop/Indoor_Mobile_Robotic_Arm/Thesis/ws/install/roboteq_interface/include/roboteq_interface/msg/detail/driver_list__functions.c
-- Installing: /home/rsl/Desktop/Indoor_Mobile_Robotic_Arm/Thesis/ws/install/roboteq_interface/share/roboteq_interface/environment/library_path.sh
-- Installing: /home/rsl/Desktop/Indoor_Mobile_Robotic_Arm/Thesis/ws/install/roboteq_interface/share/roboteq_interface/environment/library_path.dsv
-- Installing: /home/rsl/Desktop/Indoor_Mobile_Robotic_Arm/Thesis/ws/install/roboteq_interface/lib/libroboteq_interface__rosidl_generator_c.so
-- Set runtime path of "/home/rsl/Desktop/Indoor_Mobile_Robotic_Arm/Thesis/ws/install/roboteq_interface/lib/libroboteq_interface__rosidl_generator_c.so" to ""
-- Up-to-date: /home/rsl/Desktop/Indoor_Mobile_Robotic_Arm/Thesis/ws/install/roboteq_interface/include/roboteq_interface
-- Up-to-date: /home/rsl/Desktop/Indoor_Mobile_Robotic_Arm/Thesis/ws/install/roboteq_interface/include/roboteq_interface/msg
-- Installing: /home/rsl/Desktop/Indoor_Mobile_Robotic_Arm/Thesis/ws/install/roboteq_interface/include/roboteq_interface/msg/rosidl_typesupport_fastrtps_c__visibility_control.h
-- Up-to-date: /home/rsl/Desktop/Indoor_Mobile_Robotic_Arm/Thesis/ws/install/roboteq_interface/include/roboteq_interface/msg/detail
-- Installing: /home/rsl/Desktop/Indoor_Mobile_Robotic_Arm/Thesis/ws/install/roboteq_interface/include/roboteq_interface/msg/detail/driver_list__rosidl_typesupport_fastrtps_c.h
-- Installing: /home/rsl/Desktop/Indoor_Mobile_Robotic_Arm/Thesis/ws/install/roboteq_interface/lib/libroboteq_interface__rosidl_typesupport_fastrtps_c.so
-- Set runtime path of "/home/rsl/Desktop/Indoor_Mobile_Robotic_Arm/Thesis/ws/install/roboteq_interface/lib/libroboteq_interface__rosidl_typesupport_fastrtps_c.so" to ""
-- Up-to-date: /home/rsl/Desktop/Indoor_Mobile_Robotic_Arm/Thesis/ws/install/roboteq_interface/include/roboteq_interface
-- Up-to-date: /home/rsl/Desktop/Indoor_Mobile_Robotic_Arm/Thesis/ws/install/roboteq_interface/include/roboteq_interface/msg
-- Installing: /home/rsl/Desktop/Indoor_Mobile_Robotic_Arm/Thesis/ws/install/roboteq_interface/include/roboteq_interface/msg/rosidl_typesupport_fastrtps_cpp__visibility_control.h
-- Up-to-date: /home/rsl/Desktop/Indoor_Mobile_Robotic_Arm/Thesis/ws/install/roboteq_interface/include/roboteq_interface/msg/detail
-- Installing: /home/rsl/Desktop/Indoor_Mobile_Robotic_Arm/Thesis/ws/install/roboteq_interface/include/roboteq_interface/msg/detail/dds_fastrtps
-- Installing: /home/rsl/Desktop/Indoor_Mobile_Robotic_Arm/Thesis/ws/install/roboteq_interface/include/roboteq_interface/msg/detail/driver_list__rosidl_typesupport_fastrtps_cpp.hpp
-- Installing: /home/rsl/Desktop/Indoor_Mobile_Robotic_Arm/Thesis/ws/install/roboteq_interface/lib/libroboteq_interface__rosidl_typesupport_fastrtps_cpp.so
-- Set runtime path of "/home/rsl/Desktop/Indoor_Mobile_Robotic_Arm/Thesis/ws/install/roboteq_interface/lib/libroboteq_interface__rosidl_typesupport_fastrtps_cpp.so" to ""
-- Up-to-date: /home/rsl/Desktop/Indoor_Mobile_Robotic_Arm/Thesis/ws/install/roboteq_interface/include/roboteq_interface
-- Up-to-date: /home/rsl/Desktop/Indoor_Mobile_Robotic_Arm/Thesis/ws/install/roboteq_interface/include/roboteq_interface/msg
-- Installing: /home/rsl/Desktop/Indoor_Mobile_Robotic_Arm/Thesis/ws/install/roboteq_interface/include/roboteq_interface/msg/rosidl_typesupport_introspection_c__visibility_control.h
-- Up-to-date: /home/rsl/Desktop/Indoor_Mobile_Robotic_Arm/Thesis/ws/install/roboteq_interface/include/roboteq_interface/msg/detail
-- Installing: /home/rsl/Desktop/Indoor_Mobile_Robotic_Arm/Thesis/ws/install/roboteq_interface/include/roboteq_interface/msg/detail/driver_list__type_support.c
-- Installing: /home/rsl/Desktop/Indoor_Mobile_Robotic_Arm/Thesis/ws/install/roboteq_interface/include/roboteq_interface/msg/detail/driver_list__rosidl_typesupport_introspection_c.h
-- Installing: /home/rsl/Desktop/Indoor_Mobile_Robotic_Arm/Thesis/ws/install/roboteq_interface/lib/libroboteq_interface__rosidl_typesupport_introspection_c.so
-- Set runtime path of "/home/rsl/Desktop/Indoor_Mobile_Robotic_Arm/Thesis/ws/install/roboteq_interface/lib/libroboteq_interface__rosidl_typesupport_introspection_c.so" to ""
-- Installing: /home/rsl/Desktop/Indoor_Mobile_Robotic_Arm/Thesis/ws/install/roboteq_interface/lib/libroboteq_interface__rosidl_typesupport_c.so
-- Set runtime path of "/home/rsl/Desktop/Indoor_Mobile_Robotic_Arm/Thesis/ws/install/roboteq_interface/lib/libroboteq_interface__rosidl_typesupport_c.so" to ""
-- Up-to-date: /home/rsl/Desktop/Indoor_Mobile_Robotic_Arm/Thesis/ws/install/roboteq_interface/include/roboteq_interface
-- Up-to-date: /home/rsl/Desktop/Indoor_Mobile_Robotic_Arm/Thesis/ws/install/roboteq_interface/include/roboteq_interface/msg
-- Installing: /home/rsl/Desktop/Indoor_Mobile_Robotic_Arm/Thesis/ws/install/roboteq_interface/include/roboteq_interface/msg/driver_list.hpp
-- Up-to-date: /home/rsl/Desktop/Indoor_Mobile_Robotic_Arm/Thesis/ws/install/roboteq_interface/include/roboteq_interface/msg/detail
-- Installing: /home/rsl/Desktop/Indoor_Mobile_Robotic_Arm/Thesis/ws/install/roboteq_interface/include/roboteq_interface/msg/detail/driver_list__traits.hpp
-- Installing: /home/rsl/Desktop/Indoor_Mobile_Robotic_Arm/Thesis/ws/install/roboteq_interface/include/roboteq_interface/msg/detail/driver_list__builder.hpp
-- Installing: /home/rsl/Desktop/Indoor_Mobile_Robotic_Arm/Thesis/ws/install/roboteq_interface/include/roboteq_interface/msg/detail/driver_list__struct.hpp
-- Up-to-date: /home/rsl/Desktop/Indoor_Mobile_Robotic_Arm/Thesis/ws/install/roboteq_interface/include/roboteq_interface
-- Up-to-date: /home/rsl/Desktop/Indoor_Mobile_Robotic_Arm/Thesis/ws/install/roboteq_interface/include/roboteq_interface/msg
-- Up-to-date: /home/rsl/Desktop/Indoor_Mobile_Robotic_Arm/Thesis/ws/install/roboteq_interface/include/roboteq_interface/msg/detail
-- Installing: /home/rsl/Desktop/Indoor_Mobile_Robotic_Arm/Thesis/ws/install/roboteq_interface/include/roboteq_interface/msg/detail/driver_list__rosidl_typesupport_introspection_cpp.hpp
-- Installing: /home/rsl/Desktop/Indoor_Mobile_Robotic_Arm/Thesis/ws/install/roboteq_interface/include/roboteq_interface/msg/detail/driver_list__type_support.cpp
-- Installing: /home/rsl/Desktop/Indoor_Mobile_Robotic_Arm/Thesis/ws/install/roboteq_interface/lib/libroboteq_interface__rosidl_typesupport_introspection_cpp.so
-- Set runtime path of "/home/rsl/Desktop/Indoor_Mobile_Robotic_Arm/Thesis/ws/install/roboteq_interface/lib/libroboteq_interface__rosidl_typesupport_introspection_cpp.so" to ""
-- Installing: /home/rsl/Desktop/Indoor_Mobile_Robotic_Arm/Thesis/ws/install/roboteq_interface/lib/libroboteq_interface__rosidl_typesupport_cpp.so
-- Set runtime path of "/home/rsl/Desktop/Indoor_Mobile_Robotic_Arm/Thesis/ws/install/roboteq_interface/lib/libroboteq_interface__rosidl_typesupport_cpp.so" to ""
-- Installing: /home/rsl/Desktop/Indoor_Mobile_Robotic_Arm/Thesis/ws/install/roboteq_interface/share/roboteq_interface/environment/pythonpath.sh
-- Installing: /home/rsl/Desktop/Indoor_Mobile_Robotic_Arm/Thesis/ws/install/roboteq_interface/share/roboteq_interface/environment/pythonpath.dsv
-- Installing: /home/rsl/Desktop/Indoor_Mobile_Robotic_Arm/Thesis/ws/install/roboteq_interface/lib/python3.8/site-packages/roboteq_interface/__init__.py
Compiling '/home/rsl/Desktop/Indoor_Mobile_Robotic_Arm/Thesis/ws/install/roboteq_interface/lib/python3.8/site-packages/roboteq_interface/__init__.py'...
-- Installing: /home/rsl/Desktop/Indoor_Mobile_Robotic_Arm/Thesis/ws/install/roboteq_interface/lib/python3.8/site-packages/roboteq_interface/msg
-- Installing: /home/rsl/Desktop/Indoor_Mobile_Robotic_Arm/Thesis/ws/install/roboteq_interface/lib/python3.8/site-packages/roboteq_interface/msg/_driver_list_s.c
-- Installing: /home/rsl/Desktop/Indoor_Mobile_Robotic_Arm/Thesis/ws/install/roboteq_interface/lib/python3.8/site-packages/roboteq_interface/msg/__init__.py
-- Installing: /home/rsl/Desktop/Indoor_Mobile_Robotic_Arm/Thesis/ws/install/roboteq_interface/lib/python3.8/site-packages/roboteq_interface/msg/_driver_list.py
-- Installing: /home/rsl/Desktop/Indoor_Mobile_Robotic_Arm/Thesis/ws/install/roboteq_interface/lib/python3.8/site-packages/roboteq_interface/roboteq_interface_s__rosidl_typesupport_fastrtps_c.cpython-38-aarch64-linux-gnu.so
-- Set runtime path of "/home/rsl/Desktop/Indoor_Mobile_Robotic_Arm/Thesis/ws/install/roboteq_interface/lib/python3.8/site-packages/roboteq_interface/roboteq_interface_s__rosidl_typesupport_fastrtps_c.cpython-38-aarch64-linux-gnu.so" to ""
-- Installing: /home/rsl/Desktop/Indoor_Mobile_Robotic_Arm/Thesis/ws/install/roboteq_interface/lib/python3.8/site-packages/roboteq_interface/roboteq_interface_s__rosidl_typesupport_introspection_c.cpython-38-aarch64-linux-gnu.so
-- Set runtime path of "/home/rsl/Desktop/Indoor_Mobile_Robotic_Arm/Thesis/ws/install/roboteq_interface/lib/python3.8/site-packages/roboteq_interface/roboteq_interface_s__rosidl_typesupport_introspection_c.cpython-38-aarch64-linux-gnu.so" to ""
-- Installing: /home/rsl/Desktop/Indoor_Mobile_Robotic_Arm/Thesis/ws/install/roboteq_interface/lib/python3.8/site-packages/roboteq_interface/roboteq_interface_s__rosidl_typesupport_c.cpython-38-aarch64-linux-gnu.so
-- Set runtime path of "/home/rsl/Desktop/Indoor_Mobile_Robotic_Arm/Thesis/ws/install/roboteq_interface/lib/python3.8/site-packages/roboteq_interface/roboteq_interface_s__rosidl_typesupport_c.cpython-38-aarch64-linux-gnu.so" to ""
-- Installing: /home/rsl/Desktop/Indoor_Mobile_Robotic_Arm/Thesis/ws/install/roboteq_interface/lib/libroboteq_interface__python.so
-- Set runtime path of "/home/rsl/Desktop/Indoor_Mobile_Robotic_Arm/Thesis/ws/install/roboteq_interface/lib/libroboteq_interface__python.so" to ""
-- Installing: /home/rsl/Desktop/Indoor_Mobile_Robotic_Arm/Thesis/ws/install/roboteq_interface/share/roboteq_interface/msg/DriverList.idl
-- Installing: /home/rsl/Desktop/Indoor_Mobile_Robotic_Arm/Thesis/ws/install/roboteq_interface/share/roboteq_interface/msg/DriverList.msg
-- Installing: /home/rsl/Desktop/Indoor_Mobile_Robotic_Arm/Thesis/ws/install/roboteq_interface/share/ament_index/resource_index/package_run_dependencies/roboteq_interface
-- Installing: /home/rsl/Desktop/Indoor_Mobile_Robotic_Arm/Thesis/ws/install/roboteq_interface/share/ament_index/resource_index/parent_prefix_path/roboteq_interface
-- Up-to-date: /home/rsl/Desktop/Indoor_Mobile_Robotic_Arm/Thesis/ws/install/roboteq_interface/share/roboteq_interface/environment/ament_prefix_path.sh
-- Installing: /home/rsl/Desktop/Indoor_Mobile_Robotic_Arm/Thesis/ws/install/roboteq_interface/share/roboteq_interface/environment/ament_prefix_path.dsv
-- Up-to-date: /home/rsl/Desktop/Indoor_Mobile_Robotic_Arm/Thesis/ws/install/roboteq_interface/share/roboteq_interface/environment/path.sh
-- Installing: /home/rsl/Desktop/Indoor_Mobile_Robotic_Arm/Thesis/ws/install/roboteq_interface/share/roboteq_interface/environment/path.dsv
-- Up-to-date: /home/rsl/Desktop/Indoor_Mobile_Robotic_Arm/Thesis/ws/install/roboteq_interface/share/roboteq_interface/local_setup.bash
-- Installing: /home/rsl/Desktop/Indoor_Mobile_Robotic_Arm/Thesis/ws/install/roboteq_interface/share/roboteq_interface/local_setup.sh
-- Up-to-date: /home/rsl/Desktop/Indoor_Mobile_Robotic_Arm/Thesis/ws/install/roboteq_interface/share/roboteq_interface/local_setup.zsh
-- Installing: /home/rsl/Desktop/Indoor_Mobile_Robotic_Arm/Thesis/ws/install/roboteq_interface/share/roboteq_interface/local_setup.dsv
-- Installing: /home/rsl/Desktop/Indoor_Mobile_Robotic_Arm/Thesis/ws/install/roboteq_interface/share/roboteq_interface/package.dsv
-- Up-to-date: /home/rsl/Desktop/Indoor_Mobile_Robotic_Arm/Thesis/ws/install/roboteq_interface/share/ament_index/resource_index/packages/roboteq_interface
-- Installing: /home/rsl/Desktop/Indoor_Mobile_Robotic_Arm/Thesis/ws/install/roboteq_interface/share/roboteq_interface/cmake/roboteq_interface__rosidl_generator_cExport.cmake
-- Installing: /home/rsl/Desktop/Indoor_Mobile_Robotic_Arm/Thesis/ws/install/roboteq_interface/share/roboteq_interface/cmake/roboteq_interface__rosidl_generator_cExport-noconfig.cmake
-- Installing: /home/rsl/Desktop/Indoor_Mobile_Robotic_Arm/Thesis/ws/install/roboteq_interface/share/roboteq_interface/cmake/roboteq_interface__rosidl_typesupport_introspection_cExport.cmake
-- Installing: /home/rsl/Desktop/Indoor_Mobile_Robotic_Arm/Thesis/ws/install/roboteq_interface/share/roboteq_interface/cmake/roboteq_interface__rosidl_typesupport_introspection_cExport-noconfig.cmake
-- Installing: /home/rsl/Desktop/Indoor_Mobile_Robotic_Arm/Thesis/ws/install/roboteq_interface/share/roboteq_interface/cmake/roboteq_interface__rosidl_typesupport_cExport.cmake
-- Installing: /home/rsl/Desktop/Indoor_Mobile_Robotic_Arm/Thesis/ws/install/roboteq_interface/share/roboteq_interface/cmake/roboteq_interface__rosidl_typesupport_cExport-noconfig.cmake
-- Installing: /home/rsl/Desktop/Indoor_Mobile_Robotic_Arm/Thesis/ws/install/roboteq_interface/share/roboteq_interface/cmake/roboteq_interface__rosidl_generator_cppExport.cmake
-- Installing: /home/rsl/Desktop/Indoor_Mobile_Robotic_Arm/Thesis/ws/install/roboteq_interface/share/roboteq_interface/cmake/roboteq_interface__rosidl_typesupport_introspection_cppExport.cmake
-- Installing: /home/rsl/Desktop/Indoor_Mobile_Robotic_Arm/Thesis/ws/install/roboteq_interface/share/roboteq_interface/cmake/roboteq_interface__rosidl_typesupport_introspection_cppExport-noconfig.cmake
-- Installing: /home/rsl/Desktop/Indoor_Mobile_Robotic_Arm/Thesis/ws/install/roboteq_interface/share/roboteq_interface/cmake/roboteq_interface__rosidl_typesupport_cppExport.cmake
-- Installing: /home/rsl/Desktop/Indoor_Mobile_Robotic_Arm/Thesis/ws/install/roboteq_interface/share/roboteq_interface/cmake/roboteq_interface__rosidl_typesupport_cppExport-noconfig.cmake
-- Installing: /home/rsl/Desktop/Indoor_Mobile_Robotic_Arm/Thesis/ws/install/roboteq_interface/share/roboteq_interface/cmake/rosidl_cmake-extras.cmake
-- Installing: /home/rsl/Desktop/Indoor_Mobile_Robotic_Arm/Thesis/ws/install/roboteq_interface/share/roboteq_interface/cmake/ament_cmake_export_dependencies-extras.cmake
-- Installing: /home/rsl/Desktop/Indoor_Mobile_Robotic_Arm/Thesis/ws/install/roboteq_interface/share/roboteq_interface/cmake/ament_cmake_export_libraries-extras.cmake
-- Installing: /home/rsl/Desktop/Indoor_Mobile_Robotic_Arm/Thesis/ws/install/roboteq_interface/share/roboteq_interface/cmake/ament_cmake_export_targets-extras.cmake
-- Installing: /home/rsl/Desktop/Indoor_Mobile_Robotic_Arm/Thesis/ws/install/roboteq_interface/share/roboteq_interface/cmake/ament_cmake_export_include_directories-extras.cmake
-- Installing: /home/rsl/Desktop/Indoor_Mobile_Robotic_Arm/Thesis/ws/install/roboteq_interface/share/roboteq_interface/cmake/rosidl_cmake_export_typesupport_libraries-extras.cmake
-- Installing: /home/rsl/Desktop/Indoor_Mobile_Robotic_Arm/Thesis/ws/install/roboteq_interface/share/roboteq_interface/cmake/rosidl_cmake_export_typesupport_targets-extras.cmake
-- Installing: /home/rsl/Desktop/Indoor_Mobile_Robotic_Arm/Thesis/ws/install/roboteq_interface/share/roboteq_interface/cmake/roboteq_interfaceConfig.cmake
-- Up-to-date: /home/rsl/Desktop/Indoor_Mobile_Robotic_Arm/Thesis/ws/install/roboteq_interface/share/roboteq_interface/cmake/roboteq_interfaceConfig-version.cmake
-- Installing: /home/rsl/Desktop/Indoor_Mobile_Robotic_Arm/Thesis/ws/install/roboteq_interface/share/roboteq_interface/package.xml
