[0.370s] Invoking command in '/home/vboxuser/ws/build/teleop_twist_joy': CMAKE_PREFIX_PATH=/opt/ros/humble /usr/bin/cmake --build /home/vboxuser/ws/build/teleop_twist_joy -- -j6 -l6
[0.430s] [ 50%] Built target teleop_twist_joy
[0.474s] [100%] Built target teleop_twist_joy_node
[0.550s] Invoked command in '/home/vboxuser/ws/build/teleop_twist_joy' returned '0': CMAKE_PREFIX_PATH=/opt/ros/humble /usr/bin/cmake --build /home/vboxuser/ws/build/teleop_twist_joy -- -j6 -l6
[0.641s] Invoking command in '/home/vboxuser/ws/build/teleop_twist_joy': CMAKE_PREFIX_PATH=/opt/ros/humble /usr/bin/cmake --install /home/vboxuser/ws/build/teleop_twist_joy
[0.669s] -- Install configuration: ""
[0.669s] -- Up-to-date: /home/vboxuser/ws/install/teleop_twist_joy/lib/libteleop_twist_joy.so
[0.669s] -- Up-to-date: /home/vboxuser/ws/install/teleop_twist_joy/lib/teleop_twist_joy/teleop_node
[0.670s] -- Up-to-date: /home/vboxuser/ws/install/teleop_twist_joy/include
[0.670s] -- Up-to-date: /home/vboxuser/ws/install/teleop_twist_joy/include/teleop_twist_joy
[0.670s] -- Up-to-date: /home/vboxuser/ws/install/teleop_twist_joy/include/teleop_twist_joy/teleop_twist_joy.hpp
[0.670s] -- Up-to-date: /home/vboxuser/ws/install/teleop_twist_joy/include/teleop_twist_joy/teleop_twist_joy_export.h
[0.670s] -- Up-to-date: /home/vboxuser/ws/install/teleop_twist_joy/share/teleop_twist_joy/launch
[0.671s] -- Up-to-date: /home/vboxuser/ws/install/teleop_twist_joy/share/teleop_twist_joy/launch/teleop-launch.py
[0.671s] -- Up-to-date: /home/vboxuser/ws/install/teleop_twist_joy/share/teleop_twist_joy/config
[0.671s] -- Up-to-date: /home/vboxuser/ws/install/teleop_twist_joy/share/teleop_twist_joy/config/xbox.config.yaml
[0.672s] -- Up-to-date: /home/vboxuser/ws/install/teleop_twist_joy/share/teleop_twist_joy/config/atk3.config.yaml
[0.672s] -- Up-to-date: /home/vboxuser/ws/install/teleop_twist_joy/share/teleop_twist_joy/config/ps3-holonomic.config.yaml
[0.673s] -- Up-to-date: /home/vboxuser/ws/install/teleop_twist_joy/share/teleop_twist_joy/config/xd3.config.yaml
[0.673s] -- Up-to-date: /home/vboxuser/ws/install/teleop_twist_joy/share/teleop_twist_joy/config/ps3.config.yaml
[0.673s] -- Up-to-date: /home/vboxuser/ws/install/teleop_twist_joy/share/teleop_twist_joy/environment/library_path.sh
[0.674s] -- Up-to-date: /home/vboxuser/ws/install/teleop_twist_joy/share/teleop_twist_joy/environment/library_path.dsv
[0.674s] -- Up-to-date: /home/vboxuser/ws/install/teleop_twist_joy/share/ament_index/resource_index/package_run_dependencies/teleop_twist_joy
[0.677s] -- Up-to-date: /home/vboxuser/ws/install/teleop_twist_joy/share/ament_index/resource_index/parent_prefix_path/teleop_twist_joy
[0.678s] -- Up-to-date: /home/vboxuser/ws/install/teleop_twist_joy/share/teleop_twist_joy/environment/ament_prefix_path.sh
[0.679s] -- Up-to-date: /home/vboxuser/ws/install/teleop_twist_joy/share/teleop_twist_joy/environment/ament_prefix_path.dsv
[0.679s] -- Up-to-date: /home/vboxuser/ws/install/teleop_twist_joy/share/teleop_twist_joy/environment/path.sh
[0.679s] -- Up-to-date: /home/vboxuser/ws/install/teleop_twist_joy/share/teleop_twist_joy/environment/path.dsv
[0.679s] -- Up-to-date: /home/vboxuser/ws/install/teleop_twist_joy/share/teleop_twist_joy/local_setup.bash
[0.679s] -- Up-to-date: /home/vboxuser/ws/install/teleop_twist_joy/share/teleop_twist_joy/local_setup.sh
[0.679s] -- Up-to-date: /home/vboxuser/ws/install/teleop_twist_joy/share/teleop_twist_joy/local_setup.zsh
[0.679s] -- Up-to-date: /home/vboxuser/ws/install/teleop_twist_joy/share/teleop_twist_joy/local_setup.dsv
[0.679s] -- Installing: /home/vboxuser/ws/install/teleop_twist_joy/share/teleop_twist_joy/package.dsv
[0.679s] -- Up-to-date: /home/vboxuser/ws/install/teleop_twist_joy/share/ament_index/resource_index/packages/teleop_twist_joy
[0.679s] -- Up-to-date: /home/vboxuser/ws/install/teleop_twist_joy/share/ament_index/resource_index/rclcpp_components/teleop_twist_joy
[0.679s] -- Up-to-date: /home/vboxuser/ws/install/teleop_twist_joy/share/teleop_twist_joy/cmake/ament_cmake_export_include_directories-extras.cmake
[0.679s] -- Up-to-date: /home/vboxuser/ws/install/teleop_twist_joy/share/teleop_twist_joy/cmake/ament_cmake_export_libraries-extras.cmake
[0.679s] -- Up-to-date: /home/vboxuser/ws/install/teleop_twist_joy/share/teleop_twist_joy/cmake/teleop_twist_joyConfig.cmake
[0.679s] -- Up-to-date: /home/vboxuser/ws/install/teleop_twist_joy/share/teleop_twist_joy/cmake/teleop_twist_joyConfig-version.cmake
[0.679s] -- Up-to-date: /home/vboxuser/ws/install/teleop_twist_joy/share/teleop_twist_joy/package.xml
[0.681s] Invoked command in '/home/vboxuser/ws/build/teleop_twist_joy' returned '0': CMAKE_PREFIX_PATH=/opt/ros/humble /usr/bin/cmake --install /home/vboxuser/ws/build/teleop_twist_joy
