[0.359s] Invoking command in '/home/rslam/Desktop/Thesis/ws/src/locomotion_core': PYTHONPATH=/home/rslam/Desktop/Thesis/build/locomotion_core/prefix_override:/home/rslam/Desktop/Thesis/install/locomotion_core/lib/python3.10/site-packages:${PYTHONPATH} /usr/bin/python3 setup.py egg_info --egg-base ../../../build/locomotion_core build --build-base /home/rslam/Desktop/Thesis/build/locomotion_core/build install --record /home/rslam/Desktop/Thesis/build/locomotion_core/install.log --single-version-externally-managed
[0.492s] running egg_info
[0.492s] creating ../../../build/locomotion_core/locomotion_core.egg-info
[0.493s] writing ../../../build/locomotion_core/locomotion_core.egg-info/PKG-INFO
[0.493s] writing dependency_links to ../../../build/locomotion_core/locomotion_core.egg-info/dependency_links.txt
[0.493s] writing entry points to ../../../build/locomotion_core/locomotion_core.egg-info/entry_points.txt
[0.493s] writing requirements to ../../../build/locomotion_core/locomotion_core.egg-info/requires.txt
[0.493s] writing top-level names to ../../../build/locomotion_core/locomotion_core.egg-info/top_level.txt
[0.493s] writing manifest file '../../../build/locomotion_core/locomotion_core.egg-info/SOURCES.txt'
[0.494s] reading manifest file '../../../build/locomotion_core/locomotion_core.egg-info/SOURCES.txt'
[0.494s] writing manifest file '../../../build/locomotion_core/locomotion_core.egg-info/SOURCES.txt'
[0.495s] running build
[0.495s] running build_py
[0.495s] creating /home/rslam/Desktop/Thesis/build/locomotion_core/build
[0.495s] creating /home/rslam/Desktop/Thesis/build/locomotion_core/build/lib
[0.495s] creating /home/rslam/Desktop/Thesis/build/locomotion_core/build/lib/locomotion_core
[0.496s] copying locomotion_core/movebase_core.py -> /home/rslam/Desktop/Thesis/build/locomotion_core/build/lib/locomotion_core
[0.496s] copying locomotion_core/cmd_roboteq.py -> /home/rslam/Desktop/Thesis/build/locomotion_core/build/lib/locomotion_core
[0.496s] copying locomotion_core/drive_selector.py -> /home/rslam/Desktop/Thesis/build/locomotion_core/build/lib/locomotion_core
[0.496s] copying locomotion_core/driver_node.py -> /home/rslam/Desktop/Thesis/build/locomotion_core/build/lib/locomotion_core
[0.496s] copying locomotion_core/__init__.py -> /home/rslam/Desktop/Thesis/build/locomotion_core/build/lib/locomotion_core
[0.496s] copying locomotion_core/rover_state_controller.py -> /home/rslam/Desktop/Thesis/build/locomotion_core/build/lib/locomotion_core
[0.496s] running install
[0.497s] /usr/lib/python3/dist-packages/setuptools/command/install.py:34: SetuptoolsDeprecationWarning: setup.py install is deprecated. Use build and pip and other standards-based tools.
[0.497s]   warnings.warn(
[0.497s] running install_lib
[0.497s] creating /home/rslam/Desktop/Thesis/install/locomotion_core/lib/python3.10/site-packages/locomotion_core
[0.497s] copying /home/rslam/Desktop/Thesis/build/locomotion_core/build/lib/locomotion_core/movebase_core.py -> /home/rslam/Desktop/Thesis/install/locomotion_core/lib/python3.10/site-packages/locomotion_core
[0.498s] copying /home/rslam/Desktop/Thesis/build/locomotion_core/build/lib/locomotion_core/cmd_roboteq.py -> /home/rslam/Desktop/Thesis/install/locomotion_core/lib/python3.10/site-packages/locomotion_core
[0.498s] copying /home/rslam/Desktop/Thesis/build/locomotion_core/build/lib/locomotion_core/drive_selector.py -> /home/rslam/Desktop/Thesis/install/locomotion_core/lib/python3.10/site-packages/locomotion_core
[0.498s] copying /home/rslam/Desktop/Thesis/build/locomotion_core/build/lib/locomotion_core/driver_node.py -> /home/rslam/Desktop/Thesis/install/locomotion_core/lib/python3.10/site-packages/locomotion_core
[0.498s] copying /home/rslam/Desktop/Thesis/build/locomotion_core/build/lib/locomotion_core/__init__.py -> /home/rslam/Desktop/Thesis/install/locomotion_core/lib/python3.10/site-packages/locomotion_core
[0.498s] copying /home/rslam/Desktop/Thesis/build/locomotion_core/build/lib/locomotion_core/rover_state_controller.py -> /home/rslam/Desktop/Thesis/install/locomotion_core/lib/python3.10/site-packages/locomotion_core
[0.498s] byte-compiling /home/rslam/Desktop/Thesis/install/locomotion_core/lib/python3.10/site-packages/locomotion_core/movebase_core.py to movebase_core.cpython-310.pyc
[0.498s] byte-compiling /home/rslam/Desktop/Thesis/install/locomotion_core/lib/python3.10/site-packages/locomotion_core/cmd_roboteq.py to cmd_roboteq.cpython-310.pyc
[0.498s] byte-compiling /home/rslam/Desktop/Thesis/install/locomotion_core/lib/python3.10/site-packages/locomotion_core/drive_selector.py to drive_selector.cpython-310.pyc
[0.499s] byte-compiling /home/rslam/Desktop/Thesis/install/locomotion_core/lib/python3.10/site-packages/locomotion_core/driver_node.py to driver_node.cpython-310.pyc
[0.499s] byte-compiling /home/rslam/Desktop/Thesis/install/locomotion_core/lib/python3.10/site-packages/locomotion_core/__init__.py to __init__.cpython-310.pyc
[0.499s] byte-compiling /home/rslam/Desktop/Thesis/install/locomotion_core/lib/python3.10/site-packages/locomotion_core/rover_state_controller.py to rover_state_controller.cpython-310.pyc
[0.499s] running install_data
[0.500s] creating /home/rslam/Desktop/Thesis/install/locomotion_core/share/ament_index
[0.500s] creating /home/rslam/Desktop/Thesis/install/locomotion_core/share/ament_index/resource_index
[0.500s] creating /home/rslam/Desktop/Thesis/install/locomotion_core/share/ament_index/resource_index/packages
[0.500s] copying resource/locomotion_core -> /home/rslam/Desktop/Thesis/install/locomotion_core/share/ament_index/resource_index/packages
[0.500s] copying package.xml -> /home/rslam/Desktop/Thesis/install/locomotion_core/share/locomotion_core
[0.500s] running install_egg_info
[0.502s] Copying ../../../build/locomotion_core/locomotion_core.egg-info to /home/rslam/Desktop/Thesis/install/locomotion_core/lib/python3.10/site-packages/locomotion_core-0.0.0-py3.10.egg-info
[0.502s] running install_scripts
[0.516s] Installing cmd_roboteq script to /home/rslam/Desktop/Thesis/install/locomotion_core/lib/locomotion_core
[0.516s] Installing drive_selector script to /home/rslam/Desktop/Thesis/install/locomotion_core/lib/locomotion_core
[0.517s] Installing movebase_core script to /home/rslam/Desktop/Thesis/install/locomotion_core/lib/locomotion_core
[0.517s] Installing rover_state_controller script to /home/rslam/Desktop/Thesis/install/locomotion_core/lib/locomotion_core
[0.517s] writing list of installed files to '/home/rslam/Desktop/Thesis/build/locomotion_core/install.log'
[0.535s] Invoked command in '/home/rslam/Desktop/Thesis/ws/src/locomotion_core' returned '0': PYTHONPATH=/home/rslam/Desktop/Thesis/build/locomotion_core/prefix_override:/home/rslam/Desktop/Thesis/install/locomotion_core/lib/python3.10/site-packages:${PYTHONPATH} /usr/bin/python3 setup.py egg_info --egg-base ../../../build/locomotion_core build --build-base /home/rslam/Desktop/Thesis/build/locomotion_core/build install --record /home/rslam/Desktop/Thesis/build/locomotion_core/install.log --single-version-externally-managed
