[1.067s] Invoking command in '/home/vboxuser/ws/src/locomotion_core': PYTHONPATH=/home/vboxuser/ws/build/locomotion_core/prefix_override:/home/vboxuser/ws/install/locomotion_core/lib/python3.10/site-packages:${PYTHONPATH} /usr/bin/python3 setup.py egg_info --egg-base ../../build/locomotion_core build --build-base /home/vboxuser/ws/build/locomotion_core/build install --record /home/vboxuser/ws/build/locomotion_core/install.log --single-version-externally-managed
[1.305s] running egg_info
[1.311s] writing ../../build/locomotion_core/locomotion_core.egg-info/PKG-INFO
[1.314s] writing dependency_links to ../../build/locomotion_core/locomotion_core.egg-info/dependency_links.txt
[1.314s] writing entry points to ../../build/locomotion_core/locomotion_core.egg-info/entry_points.txt
[1.314s] writing requirements to ../../build/locomotion_core/locomotion_core.egg-info/requires.txt
[1.314s] writing top-level names to ../../build/locomotion_core/locomotion_core.egg-info/top_level.txt
[1.325s] reading manifest file '../../build/locomotion_core/locomotion_core.egg-info/SOURCES.txt'
[1.326s] writing manifest file '../../build/locomotion_core/locomotion_core.egg-info/SOURCES.txt'
[1.327s] running build
[1.327s] running build_py
[1.327s] copying locomotion_core/movebase_core.py -> /home/vboxuser/ws/build/locomotion_core/build/lib/locomotion_core
[1.329s] running install
[1.329s] running install_lib
[1.329s] copying /home/vboxuser/ws/build/locomotion_core/build/lib/locomotion_core/movebase_core.py -> /home/vboxuser/ws/install/locomotion_core/lib/python3.10/site-packages/locomotion_core
[1.331s] byte-compiling /home/vboxuser/ws/install/locomotion_core/lib/python3.10/site-packages/locomotion_core/movebase_core.py to movebase_core.cpython-310.pyc
[1.331s] running install_data
[1.331s] running install_egg_info
[1.332s] removing '/home/vboxuser/ws/install/locomotion_core/lib/python3.10/site-packages/locomotion_core-0.0.0-py3.10.egg-info' (and everything under it)
[1.334s] Copying ../../build/locomotion_core/locomotion_core.egg-info to /home/vboxuser/ws/install/locomotion_core/lib/python3.10/site-packages/locomotion_core-0.0.0-py3.10.egg-info
[1.334s] running install_scripts
[1.364s] Installing cmd_roboteq script to /home/vboxuser/ws/install/locomotion_core/lib/locomotion_core
[1.364s] Installing drive_selector script to /home/vboxuser/ws/install/locomotion_core/lib/locomotion_core
[1.364s] Installing movebase_core script to /home/vboxuser/ws/install/locomotion_core/lib/locomotion_core
[1.366s] writing list of installed files to '/home/vboxuser/ws/build/locomotion_core/install.log'
[1.410s] Invoked command in '/home/vboxuser/ws/src/locomotion_core' returned '0': PYTHONPATH=/home/vboxuser/ws/build/locomotion_core/prefix_override:/home/vboxuser/ws/install/locomotion_core/lib/python3.10/site-packages:${PYTHONPATH} /usr/bin/python3 setup.py egg_info --egg-base ../../build/locomotion_core build --build-base /home/vboxuser/ws/build/locomotion_core/build install --record /home/vboxuser/ws/build/locomotion_core/install.log --single-version-externally-managed
