[3.018s] Invoking command in '/home/vboxuser/ws/src/my_robot_ctrl': PYTHONPATH=/home/vboxuser/ws/build/my_robot_ctrl/prefix_override:/home/vboxuser/ws/install/my_robot_ctrl/lib/python3.10/site-packages:${PYTHONPATH} /usr/bin/python3 setup.py egg_info --egg-base ../../build/my_robot_ctrl build --build-base /home/vboxuser/ws/build/my_robot_ctrl/build install --record /home/vboxuser/ws/build/my_robot_ctrl/install.log --single-version-externally-managed
[3.699s] running egg_info
[3.699s] writing ../../build/my_robot_ctrl/my_robot_ctrl.egg-info/PKG-INFO
[3.699s] writing dependency_links to ../../build/my_robot_ctrl/my_robot_ctrl.egg-info/dependency_links.txt
[3.700s] writing entry points to ../../build/my_robot_ctrl/my_robot_ctrl.egg-info/entry_points.txt
[3.700s] writing requirements to ../../build/my_robot_ctrl/my_robot_ctrl.egg-info/requires.txt
[3.700s] writing top-level names to ../../build/my_robot_ctrl/my_robot_ctrl.egg-info/top_level.txt
[3.700s] reading manifest file '../../build/my_robot_ctrl/my_robot_ctrl.egg-info/SOURCES.txt'
[3.702s] writing manifest file '../../build/my_robot_ctrl/my_robot_ctrl.egg-info/SOURCES.txt'
[3.702s] running build
[3.702s] running build_py
[3.702s] running install
[3.703s] running install_lib
[3.706s] running install_data
[3.708s] running install_egg_info
[3.716s] removing '/home/vboxuser/ws/install/my_robot_ctrl/lib/python3.10/site-packages/my_robot_ctrl-0.0.0-py3.10.egg-info' (and everything under it)
[3.718s] Copying ../../build/my_robot_ctrl/my_robot_ctrl.egg-info to /home/vboxuser/ws/install/my_robot_ctrl/lib/python3.10/site-packages/my_robot_ctrl-0.0.0-py3.10.egg-info
[3.720s] running install_scripts
[3.782s] Installing mynode script to /home/vboxuser/ws/install/my_robot_ctrl/lib/my_robot_ctrl
[3.785s] writing list of installed files to '/home/vboxuser/ws/build/my_robot_ctrl/install.log'
[3.960s] Invoked command in '/home/vboxuser/ws/src/my_robot_ctrl' returned '0': PYTHONPATH=/home/vboxuser/ws/build/my_robot_ctrl/prefix_override:/home/vboxuser/ws/install/my_robot_ctrl/lib/python3.10/site-packages:${PYTHONPATH} /usr/bin/python3 setup.py egg_info --egg-base ../../build/my_robot_ctrl build --build-base /home/vboxuser/ws/build/my_robot_ctrl/build install --record /home/vboxuser/ws/build/my_robot_ctrl/install.log --single-version-externally-managed
