[0.018s] Invoking command in '/home/vboxuser/ws/build/robot_start': AMENT_PREFIX_PATH=/home/vboxuser/ws/install/my_robot_ctrl:${AMENT_PREFIX_PATH} CMAKE_PREFIX_PATH=/opt/ros/humble PYTHONPATH=/home/vboxuser/ws/install/my_robot_ctrl/lib/python3.10/site-packages:${PYTHONPATH} /usr/bin/cmake --build /home/vboxuser/ws/build/robot_start -- -j6 -l6
[0.096s] Invoked command in '/home/vboxuser/ws/build/robot_start' returned '0': AMENT_PREFIX_PATH=/home/vboxuser/ws/install/my_robot_ctrl:${AMENT_PREFIX_PATH} CMAKE_PREFIX_PATH=/opt/ros/humble PYTHONPATH=/home/vboxuser/ws/install/my_robot_ctrl/lib/python3.10/site-packages:${PYTHONPATH} /usr/bin/cmake --build /home/vboxuser/ws/build/robot_start -- -j6 -l6
[0.127s] Invoking command in '/home/vboxuser/ws/build/robot_start': AMENT_PREFIX_PATH=/home/vboxuser/ws/install/my_robot_ctrl:${AMENT_PREFIX_PATH} CMAKE_PREFIX_PATH=/opt/ros/humble PYTHONPATH=/home/vboxuser/ws/install/my_robot_ctrl/lib/python3.10/site-packages:${PYTHONPATH} /usr/bin/cmake --install /home/vboxuser/ws/build/robot_start
[0.133s] -- Install configuration: ""
[0.133s] -- Up-to-date: /home/vboxuser/ws/install/robot_start/share/robot_start/launch
[0.136s] -- Up-to-date: /home/vboxuser/ws/install/robot_start/share/robot_start/launch/demo.launch.py
[0.136s] -- Up-to-date: /home/vboxuser/ws/install/robot_start/share/robot_start/launch/rover_start.launch.py
[0.137s] -- Up-to-date: /home/vboxuser/ws/install/robot_start/share/ament_index/resource_index/package_run_dependencies/robot_start
[0.142s] -- Up-to-date: /home/vboxuser/ws/install/robot_start/share/ament_index/resource_index/parent_prefix_path/robot_start
[0.142s] -- Up-to-date: /home/vboxuser/ws/install/robot_start/share/robot_start/environment/ament_prefix_path.sh
[0.142s] -- Up-to-date: /home/vboxuser/ws/install/robot_start/share/robot_start/environment/ament_prefix_path.dsv
[0.142s] -- Up-to-date: /home/vboxuser/ws/install/robot_start/share/robot_start/environment/path.sh
[0.142s] -- Up-to-date: /home/vboxuser/ws/install/robot_start/share/robot_start/environment/path.dsv
[0.142s] -- Up-to-date: /home/vboxuser/ws/install/robot_start/share/robot_start/local_setup.bash
[0.142s] -- Up-to-date: /home/vboxuser/ws/install/robot_start/share/robot_start/local_setup.sh
[0.143s] -- Up-to-date: /home/vboxuser/ws/install/robot_start/share/robot_start/local_setup.zsh
[0.143s] -- Up-to-date: /home/vboxuser/ws/install/robot_start/share/robot_start/local_setup.dsv
[0.143s] -- Installing: /home/vboxuser/ws/install/robot_start/share/robot_start/package.dsv
[0.143s] -- Up-to-date: /home/vboxuser/ws/install/robot_start/share/ament_index/resource_index/packages/robot_start
[0.143s] -- Up-to-date: /home/vboxuser/ws/install/robot_start/share/robot_start/cmake/robot_startConfig.cmake
[0.143s] -- Up-to-date: /home/vboxuser/ws/install/robot_start/share/robot_start/cmake/robot_startConfig-version.cmake
[0.143s] -- Up-to-date: /home/vboxuser/ws/install/robot_start/share/robot_start/package.xml
[0.144s] Invoked command in '/home/vboxuser/ws/build/robot_start' returned '0': AMENT_PREFIX_PATH=/home/vboxuser/ws/install/my_robot_ctrl:${AMENT_PREFIX_PATH} CMAKE_PREFIX_PATH=/opt/ros/humble PYTHONPATH=/home/vboxuser/ws/install/my_robot_ctrl/lib/python3.10/site-packages:${PYTHONPATH} /usr/bin/cmake --install /home/vboxuser/ws/build/robot_start
