[0.743s] DEBUG:colcon:Command line arguments: ['/usr/bin/colcon', 'build']
[0.744s] DEBUG:colcon:Parsed command line arguments: Namespace(allow_overriding=[], ament_cmake_args=None, base_paths=['.'], build_base='build', catkin_cmake_args=None, catkin_skip_building_tests=False, cmake_args=None, cmake_clean_cache=False, cmake_clean_first=False, cmake_force_configure=False, cmake_target=None, cmake_target_skip_unavailable=False, continue_on_error=False, event_handlers=None, executor='parallel', ignore_user_meta=False, install_base='install', log_base=None, log_level=None, main=<bound method BuildVerb.main of <colcon_core.verb.build.BuildVerb object at 0xffffa450bfa0>>, merge_install=False, metas=['./colcon.meta'], packages_above=None, packages_above_and_dependencies=None, packages_above_depth=None, packages_end=None, packages_ignore=None, packages_ignore_regex=None, packages_select=None, packages_select_build_failed=False, packages_select_by_dep=None, packages_select_regex=None, packages_select_test_failures=False, packages_skip=None, packages_skip_build_finished=False, packages_skip_by_dep=None, packages_skip_regex=None, packages_skip_test_passed=False, packages_skip_up_to=None, packages_start=None, packages_up_to=None, packages_up_to_regex=None, parallel_workers=6, paths=None, symlink_install=False, test_result_base=None, verb_extension=<colcon_core.verb.build.BuildVerb object at 0xffffa450bfa0>, verb_name='build', verb_parser=<colcon_defaults.argument_parser.defaults.DefaultArgumentsDecorator object at 0xffffa44864f0>)
[0.804s] Level 1:colcon.colcon_core.package_discovery:discover_packages(colcon_meta) check parameters
[0.804s] Level 1:colcon.colcon_core.package_discovery:discover_packages(recursive) check parameters
[0.804s] Level 1:colcon.colcon_core.package_discovery:discover_packages(ignore) check parameters
[0.804s] Level 1:colcon.colcon_core.package_discovery:discover_packages(path) check parameters
[0.804s] Level 1:colcon.colcon_core.package_discovery:discover_packages(colcon_meta) discover
[0.805s] Level 1:colcon.colcon_core.package_discovery:discover_packages(recursive) discover
[0.805s] INFO:colcon.colcon_core.package_discovery:Crawling recursively for packages in '/home/rsl/Desktop/Indoor_Mobile_Robotic_Arm'
[0.805s] Level 1:colcon.colcon_core.package_identification:_identify(.) by extensions ['ignore', 'ignore_ament_install']
[0.805s] Level 1:colcon.colcon_core.package_identification:_identify(.) by extension 'ignore'
[0.806s] Level 1:colcon.colcon_core.package_identification:_identify(.) by extension 'ignore_ament_install'
[0.806s] Level 1:colcon.colcon_core.package_identification:_identify(.) by extensions ['colcon_pkg']
[0.806s] Level 1:colcon.colcon_core.package_identification:_identify(.) by extension 'colcon_pkg'
[0.806s] Level 1:colcon.colcon_core.package_identification:_identify(.) by extensions ['colcon_meta']
[0.806s] Level 1:colcon.colcon_core.package_identification:_identify(.) by extension 'colcon_meta'
[0.806s] Level 1:colcon.colcon_core.package_identification:_identify(.) by extensions ['ros']
[0.806s] Level 1:colcon.colcon_core.package_identification:_identify(.) by extension 'ros'
[0.874s] Level 1:colcon.colcon_core.package_identification:_identify(.) by extensions ['cmake', 'python']
[0.874s] Level 1:colcon.colcon_core.package_identification:_identify(.) by extension 'cmake'
[0.874s] Level 1:colcon.colcon_core.package_identification:_identify(.) by extension 'python'
[0.874s] Level 1:colcon.colcon_core.package_identification:_identify(.) by extensions ['python_setup_py']
[0.874s] Level 1:colcon.colcon_core.package_identification:_identify(.) by extension 'python_setup_py'
[0.875s] Level 1:colcon.colcon_core.package_identification:_identify(Thesis) by extensions ['ignore', 'ignore_ament_install']
[0.875s] Level 1:colcon.colcon_core.package_identification:_identify(Thesis) by extension 'ignore'
[0.875s] Level 1:colcon.colcon_core.package_identification:_identify(Thesis) by extension 'ignore_ament_install'
[0.875s] Level 1:colcon.colcon_core.package_identification:_identify(Thesis) by extensions ['colcon_pkg']
[0.875s] Level 1:colcon.colcon_core.package_identification:_identify(Thesis) by extension 'colcon_pkg'
[0.876s] Level 1:colcon.colcon_core.package_identification:_identify(Thesis) by extensions ['colcon_meta']
[0.876s] Level 1:colcon.colcon_core.package_identification:_identify(Thesis) by extension 'colcon_meta'
[0.876s] Level 1:colcon.colcon_core.package_identification:_identify(Thesis) by extensions ['ros']
[0.876s] Level 1:colcon.colcon_core.package_identification:_identify(Thesis) by extension 'ros'
[0.876s] Level 1:colcon.colcon_core.package_identification:_identify(Thesis) by extensions ['cmake', 'python']
[0.876s] Level 1:colcon.colcon_core.package_identification:_identify(Thesis) by extension 'cmake'
[0.876s] Level 1:colcon.colcon_core.package_identification:_identify(Thesis) by extension 'python'
[0.876s] Level 1:colcon.colcon_core.package_identification:_identify(Thesis) by extensions ['python_setup_py']
[0.876s] Level 1:colcon.colcon_core.package_identification:_identify(Thesis) by extension 'python_setup_py'
[0.877s] Level 1:colcon.colcon_core.package_identification:_identify(Thesis/build) by extensions ['ignore', 'ignore_ament_install']
[0.877s] Level 1:colcon.colcon_core.package_identification:_identify(Thesis/build) by extension 'ignore'
[0.877s] Level 1:colcon.colcon_core.package_identification:_identify(Thesis/build) ignored
[0.877s] Level 1:colcon.colcon_core.package_identification:_identify(Thesis/install) by extensions ['ignore', 'ignore_ament_install']
[0.877s] Level 1:colcon.colcon_core.package_identification:_identify(Thesis/install) by extension 'ignore'
[0.878s] Level 1:colcon.colcon_core.package_identification:_identify(Thesis/install) ignored
[0.878s] Level 1:colcon.colcon_core.package_identification:_identify(Thesis/log) by extensions ['ignore', 'ignore_ament_install']
[0.878s] Level 1:colcon.colcon_core.package_identification:_identify(Thesis/log) by extension 'ignore'
[0.878s] Level 1:colcon.colcon_core.package_identification:_identify(Thesis/log) ignored
[0.878s] Level 1:colcon.colcon_core.package_identification:_identify(Thesis/ws) by extensions ['ignore', 'ignore_ament_install']
[0.878s] Level 1:colcon.colcon_core.package_identification:_identify(Thesis/ws) by extension 'ignore'
[0.879s] Level 1:colcon.colcon_core.package_identification:_identify(Thesis/ws) by extension 'ignore_ament_install'
[0.879s] Level 1:colcon.colcon_core.package_identification:_identify(Thesis/ws) by extensions ['colcon_pkg']
[0.879s] Level 1:colcon.colcon_core.package_identification:_identify(Thesis/ws) by extension 'colcon_pkg'
[0.879s] Level 1:colcon.colcon_core.package_identification:_identify(Thesis/ws) by extensions ['colcon_meta']
[0.879s] Level 1:colcon.colcon_core.package_identification:_identify(Thesis/ws) by extension 'colcon_meta'
[0.879s] Level 1:colcon.colcon_core.package_identification:_identify(Thesis/ws) by extensions ['ros']
[0.879s] Level 1:colcon.colcon_core.package_identification:_identify(Thesis/ws) by extension 'ros'
[0.879s] Level 1:colcon.colcon_core.package_identification:_identify(Thesis/ws) by extensions ['cmake', 'python']
[0.879s] Level 1:colcon.colcon_core.package_identification:_identify(Thesis/ws) by extension 'cmake'
[0.879s] Level 1:colcon.colcon_core.package_identification:_identify(Thesis/ws) by extension 'python'
[0.880s] Level 1:colcon.colcon_core.package_identification:_identify(Thesis/ws) by extensions ['python_setup_py']
[0.880s] Level 1:colcon.colcon_core.package_identification:_identify(Thesis/ws) by extension 'python_setup_py'
[0.880s] Level 1:colcon.colcon_core.package_identification:_identify(Thesis/ws/build) by extensions ['ignore', 'ignore_ament_install']
[0.880s] Level 1:colcon.colcon_core.package_identification:_identify(Thesis/ws/build) by extension 'ignore'
[0.880s] Level 1:colcon.colcon_core.package_identification:_identify(Thesis/ws/build) ignored
[0.880s] Level 1:colcon.colcon_core.package_identification:_identify(Thesis/ws/install) by extensions ['ignore', 'ignore_ament_install']
[0.881s] Level 1:colcon.colcon_core.package_identification:_identify(Thesis/ws/install) by extension 'ignore'
[0.881s] Level 1:colcon.colcon_core.package_identification:_identify(Thesis/ws/install) ignored
[0.881s] Level 1:colcon.colcon_core.package_identification:_identify(Thesis/ws/log) by extensions ['ignore', 'ignore_ament_install']
[0.881s] Level 1:colcon.colcon_core.package_identification:_identify(Thesis/ws/log) by extension 'ignore'
[0.882s] Level 1:colcon.colcon_core.package_identification:_identify(Thesis/ws/log) ignored
[0.882s] Level 1:colcon.colcon_core.package_identification:_identify(Thesis/ws/src) by extensions ['ignore', 'ignore_ament_install']
[0.882s] Level 1:colcon.colcon_core.package_identification:_identify(Thesis/ws/src) by extension 'ignore'
[0.882s] Level 1:colcon.colcon_core.package_identification:_identify(Thesis/ws/src) by extension 'ignore_ament_install'
[0.882s] Level 1:colcon.colcon_core.package_identification:_identify(Thesis/ws/src) by extensions ['colcon_pkg']
[0.882s] Level 1:colcon.colcon_core.package_identification:_identify(Thesis/ws/src) by extension 'colcon_pkg'
[0.882s] Level 1:colcon.colcon_core.package_identification:_identify(Thesis/ws/src) by extensions ['colcon_meta']
[0.882s] Level 1:colcon.colcon_core.package_identification:_identify(Thesis/ws/src) by extension 'colcon_meta'
[0.882s] Level 1:colcon.colcon_core.package_identification:_identify(Thesis/ws/src) by extensions ['ros']
[0.883s] Level 1:colcon.colcon_core.package_identification:_identify(Thesis/ws/src) by extension 'ros'
[0.883s] Level 1:colcon.colcon_core.package_identification:_identify(Thesis/ws/src) by extensions ['cmake', 'python']
[0.883s] Level 1:colcon.colcon_core.package_identification:_identify(Thesis/ws/src) by extension 'cmake'
[0.883s] Level 1:colcon.colcon_core.package_identification:_identify(Thesis/ws/src) by extension 'python'
[0.883s] Level 1:colcon.colcon_core.package_identification:_identify(Thesis/ws/src) by extensions ['python_setup_py']
[0.883s] Level 1:colcon.colcon_core.package_identification:_identify(Thesis/ws/src) by extension 'python_setup_py'
[0.883s] Level 1:colcon.colcon_core.package_identification:_identify(Thesis/ws/src/build) by extensions ['ignore', 'ignore_ament_install']
[0.883s] Level 1:colcon.colcon_core.package_identification:_identify(Thesis/ws/src/build) by extension 'ignore'
[0.884s] Level 1:colcon.colcon_core.package_identification:_identify(Thesis/ws/src/build) ignored
[0.884s] Level 1:colcon.colcon_core.package_identification:_identify(Thesis/ws/src/install) by extensions ['ignore', 'ignore_ament_install']
[0.884s] Level 1:colcon.colcon_core.package_identification:_identify(Thesis/ws/src/install) by extension 'ignore'
[0.884s] Level 1:colcon.colcon_core.package_identification:_identify(Thesis/ws/src/install) ignored
[0.884s] Level 1:colcon.colcon_core.package_identification:_identify(Thesis/ws/src/locomotion_core) by extensions ['ignore', 'ignore_ament_install']
[0.884s] Level 1:colcon.colcon_core.package_identification:_identify(Thesis/ws/src/locomotion_core) by extension 'ignore'
[0.885s] Level 1:colcon.colcon_core.package_identification:_identify(Thesis/ws/src/locomotion_core) by extension 'ignore_ament_install'
[0.885s] Level 1:colcon.colcon_core.package_identification:_identify(Thesis/ws/src/locomotion_core) by extensions ['colcon_pkg']
[0.885s] Level 1:colcon.colcon_core.package_identification:_identify(Thesis/ws/src/locomotion_core) by extension 'colcon_pkg'
[0.885s] Level 1:colcon.colcon_core.package_identification:_identify(Thesis/ws/src/locomotion_core) by extensions ['colcon_meta']
[0.885s] Level 1:colcon.colcon_core.package_identification:_identify(Thesis/ws/src/locomotion_core) by extension 'colcon_meta'
[0.885s] Level 1:colcon.colcon_core.package_identification:_identify(Thesis/ws/src/locomotion_core) by extensions ['ros']
[0.885s] Level 1:colcon.colcon_core.package_identification:_identify(Thesis/ws/src/locomotion_core) by extension 'ros'
[0.892s] DEBUG:colcon.colcon_core.package_identification:Package 'Thesis/ws/src/locomotion_core' with type 'ros.ament_python' and name 'locomotion_core'
[0.892s] Level 1:colcon.colcon_core.package_identification:_identify(Thesis/ws/src/log) by extensions ['ignore', 'ignore_ament_install']
[0.893s] Level 1:colcon.colcon_core.package_identification:_identify(Thesis/ws/src/log) by extension 'ignore'
[0.893s] Level 1:colcon.colcon_core.package_identification:_identify(Thesis/ws/src/log) ignored
[0.893s] Level 1:colcon.colcon_core.package_identification:_identify(Thesis/ws/src/rsl_scu) by extensions ['ignore', 'ignore_ament_install']
[0.893s] Level 1:colcon.colcon_core.package_identification:_identify(Thesis/ws/src/rsl_scu) by extension 'ignore'
[0.893s] Level 1:colcon.colcon_core.package_identification:_identify(Thesis/ws/src/rsl_scu) by extension 'ignore_ament_install'
[0.893s] Level 1:colcon.colcon_core.package_identification:_identify(Thesis/ws/src/rsl_scu) by extensions ['colcon_pkg']
[0.894s] Level 1:colcon.colcon_core.package_identification:_identify(Thesis/ws/src/rsl_scu) by extension 'colcon_pkg'
[0.894s] Level 1:colcon.colcon_core.package_identification:_identify(Thesis/ws/src/rsl_scu) by extensions ['colcon_meta']
[0.894s] Level 1:colcon.colcon_core.package_identification:_identify(Thesis/ws/src/rsl_scu) by extension 'colcon_meta'
[0.894s] Level 1:colcon.colcon_core.package_identification:_identify(Thesis/ws/src/rsl_scu) by extensions ['ros']
[0.894s] Level 1:colcon.colcon_core.package_identification:_identify(Thesis/ws/src/rsl_scu) by extension 'ros'
[0.895s] DEBUG:colcon.colcon_core.package_identification:Package 'Thesis/ws/src/rsl_scu' with type 'ros.ament_python' and name 'rsl_scu'
[0.895s] Level 1:colcon.colcon_core.package_identification:_identify(Thesis/ws/src/teleop_twist_joy) by extensions ['ignore', 'ignore_ament_install']
[0.896s] Level 1:colcon.colcon_core.package_identification:_identify(Thesis/ws/src/teleop_twist_joy) by extension 'ignore'
[0.896s] Level 1:colcon.colcon_core.package_identification:_identify(Thesis/ws/src/teleop_twist_joy) by extension 'ignore_ament_install'
[0.896s] Level 1:colcon.colcon_core.package_identification:_identify(Thesis/ws/src/teleop_twist_joy) by extensions ['colcon_pkg']
[0.896s] Level 1:colcon.colcon_core.package_identification:_identify(Thesis/ws/src/teleop_twist_joy) by extension 'colcon_pkg'
[0.896s] Level 1:colcon.colcon_core.package_identification:_identify(Thesis/ws/src/teleop_twist_joy) by extensions ['colcon_meta']
[0.896s] Level 1:colcon.colcon_core.package_identification:_identify(Thesis/ws/src/teleop_twist_joy) by extension 'colcon_meta'
[0.896s] Level 1:colcon.colcon_core.package_identification:_identify(Thesis/ws/src/teleop_twist_joy) by extensions ['ros']
[0.896s] Level 1:colcon.colcon_core.package_identification:_identify(Thesis/ws/src/teleop_twist_joy) by extension 'ros'
[0.898s] DEBUG:colcon.colcon_core.package_identification:Package 'Thesis/ws/src/teleop_twist_joy' with type 'ros.ament_cmake' and name 'teleop_twist_joy'
[0.899s] Level 1:colcon.colcon_core.package_identification:_identify(Thesis/ws/src/voice_control) by extensions ['ignore', 'ignore_ament_install']
[0.899s] Level 1:colcon.colcon_core.package_identification:_identify(Thesis/ws/src/voice_control) by extension 'ignore'
[0.899s] Level 1:colcon.colcon_core.package_identification:_identify(Thesis/ws/src/voice_control) by extension 'ignore_ament_install'
[0.899s] Level 1:colcon.colcon_core.package_identification:_identify(Thesis/ws/src/voice_control) by extensions ['colcon_pkg']
[0.899s] Level 1:colcon.colcon_core.package_identification:_identify(Thesis/ws/src/voice_control) by extension 'colcon_pkg'
[0.900s] Level 1:colcon.colcon_core.package_identification:_identify(Thesis/ws/src/voice_control) by extensions ['colcon_meta']
[0.900s] Level 1:colcon.colcon_core.package_identification:_identify(Thesis/ws/src/voice_control) by extension 'colcon_meta'
[0.900s] Level 1:colcon.colcon_core.package_identification:_identify(Thesis/ws/src/voice_control) by extensions ['ros']
[0.900s] Level 1:colcon.colcon_core.package_identification:_identify(Thesis/ws/src/voice_control) by extension 'ros'
[0.901s] DEBUG:colcon.colcon_core.package_identification:Package 'Thesis/ws/src/voice_control' with type 'ros.ament_python' and name 'voice_control'
[0.901s] Level 1:colcon.colcon_core.package_identification:_identify(build) by extensions ['ignore', 'ignore_ament_install']
[0.902s] Level 1:colcon.colcon_core.package_identification:_identify(build) by extension 'ignore'
[0.902s] Level 1:colcon.colcon_core.package_identification:_identify(build) ignored
[0.902s] Level 1:colcon.colcon_core.package_identification:_identify(install) by extensions ['ignore', 'ignore_ament_install']
[0.902s] Level 1:colcon.colcon_core.package_identification:_identify(install) by extension 'ignore'
[0.902s] Level 1:colcon.colcon_core.package_identification:_identify(install) ignored
[0.902s] Level 1:colcon.colcon_core.package_identification:_identify(log) by extensions ['ignore', 'ignore_ament_install']
[0.903s] Level 1:colcon.colcon_core.package_identification:_identify(log) by extension 'ignore'
[0.903s] Level 1:colcon.colcon_core.package_identification:_identify(log) ignored
[0.903s] Level 1:colcon.colcon_core.package_discovery:discover_packages(recursive) using defaults
[0.903s] Level 1:colcon.colcon_core.package_discovery:discover_packages(ignore) discover
[0.903s] Level 1:colcon.colcon_core.package_discovery:discover_packages(ignore) using defaults
[0.903s] Level 1:colcon.colcon_core.package_discovery:discover_packages(path) discover
[0.903s] Level 1:colcon.colcon_core.package_discovery:discover_packages(path) using defaults
[0.947s] Level 1:colcon.colcon_core.package_discovery:discover_packages(prefix_path) check parameters
[0.948s] Level 1:colcon.colcon_core.package_discovery:discover_packages(prefix_path) discover
[0.950s] Level 1:colcon.colcon_core.package_discovery:discover_packages(prefix_path) using defaults
[0.954s] Level 5:colcon.colcon_core.verb:set package 'locomotion_core' build argument 'cmake_args' from command line to 'None'
[0.954s] Level 5:colcon.colcon_core.verb:set package 'locomotion_core' build argument 'cmake_target' from command line to 'None'
[0.954s] Level 5:colcon.colcon_core.verb:set package 'locomotion_core' build argument 'cmake_target_skip_unavailable' from command line to 'False'
[0.955s] Level 5:colcon.colcon_core.verb:set package 'locomotion_core' build argument 'cmake_clean_cache' from command line to 'False'
[0.955s] Level 5:colcon.colcon_core.verb:set package 'locomotion_core' build argument 'cmake_clean_first' from command line to 'False'
[0.955s] Level 5:colcon.colcon_core.verb:set package 'locomotion_core' build argument 'cmake_force_configure' from command line to 'False'
[0.955s] Level 5:colcon.colcon_core.verb:set package 'locomotion_core' build argument 'ament_cmake_args' from command line to 'None'
[0.955s] Level 5:colcon.colcon_core.verb:set package 'locomotion_core' build argument 'catkin_cmake_args' from command line to 'None'
[0.955s] Level 5:colcon.colcon_core.verb:set package 'locomotion_core' build argument 'catkin_skip_building_tests' from command line to 'False'
[0.955s] DEBUG:colcon.colcon_core.verb:Building package 'locomotion_core' with the following arguments: {'ament_cmake_args': None, 'build_base': '/home/rsl/Desktop/Indoor_Mobile_Robotic_Arm/build/locomotion_core', 'catkin_cmake_args': None, 'catkin_skip_building_tests': False, 'cmake_args': None, 'cmake_clean_cache': False, 'cmake_clean_first': False, 'cmake_force_configure': False, 'cmake_target': None, 'cmake_target_skip_unavailable': False, 'install_base': '/home/rsl/Desktop/Indoor_Mobile_Robotic_Arm/install/locomotion_core', 'merge_install': False, 'path': '/home/rsl/Desktop/Indoor_Mobile_Robotic_Arm/Thesis/ws/src/locomotion_core', 'symlink_install': False, 'test_result_base': None}
[0.957s] Level 5:colcon.colcon_core.verb:set package 'rsl_scu' build argument 'cmake_args' from command line to 'None'
[0.957s] Level 5:colcon.colcon_core.verb:set package 'rsl_scu' build argument 'cmake_target' from command line to 'None'
[0.957s] Level 5:colcon.colcon_core.verb:set package 'rsl_scu' build argument 'cmake_target_skip_unavailable' from command line to 'False'
[0.957s] Level 5:colcon.colcon_core.verb:set package 'rsl_scu' build argument 'cmake_clean_cache' from command line to 'False'
[0.957s] Level 5:colcon.colcon_core.verb:set package 'rsl_scu' build argument 'cmake_clean_first' from command line to 'False'
[0.957s] Level 5:colcon.colcon_core.verb:set package 'rsl_scu' build argument 'cmake_force_configure' from command line to 'False'
[0.957s] Level 5:colcon.colcon_core.verb:set package 'rsl_scu' build argument 'ament_cmake_args' from command line to 'None'
[0.957s] Level 5:colcon.colcon_core.verb:set package 'rsl_scu' build argument 'catkin_cmake_args' from command line to 'None'
[0.957s] Level 5:colcon.colcon_core.verb:set package 'rsl_scu' build argument 'catkin_skip_building_tests' from command line to 'False'
[0.957s] DEBUG:colcon.colcon_core.verb:Building package 'rsl_scu' with the following arguments: {'ament_cmake_args': None, 'build_base': '/home/rsl/Desktop/Indoor_Mobile_Robotic_Arm/build/rsl_scu', 'catkin_cmake_args': None, 'catkin_skip_building_tests': False, 'cmake_args': None, 'cmake_clean_cache': False, 'cmake_clean_first': False, 'cmake_force_configure': False, 'cmake_target': None, 'cmake_target_skip_unavailable': False, 'install_base': '/home/rsl/Desktop/Indoor_Mobile_Robotic_Arm/install/rsl_scu', 'merge_install': False, 'path': '/home/rsl/Desktop/Indoor_Mobile_Robotic_Arm/Thesis/ws/src/rsl_scu', 'symlink_install': False, 'test_result_base': None}
[0.959s] Level 5:colcon.colcon_core.verb:set package 'teleop_twist_joy' build argument 'cmake_args' from command line to 'None'
[0.959s] Level 5:colcon.colcon_core.verb:set package 'teleop_twist_joy' build argument 'cmake_target' from command line to 'None'
[0.959s] Level 5:colcon.colcon_core.verb:set package 'teleop_twist_joy' build argument 'cmake_target_skip_unavailable' from command line to 'False'
[0.959s] Level 5:colcon.colcon_core.verb:set package 'teleop_twist_joy' build argument 'cmake_clean_cache' from command line to 'False'
[0.959s] Level 5:colcon.colcon_core.verb:set package 'teleop_twist_joy' build argument 'cmake_clean_first' from command line to 'False'
[0.960s] Level 5:colcon.colcon_core.verb:set package 'teleop_twist_joy' build argument 'cmake_force_configure' from command line to 'False'
[0.960s] Level 5:colcon.colcon_core.verb:set package 'teleop_twist_joy' build argument 'ament_cmake_args' from command line to 'None'
[0.960s] Level 5:colcon.colcon_core.verb:set package 'teleop_twist_joy' build argument 'catkin_cmake_args' from command line to 'None'
[0.960s] Level 5:colcon.colcon_core.verb:set package 'teleop_twist_joy' build argument 'catkin_skip_building_tests' from command line to 'False'
[0.960s] DEBUG:colcon.colcon_core.verb:Building package 'teleop_twist_joy' with the following arguments: {'ament_cmake_args': None, 'build_base': '/home/rsl/Desktop/Indoor_Mobile_Robotic_Arm/build/teleop_twist_joy', 'catkin_cmake_args': None, 'catkin_skip_building_tests': False, 'cmake_args': None, 'cmake_clean_cache': False, 'cmake_clean_first': False, 'cmake_force_configure': False, 'cmake_target': None, 'cmake_target_skip_unavailable': False, 'install_base': '/home/rsl/Desktop/Indoor_Mobile_Robotic_Arm/install/teleop_twist_joy', 'merge_install': False, 'path': '/home/rsl/Desktop/Indoor_Mobile_Robotic_Arm/Thesis/ws/src/teleop_twist_joy', 'symlink_install': False, 'test_result_base': None}
[0.962s] Level 5:colcon.colcon_core.verb:set package 'voice_control' build argument 'cmake_args' from command line to 'None'
[0.962s] Level 5:colcon.colcon_core.verb:set package 'voice_control' build argument 'cmake_target' from command line to 'None'
[0.962s] Level 5:colcon.colcon_core.verb:set package 'voice_control' build argument 'cmake_target_skip_unavailable' from command line to 'False'
[0.962s] Level 5:colcon.colcon_core.verb:set package 'voice_control' build argument 'cmake_clean_cache' from command line to 'False'
[0.962s] Level 5:colcon.colcon_core.verb:set package 'voice_control' build argument 'cmake_clean_first' from command line to 'False'
[0.962s] Level 5:colcon.colcon_core.verb:set package 'voice_control' build argument 'cmake_force_configure' from command line to 'False'
[0.962s] Level 5:colcon.colcon_core.verb:set package 'voice_control' build argument 'ament_cmake_args' from command line to 'None'
[0.962s] Level 5:colcon.colcon_core.verb:set package 'voice_control' build argument 'catkin_cmake_args' from command line to 'None'
[0.962s] Level 5:colcon.colcon_core.verb:set package 'voice_control' build argument 'catkin_skip_building_tests' from command line to 'False'
[0.962s] DEBUG:colcon.colcon_core.verb:Building package 'voice_control' with the following arguments: {'ament_cmake_args': None, 'build_base': '/home/rsl/Desktop/Indoor_Mobile_Robotic_Arm/build/voice_control', 'catkin_cmake_args': None, 'catkin_skip_building_tests': False, 'cmake_args': None, 'cmake_clean_cache': False, 'cmake_clean_first': False, 'cmake_force_configure': False, 'cmake_target': None, 'cmake_target_skip_unavailable': False, 'install_base': '/home/rsl/Desktop/Indoor_Mobile_Robotic_Arm/install/voice_control', 'merge_install': False, 'path': '/home/rsl/Desktop/Indoor_Mobile_Robotic_Arm/Thesis/ws/src/voice_control', 'symlink_install': False, 'test_result_base': None}
[0.964s] INFO:colcon.colcon_core.executor:Executing jobs using 'parallel' executor
[0.972s] DEBUG:colcon.colcon_parallel_executor.executor.parallel:run_until_complete
[0.973s] INFO:colcon.colcon_ros.task.ament_python.build:Building ROS package in '/home/rsl/Desktop/Indoor_Mobile_Robotic_Arm/Thesis/ws/src/locomotion_core' with build type 'ament_python'
[0.973s] Level 1:colcon.colcon_core.shell:create_environment_hook('locomotion_core', 'ament_prefix_path')
[0.984s] INFO:colcon.colcon_core.plugin_system:Skipping extension 'colcon_core.shell.bat': Not used on non-Windows systems
[0.984s] INFO:colcon.colcon_core.shell:Creating environment hook '/home/rsl/Desktop/Indoor_Mobile_Robotic_Arm/install/locomotion_core/share/locomotion_core/hook/ament_prefix_path.ps1'
[0.986s] INFO:colcon.colcon_core.shell:Creating environment descriptor '/home/rsl/Desktop/Indoor_Mobile_Robotic_Arm/install/locomotion_core/share/locomotion_core/hook/ament_prefix_path.dsv'
[0.990s] INFO:colcon.colcon_core.shell:Creating environment hook '/home/rsl/Desktop/Indoor_Mobile_Robotic_Arm/install/locomotion_core/share/locomotion_core/hook/ament_prefix_path.sh'
[0.994s] INFO:colcon.colcon_core.shell:Skip shell extension 'powershell' for command environment: Not usable outside of PowerShell
[0.994s] DEBUG:colcon.colcon_core.shell:Skip shell extension 'dsv' for command environment
[1.004s] INFO:colcon.colcon_ros.task.ament_python.build:Building ROS package in '/home/rsl/Desktop/Indoor_Mobile_Robotic_Arm/Thesis/ws/src/rsl_scu' with build type 'ament_python'
[1.005s] Level 1:colcon.colcon_core.shell:create_environment_hook('rsl_scu', 'ament_prefix_path')
[1.009s] INFO:colcon.colcon_core.shell:Creating environment hook '/home/rsl/Desktop/Indoor_Mobile_Robotic_Arm/install/rsl_scu/share/rsl_scu/hook/ament_prefix_path.ps1'
[1.011s] INFO:colcon.colcon_core.shell:Creating environment descriptor '/home/rsl/Desktop/Indoor_Mobile_Robotic_Arm/install/rsl_scu/share/rsl_scu/hook/ament_prefix_path.dsv'
[1.012s] INFO:colcon.colcon_core.shell:Creating environment hook '/home/rsl/Desktop/Indoor_Mobile_Robotic_Arm/install/rsl_scu/share/rsl_scu/hook/ament_prefix_path.sh'
[1.015s] INFO:colcon.colcon_core.shell:Skip shell extension 'powershell' for command environment: Not usable outside of PowerShell
[1.015s] DEBUG:colcon.colcon_core.shell:Skip shell extension 'dsv' for command environment
[1.023s] INFO:colcon.colcon_ros.task.ament_cmake.build:Building ROS package in '/home/rsl/Desktop/Indoor_Mobile_Robotic_Arm/Thesis/ws/src/teleop_twist_joy' with build type 'ament_cmake'
[1.024s] INFO:colcon.colcon_cmake.task.cmake.build:Building CMake package in '/home/rsl/Desktop/Indoor_Mobile_Robotic_Arm/Thesis/ws/src/teleop_twist_joy'
[1.028s] INFO:colcon.colcon_core.shell:Skip shell extension 'powershell' for command environment: Not usable outside of PowerShell
[1.028s] DEBUG:colcon.colcon_core.shell:Skip shell extension 'dsv' for command environment
[1.037s] INFO:colcon.colcon_ros.task.ament_python.build:Building ROS package in '/home/rsl/Desktop/Indoor_Mobile_Robotic_Arm/Thesis/ws/src/voice_control' with build type 'ament_python'
[1.038s] Level 1:colcon.colcon_core.shell:create_environment_hook('voice_control', 'ament_prefix_path')
[1.041s] INFO:colcon.colcon_core.shell:Creating environment hook '/home/rsl/Desktop/Indoor_Mobile_Robotic_Arm/install/voice_control/share/voice_control/hook/ament_prefix_path.ps1'
[1.043s] INFO:colcon.colcon_core.shell:Creating environment descriptor '/home/rsl/Desktop/Indoor_Mobile_Robotic_Arm/install/voice_control/share/voice_control/hook/ament_prefix_path.dsv'
[1.044s] INFO:colcon.colcon_core.shell:Creating environment hook '/home/rsl/Desktop/Indoor_Mobile_Robotic_Arm/install/voice_control/share/voice_control/hook/ament_prefix_path.sh'
[1.047s] INFO:colcon.colcon_core.shell:Skip shell extension 'powershell' for command environment: Not usable outside of PowerShell
[1.048s] DEBUG:colcon.colcon_core.shell:Skip shell extension 'dsv' for command environment
[1.695s] INFO:colcon.colcon_core.task.python.build:Building Python package in '/home/rsl/Desktop/Indoor_Mobile_Robotic_Arm/Thesis/ws/src/locomotion_core'
[1.699s] INFO:colcon.colcon_core.shell:Skip shell extension 'powershell' for command environment: Not usable outside of PowerShell
[1.699s] DEBUG:colcon.colcon_core.shell:Skip shell extension 'dsv' for command environment
[2.245s] INFO:colcon.colcon_core.task.python.build:Building Python package in '/home/rsl/Desktop/Indoor_Mobile_Robotic_Arm/Thesis/ws/src/rsl_scu'
[2.251s] INFO:colcon.colcon_core.shell:Skip shell extension 'powershell' for command environment: Not usable outside of PowerShell
[2.251s] DEBUG:colcon.colcon_core.shell:Skip shell extension 'dsv' for command environment
[2.270s] DEBUG:colcon.colcon_core.event_handler.log_command:Invoking command in '/home/rsl/Desktop/Indoor_Mobile_Robotic_Arm/build/teleop_twist_joy': /usr/bin/cmake /home/rsl/Desktop/Indoor_Mobile_Robotic_Arm/Thesis/ws/src/teleop_twist_joy -DCMAKE_INSTALL_PREFIX=/home/rsl/Desktop/Indoor_Mobile_Robotic_Arm/install/teleop_twist_joy
[2.802s] INFO:colcon.colcon_core.task.python.build:Building Python package in '/home/rsl/Desktop/Indoor_Mobile_Robotic_Arm/Thesis/ws/src/voice_control'
[2.807s] INFO:colcon.colcon_core.shell:Skip shell extension 'powershell' for command environment: Not usable outside of PowerShell
[2.808s] DEBUG:colcon.colcon_core.shell:Skip shell extension 'dsv' for command environment
[3.766s] DEBUG:colcon.colcon_core.event_handler.log_command:Invoking command in '/home/rsl/Desktop/Indoor_Mobile_Robotic_Arm/Thesis/ws/src/rsl_scu': PYTHONPATH=/home/rsl/Desktop/Indoor_Mobile_Robotic_Arm/build/rsl_scu/prefix_override:/home/rsl/Desktop/Indoor_Mobile_Robotic_Arm/install/rsl_scu/lib/python3.8/site-packages: /usr/bin/python3 setup.py egg_info --egg-base ../../../../build/rsl_scu build --build-base /home/rsl/Desktop/Indoor_Mobile_Robotic_Arm/build/rsl_scu/build install --record /home/rsl/Desktop/Indoor_Mobile_Robotic_Arm/build/rsl_scu/install.log --install-scripts $base/lib/rsl_scu --single-version-externally-managed
[3.807s] DEBUG:colcon.colcon_core.event_handler.log_command:Invoking command in '/home/rsl/Desktop/Indoor_Mobile_Robotic_Arm/Thesis/ws/src/voice_control': PYTHONPATH=/home/rsl/Desktop/Indoor_Mobile_Robotic_Arm/build/voice_control/prefix_override:/home/rsl/Desktop/Indoor_Mobile_Robotic_Arm/install/voice_control/lib/python3.8/site-packages: /usr/bin/python3 setup.py egg_info --egg-base ../../../../build/voice_control build --build-base /home/rsl/Desktop/Indoor_Mobile_Robotic_Arm/build/voice_control/build install --record /home/rsl/Desktop/Indoor_Mobile_Robotic_Arm/build/voice_control/install.log --install-scripts $base/lib/voice_control --single-version-externally-managed
[3.827s] DEBUG:colcon.colcon_core.event_handler.log_command:Invoking command in '/home/rsl/Desktop/Indoor_Mobile_Robotic_Arm/Thesis/ws/src/locomotion_core': PYTHONPATH=/home/rsl/Desktop/Indoor_Mobile_Robotic_Arm/build/locomotion_core/prefix_override:/home/rsl/Desktop/Indoor_Mobile_Robotic_Arm/install/locomotion_core/lib/python3.8/site-packages: /usr/bin/python3 setup.py egg_info --egg-base ../../../../build/locomotion_core build --build-base /home/rsl/Desktop/Indoor_Mobile_Robotic_Arm/build/locomotion_core/build install --record /home/rsl/Desktop/Indoor_Mobile_Robotic_Arm/build/locomotion_core/install.log --single-version-externally-managed
[4.506s] DEBUG:colcon.colcon_core.event_handler.log_command:Invoked command in '/home/rsl/Desktop/Indoor_Mobile_Robotic_Arm/Thesis/ws/src/rsl_scu' returned '0': PYTHONPATH=/home/rsl/Desktop/Indoor_Mobile_Robotic_Arm/build/rsl_scu/prefix_override:/home/rsl/Desktop/Indoor_Mobile_Robotic_Arm/install/rsl_scu/lib/python3.8/site-packages: /usr/bin/python3 setup.py egg_info --egg-base ../../../../build/rsl_scu build --build-base /home/rsl/Desktop/Indoor_Mobile_Robotic_Arm/build/rsl_scu/build install --record /home/rsl/Desktop/Indoor_Mobile_Robotic_Arm/build/rsl_scu/install.log --install-scripts $base/lib/rsl_scu --single-version-externally-managed
[4.520s] Level 1:colcon.colcon_core.environment:checking '/home/rsl/Desktop/Indoor_Mobile_Robotic_Arm/install/rsl_scu' for CMake module files
[4.521s] Level 1:colcon.colcon_core.environment:checking '/home/rsl/Desktop/Indoor_Mobile_Robotic_Arm/install/rsl_scu' for CMake config files
[4.523s] Level 1:colcon.colcon_core.environment:checking '/home/rsl/Desktop/Indoor_Mobile_Robotic_Arm/install/rsl_scu/lib'
[4.524s] Level 1:colcon.colcon_core.environment:checking '/home/rsl/Desktop/Indoor_Mobile_Robotic_Arm/install/rsl_scu/bin'
[4.524s] Level 1:colcon.colcon_core.environment:checking '/home/rsl/Desktop/Indoor_Mobile_Robotic_Arm/install/rsl_scu/lib/pkgconfig/rsl_scu.pc'
[4.525s] Level 1:colcon.colcon_core.environment:checking '/home/rsl/Desktop/Indoor_Mobile_Robotic_Arm/install/rsl_scu/lib/python3.8/site-packages'
[4.525s] Level 1:colcon.colcon_core.shell:create_environment_hook('rsl_scu', 'pythonpath')
[4.528s] INFO:colcon.colcon_core.shell:Creating environment hook '/home/rsl/Desktop/Indoor_Mobile_Robotic_Arm/install/rsl_scu/share/rsl_scu/hook/pythonpath.ps1'
[4.530s] INFO:colcon.colcon_core.shell:Creating environment descriptor '/home/rsl/Desktop/Indoor_Mobile_Robotic_Arm/install/rsl_scu/share/rsl_scu/hook/pythonpath.dsv'
[4.530s] INFO:colcon.colcon_core.shell:Creating environment hook '/home/rsl/Desktop/Indoor_Mobile_Robotic_Arm/install/rsl_scu/share/rsl_scu/hook/pythonpath.sh'
[4.532s] Level 1:colcon.colcon_core.environment:checking '/home/rsl/Desktop/Indoor_Mobile_Robotic_Arm/install/rsl_scu/bin'
[4.532s] Level 1:colcon.colcon_core.environment:create_environment_scripts_only(rsl_scu)
[4.535s] INFO:colcon.colcon_core.shell:Creating package script '/home/rsl/Desktop/Indoor_Mobile_Robotic_Arm/install/rsl_scu/share/rsl_scu/package.ps1'
[4.539s] INFO:colcon.colcon_core.shell:Creating package descriptor '/home/rsl/Desktop/Indoor_Mobile_Robotic_Arm/install/rsl_scu/share/rsl_scu/package.dsv'
[4.540s] INFO:colcon.colcon_core.shell:Creating package script '/home/rsl/Desktop/Indoor_Mobile_Robotic_Arm/install/rsl_scu/share/rsl_scu/package.sh'
[4.542s] INFO:colcon.colcon_core.shell:Creating package script '/home/rsl/Desktop/Indoor_Mobile_Robotic_Arm/install/rsl_scu/share/rsl_scu/package.bash'
[4.544s] INFO:colcon.colcon_core.shell:Creating package script '/home/rsl/Desktop/Indoor_Mobile_Robotic_Arm/install/rsl_scu/share/rsl_scu/package.zsh'
[4.547s] Level 1:colcon.colcon_core.environment:create_file_with_runtime_dependencies(/home/rsl/Desktop/Indoor_Mobile_Robotic_Arm/install/rsl_scu/share/colcon-core/packages/rsl_scu)
[4.561s] Level 1:colcon.colcon_core.environment:checking '/home/rsl/Desktop/Indoor_Mobile_Robotic_Arm/install/voice_control' for CMake module files
[4.563s] DEBUG:colcon.colcon_core.event_handler.log_command:Invoked command in '/home/rsl/Desktop/Indoor_Mobile_Robotic_Arm/Thesis/ws/src/voice_control' returned '0': PYTHONPATH=/home/rsl/Desktop/Indoor_Mobile_Robotic_Arm/build/voice_control/prefix_override:/home/rsl/Desktop/Indoor_Mobile_Robotic_Arm/install/voice_control/lib/python3.8/site-packages: /usr/bin/python3 setup.py egg_info --egg-base ../../../../build/voice_control build --build-base /home/rsl/Desktop/Indoor_Mobile_Robotic_Arm/build/voice_control/build install --record /home/rsl/Desktop/Indoor_Mobile_Robotic_Arm/build/voice_control/install.log --install-scripts $base/lib/voice_control --single-version-externally-managed
[4.563s] Level 1:colcon.colcon_core.environment:checking '/home/rsl/Desktop/Indoor_Mobile_Robotic_Arm/install/voice_control' for CMake config files
[4.565s] Level 1:colcon.colcon_core.environment:checking '/home/rsl/Desktop/Indoor_Mobile_Robotic_Arm/install/voice_control/lib'
[4.565s] Level 1:colcon.colcon_core.environment:checking '/home/rsl/Desktop/Indoor_Mobile_Robotic_Arm/install/voice_control/bin'
[4.565s] Level 1:colcon.colcon_core.environment:checking '/home/rsl/Desktop/Indoor_Mobile_Robotic_Arm/install/voice_control/lib/pkgconfig/voice_control.pc'
[4.566s] Level 1:colcon.colcon_core.environment:checking '/home/rsl/Desktop/Indoor_Mobile_Robotic_Arm/install/voice_control/lib/python3.8/site-packages'
[4.566s] Level 1:colcon.colcon_core.shell:create_environment_hook('voice_control', 'pythonpath')
[4.569s] INFO:colcon.colcon_core.shell:Creating environment hook '/home/rsl/Desktop/Indoor_Mobile_Robotic_Arm/install/voice_control/share/voice_control/hook/pythonpath.ps1'
[4.571s] INFO:colcon.colcon_core.shell:Creating environment descriptor '/home/rsl/Desktop/Indoor_Mobile_Robotic_Arm/install/voice_control/share/voice_control/hook/pythonpath.dsv'
[4.573s] INFO:colcon.colcon_core.shell:Creating environment hook '/home/rsl/Desktop/Indoor_Mobile_Robotic_Arm/install/voice_control/share/voice_control/hook/pythonpath.sh'
[4.574s] Level 1:colcon.colcon_core.environment:checking '/home/rsl/Desktop/Indoor_Mobile_Robotic_Arm/install/voice_control/bin'
[4.574s] Level 1:colcon.colcon_core.environment:create_environment_scripts_only(voice_control)
[4.578s] INFO:colcon.colcon_core.shell:Creating package script '/home/rsl/Desktop/Indoor_Mobile_Robotic_Arm/install/voice_control/share/voice_control/package.ps1'
[4.579s] INFO:colcon.colcon_core.shell:Creating package descriptor '/home/rsl/Desktop/Indoor_Mobile_Robotic_Arm/install/voice_control/share/voice_control/package.dsv'
[4.580s] INFO:colcon.colcon_core.shell:Creating package script '/home/rsl/Desktop/Indoor_Mobile_Robotic_Arm/install/voice_control/share/voice_control/package.sh'
[4.580s] INFO:colcon.colcon_core.shell:Creating package script '/home/rsl/Desktop/Indoor_Mobile_Robotic_Arm/install/voice_control/share/voice_control/package.bash'
[4.581s] INFO:colcon.colcon_core.shell:Creating package script '/home/rsl/Desktop/Indoor_Mobile_Robotic_Arm/install/voice_control/share/voice_control/package.zsh'
[4.582s] Level 1:colcon.colcon_core.environment:create_file_with_runtime_dependencies(/home/rsl/Desktop/Indoor_Mobile_Robotic_Arm/install/voice_control/share/colcon-core/packages/voice_control)
[4.608s] Level 1:colcon.colcon_core.environment:checking '/home/rsl/Desktop/Indoor_Mobile_Robotic_Arm/install/locomotion_core' for CMake module files
[4.610s] DEBUG:colcon.colcon_core.event_handler.log_command:Invoked command in '/home/rsl/Desktop/Indoor_Mobile_Robotic_Arm/Thesis/ws/src/locomotion_core' returned '0': PYTHONPATH=/home/rsl/Desktop/Indoor_Mobile_Robotic_Arm/build/locomotion_core/prefix_override:/home/rsl/Desktop/Indoor_Mobile_Robotic_Arm/install/locomotion_core/lib/python3.8/site-packages: /usr/bin/python3 setup.py egg_info --egg-base ../../../../build/locomotion_core build --build-base /home/rsl/Desktop/Indoor_Mobile_Robotic_Arm/build/locomotion_core/build install --record /home/rsl/Desktop/Indoor_Mobile_Robotic_Arm/build/locomotion_core/install.log --single-version-externally-managed
[4.611s] Level 1:colcon.colcon_core.environment:checking '/home/rsl/Desktop/Indoor_Mobile_Robotic_Arm/install/locomotion_core' for CMake config files
[4.612s] Level 1:colcon.colcon_core.environment:checking '/home/rsl/Desktop/Indoor_Mobile_Robotic_Arm/install/locomotion_core/lib'
[4.613s] Level 1:colcon.colcon_core.environment:checking '/home/rsl/Desktop/Indoor_Mobile_Robotic_Arm/install/locomotion_core/bin'
[4.613s] Level 1:colcon.colcon_core.environment:checking '/home/rsl/Desktop/Indoor_Mobile_Robotic_Arm/install/locomotion_core/lib/pkgconfig/locomotion_core.pc'
[4.613s] Level 1:colcon.colcon_core.environment:checking '/home/rsl/Desktop/Indoor_Mobile_Robotic_Arm/install/locomotion_core/lib/python3.8/site-packages'
[4.613s] Level 1:colcon.colcon_core.shell:create_environment_hook('locomotion_core', 'pythonpath')
[4.616s] INFO:colcon.colcon_core.shell:Creating environment hook '/home/rsl/Desktop/Indoor_Mobile_Robotic_Arm/install/locomotion_core/share/locomotion_core/hook/pythonpath.ps1'
[4.617s] INFO:colcon.colcon_core.shell:Creating environment descriptor '/home/rsl/Desktop/Indoor_Mobile_Robotic_Arm/install/locomotion_core/share/locomotion_core/hook/pythonpath.dsv'
[4.618s] INFO:colcon.colcon_core.shell:Creating environment hook '/home/rsl/Desktop/Indoor_Mobile_Robotic_Arm/install/locomotion_core/share/locomotion_core/hook/pythonpath.sh'
[4.619s] Level 1:colcon.colcon_core.environment:checking '/home/rsl/Desktop/Indoor_Mobile_Robotic_Arm/install/locomotion_core/bin'
[4.619s] Level 1:colcon.colcon_core.environment:create_environment_scripts_only(locomotion_core)
[4.622s] INFO:colcon.colcon_core.shell:Creating package script '/home/rsl/Desktop/Indoor_Mobile_Robotic_Arm/install/locomotion_core/share/locomotion_core/package.ps1'
[4.623s] INFO:colcon.colcon_core.shell:Creating package descriptor '/home/rsl/Desktop/Indoor_Mobile_Robotic_Arm/install/locomotion_core/share/locomotion_core/package.dsv'
[4.623s] INFO:colcon.colcon_core.shell:Creating package script '/home/rsl/Desktop/Indoor_Mobile_Robotic_Arm/install/locomotion_core/share/locomotion_core/package.sh'
[4.624s] INFO:colcon.colcon_core.shell:Creating package script '/home/rsl/Desktop/Indoor_Mobile_Robotic_Arm/install/locomotion_core/share/locomotion_core/package.bash'
[4.625s] INFO:colcon.colcon_core.shell:Creating package script '/home/rsl/Desktop/Indoor_Mobile_Robotic_Arm/install/locomotion_core/share/locomotion_core/package.zsh'
[4.626s] Level 1:colcon.colcon_core.environment:create_file_with_runtime_dependencies(/home/rsl/Desktop/Indoor_Mobile_Robotic_Arm/install/locomotion_core/share/colcon-core/packages/locomotion_core)
[5.605s] DEBUG:colcon.colcon_core.event_handler.log_command:Invoked command in '/home/rsl/Desktop/Indoor_Mobile_Robotic_Arm/build/teleop_twist_joy' returned '1': /usr/bin/cmake /home/rsl/Desktop/Indoor_Mobile_Robotic_Arm/Thesis/ws/src/teleop_twist_joy -DCMAKE_INSTALL_PREFIX=/home/rsl/Desktop/Indoor_Mobile_Robotic_Arm/install/teleop_twist_joy
[5.639s] Level 1:colcon.colcon_core.environment:create_environment_scripts_only(teleop_twist_joy)
[5.645s] Level 1:colcon.colcon_core.environment:checking '/home/rsl/Desktop/Indoor_Mobile_Robotic_Arm/install/teleop_twist_joy' for CMake module files
[5.647s] Level 1:colcon.colcon_core.environment:checking '/home/rsl/Desktop/Indoor_Mobile_Robotic_Arm/install/teleop_twist_joy' for CMake config files
[5.648s] Level 1:colcon.colcon_core.environment:checking '/home/rsl/Desktop/Indoor_Mobile_Robotic_Arm/install/teleop_twist_joy/bin'
[5.648s] Level 1:colcon.colcon_core.environment:checking '/home/rsl/Desktop/Indoor_Mobile_Robotic_Arm/install/teleop_twist_joy/lib/pkgconfig/teleop_twist_joy.pc'
[5.649s] Level 1:colcon.colcon_core.environment:checking '/home/rsl/Desktop/Indoor_Mobile_Robotic_Arm/install/teleop_twist_joy/lib/python3.8/site-packages'
[5.649s] Level 1:colcon.colcon_core.environment:checking '/home/rsl/Desktop/Indoor_Mobile_Robotic_Arm/install/teleop_twist_joy/bin'
[5.653s] INFO:colcon.colcon_core.shell:Creating package script '/home/rsl/Desktop/Indoor_Mobile_Robotic_Arm/install/teleop_twist_joy/share/teleop_twist_joy/package.ps1'
[5.654s] INFO:colcon.colcon_core.shell:Creating package descriptor '/home/rsl/Desktop/Indoor_Mobile_Robotic_Arm/install/teleop_twist_joy/share/teleop_twist_joy/package.dsv'
[5.655s] INFO:colcon.colcon_core.shell:Creating package script '/home/rsl/Desktop/Indoor_Mobile_Robotic_Arm/install/teleop_twist_joy/share/teleop_twist_joy/package.sh'
[5.656s] INFO:colcon.colcon_core.shell:Creating package script '/home/rsl/Desktop/Indoor_Mobile_Robotic_Arm/install/teleop_twist_joy/share/teleop_twist_joy/package.bash'
[5.656s] INFO:colcon.colcon_core.shell:Creating package script '/home/rsl/Desktop/Indoor_Mobile_Robotic_Arm/install/teleop_twist_joy/share/teleop_twist_joy/package.zsh'
[5.657s] Level 1:colcon.colcon_core.environment:create_file_with_runtime_dependencies(/home/rsl/Desktop/Indoor_Mobile_Robotic_Arm/install/teleop_twist_joy/share/colcon-core/packages/teleop_twist_joy)
[5.668s] DEBUG:colcon.colcon_parallel_executor.executor.parallel:closing loop
[5.669s] DEBUG:colcon.colcon_parallel_executor.executor.parallel:loop closed
[5.669s] DEBUG:colcon.colcon_parallel_executor.executor.parallel:run_until_complete finished with '1'
[5.670s] DEBUG:colcon.colcon_core.event_reactor:joining thread
[5.684s] INFO:colcon.colcon_core.plugin_system:Skipping extension 'colcon_notification.desktop_notification.terminal_notifier': Not used on non-Darwin systems
[5.684s] INFO:colcon.colcon_core.plugin_system:Skipping extension 'colcon_notification.desktop_notification.win32': Not used on non-Windows systems
[5.684s] INFO:colcon.colcon_notification.desktop_notification:Sending desktop notification using 'notify2'
[5.747s] DEBUG:colcon.colcon_core.event_reactor:joined thread
[5.751s] INFO:colcon.colcon_core.shell:Creating prefix script '/home/rsl/Desktop/Indoor_Mobile_Robotic_Arm/install/local_setup.ps1'
[5.754s] INFO:colcon.colcon_core.shell:Creating prefix util module '/home/rsl/Desktop/Indoor_Mobile_Robotic_Arm/install/_local_setup_util_ps1.py'
[5.757s] INFO:colcon.colcon_core.shell:Creating prefix chain script '/home/rsl/Desktop/Indoor_Mobile_Robotic_Arm/install/setup.ps1'
[5.761s] INFO:colcon.colcon_core.shell:Creating prefix script '/home/rsl/Desktop/Indoor_Mobile_Robotic_Arm/install/local_setup.sh'
[5.762s] INFO:colcon.colcon_core.shell:Creating prefix util module '/home/rsl/Desktop/Indoor_Mobile_Robotic_Arm/install/_local_setup_util_sh.py'
[5.764s] INFO:colcon.colcon_core.shell:Creating prefix chain script '/home/rsl/Desktop/Indoor_Mobile_Robotic_Arm/install/setup.sh'
[5.767s] INFO:colcon.colcon_core.shell:Creating prefix script '/home/rsl/Desktop/Indoor_Mobile_Robotic_Arm/install/local_setup.bash'
[5.768s] INFO:colcon.colcon_core.shell:Creating prefix chain script '/home/rsl/Desktop/Indoor_Mobile_Robotic_Arm/install/setup.bash'
[5.772s] INFO:colcon.colcon_core.shell:Creating prefix script '/home/rsl/Desktop/Indoor_Mobile_Robotic_Arm/install/local_setup.zsh'
[5.773s] INFO:colcon.colcon_core.shell:Creating prefix chain script '/home/rsl/Desktop/Indoor_Mobile_Robotic_Arm/install/setup.zsh'
