[2.698s] Invoking command in '/home/rsl/Desktop/Indoor_Mobile_Robotic_Arm/Thesis/ws/src/locomotion_core': PYTHONPATH=/home/rsl/Desktop/Indoor_Mobile_Robotic_Arm/Thesis/ws/build/locomotion_core/prefix_override:/home/rsl/Desktop/Indoor_Mobile_Robotic_Arm/Thesis/ws/install/locomotion_core/lib/python3.8/site-packages:${PYTHONPATH} /usr/bin/python3 setup.py egg_info --egg-base ../../build/locomotion_core build --build-base /home/rsl/Desktop/Indoor_Mobile_Robotic_Arm/Thesis/ws/build/locomotion_core/build install --record /home/rsl/Desktop/Indoor_Mobile_Robotic_Arm/Thesis/ws/build/locomotion_core/install.log --single-version-externally-managed
[2.883s] Error processing line 1 of /usr/lib/python3/dist-packages/matplotlib-3.1.2-nspkg.pth:
[2.883s] 
[2.893s]   Traceback (most recent call last):
[2.894s]     File "/usr/lib/python3.8/site.py", line 175, in addpackage
[2.894s]       exec(line)
[2.894s]     File "<string>", line 1, in <module>
[2.894s]     File "<frozen importlib._bootstrap>", line 553, in module_from_spec
[2.894s]   AttributeError: 'NoneType' object has no attribute 'loader'
[2.894s] 
[2.894s] Remainder of file ignored
[3.294s] running egg_info
[3.298s] writing ../../build/locomotion_core/locomotion_core.egg-info/PKG-INFO
[3.298s] writing dependency_links to ../../build/locomotion_core/locomotion_core.egg-info/dependency_links.txt
[3.298s] writing entry points to ../../build/locomotion_core/locomotion_core.egg-info/entry_points.txt
[3.299s] writing requirements to ../../build/locomotion_core/locomotion_core.egg-info/requires.txt
[3.299s] writing top-level names to ../../build/locomotion_core/locomotion_core.egg-info/top_level.txt
[3.362s] reading manifest file '../../build/locomotion_core/locomotion_core.egg-info/SOURCES.txt'
[3.365s] writing manifest file '../../build/locomotion_core/locomotion_core.egg-info/SOURCES.txt'
[3.366s] running build
[3.366s] running build_py
[3.366s] copying locomotion_core/rover_state_controller.py -> /home/rsl/Desktop/Indoor_Mobile_Robotic_Arm/Thesis/ws/build/locomotion_core/build/lib/locomotion_core
[3.366s] copying locomotion_core/cmd_roboteq.py -> /home/rsl/Desktop/Indoor_Mobile_Robotic_Arm/Thesis/ws/build/locomotion_core/build/lib/locomotion_core
[3.367s] running install
[3.367s] running install_lib
[3.370s] copying /home/rsl/Desktop/Indoor_Mobile_Robotic_Arm/Thesis/ws/build/locomotion_core/build/lib/locomotion_core/rover_state_controller.py -> /home/rsl/Desktop/Indoor_Mobile_Robotic_Arm/Thesis/ws/install/locomotion_core/lib/python3.8/site-packages/locomotion_core
[3.370s] copying /home/rsl/Desktop/Indoor_Mobile_Robotic_Arm/Thesis/ws/build/locomotion_core/build/lib/locomotion_core/cmd_roboteq.py -> /home/rsl/Desktop/Indoor_Mobile_Robotic_Arm/Thesis/ws/install/locomotion_core/lib/python3.8/site-packages/locomotion_core
[3.383s] byte-compiling /home/rsl/Desktop/Indoor_Mobile_Robotic_Arm/Thesis/ws/install/locomotion_core/lib/python3.8/site-packages/locomotion_core/rover_state_controller.py to rover_state_controller.cpython-38.pyc
[3.383s]   File "/home/rsl/Desktop/Indoor_Mobile_Robotic_Arm/Thesis/ws/install/locomotion_core/lib/python3.8/site-packages/locomotion_core/rover_state_controller.py", line 45
[3.383s]     self.rpm_vec = [100 for i > 100 in angular_vel_vector]
[3.383s]                               ^
[3.383s] SyntaxError: invalid syntax
[3.384s] 
[3.384s] byte-compiling /home/rsl/Desktop/Indoor_Mobile_Robotic_Arm/Thesis/ws/install/locomotion_core/lib/python3.8/site-packages/locomotion_core/cmd_roboteq.py to cmd_roboteq.cpython-38.pyc
[3.385s] running install_data
[3.386s] running install_egg_info
[3.387s] removing '/home/rsl/Desktop/Indoor_Mobile_Robotic_Arm/Thesis/ws/install/locomotion_core/lib/python3.8/site-packages/locomotion_core-0.0.0-py3.8.egg-info' (and everything under it)
[3.387s] Copying ../../build/locomotion_core/locomotion_core.egg-info to /home/rsl/Desktop/Indoor_Mobile_Robotic_Arm/Thesis/ws/install/locomotion_core/lib/python3.8/site-packages/locomotion_core-0.0.0-py3.8.egg-info
[3.387s] running install_scripts
[3.424s] Installing cmd_roboteq script to /home/rsl/Desktop/Indoor_Mobile_Robotic_Arm/Thesis/ws/install/locomotion_core/lib/locomotion_core
[3.425s] Installing drive_selector script to /home/rsl/Desktop/Indoor_Mobile_Robotic_Arm/Thesis/ws/install/locomotion_core/lib/locomotion_core
[3.426s] Installing movebase_core script to /home/rsl/Desktop/Indoor_Mobile_Robotic_Arm/Thesis/ws/install/locomotion_core/lib/locomotion_core
[3.426s] Installing rover_state_controller script to /home/rsl/Desktop/Indoor_Mobile_Robotic_Arm/Thesis/ws/install/locomotion_core/lib/locomotion_core
[3.426s] writing list of installed files to '/home/rsl/Desktop/Indoor_Mobile_Robotic_Arm/Thesis/ws/build/locomotion_core/install.log'
[3.503s] Invoked command in '/home/rsl/Desktop/Indoor_Mobile_Robotic_Arm/Thesis/ws/src/locomotion_core' returned '0': PYTHONPATH=/home/rsl/Desktop/Indoor_Mobile_Robotic_Arm/Thesis/ws/build/locomotion_core/prefix_override:/home/rsl/Desktop/Indoor_Mobile_Robotic_Arm/Thesis/ws/install/locomotion_core/lib/python3.8/site-packages:${PYTHONPATH} /usr/bin/python3 setup.py egg_info --egg-base ../../build/locomotion_core build --build-base /home/rsl/Desktop/Indoor_Mobile_Robotic_Arm/Thesis/ws/build/locomotion_core/build install --record /home/rsl/Desktop/Indoor_Mobile_Robotic_Arm/Thesis/ws/build/locomotion_core/install.log --single-version-externally-managed
