running egg_info
writing ../../../build/rsl_scu/rsl_scu.egg-info/PKG-INFO
writing dependency_links to ../../../build/rsl_scu/rsl_scu.egg-info/dependency_links.txt
writing entry points to ../../../build/rsl_scu/rsl_scu.egg-info/entry_points.txt
writing requirements to ../../../build/rsl_scu/rsl_scu.egg-info/requires.txt
writing top-level names to ../../../build/rsl_scu/rsl_scu.egg-info/top_level.txt
reading manifest file '../../../build/rsl_scu/rsl_scu.egg-info/SOURCES.txt'
writing manifest file '../../../build/rsl_scu/rsl_scu.egg-info/SOURCES.txt'
running build
running build_py
copying rsl_scu/custom_joy.py -> /home/rsl/Desktop/Indoor_Mobile_Robotic_Arm/Thesis/build/rsl_scu/build/lib/rsl_scu
running install
running install_lib
copying /home/rsl/Desktop/Indoor_Mobile_Robotic_Arm/Thesis/build/rsl_scu/build/lib/rsl_scu/custom_joy.py -> /home/rsl/Desktop/Indoor_Mobile_Robotic_Arm/Thesis/install/rsl_scu/lib/python3.8/site-packages/rsl_scu
byte-compiling /home/rsl/Desktop/Indoor_Mobile_Robotic_Arm/Thesis/install/rsl_scu/lib/python3.8/site-packages/rsl_scu/custom_joy.py to custom_joy.cpython-38.pyc
running install_data
running install_egg_info
removing '/home/rsl/Desktop/Indoor_Mobile_Robotic_Arm/Thesis/install/rsl_scu/lib/python3.8/site-packages/rsl_scu-0.0.0-py3.8.egg-info' (and everything under it)
Copying ../../../build/rsl_scu/rsl_scu.egg-info to /home/rsl/Desktop/Indoor_Mobile_Robotic_Arm/Thesis/install/rsl_scu/lib/python3.8/site-packages/rsl_scu-0.0.0-py3.8.egg-info
running install_scripts
Installing rsl_joy script to /home/rsl/Desktop/Indoor_Mobile_Robotic_Arm/Thesis/install/rsl_scu/lib/rsl_scu
writing list of installed files to '/home/rsl/Desktop/Indoor_Mobile_Robotic_Arm/Thesis/build/rsl_scu/install.log'
