[1.466s] Invoking command in '/home/vboxuser/ws/src/locomotion_core': PYTHONPATH=/home/vboxuser/ws/build/locomotion_core/prefix_override:/home/vboxuser/ws/install/locomotion_core/lib/python3.10/site-packages:${PYTHONPATH} /usr/bin/python3 setup.py egg_info --egg-base ../../build/locomotion_core build --build-base /home/vboxuser/ws/build/locomotion_core/build install --record /home/vboxuser/ws/build/locomotion_core/install.log --single-version-externally-managed
[1.797s] running egg_info
[1.801s] writing ../../build/locomotion_core/locomotion_core.egg-info/PKG-INFO
[1.801s] writing dependency_links to ../../build/locomotion_core/locomotion_core.egg-info/dependency_links.txt
[1.801s] writing entry points to ../../build/locomotion_core/locomotion_core.egg-info/entry_points.txt
[1.801s] writing requirements to ../../build/locomotion_core/locomotion_core.egg-info/requires.txt
[1.801s] writing top-level names to ../../build/locomotion_core/locomotion_core.egg-info/top_level.txt
[1.804s] reading manifest file '../../build/locomotion_core/locomotion_core.egg-info/SOURCES.txt'
[1.804s] writing manifest file '../../build/locomotion_core/locomotion_core.egg-info/SOURCES.txt'
[1.804s] running build
[1.805s] running build_py
[1.805s] copying locomotion_core/driver_node.py -> /home/vboxuser/ws/build/locomotion_core/build/lib/locomotion_core
[1.806s] copying locomotion_core/driver_core.py -> /home/vboxuser/ws/build/locomotion_core/build/lib/locomotion_core
[1.806s] running install
[1.807s] running install_lib
[1.807s] copying /home/vboxuser/ws/build/locomotion_core/build/lib/locomotion_core/driver_node.py -> /home/vboxuser/ws/install/locomotion_core/lib/python3.10/site-packages/locomotion_core
[1.807s] copying /home/vboxuser/ws/build/locomotion_core/build/lib/locomotion_core/driver_core.py -> /home/vboxuser/ws/install/locomotion_core/lib/python3.10/site-packages/locomotion_core
[1.808s] byte-compiling /home/vboxuser/ws/install/locomotion_core/lib/python3.10/site-packages/locomotion_core/driver_node.py to driver_node.cpython-310.pyc
[1.809s] byte-compiling /home/vboxuser/ws/install/locomotion_core/lib/python3.10/site-packages/locomotion_core/driver_core.py to driver_core.cpython-310.pyc
[1.810s] running install_data
[1.811s] running install_egg_info
[1.813s] removing '/home/vboxuser/ws/install/locomotion_core/lib/python3.10/site-packages/locomotion_core-0.0.0-py3.10.egg-info' (and everything under it)
[1.813s] Copying ../../build/locomotion_core/locomotion_core.egg-info to /home/vboxuser/ws/install/locomotion_core/lib/python3.10/site-packages/locomotion_core-0.0.0-py3.10.egg-info
[1.814s] running install_scripts
[1.856s] Installing driver script to /home/vboxuser/ws/install/locomotion_core/lib/locomotion_core
[1.857s] writing list of installed files to '/home/vboxuser/ws/build/locomotion_core/install.log'
[1.968s] Invoked command in '/home/vboxuser/ws/src/locomotion_core' returned '0': PYTHONPATH=/home/vboxuser/ws/build/locomotion_core/prefix_override:/home/vboxuser/ws/install/locomotion_core/lib/python3.10/site-packages:${PYTHONPATH} /usr/bin/python3 setup.py egg_info --egg-base ../../build/locomotion_core build --build-base /home/vboxuser/ws/build/locomotion_core/build install --record /home/vboxuser/ws/build/locomotion_core/install.log --single-version-externally-managed
