[0.705s] Invoking command in '/home/vboxuser/ws/build/teleop_twist_joy': CMAKE_PREFIX_PATH=${CMAKE_PREFIX_PATH}:/home/vboxuser/ws/install/py_pubsub:/home/vboxuser/ws/install/my_robot_ctrl:/home/vboxuser/ros2_ws/install/py_pubsub:/opt/ros/humble /usr/bin/cmake /home/vboxuser/ws/src/teleop_twist_joy -DCMAKE_INSTALL_PREFIX=/home/vboxuser/ws/install/teleop_twist_joy
[0.773s] -- The C compiler identification is GNU 11.3.0
[0.842s] -- The CXX compiler identification is GNU 11.3.0
[0.849s] -- Detecting C compiler ABI info
[0.949s] -- Detecting C compiler ABI info - done
[0.962s] -- Check for working C compiler: /usr/bin/cc - skipped
[0.962s] -- Detecting C compile features
[0.963s] -- Detecting C compile features - done
[0.966s] -- Detecting CXX compiler ABI info
[1.083s] -- Detecting CXX compiler ABI info - done
[1.090s] -- Check for working CXX compiler: /usr/bin/c++ - skipped
[1.090s] -- Detecting CXX compile features
[1.091s] -- Detecting CXX compile features - done
[1.093s] -- Found ament_cmake: 1.3.3 (/opt/ros/humble/share/ament_cmake/cmake)
[1.455s] -- Found Python3: /usr/bin/python3.10 (found version "3.10.6") found components: Interpreter 
[1.583s] -- Found geometry_msgs: 4.2.3 (/opt/ros/humble/share/geometry_msgs/cmake)
[1.668s] -- Found rosidl_generator_c: 3.1.4 (/opt/ros/humble/share/rosidl_generator_c/cmake)
[1.682s] -- Found rosidl_adapter: 3.1.4 (/opt/ros/humble/share/rosidl_adapter/cmake)
[1.693s] -- Found rosidl_generator_cpp: 3.1.4 (/opt/ros/humble/share/rosidl_generator_cpp/cmake)
[1.717s] -- Using all available rosidl_typesupport_c: rosidl_typesupport_fastrtps_c;rosidl_typesupport_introspection_c
[1.739s] -- Using all available rosidl_typesupport_cpp: rosidl_typesupport_fastrtps_cpp;rosidl_typesupport_introspection_cpp
[1.970s] -- Found rclcpp: 16.0.3 (/opt/ros/humble/share/rclcpp/cmake)
[2.078s] -- Found rmw_implementation_cmake: 6.1.1 (/opt/ros/humble/share/rmw_implementation_cmake/cmake)
[2.081s] -- Found rmw_fastrtps_cpp: 6.2.2 (/opt/ros/humble/share/rmw_fastrtps_cpp/cmake)
[2.201s] -- Found OpenSSL: /usr/lib/x86_64-linux-gnu/libcrypto.so (found version "3.0.2")  
[2.242s] -- Found FastRTPS: /opt/ros/humble/include  
[2.312s] -- Using RMW implementation 'rmw_fastrtps_cpp' as default
[2.326s] -- Looking for pthread.h
[2.421s] -- Looking for pthread.h - found
[2.421s] -- Performing Test CMAKE_HAVE_LIBC_PTHREAD
[2.523s] -- Performing Test CMAKE_HAVE_LIBC_PTHREAD - Success
[2.523s] -- Found Threads: TRUE  
[2.655s] -- Found rclcpp_components: 16.0.3 (/opt/ros/humble/share/rclcpp_components/cmake)
[2.727s] -- Found sensor_msgs: 4.2.3 (/opt/ros/humble/share/sensor_msgs/cmake)
[2.816s] -- Performing Test COMPILER_HAS_HIDDEN_VISIBILITY
[2.907s] -- Performing Test COMPILER_HAS_HIDDEN_VISIBILITY - Success
[2.908s] -- Performing Test COMPILER_HAS_HIDDEN_INLINE_VISIBILITY
[3.025s] -- Performing Test COMPILER_HAS_HIDDEN_INLINE_VISIBILITY - Success
[3.025s] -- Performing Test COMPILER_HAS_DEPRECATED_ATTR
[3.126s] -- Performing Test COMPILER_HAS_DEPRECATED_ATTR - Success
[3.131s] -- Found ament_lint_auto: 0.12.5 (/opt/ros/humble/share/ament_lint_auto/cmake)
[3.225s] -- Found python_cmake_module: 0.10.0 (/opt/ros/humble/share/python_cmake_module/cmake)
[3.245s] -- Found PythonInterp: /usr/bin/python3 (found suitable version "3.10.6", minimum required is "3.6") 
[3.254s] -- Found PythonLibs: /usr/lib/x86_64-linux-gnu/libpython3.10.so (found suitable version "3.10.6", minimum required is "3.5") 
[3.254s] -- Using PYTHON_EXECUTABLE: /usr/bin/python3
[3.254s] -- Using PYTHON_INCLUDE_DIRS: /usr/include/python3.10
[3.254s] -- Using PYTHON_LIBRARIES: /usr/lib/x86_64-linux-gnu/libpython3.10.so
[3.287s] -- Found PythonExtra: .so  
[3.305s] -- Added test 'cppcheck' to perform static code analysis on C / C++ code
[3.306s] -- Configured cppcheck include dirs: /home/vboxuser/ws/src/teleop_twist_joy/include
[3.306s] -- Configured cppcheck exclude dirs and/or files: 
[3.307s] -- Added test 'flake8' to check Python code syntax and style conventions
[3.309s] -- Added test 'lint_cmake' to check CMake code style
[3.312s] -- Added test 'pep257' to check Python code against some of the docstring style conventions in PEP 257
[3.314s] -- Added test 'xmllint' to check XML markup files
[3.317s] -- Configuring done
[3.320s] [33mCMake Warning (dev) at CMakeLists.txt:22 (add_library):
[3.320s]   Policy CMP0115 is not set: Source file extensions must be explicit.  Run
[3.320s]   "cmake --help-policy CMP0115" for policy details.  Use the cmake_policy
[3.320s]   command to set the policy and suppress this warning.
[3.320s] 
[3.320s]   File:
[3.320s] 
[3.320s]     /home/vboxuser/ws/src/teleop_twist_joy/src/teleop_twist_joy.cpp
[3.320s] This warning is for project developers.  Use -Wno-dev to suppress it.
[3.320s] [0m
[3.330s] -- Generating done
[3.332s] -- Build files have been written to: /home/vboxuser/ws/build/teleop_twist_joy
[3.344s] Invoked command in '/home/vboxuser/ws/build/teleop_twist_joy' returned '0': CMAKE_PREFIX_PATH=${CMAKE_PREFIX_PATH}:/home/vboxuser/ws/install/py_pubsub:/home/vboxuser/ws/install/my_robot_ctrl:/home/vboxuser/ros2_ws/install/py_pubsub:/opt/ros/humble /usr/bin/cmake /home/vboxuser/ws/src/teleop_twist_joy -DCMAKE_INSTALL_PREFIX=/home/vboxuser/ws/install/teleop_twist_joy
[3.351s] Invoking command in '/home/vboxuser/ws/build/teleop_twist_joy': CMAKE_PREFIX_PATH=${CMAKE_PREFIX_PATH}:/home/vboxuser/ws/install/py_pubsub:/home/vboxuser/ws/install/my_robot_ctrl:/home/vboxuser/ros2_ws/install/py_pubsub:/opt/ros/humble /usr/bin/cmake --build /home/vboxuser/ws/build/teleop_twist_joy -- -j6 -l6
[3.398s] [ 25%] [32mBuilding CXX object CMakeFiles/teleop_twist_joy.dir/src/teleop_twist_joy.cpp.o[0m
[15.224s] [ 50%] [32m[1mLinking CXX shared library libteleop_twist_joy.so[0m
[15.854s] [ 50%] Built target teleop_twist_joy
[15.879s] [ 75%] [32mBuilding CXX object CMakeFiles/teleop_twist_joy_node.dir/src/teleop_node.cpp.o[0m
[19.302s] [100%] [32m[1mLinking CXX executable teleop_node[0m
[19.594s] [100%] Built target teleop_twist_joy_node
[19.617s] Invoked command in '/home/vboxuser/ws/build/teleop_twist_joy' returned '0': CMAKE_PREFIX_PATH=${CMAKE_PREFIX_PATH}:/home/vboxuser/ws/install/py_pubsub:/home/vboxuser/ws/install/my_robot_ctrl:/home/vboxuser/ros2_ws/install/py_pubsub:/opt/ros/humble /usr/bin/cmake --build /home/vboxuser/ws/build/teleop_twist_joy -- -j6 -l6
[19.654s] Invoking command in '/home/vboxuser/ws/build/teleop_twist_joy': CMAKE_PREFIX_PATH=${CMAKE_PREFIX_PATH}:/home/vboxuser/ws/install/py_pubsub:/home/vboxuser/ws/install/my_robot_ctrl:/home/vboxuser/ros2_ws/install/py_pubsub:/opt/ros/humble /usr/bin/cmake --install /home/vboxuser/ws/build/teleop_twist_joy
[19.661s] -- Install configuration: ""
[19.661s] -- Installing: /home/vboxuser/ws/install/teleop_twist_joy/lib/libteleop_twist_joy.so
[19.668s] -- Set runtime path of "/home/vboxuser/ws/install/teleop_twist_joy/lib/libteleop_twist_joy.so" to ""
[19.668s] -- Installing: /home/vboxuser/ws/install/teleop_twist_joy/lib/teleop_twist_joy/teleop_node
[19.669s] -- Set runtime path of "/home/vboxuser/ws/install/teleop_twist_joy/lib/teleop_twist_joy/teleop_node" to ""
[19.669s] -- Installing: /home/vboxuser/ws/install/teleop_twist_joy/include
[19.669s] -- Installing: /home/vboxuser/ws/install/teleop_twist_joy/include/teleop_twist_joy
[19.669s] -- Installing: /home/vboxuser/ws/install/teleop_twist_joy/include/teleop_twist_joy/teleop_twist_joy.hpp
[19.670s] -- Installing: /home/vboxuser/ws/install/teleop_twist_joy/include/teleop_twist_joy/teleop_twist_joy_export.h
[19.670s] -- Installing: /home/vboxuser/ws/install/teleop_twist_joy/share/teleop_twist_joy/launch
[19.670s] -- Installing: /home/vboxuser/ws/install/teleop_twist_joy/share/teleop_twist_joy/launch/teleop-launch.py
[19.670s] -- Installing: /home/vboxuser/ws/install/teleop_twist_joy/share/teleop_twist_joy/config
[19.670s] -- Installing: /home/vboxuser/ws/install/teleop_twist_joy/share/teleop_twist_joy/config/xbox.config.yaml
[19.670s] -- Installing: /home/vboxuser/ws/install/teleop_twist_joy/share/teleop_twist_joy/config/atk3.config.yaml
[19.670s] -- Installing: /home/vboxuser/ws/install/teleop_twist_joy/share/teleop_twist_joy/config/ps3-holonomic.config.yaml
[19.670s] -- Installing: /home/vboxuser/ws/install/teleop_twist_joy/share/teleop_twist_joy/config/xd3.config.yaml
[19.671s] -- Installing: /home/vboxuser/ws/install/teleop_twist_joy/share/teleop_twist_joy/config/ps3.config.yaml
[19.671s] -- Installing: /home/vboxuser/ws/install/teleop_twist_joy/share/teleop_twist_joy/environment/library_path.sh
[19.671s] -- Installing: /home/vboxuser/ws/install/teleop_twist_joy/share/teleop_twist_joy/environment/library_path.dsv
[19.671s] -- Installing: /home/vboxuser/ws/install/teleop_twist_joy/share/ament_index/resource_index/package_run_dependencies/teleop_twist_joy
[19.671s] -- Installing: /home/vboxuser/ws/install/teleop_twist_joy/share/ament_index/resource_index/parent_prefix_path/teleop_twist_joy
[19.672s] -- Installing: /home/vboxuser/ws/install/teleop_twist_joy/share/teleop_twist_joy/environment/ament_prefix_path.sh
[19.672s] -- Installing: /home/vboxuser/ws/install/teleop_twist_joy/share/teleop_twist_joy/environment/ament_prefix_path.dsv
[19.672s] -- Installing: /home/vboxuser/ws/install/teleop_twist_joy/share/teleop_twist_joy/environment/path.sh
[19.672s] -- Installing: /home/vboxuser/ws/install/teleop_twist_joy/share/teleop_twist_joy/environment/path.dsv
[19.673s] -- Installing: /home/vboxuser/ws/install/teleop_twist_joy/share/teleop_twist_joy/local_setup.bash
[19.673s] -- Installing: /home/vboxuser/ws/install/teleop_twist_joy/share/teleop_twist_joy/local_setup.sh
[19.673s] -- Installing: /home/vboxuser/ws/install/teleop_twist_joy/share/teleop_twist_joy/local_setup.zsh
[19.673s] -- Installing: /home/vboxuser/ws/install/teleop_twist_joy/share/teleop_twist_joy/local_setup.dsv
[19.673s] -- Installing: /home/vboxuser/ws/install/teleop_twist_joy/share/teleop_twist_joy/package.dsv
[19.674s] -- Installing: /home/vboxuser/ws/install/teleop_twist_joy/share/ament_index/resource_index/packages/teleop_twist_joy
[19.674s] -- Installing: /home/vboxuser/ws/install/teleop_twist_joy/share/ament_index/resource_index/rclcpp_components/teleop_twist_joy
[19.674s] -- Installing: /home/vboxuser/ws/install/teleop_twist_joy/share/teleop_twist_joy/cmake/ament_cmake_export_include_directories-extras.cmake
[19.675s] -- Installing: /home/vboxuser/ws/install/teleop_twist_joy/share/teleop_twist_joy/cmake/ament_cmake_export_libraries-extras.cmake
[19.675s] -- Installing: /home/vboxuser/ws/install/teleop_twist_joy/share/teleop_twist_joy/cmake/teleop_twist_joyConfig.cmake
[19.675s] -- Installing: /home/vboxuser/ws/install/teleop_twist_joy/share/teleop_twist_joy/cmake/teleop_twist_joyConfig-version.cmake
[19.675s] -- Installing: /home/vboxuser/ws/install/teleop_twist_joy/share/teleop_twist_joy/package.xml
[19.683s] Invoked command in '/home/vboxuser/ws/build/teleop_twist_joy' returned '0': CMAKE_PREFIX_PATH=${CMAKE_PREFIX_PATH}:/home/vboxuser/ws/install/py_pubsub:/home/vboxuser/ws/install/my_robot_ctrl:/home/vboxuser/ros2_ws/install/py_pubsub:/opt/ros/humble /usr/bin/cmake --install /home/vboxuser/ws/build/teleop_twist_joy
