[1.238s] Invoking command in '/home/vboxuser/ws/src/py_pubsub': PYTHONPATH=/home/vboxuser/ws/build/py_pubsub/prefix_override:/home/vboxuser/ws/install/py_pubsub/lib/python3.10/site-packages:${PYTHONPATH} /usr/bin/python3 setup.py egg_info --egg-base ../../build/py_pubsub build --build-base /home/vboxuser/ws/build/py_pubsub/build install --record /home/vboxuser/ws/build/py_pubsub/install.log --single-version-externally-managed
[1.590s] running egg_info
[1.591s] creating ../../build/py_pubsub/py_pubsub.egg-info
[1.591s] writing ../../build/py_pubsub/py_pubsub.egg-info/PKG-INFO
[1.592s] writing dependency_links to ../../build/py_pubsub/py_pubsub.egg-info/dependency_links.txt
[1.592s] writing entry points to ../../build/py_pubsub/py_pubsub.egg-info/entry_points.txt
[1.592s] writing requirements to ../../build/py_pubsub/py_pubsub.egg-info/requires.txt
[1.592s] writing top-level names to ../../build/py_pubsub/py_pubsub.egg-info/top_level.txt
[1.592s] writing manifest file '../../build/py_pubsub/py_pubsub.egg-info/SOURCES.txt'
[1.596s] reading manifest file '../../build/py_pubsub/py_pubsub.egg-info/SOURCES.txt'
[1.596s] writing manifest file '../../build/py_pubsub/py_pubsub.egg-info/SOURCES.txt'
[1.597s] running build
[1.597s] running build_py
[1.598s] creating /home/vboxuser/ws/build/py_pubsub/build
[1.598s] creating /home/vboxuser/ws/build/py_pubsub/build/lib
[1.598s] creating /home/vboxuser/ws/build/py_pubsub/build/lib/py_pubsub
[1.599s] copying py_pubsub/subscriber_member_function.py -> /home/vboxuser/ws/build/py_pubsub/build/lib/py_pubsub
[1.599s] copying py_pubsub/publisher_member_function.py -> /home/vboxuser/ws/build/py_pubsub/build/lib/py_pubsub
[1.599s] copying py_pubsub/__init__.py -> /home/vboxuser/ws/build/py_pubsub/build/lib/py_pubsub
[1.600s] /usr/lib/python3/dist-packages/setuptools/command/install.py:34: SetuptoolsDeprecationWarning: setup.py install is deprecated. Use build and pip and other standards-based tools.
[1.600s]   warnings.warn(
[1.600s] running install
[1.600s] running install_lib
[1.601s] creating /home/vboxuser/ws/install/py_pubsub/lib/python3.10/site-packages/py_pubsub
[1.601s] copying /home/vboxuser/ws/build/py_pubsub/build/lib/py_pubsub/subscriber_member_function.py -> /home/vboxuser/ws/install/py_pubsub/lib/python3.10/site-packages/py_pubsub
[1.601s] copying /home/vboxuser/ws/build/py_pubsub/build/lib/py_pubsub/publisher_member_function.py -> /home/vboxuser/ws/install/py_pubsub/lib/python3.10/site-packages/py_pubsub
[1.601s] copying /home/vboxuser/ws/build/py_pubsub/build/lib/py_pubsub/__init__.py -> /home/vboxuser/ws/install/py_pubsub/lib/python3.10/site-packages/py_pubsub
[1.602s] byte-compiling /home/vboxuser/ws/install/py_pubsub/lib/python3.10/site-packages/py_pubsub/subscriber_member_function.py to subscriber_member_function.cpython-310.pyc
[1.602s] byte-compiling /home/vboxuser/ws/install/py_pubsub/lib/python3.10/site-packages/py_pubsub/publisher_member_function.py to publisher_member_function.cpython-310.pyc
[1.603s] byte-compiling /home/vboxuser/ws/install/py_pubsub/lib/python3.10/site-packages/py_pubsub/__init__.py to __init__.cpython-310.pyc
[1.603s] running install_data
[1.604s] creating /home/vboxuser/ws/install/py_pubsub/share/ament_index
[1.604s] creating /home/vboxuser/ws/install/py_pubsub/share/ament_index/resource_index
[1.604s] creating /home/vboxuser/ws/install/py_pubsub/share/ament_index/resource_index/packages
[1.604s] copying resource/py_pubsub -> /home/vboxuser/ws/install/py_pubsub/share/ament_index/resource_index/packages
[1.604s] copying package.xml -> /home/vboxuser/ws/install/py_pubsub/share/py_pubsub
[1.604s] running install_egg_info
[1.606s] Copying ../../build/py_pubsub/py_pubsub.egg-info to /home/vboxuser/ws/install/py_pubsub/lib/python3.10/site-packages/py_pubsub-0.0.0-py3.10.egg-info
[1.606s] running install_scripts
[1.643s] Installing listener script to /home/vboxuser/ws/install/py_pubsub/lib/py_pubsub
[1.643s] Installing talker script to /home/vboxuser/ws/install/py_pubsub/lib/py_pubsub
[1.644s] writing list of installed files to '/home/vboxuser/ws/build/py_pubsub/install.log'
[1.687s] Invoked command in '/home/vboxuser/ws/src/py_pubsub' returned '0': PYTHONPATH=/home/vboxuser/ws/build/py_pubsub/prefix_override:/home/vboxuser/ws/install/py_pubsub/lib/python3.10/site-packages:${PYTHONPATH} /usr/bin/python3 setup.py egg_info --egg-base ../../build/py_pubsub build --build-base /home/vboxuser/ws/build/py_pubsub/build install --record /home/vboxuser/ws/build/py_pubsub/install.log --single-version-externally-managed
