[1.469s] Invoking command in '/home/vboxuser/ws/src/my_robot_ctrl': PYTHONPATH=/home/vboxuser/ws/build/my_robot_ctrl/prefix_override:/home/vboxuser/ws/install/my_robot_ctrl/lib/python3.10/site-packages:${PYTHONPATH} /usr/bin/python3 setup.py egg_info --egg-base ../../build/my_robot_ctrl build --build-base /home/vboxuser/ws/build/my_robot_ctrl/build install --record /home/vboxuser/ws/build/my_robot_ctrl/install.log --single-version-externally-managed
[1.750s] running egg_info
[1.752s] writing ../../build/my_robot_ctrl/my_robot_ctrl.egg-info/PKG-INFO
[1.752s] writing dependency_links to ../../build/my_robot_ctrl/my_robot_ctrl.egg-info/dependency_links.txt
[1.752s] writing entry points to ../../build/my_robot_ctrl/my_robot_ctrl.egg-info/entry_points.txt
[1.752s] writing requirements to ../../build/my_robot_ctrl/my_robot_ctrl.egg-info/requires.txt
[1.752s] writing top-level names to ../../build/my_robot_ctrl/my_robot_ctrl.egg-info/top_level.txt
[1.756s] reading manifest file '../../build/my_robot_ctrl/my_robot_ctrl.egg-info/SOURCES.txt'
[1.759s] writing manifest file '../../build/my_robot_ctrl/my_robot_ctrl.egg-info/SOURCES.txt'
[1.759s] running build
[1.760s] running build_py
[1.761s] running install
[1.762s] running install_lib
[1.766s] running install_data
[1.766s] running install_egg_info
[1.769s] removing '/home/vboxuser/ws/install/my_robot_ctrl/lib/python3.10/site-packages/my_robot_ctrl-0.0.0-py3.10.egg-info' (and everything under it)
[1.770s] Copying ../../build/my_robot_ctrl/my_robot_ctrl.egg-info to /home/vboxuser/ws/install/my_robot_ctrl/lib/python3.10/site-packages/my_robot_ctrl-0.0.0-py3.10.egg-info
[1.774s] running install_scripts
[1.792s] Installing mynode script to /home/vboxuser/ws/install/my_robot_ctrl/lib/my_robot_ctrl
[1.793s] writing list of installed files to '/home/vboxuser/ws/build/my_robot_ctrl/install.log'
[1.828s] Invoked command in '/home/vboxuser/ws/src/my_robot_ctrl' returned '0': PYTHONPATH=/home/vboxuser/ws/build/my_robot_ctrl/prefix_override:/home/vboxuser/ws/install/my_robot_ctrl/lib/python3.10/site-packages:${PYTHONPATH} /usr/bin/python3 setup.py egg_info --egg-base ../../build/my_robot_ctrl build --build-base /home/vboxuser/ws/build/my_robot_ctrl/build install --record /home/vboxuser/ws/build/my_robot_ctrl/install.log --single-version-externally-managed
