[3.709s] Invoking command in '/home/pi/Desktop/Indoor_Mobile_Robotic_Arm/Thesis/ws/src/locomotion_core': PYTHONPATH=/home/pi/Desktop/Indoor_Mobile_Robotic_Arm/Thesis/ws/build/locomotion_core/prefix_override:/home/pi/Desktop/Indoor_Mobile_Robotic_Arm/Thesis/ws/install/locomotion_core/lib/python3.10/site-packages:${PYTHONPATH} /usr/bin/python3 setup.py egg_info --egg-base ../../build/locomotion_core build --build-base /home/pi/Desktop/Indoor_Mobile_Robotic_Arm/Thesis/ws/build/locomotion_core/build install --record /home/pi/Desktop/Indoor_Mobile_Robotic_Arm/Thesis/ws/build/locomotion_core/install.log --single-version-externally-managed
[4.866s] running egg_info
[4.913s] writing ../../build/locomotion_core/locomotion_core.egg-info/PKG-INFO
[4.915s] writing dependency_links to ../../build/locomotion_core/locomotion_core.egg-info/dependency_links.txt
[4.916s] writing entry points to ../../build/locomotion_core/locomotion_core.egg-info/entry_points.txt
[4.917s] writing requirements to ../../build/locomotion_core/locomotion_core.egg-info/requires.txt
[4.918s] writing top-level names to ../../build/locomotion_core/locomotion_core.egg-info/top_level.txt
[4.927s] reading manifest file '../../build/locomotion_core/locomotion_core.egg-info/SOURCES.txt'
[4.933s] writing manifest file '../../build/locomotion_core/locomotion_core.egg-info/SOURCES.txt'
[4.934s] running build
[4.934s] running build_py
[4.935s] copying locomotion_core/rover_state_controller.py -> /home/pi/Desktop/Indoor_Mobile_Robotic_Arm/Thesis/ws/build/locomotion_core/build/lib/locomotion_core
[4.938s] running install
[4.940s] /usr/lib/python3/dist-packages/setuptools/command/install.py:34: SetuptoolsDeprecationWarning: setup.py install is deprecated. Use build and pip and other standards-based tools.
[4.940s]   warnings.warn(
[4.941s] running install_lib
[4.945s] copying /home/pi/Desktop/Indoor_Mobile_Robotic_Arm/Thesis/ws/build/locomotion_core/build/lib/locomotion_core/rover_state_controller.py -> /home/pi/Desktop/Indoor_Mobile_Robotic_Arm/Thesis/ws/install/locomotion_core/lib/python3.10/site-packages/locomotion_core
[4.949s] byte-compiling /home/pi/Desktop/Indoor_Mobile_Robotic_Arm/Thesis/ws/install/locomotion_core/lib/python3.10/site-packages/locomotion_core/rover_state_controller.py to rover_state_controller.cpython-310.pyc
[4.955s] running install_data
[4.957s] running install_egg_info
[4.969s] removing '/home/pi/Desktop/Indoor_Mobile_Robotic_Arm/Thesis/ws/install/locomotion_core/lib/python3.10/site-packages/locomotion_core-0.0.0-py3.10.egg-info' (and everything under it)
[4.971s] Copying ../../build/locomotion_core/locomotion_core.egg-info to /home/pi/Desktop/Indoor_Mobile_Robotic_Arm/Thesis/ws/install/locomotion_core/lib/python3.10/site-packages/locomotion_core-0.0.0-py3.10.egg-info
[4.978s] running install_scripts
[5.058s] Installing cmd_roboteq script to /home/pi/Desktop/Indoor_Mobile_Robotic_Arm/Thesis/ws/install/locomotion_core/lib/locomotion_core
[5.059s] Installing drive_selector script to /home/pi/Desktop/Indoor_Mobile_Robotic_Arm/Thesis/ws/install/locomotion_core/lib/locomotion_core
[5.060s] Installing movebase_core script to /home/pi/Desktop/Indoor_Mobile_Robotic_Arm/Thesis/ws/install/locomotion_core/lib/locomotion_core
[5.061s] Installing rover_state_controller script to /home/pi/Desktop/Indoor_Mobile_Robotic_Arm/Thesis/ws/install/locomotion_core/lib/locomotion_core
[5.064s] writing list of installed files to '/home/pi/Desktop/Indoor_Mobile_Robotic_Arm/Thesis/ws/build/locomotion_core/install.log'
[5.223s] Invoked command in '/home/pi/Desktop/Indoor_Mobile_Robotic_Arm/Thesis/ws/src/locomotion_core' returned '0': PYTHONPATH=/home/pi/Desktop/Indoor_Mobile_Robotic_Arm/Thesis/ws/build/locomotion_core/prefix_override:/home/pi/Desktop/Indoor_Mobile_Robotic_Arm/Thesis/ws/install/locomotion_core/lib/python3.10/site-packages:${PYTHONPATH} /usr/bin/python3 setup.py egg_info --egg-base ../../build/locomotion_core build --build-base /home/pi/Desktop/Indoor_Mobile_Robotic_Arm/Thesis/ws/build/locomotion_core/build install --record /home/pi/Desktop/Indoor_Mobile_Robotic_Arm/Thesis/ws/build/locomotion_core/install.log --single-version-externally-managed
