running egg_info
writing ../../build/locomotion_core/locomotion_core.egg-info/PKG-INFO
writing dependency_links to ../../build/locomotion_core/locomotion_core.egg-info/dependency_links.txt
writing entry points to ../../build/locomotion_core/locomotion_core.egg-info/entry_points.txt
writing requirements to ../../build/locomotion_core/locomotion_core.egg-info/requires.txt
writing top-level names to ../../build/locomotion_core/locomotion_core.egg-info/top_level.txt
reading manifest file '../../build/locomotion_core/locomotion_core.egg-info/SOURCES.txt'
writing manifest file '../../build/locomotion_core/locomotion_core.egg-info/SOURCES.txt'
running build
running build_py
copying locomotion_core/RoverDescription.py -> /home/rsl/Desktop/Indoor_Mobile_Robotic_Arm/Thesis/ws/build/locomotion_core/build/lib/locomotion_core
running install
running install_lib
copying /home/rsl/Desktop/Indoor_Mobile_Robotic_Arm/Thesis/ws/build/locomotion_core/build/lib/locomotion_core/RoverDescription.py -> /home/rsl/Desktop/Indoor_Mobile_Robotic_Arm/Thesis/ws/install/locomotion_core/lib/python3.8/site-packages/locomotion_core
byte-compiling /home/rsl/Desktop/Indoor_Mobile_Robotic_Arm/Thesis/ws/install/locomotion_core/lib/python3.8/site-packages/locomotion_core/RoverDescription.py to RoverDescription.cpython-38.pyc
  File "/home/rsl/Desktop/Indoor_Mobile_Robotic_Arm/Thesis/ws/install/locomotion_core/lib/python3.8/site-packages/locomotion_core/RoverDescription.py", line 9
    def __init__(name='RobArm', robot_measurement, self):
                 ^
SyntaxError: non-default argument follows default argument

running install_data
running install_egg_info
removing '/home/rsl/Desktop/Indoor_Mobile_Robotic_Arm/Thesis/ws/install/locomotion_core/lib/python3.8/site-packages/locomotion_core-0.0.0-py3.8.egg-info' (and everything under it)
Copying ../../build/locomotion_core/locomotion_core.egg-info to /home/rsl/Desktop/Indoor_Mobile_Robotic_Arm/Thesis/ws/install/locomotion_core/lib/python3.8/site-packages/locomotion_core-0.0.0-py3.8.egg-info
running install_scripts
Installing cmd_roboteq script to /home/rsl/Desktop/Indoor_Mobile_Robotic_Arm/Thesis/ws/install/locomotion_core/lib/locomotion_core
Installing drive_selector script to /home/rsl/Desktop/Indoor_Mobile_Robotic_Arm/Thesis/ws/install/locomotion_core/lib/locomotion_core
Installing movebase_core script to /home/rsl/Desktop/Indoor_Mobile_Robotic_Arm/Thesis/ws/install/locomotion_core/lib/locomotion_core
Installing rover_state_controller script to /home/rsl/Desktop/Indoor_Mobile_Robotic_Arm/Thesis/ws/install/locomotion_core/lib/locomotion_core
writing list of installed files to '/home/rsl/Desktop/Indoor_Mobile_Robotic_Arm/Thesis/ws/build/locomotion_core/install.log'
