[0.509s] Invoking command in '/home/rsl/Desktop/Indoor_Mobile_Robotic_Arm/Thesis/build/roboteq_interface': CMAKE_PREFIX_PATH=/opt/ros/foxy /usr/bin/cmake /home/rsl/Desktop/Indoor_Mobile_Robotic_Arm/Thesis/ws/src/roboteq_interface -DCMAKE_INSTALL_PREFIX=/home/rsl/Desktop/Indoor_Mobile_Robotic_Arm/Thesis/install/roboteq_interface
[0.985s] -- The C compiler identification is GNU 9.4.0
[0.987s] -- The CXX compiler identification is GNU 9.4.0
[0.988s] -- Check for working C compiler: /usr/bin/cc
[1.074s] -- Check for working C compiler: /usr/bin/cc -- works
[1.077s] -- Detecting C compiler ABI info
[1.248s] -- Detecting C compiler ABI info - done
[1.269s] -- Detecting C compile features
[1.269s] -- Detecting C compile features - done
[1.275s] -- Check for working CXX compiler: /usr/bin/c++
[1.464s] -- Check for working CXX compiler: /usr/bin/c++ -- works
[1.465s] -- Detecting CXX compiler ABI info
[1.623s] -- Detecting CXX compiler ABI info - done
[1.645s] -- Detecting CXX compile features
[1.646s] -- Detecting CXX compile features - done
[1.655s] -- Found ament_cmake: 0.9.11 (/opt/ros/foxy/share/ament_cmake/cmake)
[1.711s] -- Found PythonInterp: /usr/bin/python3 (found suitable version "3.8.10", minimum required is "3") 
[1.711s] -- Using PYTHON_EXECUTABLE: /usr/bin/python3
[2.166s] -- Found ament_lint_auto: 0.9.8 (/opt/ros/foxy/share/ament_lint_auto/cmake)
[2.341s] -- Added test 'copyright' to check source files copyright and LICENSE
[2.345s] -- Added test 'lint_cmake' to check CMake code style
[2.347s] -- Added test 'xmllint' to check XML markup files
[2.353s] -- Configuring done
[2.358s] -- Generating done
[2.362s] -- Build files have been written to: /home/rsl/Desktop/Indoor_Mobile_Robotic_Arm/Thesis/build/roboteq_interface
[2.380s] Invoked command in '/home/rsl/Desktop/Indoor_Mobile_Robotic_Arm/Thesis/build/roboteq_interface' returned '0': CMAKE_PREFIX_PATH=/opt/ros/foxy /usr/bin/cmake /home/rsl/Desktop/Indoor_Mobile_Robotic_Arm/Thesis/ws/src/roboteq_interface -DCMAKE_INSTALL_PREFIX=/home/rsl/Desktop/Indoor_Mobile_Robotic_Arm/Thesis/install/roboteq_interface
[2.392s] Invoking command in '/home/rsl/Desktop/Indoor_Mobile_Robotic_Arm/Thesis/build/roboteq_interface': CMAKE_PREFIX_PATH=/opt/ros/foxy /usr/bin/cmake --build /home/rsl/Desktop/Indoor_Mobile_Robotic_Arm/Thesis/build/roboteq_interface -- -j6 -l6
[2.514s] Invoked command in '/home/rsl/Desktop/Indoor_Mobile_Robotic_Arm/Thesis/build/roboteq_interface' returned '0': CMAKE_PREFIX_PATH=/opt/ros/foxy /usr/bin/cmake --build /home/rsl/Desktop/Indoor_Mobile_Robotic_Arm/Thesis/build/roboteq_interface -- -j6 -l6
[2.614s] Invoking command in '/home/rsl/Desktop/Indoor_Mobile_Robotic_Arm/Thesis/build/roboteq_interface': CMAKE_PREFIX_PATH=/opt/ros/foxy /usr/bin/cmake --install /home/rsl/Desktop/Indoor_Mobile_Robotic_Arm/Thesis/build/roboteq_interface
[2.639s] -- Install configuration: ""
[2.639s] -- Installing: /home/rsl/Desktop/Indoor_Mobile_Robotic_Arm/Thesis/install/roboteq_interface/share/ament_index/resource_index/package_run_dependencies/roboteq_interface
[2.639s] -- Installing: /home/rsl/Desktop/Indoor_Mobile_Robotic_Arm/Thesis/install/roboteq_interface/share/ament_index/resource_index/parent_prefix_path/roboteq_interface
[2.639s] -- Installing: /home/rsl/Desktop/Indoor_Mobile_Robotic_Arm/Thesis/install/roboteq_interface/share/roboteq_interface/environment/ament_prefix_path.sh
[2.640s] -- Installing: /home/rsl/Desktop/Indoor_Mobile_Robotic_Arm/Thesis/install/roboteq_interface/share/roboteq_interface/environment/ament_prefix_path.dsv
[2.640s] -- Installing: /home/rsl/Desktop/Indoor_Mobile_Robotic_Arm/Thesis/install/roboteq_interface/share/roboteq_interface/environment/path.sh
[2.640s] -- Installing: /home/rsl/Desktop/Indoor_Mobile_Robotic_Arm/Thesis/install/roboteq_interface/share/roboteq_interface/environment/path.dsv
[2.641s] -- Installing: /home/rsl/Desktop/Indoor_Mobile_Robotic_Arm/Thesis/install/roboteq_interface/share/roboteq_interface/local_setup.bash
[2.641s] -- Installing: /home/rsl/Desktop/Indoor_Mobile_Robotic_Arm/Thesis/install/roboteq_interface/share/roboteq_interface/local_setup.sh
[2.641s] -- Installing: /home/rsl/Desktop/Indoor_Mobile_Robotic_Arm/Thesis/install/roboteq_interface/share/roboteq_interface/local_setup.zsh
[2.642s] -- Installing: /home/rsl/Desktop/Indoor_Mobile_Robotic_Arm/Thesis/install/roboteq_interface/share/roboteq_interface/local_setup.dsv
[2.642s] -- Installing: /home/rsl/Desktop/Indoor_Mobile_Robotic_Arm/Thesis/install/roboteq_interface/share/roboteq_interface/package.dsv
[2.643s] -- Installing: /home/rsl/Desktop/Indoor_Mobile_Robotic_Arm/Thesis/install/roboteq_interface/share/ament_index/resource_index/packages/roboteq_interface
[2.643s] -- Installing: /home/rsl/Desktop/Indoor_Mobile_Robotic_Arm/Thesis/install/roboteq_interface/share/roboteq_interface/cmake/roboteq_interfaceConfig.cmake
[2.643s] -- Installing: /home/rsl/Desktop/Indoor_Mobile_Robotic_Arm/Thesis/install/roboteq_interface/share/roboteq_interface/cmake/roboteq_interfaceConfig-version.cmake
[2.643s] -- Installing: /home/rsl/Desktop/Indoor_Mobile_Robotic_Arm/Thesis/install/roboteq_interface/share/roboteq_interface/package.xml
[2.651s] Invoked command in '/home/rsl/Desktop/Indoor_Mobile_Robotic_Arm/Thesis/build/roboteq_interface' returned '0': CMAKE_PREFIX_PATH=/opt/ros/foxy /usr/bin/cmake --install /home/rsl/Desktop/Indoor_Mobile_Robotic_Arm/Thesis/build/roboteq_interface
