running egg_info
writing ../../build/my_robot_ctrl/my_robot_ctrl.egg-info/PKG-INFO
writing dependency_links to ../../build/my_robot_ctrl/my_robot_ctrl.egg-info/dependency_links.txt
writing entry points to ../../build/my_robot_ctrl/my_robot_ctrl.egg-info/entry_points.txt
writing requirements to ../../build/my_robot_ctrl/my_robot_ctrl.egg-info/requires.txt
writing top-level names to ../../build/my_robot_ctrl/my_robot_ctrl.egg-info/top_level.txt
reading manifest file '../../build/my_robot_ctrl/my_robot_ctrl.egg-info/SOURCES.txt'
writing manifest file '../../build/my_robot_ctrl/my_robot_ctrl.egg-info/SOURCES.txt'
running build
running build_py
copying my_robot_ctrl/pynode.py -> /home/vboxuser/ws/build/my_robot_ctrl/build/lib/my_robot_ctrl
running install
running install_lib
copying /home/vboxuser/ws/build/my_robot_ctrl/build/lib/my_robot_ctrl/pynode.py -> /home/vboxuser/ws/install/my_robot_ctrl/lib/python3.10/site-packages/my_robot_ctrl
byte-compiling /home/vboxuser/ws/install/my_robot_ctrl/lib/python3.10/site-packages/my_robot_ctrl/pynode.py to pynode.cpython-310.pyc
running install_data
running install_egg_info
removing '/home/vboxuser/ws/install/my_robot_ctrl/lib/python3.10/site-packages/my_robot_ctrl-0.0.0-py3.10.egg-info' (and everything under it)
Copying ../../build/my_robot_ctrl/my_robot_ctrl.egg-info to /home/vboxuser/ws/install/my_robot_ctrl/lib/python3.10/site-packages/my_robot_ctrl-0.0.0-py3.10.egg-info
running install_scripts
writing list of installed files to '/home/vboxuser/ws/build/my_robot_ctrl/install.log'
