[2.706s] Invoking command in '/home/rsl/Desktop/Indoor_Mobile_Robotic_Arm/Thesis/ws/src/rsl_scu': PYTHONPATH=/home/rsl/Desktop/Indoor_Mobile_Robotic_Arm/Thesis/ws/src/build/rsl_scu/prefix_override:/home/rsl/Desktop/Indoor_Mobile_Robotic_Arm/Thesis/ws/src/install/rsl_scu/lib/python3.8/site-packages:${PYTHONPATH} /usr/bin/python3 setup.py egg_info --egg-base ../build/rsl_scu build --build-base /home/rsl/Desktop/Indoor_Mobile_Robotic_Arm/Thesis/ws/src/build/rsl_scu/build install --record /home/rsl/Desktop/Indoor_Mobile_Robotic_Arm/Thesis/ws/src/build/rsl_scu/install.log --install-scripts $base/lib/rsl_scu --single-version-externally-managed
[2.885s] Error processing line 1 of /usr/lib/python3/dist-packages/matplotlib-3.1.2-nspkg.pth:
[2.886s] 
[2.895s]   Traceback (most recent call last):
[2.895s]     File "/usr/lib/python3.8/site.py", line 175, in addpackage
[2.895s]       exec(line)
[2.895s]     File "<string>", line 1, in <module>
[2.896s]     File "<frozen importlib._bootstrap>", line 553, in module_from_spec
[2.896s]   AttributeError: 'NoneType' object has no attribute 'loader'
[2.896s] 
[2.896s] Remainder of file ignored
[3.283s] running egg_info
[3.284s] writing ../build/rsl_scu/rsl_scu.egg-info/PKG-INFO
[3.285s] writing dependency_links to ../build/rsl_scu/rsl_scu.egg-info/dependency_links.txt
[3.286s] writing entry points to ../build/rsl_scu/rsl_scu.egg-info/entry_points.txt
[3.286s] writing requirements to ../build/rsl_scu/rsl_scu.egg-info/requires.txt
[3.286s] writing top-level names to ../build/rsl_scu/rsl_scu.egg-info/top_level.txt
[3.352s] reading manifest file '../build/rsl_scu/rsl_scu.egg-info/SOURCES.txt'
[3.353s] writing manifest file '../build/rsl_scu/rsl_scu.egg-info/SOURCES.txt'
[3.353s] running build
[3.353s] running build_py
[3.354s] running install
[3.356s] running install_lib
[3.359s] running install_data
[3.360s] running install_egg_info
[3.363s] removing '/home/rsl/Desktop/Indoor_Mobile_Robotic_Arm/Thesis/ws/src/install/rsl_scu/lib/python3.8/site-packages/rsl_scu-0.0.0-py3.8.egg-info' (and everything under it)
[3.364s] Copying ../build/rsl_scu/rsl_scu.egg-info to /home/rsl/Desktop/Indoor_Mobile_Robotic_Arm/Thesis/ws/src/install/rsl_scu/lib/python3.8/site-packages/rsl_scu-0.0.0-py3.8.egg-info
[3.366s] running install_scripts
[3.403s] Installing rsl_joy script to /home/rsl/Desktop/Indoor_Mobile_Robotic_Arm/Thesis/ws/src/install/rsl_scu/lib/rsl_scu
[3.404s] writing list of installed files to '/home/rsl/Desktop/Indoor_Mobile_Robotic_Arm/Thesis/ws/src/build/rsl_scu/install.log'
[3.477s] Invoked command in '/home/rsl/Desktop/Indoor_Mobile_Robotic_Arm/Thesis/ws/src/rsl_scu' returned '0': PYTHONPATH=/home/rsl/Desktop/Indoor_Mobile_Robotic_Arm/Thesis/ws/src/build/rsl_scu/prefix_override:/home/rsl/Desktop/Indoor_Mobile_Robotic_Arm/Thesis/ws/src/install/rsl_scu/lib/python3.8/site-packages:${PYTHONPATH} /usr/bin/python3 setup.py egg_info --egg-base ../build/rsl_scu build --build-base /home/rsl/Desktop/Indoor_Mobile_Robotic_Arm/Thesis/ws/src/build/rsl_scu/build install --record /home/rsl/Desktop/Indoor_Mobile_Robotic_Arm/Thesis/ws/src/build/rsl_scu/install.log --install-scripts $base/lib/rsl_scu --single-version-externally-managed
