[2.094s] Invoking command in '/home/rsl/Desktop/Indoor_Mobile_Robotic_Arm/Thesis/ws/src/rsl_scu': PYTHONPATH=/home/rsl/Desktop/Indoor_Mobile_Robotic_Arm/Thesis/ws/build/rsl_scu/prefix_override:/home/rsl/Desktop/Indoor_Mobile_Robotic_Arm/Thesis/ws/install/rsl_scu/lib/python3.8/site-packages:${PYTHONPATH} /usr/bin/python3 setup.py egg_info --egg-base ../../build/rsl_scu build --build-base /home/rsl/Desktop/Indoor_Mobile_Robotic_Arm/Thesis/ws/build/rsl_scu/build install --record /home/rsl/Desktop/Indoor_Mobile_Robotic_Arm/Thesis/ws/build/rsl_scu/install.log --install-scripts $base/lib/rsl_scu --single-version-externally-managed
[2.567s] running egg_info
[2.568s] writing ../../build/rsl_scu/rsl_scu.egg-info/PKG-INFO
[2.568s] writing dependency_links to ../../build/rsl_scu/rsl_scu.egg-info/dependency_links.txt
[2.569s] writing entry points to ../../build/rsl_scu/rsl_scu.egg-info/entry_points.txt
[2.569s] writing requirements to ../../build/rsl_scu/rsl_scu.egg-info/requires.txt
[2.570s] writing top-level names to ../../build/rsl_scu/rsl_scu.egg-info/top_level.txt
[2.637s] reading manifest file '../../build/rsl_scu/rsl_scu.egg-info/SOURCES.txt'
[2.637s] writing manifest file '../../build/rsl_scu/rsl_scu.egg-info/SOURCES.txt'
[2.637s] running build
[2.637s] running build_py
[2.638s] running install
[2.640s] running install_lib
[2.642s] running install_data
[2.643s] running install_egg_info
[2.647s] removing '/home/rsl/Desktop/Indoor_Mobile_Robotic_Arm/Thesis/ws/install/rsl_scu/lib/python3.8/site-packages/rsl_scu-0.0.0-py3.8.egg-info' (and everything under it)
[2.648s] Copying ../../build/rsl_scu/rsl_scu.egg-info to /home/rsl/Desktop/Indoor_Mobile_Robotic_Arm/Thesis/ws/install/rsl_scu/lib/python3.8/site-packages/rsl_scu-0.0.0-py3.8.egg-info
[2.650s] running install_scripts
[2.687s] Installing rsl_joy script to /home/rsl/Desktop/Indoor_Mobile_Robotic_Arm/Thesis/ws/install/rsl_scu/lib/rsl_scu
[2.688s] writing list of installed files to '/home/rsl/Desktop/Indoor_Mobile_Robotic_Arm/Thesis/ws/build/rsl_scu/install.log'
[2.756s] Invoked command in '/home/rsl/Desktop/Indoor_Mobile_Robotic_Arm/Thesis/ws/src/rsl_scu' returned '0': PYTHONPATH=/home/rsl/Desktop/Indoor_Mobile_Robotic_Arm/Thesis/ws/build/rsl_scu/prefix_override:/home/rsl/Desktop/Indoor_Mobile_Robotic_Arm/Thesis/ws/install/rsl_scu/lib/python3.8/site-packages:${PYTHONPATH} /usr/bin/python3 setup.py egg_info --egg-base ../../build/rsl_scu build --build-base /home/rsl/Desktop/Indoor_Mobile_Robotic_Arm/Thesis/ws/build/rsl_scu/build install --record /home/rsl/Desktop/Indoor_Mobile_Robotic_Arm/Thesis/ws/build/rsl_scu/install.log --install-scripts $base/lib/rsl_scu --single-version-externally-managed
