[0.132s] Invoking command in '/home/vboxuser/ws/build/robot_start': AMENT_PREFIX_PATH=/home/vboxuser/ws/install/my_robot_ctrl:/home/vboxuser/ws/install/teleop_twist_joy:/home/vboxuser/ws/install/robot_start:/home/vboxuser/ws/install/py_pubsub:/home/vboxuser/ws/install/locomotion_core:/opt/ros/humble CMAKE_PREFIX_PATH=${CMAKE_PREFIX_PATH}:/home/vboxuser/ws/install/py_pubsub:/home/vboxuser/ws/install/my_robot_ctrl:/home/vboxuser/ws/install/locomotion_core:/opt/ros/humble PYTHONPATH=/home/vboxuser/ws/install/my_robot_ctrl/lib/python3.10/site-packages:/home/vboxuser/ws/install/py_pubsub/lib/python3.10/site-packages:/home/vboxuser/ws/install/locomotion_core/lib/python3.10/site-packages:/opt/ros/humble/lib/python3.10/site-packages:/opt/ros/humble/local/lib/python3.10/dist-packages /usr/bin/cmake --build /home/vboxuser/ws/build/robot_start -- -j6 -l6
[0.255s] Invoked command in '/home/vboxuser/ws/build/robot_start' returned '0': AMENT_PREFIX_PATH=/home/vboxuser/ws/install/my_robot_ctrl:/home/vboxuser/ws/install/teleop_twist_joy:/home/vboxuser/ws/install/robot_start:/home/vboxuser/ws/install/py_pubsub:/home/vboxuser/ws/install/locomotion_core:/opt/ros/humble CMAKE_PREFIX_PATH=${CMAKE_PREFIX_PATH}:/home/vboxuser/ws/install/py_pubsub:/home/vboxuser/ws/install/my_robot_ctrl:/home/vboxuser/ws/install/locomotion_core:/opt/ros/humble PYTHONPATH=/home/vboxuser/ws/install/my_robot_ctrl/lib/python3.10/site-packages:/home/vboxuser/ws/install/py_pubsub/lib/python3.10/site-packages:/home/vboxuser/ws/install/locomotion_core/lib/python3.10/site-packages:/opt/ros/humble/lib/python3.10/site-packages:/opt/ros/humble/local/lib/python3.10/dist-packages /usr/bin/cmake --build /home/vboxuser/ws/build/robot_start -- -j6 -l6
[0.351s] Invoking command in '/home/vboxuser/ws/build/robot_start': AMENT_PREFIX_PATH=/home/vboxuser/ws/install/my_robot_ctrl:/home/vboxuser/ws/install/teleop_twist_joy:/home/vboxuser/ws/install/robot_start:/home/vboxuser/ws/install/py_pubsub:/home/vboxuser/ws/install/locomotion_core:/opt/ros/humble CMAKE_PREFIX_PATH=${CMAKE_PREFIX_PATH}:/home/vboxuser/ws/install/py_pubsub:/home/vboxuser/ws/install/my_robot_ctrl:/home/vboxuser/ws/install/locomotion_core:/opt/ros/humble PYTHONPATH=/home/vboxuser/ws/install/my_robot_ctrl/lib/python3.10/site-packages:/home/vboxuser/ws/install/py_pubsub/lib/python3.10/site-packages:/home/vboxuser/ws/install/locomotion_core/lib/python3.10/site-packages:/opt/ros/humble/lib/python3.10/site-packages:/opt/ros/humble/local/lib/python3.10/dist-packages /usr/bin/cmake --install /home/vboxuser/ws/build/robot_start
[0.383s] -- Install configuration: ""
[0.383s] -- Up-to-date: /home/vboxuser/ws/install/robot_start/share/robot_start/launch
[0.383s] -- Up-to-date: /home/vboxuser/ws/install/robot_start/share/robot_start/launch/demo.launch.py
[0.383s] -- Up-to-date: /home/vboxuser/ws/install/robot_start/share/robot_start/launch/rover_start.launch.py
[0.383s] -- Up-to-date: /home/vboxuser/ws/install/robot_start/share/ament_index/resource_index/package_run_dependencies/robot_start
[0.387s] -- Up-to-date: /home/vboxuser/ws/install/robot_start/share/ament_index/resource_index/parent_prefix_path/robot_start
[0.387s] -- Up-to-date: /home/vboxuser/ws/install/robot_start/share/robot_start/environment/ament_prefix_path.sh
[0.387s] -- Up-to-date: /home/vboxuser/ws/install/robot_start/share/robot_start/environment/ament_prefix_path.dsv
[0.387s] -- Up-to-date: /home/vboxuser/ws/install/robot_start/share/robot_start/environment/path.sh
[0.388s] -- Up-to-date: /home/vboxuser/ws/install/robot_start/share/robot_start/environment/path.dsv
[0.388s] -- Up-to-date: /home/vboxuser/ws/install/robot_start/share/robot_start/local_setup.bash
[0.388s] -- Up-to-date: /home/vboxuser/ws/install/robot_start/share/robot_start/local_setup.sh
[0.388s] -- Up-to-date: /home/vboxuser/ws/install/robot_start/share/robot_start/local_setup.zsh
[0.388s] -- Up-to-date: /home/vboxuser/ws/install/robot_start/share/robot_start/local_setup.dsv
[0.388s] -- Installing: /home/vboxuser/ws/install/robot_start/share/robot_start/package.dsv
[0.389s] -- Up-to-date: /home/vboxuser/ws/install/robot_start/share/ament_index/resource_index/packages/robot_start
[0.389s] -- Up-to-date: /home/vboxuser/ws/install/robot_start/share/robot_start/cmake/robot_startConfig.cmake
[0.389s] -- Up-to-date: /home/vboxuser/ws/install/robot_start/share/robot_start/cmake/robot_startConfig-version.cmake
[0.389s] -- Up-to-date: /home/vboxuser/ws/install/robot_start/share/robot_start/package.xml
[0.401s] Invoked command in '/home/vboxuser/ws/build/robot_start' returned '0': AMENT_PREFIX_PATH=/home/vboxuser/ws/install/my_robot_ctrl:/home/vboxuser/ws/install/teleop_twist_joy:/home/vboxuser/ws/install/robot_start:/home/vboxuser/ws/install/py_pubsub:/home/vboxuser/ws/install/locomotion_core:/opt/ros/humble CMAKE_PREFIX_PATH=${CMAKE_PREFIX_PATH}:/home/vboxuser/ws/install/py_pubsub:/home/vboxuser/ws/install/my_robot_ctrl:/home/vboxuser/ws/install/locomotion_core:/opt/ros/humble PYTHONPATH=/home/vboxuser/ws/install/my_robot_ctrl/lib/python3.10/site-packages:/home/vboxuser/ws/install/py_pubsub/lib/python3.10/site-packages:/home/vboxuser/ws/install/locomotion_core/lib/python3.10/site-packages:/opt/ros/humble/lib/python3.10/site-packages:/opt/ros/humble/local/lib/python3.10/dist-packages /usr/bin/cmake --install /home/vboxuser/ws/build/robot_start
