[2.356s] Invoking command in '/home/rsl/Desktop/Indoor_Mobile_Robotic_Arm/Thesis/ws/src/locomotion_core': PYTHONPATH=/home/rsl/Desktop/Indoor_Mobile_Robotic_Arm/Thesis/ws/build/locomotion_core/prefix_override:/home/rsl/Desktop/Indoor_Mobile_Robotic_Arm/Thesis/ws/install/locomotion_core/lib/python3.8/site-packages:${PYTHONPATH} /usr/bin/python3 setup.py egg_info --egg-base ../../build/locomotion_core build --build-base /home/rsl/Desktop/Indoor_Mobile_Robotic_Arm/Thesis/ws/build/locomotion_core/build install --record /home/rsl/Desktop/Indoor_Mobile_Robotic_Arm/Thesis/ws/build/locomotion_core/install.log --single-version-externally-managed
[2.367s] Error processing line 1 of /usr/lib/python3/dist-packages/matplotlib-3.1.2-nspkg.pth:
[2.367s] 
[2.379s]   Traceback (most recent call last):
[2.379s]     File "/usr/lib/python3.8/site.py", line 175, in addpackage
[2.379s]       exec(line)
[2.379s]     File "<string>", line 1, in <module>
[2.379s]     File "<frozen importlib._bootstrap>", line 553, in module_from_spec
[2.380s]   AttributeError: 'NoneType' object has no attribute 'loader'
[2.380s] 
[2.380s] Remainder of file ignored
[2.795s] running egg_info
[2.795s] writing ../../build/locomotion_core/locomotion_core.egg-info/PKG-INFO
[2.796s] writing dependency_links to ../../build/locomotion_core/locomotion_core.egg-info/dependency_links.txt
[2.797s] writing entry points to ../../build/locomotion_core/locomotion_core.egg-info/entry_points.txt
[2.797s] writing requirements to ../../build/locomotion_core/locomotion_core.egg-info/requires.txt
[2.797s] writing top-level names to ../../build/locomotion_core/locomotion_core.egg-info/top_level.txt
[2.877s] reading manifest file '../../build/locomotion_core/locomotion_core.egg-info/SOURCES.txt'
[2.879s] writing manifest file '../../build/locomotion_core/locomotion_core.egg-info/SOURCES.txt'
[2.880s] running build
[2.880s] running build_py
[2.881s] copying locomotion_core/rover_state_controller.py -> /home/rsl/Desktop/Indoor_Mobile_Robotic_Arm/Thesis/ws/build/locomotion_core/build/lib/locomotion_core
[2.883s] running install
[2.885s] running install_lib
[2.889s] copying /home/rsl/Desktop/Indoor_Mobile_Robotic_Arm/Thesis/ws/build/locomotion_core/build/lib/locomotion_core/rover_state_controller.py -> /home/rsl/Desktop/Indoor_Mobile_Robotic_Arm/Thesis/ws/install/locomotion_core/lib/python3.8/site-packages/locomotion_core
[2.892s] byte-compiling /home/rsl/Desktop/Indoor_Mobile_Robotic_Arm/Thesis/ws/install/locomotion_core/lib/python3.8/site-packages/locomotion_core/rover_state_controller.py to rover_state_controller.cpython-38.pyc
[2.896s] running install_data
[2.897s] running install_egg_info
[2.901s] removing '/home/rsl/Desktop/Indoor_Mobile_Robotic_Arm/Thesis/ws/install/locomotion_core/lib/python3.8/site-packages/locomotion_core-0.0.0-py3.8.egg-info' (and everything under it)
[2.902s] Copying ../../build/locomotion_core/locomotion_core.egg-info to /home/rsl/Desktop/Indoor_Mobile_Robotic_Arm/Thesis/ws/install/locomotion_core/lib/python3.8/site-packages/locomotion_core-0.0.0-py3.8.egg-info
[2.904s] running install_scripts
[2.954s] Installing cmd_roboteq script to /home/rsl/Desktop/Indoor_Mobile_Robotic_Arm/Thesis/ws/install/locomotion_core/lib/locomotion_core
[2.955s] Installing drive_selector script to /home/rsl/Desktop/Indoor_Mobile_Robotic_Arm/Thesis/ws/install/locomotion_core/lib/locomotion_core
[2.955s] Installing movebase_core script to /home/rsl/Desktop/Indoor_Mobile_Robotic_Arm/Thesis/ws/install/locomotion_core/lib/locomotion_core
[2.955s] Installing rover_state_controller script to /home/rsl/Desktop/Indoor_Mobile_Robotic_Arm/Thesis/ws/install/locomotion_core/lib/locomotion_core
[2.957s] writing list of installed files to '/home/rsl/Desktop/Indoor_Mobile_Robotic_Arm/Thesis/ws/build/locomotion_core/install.log'
[3.086s] Invoked command in '/home/rsl/Desktop/Indoor_Mobile_Robotic_Arm/Thesis/ws/src/locomotion_core' returned '0': PYTHONPATH=/home/rsl/Desktop/Indoor_Mobile_Robotic_Arm/Thesis/ws/build/locomotion_core/prefix_override:/home/rsl/Desktop/Indoor_Mobile_Robotic_Arm/Thesis/ws/install/locomotion_core/lib/python3.8/site-packages:${PYTHONPATH} /usr/bin/python3 setup.py egg_info --egg-base ../../build/locomotion_core build --build-base /home/rsl/Desktop/Indoor_Mobile_Robotic_Arm/Thesis/ws/build/locomotion_core/build install --record /home/rsl/Desktop/Indoor_Mobile_Robotic_Arm/Thesis/ws/build/locomotion_core/install.log --single-version-externally-managed
