[2.023s] Invoking command in '/home/rsl/Desktop/Indoor_Mobile_Robotic_Arm/Thesis/ws/src/rsl_scu': PYTHONPATH=/home/rsl/Desktop/Indoor_Mobile_Robotic_Arm/Thesis/ws/build/rsl_scu/prefix_override:/home/rsl/Desktop/Indoor_Mobile_Robotic_Arm/Thesis/ws/install/rsl_scu/lib/python3.8/site-packages:${PYTHONPATH} /usr/bin/python3 setup.py egg_info --egg-base ../../build/rsl_scu build --build-base /home/rsl/Desktop/Indoor_Mobile_Robotic_Arm/Thesis/ws/build/rsl_scu/build install --record /home/rsl/Desktop/Indoor_Mobile_Robotic_Arm/Thesis/ws/build/rsl_scu/install.log --install-scripts $base/lib/rsl_scu --single-version-externally-managed
[2.503s] running egg_info
[2.504s] writing ../../build/rsl_scu/rsl_scu.egg-info/PKG-INFO
[2.505s] writing dependency_links to ../../build/rsl_scu/rsl_scu.egg-info/dependency_links.txt
[2.505s] writing entry points to ../../build/rsl_scu/rsl_scu.egg-info/entry_points.txt
[2.505s] writing requirements to ../../build/rsl_scu/rsl_scu.egg-info/requires.txt
[2.506s] writing top-level names to ../../build/rsl_scu/rsl_scu.egg-info/top_level.txt
[2.581s] reading manifest file '../../build/rsl_scu/rsl_scu.egg-info/SOURCES.txt'
[2.583s] writing manifest file '../../build/rsl_scu/rsl_scu.egg-info/SOURCES.txt'
[2.584s] running build
[2.584s] running build_py
[2.584s] running install
[2.586s] running install_lib
[2.590s] running install_data
[2.591s] running install_egg_info
[2.595s] removing '/home/rsl/Desktop/Indoor_Mobile_Robotic_Arm/Thesis/ws/install/rsl_scu/lib/python3.8/site-packages/rsl_scu-0.0.0-py3.8.egg-info' (and everything under it)
[2.596s] Copying ../../build/rsl_scu/rsl_scu.egg-info to /home/rsl/Desktop/Indoor_Mobile_Robotic_Arm/Thesis/ws/install/rsl_scu/lib/python3.8/site-packages/rsl_scu-0.0.0-py3.8.egg-info
[2.599s] running install_scripts
[2.644s] Installing rsl_joy script to /home/rsl/Desktop/Indoor_Mobile_Robotic_Arm/Thesis/ws/install/rsl_scu/lib/rsl_scu
[2.645s] writing list of installed files to '/home/rsl/Desktop/Indoor_Mobile_Robotic_Arm/Thesis/ws/build/rsl_scu/install.log'
[2.722s] Invoked command in '/home/rsl/Desktop/Indoor_Mobile_Robotic_Arm/Thesis/ws/src/rsl_scu' returned '0': PYTHONPATH=/home/rsl/Desktop/Indoor_Mobile_Robotic_Arm/Thesis/ws/build/rsl_scu/prefix_override:/home/rsl/Desktop/Indoor_Mobile_Robotic_Arm/Thesis/ws/install/rsl_scu/lib/python3.8/site-packages:${PYTHONPATH} /usr/bin/python3 setup.py egg_info --egg-base ../../build/rsl_scu build --build-base /home/rsl/Desktop/Indoor_Mobile_Robotic_Arm/Thesis/ws/build/rsl_scu/build install --record /home/rsl/Desktop/Indoor_Mobile_Robotic_Arm/Thesis/ws/build/rsl_scu/install.log --install-scripts $base/lib/rsl_scu --single-version-externally-managed
