[0.145s] Invoking command in '/home/rslam/Desktop/Thesis/build/teleop_twist_joy': CMAKE_PREFIX_PATH=/opt/ros/humble /usr/bin/cmake /home/rslam/Desktop/Thesis/ws/src/teleop_twist_joy -DCMAKE_INSTALL_PREFIX=/home/rslam/Desktop/Thesis/install/teleop_twist_joy
[0.189s] -- The C compiler identification is GNU 11.3.0
[0.235s] -- The CXX compiler identification is GNU 11.3.0
[0.240s] -- Detecting C compiler ABI info
[0.296s] -- Detecting C compiler ABI info - done
[0.301s] -- Check for working C compiler: /usr/bin/cc - skipped
[0.302s] -- Detecting C compile features
[0.302s] -- Detecting C compile features - done
[0.305s] -- Detecting CXX compiler ABI info
[0.369s] -- Detecting CXX compiler ABI info - done
[0.375s] -- Check for working CXX compiler: /usr/bin/c++ - skipped
[0.375s] -- Detecting CXX compile features
[0.375s] -- Detecting CXX compile features - done
[0.377s] -- Found ament_cmake: 1.3.3 (/opt/ros/humble/share/ament_cmake/cmake)
[0.492s] -- Found Python3: /usr/bin/python3.10 (found version "3.10.6") found components: Interpreter 
[0.546s] -- Found geometry_msgs: 4.2.3 (/opt/ros/humble/share/geometry_msgs/cmake)
[0.571s] -- Found rosidl_generator_c: 3.1.4 (/opt/ros/humble/share/rosidl_generator_c/cmake)
[0.574s] -- Found rosidl_adapter: 3.1.4 (/opt/ros/humble/share/rosidl_adapter/cmake)
[0.580s] -- Found rosidl_generator_cpp: 3.1.4 (/opt/ros/humble/share/rosidl_generator_cpp/cmake)
[0.590s] -- Using all available rosidl_typesupport_c: rosidl_typesupport_fastrtps_c;rosidl_typesupport_introspection_c
[0.605s] -- Using all available rosidl_typesupport_cpp: rosidl_typesupport_fastrtps_cpp;rosidl_typesupport_introspection_cpp
[0.705s] -- Found rclcpp: 16.0.3 (/opt/ros/humble/share/rclcpp/cmake)
[0.750s] -- Found rmw_implementation_cmake: 6.1.1 (/opt/ros/humble/share/rmw_implementation_cmake/cmake)
[0.751s] -- Found rmw_fastrtps_cpp: 6.2.2 (/opt/ros/humble/share/rmw_fastrtps_cpp/cmake)
[0.823s] -- Found OpenSSL: /usr/lib/aarch64-linux-gnu/libcrypto.so (found version "3.0.2")  
[0.843s] -- Found FastRTPS: /opt/ros/humble/include  
[0.878s] -- Using RMW implementation 'rmw_fastrtps_cpp' as default
[0.885s] -- Looking for pthread.h
[0.943s] -- Looking for pthread.h - found
[0.943s] -- Performing Test CMAKE_HAVE_LIBC_PTHREAD
[1.001s] -- Performing Test CMAKE_HAVE_LIBC_PTHREAD - Success
[1.002s] -- Found Threads: TRUE  
[1.104s] -- Found rclcpp_components: 16.0.3 (/opt/ros/humble/share/rclcpp_components/cmake)
[1.156s] -- Found sensor_msgs: 4.2.3 (/opt/ros/humble/share/sensor_msgs/cmake)
[1.230s] -- Performing Test COMPILER_HAS_HIDDEN_VISIBILITY
[1.291s] -- Performing Test COMPILER_HAS_HIDDEN_VISIBILITY - Success
[1.291s] -- Performing Test COMPILER_HAS_HIDDEN_INLINE_VISIBILITY
[1.351s] -- Performing Test COMPILER_HAS_HIDDEN_INLINE_VISIBILITY - Success
[1.351s] -- Performing Test COMPILER_HAS_DEPRECATED_ATTR
[1.412s] -- Performing Test COMPILER_HAS_DEPRECATED_ATTR - Success
[1.416s] -- Found ament_lint_auto: 0.12.5 (/opt/ros/humble/share/ament_lint_auto/cmake)
[1.470s] -- Found python_cmake_module: 0.10.0 (/opt/ros/humble/share/python_cmake_module/cmake)
[1.485s] -- Found PythonInterp: /usr/bin/python3 (found suitable version "3.10.6", minimum required is "3.6") 
[1.489s] -- Found PythonLibs: /usr/lib/aarch64-linux-gnu/libpython3.10.so (found suitable version "3.10.6", minimum required is "3.5") 
[1.489s] -- Using PYTHON_EXECUTABLE: /usr/bin/python3
[1.489s] -- Using PYTHON_INCLUDE_DIRS: /usr/include/python3.10
[1.489s] -- Using PYTHON_LIBRARIES: /usr/lib/aarch64-linux-gnu/libpython3.10.so
[1.505s] -- Found PythonExtra: .so  
[1.519s] -- Added test 'cppcheck' to perform static code analysis on C / C++ code
[1.519s] -- Configured cppcheck include dirs: /home/rslam/Desktop/Thesis/ws/src/teleop_twist_joy/include
[1.519s] -- Configured cppcheck exclude dirs and/or files: 
[1.520s] -- Added test 'flake8' to check Python code syntax and style conventions
[1.520s] -- Added test 'lint_cmake' to check CMake code style
[1.521s] -- Added test 'pep257' to check Python code against some of the docstring style conventions in PEP 257
[1.521s] -- Added test 'xmllint' to check XML markup files
[1.523s] -- Configuring done
[1.525s] [33mCMake Warning (dev) at CMakeLists.txt:22 (add_library):
[1.525s]   Policy CMP0115 is not set: Source file extensions must be explicit.  Run
[1.525s]   "cmake --help-policy CMP0115" for policy details.  Use the cmake_policy
[1.525s]   command to set the policy and suppress this warning.
[1.525s] 
[1.525s]   File:
[1.525s] 
[1.525s]     /home/rslam/Desktop/Thesis/ws/src/teleop_twist_joy/src/teleop_twist_joy.cpp
[1.525s] This warning is for project developers.  Use -Wno-dev to suppress it.
[1.525s] [0m
[1.536s] -- Generating done
[1.537s] -- Build files have been written to: /home/rslam/Desktop/Thesis/build/teleop_twist_joy
[1.548s] Invoked command in '/home/rslam/Desktop/Thesis/build/teleop_twist_joy' returned '0': CMAKE_PREFIX_PATH=/opt/ros/humble /usr/bin/cmake /home/rslam/Desktop/Thesis/ws/src/teleop_twist_joy -DCMAKE_INSTALL_PREFIX=/home/rslam/Desktop/Thesis/install/teleop_twist_joy
[1.550s] Invoking command in '/home/rslam/Desktop/Thesis/build/teleop_twist_joy': CMAKE_PREFIX_PATH=/opt/ros/humble /usr/bin/cmake --build /home/rslam/Desktop/Thesis/build/teleop_twist_joy -- -j8 -l8
[1.593s] [ 25%] [32mBuilding CXX object CMakeFiles/teleop_twist_joy.dir/src/teleop_twist_joy.cpp.o[0m
[7.374s] [ 50%] [32m[1mLinking CXX shared library libteleop_twist_joy.so[0m
[7.747s] [ 50%] Built target teleop_twist_joy
[7.765s] [ 75%] [32mBuilding CXX object CMakeFiles/teleop_twist_joy_node.dir/src/teleop_node.cpp.o[0m
[9.277s] [100%] [32m[1mLinking CXX executable teleop_node[0m
[9.414s] [100%] Built target teleop_twist_joy_node
[9.424s] Invoked command in '/home/rslam/Desktop/Thesis/build/teleop_twist_joy' returned '0': CMAKE_PREFIX_PATH=/opt/ros/humble /usr/bin/cmake --build /home/rslam/Desktop/Thesis/build/teleop_twist_joy -- -j8 -l8
[9.456s] Invoking command in '/home/rslam/Desktop/Thesis/build/teleop_twist_joy': CMAKE_PREFIX_PATH=/opt/ros/humble /usr/bin/cmake --install /home/rslam/Desktop/Thesis/build/teleop_twist_joy
[9.462s] -- Install configuration: ""
[9.462s] -- Installing: /home/rslam/Desktop/Thesis/install/teleop_twist_joy/lib/libteleop_twist_joy.so
[9.467s] -- Set runtime path of "/home/rslam/Desktop/Thesis/install/teleop_twist_joy/lib/libteleop_twist_joy.so" to ""
[9.467s] -- Installing: /home/rslam/Desktop/Thesis/install/teleop_twist_joy/lib/teleop_twist_joy/teleop_node
[9.467s] -- Set runtime path of "/home/rslam/Desktop/Thesis/install/teleop_twist_joy/lib/teleop_twist_joy/teleop_node" to ""
[9.467s] -- Installing: /home/rslam/Desktop/Thesis/install/teleop_twist_joy/include
[9.467s] -- Installing: /home/rslam/Desktop/Thesis/install/teleop_twist_joy/include/teleop_twist_joy
[9.467s] -- Installing: /home/rslam/Desktop/Thesis/install/teleop_twist_joy/include/teleop_twist_joy/teleop_twist_joy.hpp
[9.467s] -- Installing: /home/rslam/Desktop/Thesis/install/teleop_twist_joy/include/teleop_twist_joy/teleop_twist_joy_export.h
[9.468s] -- Installing: /home/rslam/Desktop/Thesis/install/teleop_twist_joy/share/teleop_twist_joy/launch
[9.468s] -- Installing: /home/rslam/Desktop/Thesis/install/teleop_twist_joy/share/teleop_twist_joy/launch/teleop-launch.py
[9.468s] -- Installing: /home/rslam/Desktop/Thesis/install/teleop_twist_joy/share/teleop_twist_joy/config
[9.468s] -- Installing: /home/rslam/Desktop/Thesis/install/teleop_twist_joy/share/teleop_twist_joy/config/xbox.config.yaml
[9.468s] -- Installing: /home/rslam/Desktop/Thesis/install/teleop_twist_joy/share/teleop_twist_joy/config/ps3-holonomic.config.yaml
[9.468s] -- Installing: /home/rslam/Desktop/Thesis/install/teleop_twist_joy/share/teleop_twist_joy/config/xd3.config.yaml
[9.468s] -- Installing: /home/rslam/Desktop/Thesis/install/teleop_twist_joy/share/teleop_twist_joy/config/atk3.config.yaml
[9.468s] -- Installing: /home/rslam/Desktop/Thesis/install/teleop_twist_joy/share/teleop_twist_joy/config/ps3.config.yaml
[9.469s] -- Installing: /home/rslam/Desktop/Thesis/install/teleop_twist_joy/share/teleop_twist_joy/environment/library_path.sh
[9.469s] -- Installing: /home/rslam/Desktop/Thesis/install/teleop_twist_joy/share/teleop_twist_joy/environment/library_path.dsv
[9.469s] -- Installing: /home/rslam/Desktop/Thesis/install/teleop_twist_joy/share/ament_index/resource_index/package_run_dependencies/teleop_twist_joy
[9.469s] -- Installing: /home/rslam/Desktop/Thesis/install/teleop_twist_joy/share/ament_index/resource_index/parent_prefix_path/teleop_twist_joy
[9.469s] -- Installing: /home/rslam/Desktop/Thesis/install/teleop_twist_joy/share/teleop_twist_joy/environment/ament_prefix_path.sh
[9.469s] -- Installing: /home/rslam/Desktop/Thesis/install/teleop_twist_joy/share/teleop_twist_joy/environment/ament_prefix_path.dsv
[9.469s] -- Installing: /home/rslam/Desktop/Thesis/install/teleop_twist_joy/share/teleop_twist_joy/environment/path.sh
[9.469s] -- Installing: /home/rslam/Desktop/Thesis/install/teleop_twist_joy/share/teleop_twist_joy/environment/path.dsv
[9.469s] -- Installing: /home/rslam/Desktop/Thesis/install/teleop_twist_joy/share/teleop_twist_joy/local_setup.bash
[9.469s] -- Installing: /home/rslam/Desktop/Thesis/install/teleop_twist_joy/share/teleop_twist_joy/local_setup.sh
[9.469s] -- Installing: /home/rslam/Desktop/Thesis/install/teleop_twist_joy/share/teleop_twist_joy/local_setup.zsh
[9.469s] -- Installing: /home/rslam/Desktop/Thesis/install/teleop_twist_joy/share/teleop_twist_joy/local_setup.dsv
[9.469s] -- Installing: /home/rslam/Desktop/Thesis/install/teleop_twist_joy/share/teleop_twist_joy/package.dsv
[9.470s] -- Installing: /home/rslam/Desktop/Thesis/install/teleop_twist_joy/share/ament_index/resource_index/packages/teleop_twist_joy
[9.470s] -- Installing: /home/rslam/Desktop/Thesis/install/teleop_twist_joy/share/ament_index/resource_index/rclcpp_components/teleop_twist_joy
[9.470s] -- Installing: /home/rslam/Desktop/Thesis/install/teleop_twist_joy/share/teleop_twist_joy/cmake/ament_cmake_export_include_directories-extras.cmake
[9.470s] -- Installing: /home/rslam/Desktop/Thesis/install/teleop_twist_joy/share/teleop_twist_joy/cmake/ament_cmake_export_libraries-extras.cmake
[9.470s] -- Installing: /home/rslam/Desktop/Thesis/install/teleop_twist_joy/share/teleop_twist_joy/cmake/teleop_twist_joyConfig.cmake
[9.471s] -- Installing: /home/rslam/Desktop/Thesis/install/teleop_twist_joy/share/teleop_twist_joy/cmake/teleop_twist_joyConfig-version.cmake
[9.471s] -- Installing: /home/rslam/Desktop/Thesis/install/teleop_twist_joy/share/teleop_twist_joy/package.xml
[9.473s] Invoked command in '/home/rslam/Desktop/Thesis/build/teleop_twist_joy' returned '0': CMAKE_PREFIX_PATH=/opt/ros/humble /usr/bin/cmake --install /home/rslam/Desktop/Thesis/build/teleop_twist_joy
