[3.335s] Invoking command in '/home/rsl/Desktop/Indoor_Mobile_Robotic_Arm/Thesis/ws/src/voice_control': PYTHONPATH=/home/rsl/Desktop/Indoor_Mobile_Robotic_Arm/Thesis/ws/build/voice_control/prefix_override:/home/rsl/Desktop/Indoor_Mobile_Robotic_Arm/Thesis/ws/install/voice_control/lib/python3.8/site-packages:${PYTHONPATH} /usr/bin/python3 setup.py egg_info --egg-base ../../build/voice_control build --build-base /home/rsl/Desktop/Indoor_Mobile_Robotic_Arm/Thesis/ws/build/voice_control/build install --record /home/rsl/Desktop/Indoor_Mobile_Robotic_Arm/Thesis/ws/build/voice_control/install.log --install-scripts $base/lib/voice_control --single-version-externally-managed
[3.778s] Error processing line 1 of /usr/lib/python3/dist-packages/matplotlib-3.1.2-nspkg.pth:
[3.778s] 
[3.789s]   Traceback (most recent call last):
[3.789s]     File "/usr/lib/python3.8/site.py", line 175, in addpackage
[3.789s]       exec(line)
[3.789s]     File "<string>", line 1, in <module>
[3.790s]     File "<frozen importlib._bootstrap>", line 553, in module_from_spec
[3.790s]   AttributeError: 'NoneType' object has no attribute 'loader'
[3.790s] 
[3.790s] Remainder of file ignored
[4.205s] running egg_info
[4.205s] creating ../../build/voice_control/voice_control.egg-info
[4.205s] writing ../../build/voice_control/voice_control.egg-info/PKG-INFO
[4.206s] writing dependency_links to ../../build/voice_control/voice_control.egg-info/dependency_links.txt
[4.207s] writing entry points to ../../build/voice_control/voice_control.egg-info/entry_points.txt
[4.208s] writing requirements to ../../build/voice_control/voice_control.egg-info/requires.txt
[4.208s] writing top-level names to ../../build/voice_control/voice_control.egg-info/top_level.txt
[4.211s] writing manifest file '../../build/voice_control/voice_control.egg-info/SOURCES.txt'
[4.281s] reading manifest file '../../build/voice_control/voice_control.egg-info/SOURCES.txt'
[4.281s] writing manifest file '../../build/voice_control/voice_control.egg-info/SOURCES.txt'
[4.282s] running build
[4.282s] running build_py
[4.282s] creating /home/rsl/Desktop/Indoor_Mobile_Robotic_Arm/Thesis/ws/build/voice_control/build
[4.282s] creating /home/rsl/Desktop/Indoor_Mobile_Robotic_Arm/Thesis/ws/build/voice_control/build/lib
[4.283s] creating /home/rsl/Desktop/Indoor_Mobile_Robotic_Arm/Thesis/ws/build/voice_control/build/lib/voice_control
[4.283s] copying voice_control/__init__.py -> /home/rsl/Desktop/Indoor_Mobile_Robotic_Arm/Thesis/ws/build/voice_control/build/lib/voice_control
[4.283s] copying voice_control/voice_command.py -> /home/rsl/Desktop/Indoor_Mobile_Robotic_Arm/Thesis/ws/build/voice_control/build/lib/voice_control
[4.283s] running install
[4.286s] running install_lib
[4.288s] creating /home/rsl/Desktop/Indoor_Mobile_Robotic_Arm/Thesis/ws/install/voice_control/lib/python3.8/site-packages/voice_control
[4.288s] copying /home/rsl/Desktop/Indoor_Mobile_Robotic_Arm/Thesis/ws/build/voice_control/build/lib/voice_control/__init__.py -> /home/rsl/Desktop/Indoor_Mobile_Robotic_Arm/Thesis/ws/install/voice_control/lib/python3.8/site-packages/voice_control
[4.288s] copying /home/rsl/Desktop/Indoor_Mobile_Robotic_Arm/Thesis/ws/build/voice_control/build/lib/voice_control/voice_command.py -> /home/rsl/Desktop/Indoor_Mobile_Robotic_Arm/Thesis/ws/install/voice_control/lib/python3.8/site-packages/voice_control
[4.290s] byte-compiling /home/rsl/Desktop/Indoor_Mobile_Robotic_Arm/Thesis/ws/install/voice_control/lib/python3.8/site-packages/voice_control/__init__.py to __init__.cpython-38.pyc
[4.292s] byte-compiling /home/rsl/Desktop/Indoor_Mobile_Robotic_Arm/Thesis/ws/install/voice_control/lib/python3.8/site-packages/voice_control/voice_command.py to voice_command.cpython-38.pyc
[4.294s] running install_data
[4.295s] creating /home/rsl/Desktop/Indoor_Mobile_Robotic_Arm/Thesis/ws/install/voice_control/share/ament_index
[4.295s] creating /home/rsl/Desktop/Indoor_Mobile_Robotic_Arm/Thesis/ws/install/voice_control/share/ament_index/resource_index
[4.295s] creating /home/rsl/Desktop/Indoor_Mobile_Robotic_Arm/Thesis/ws/install/voice_control/share/ament_index/resource_index/packages
[4.295s] copying resource/voice_control -> /home/rsl/Desktop/Indoor_Mobile_Robotic_Arm/Thesis/ws/install/voice_control/share/ament_index/resource_index/packages
[4.295s] copying package.xml -> /home/rsl/Desktop/Indoor_Mobile_Robotic_Arm/Thesis/ws/install/voice_control/share/voice_control
[4.296s] running install_egg_info
[4.299s] Copying ../../build/voice_control/voice_control.egg-info to /home/rsl/Desktop/Indoor_Mobile_Robotic_Arm/Thesis/ws/install/voice_control/lib/python3.8/site-packages/voice_control-0.0.0-py3.8.egg-info
[4.301s] running install_scripts
[4.344s] writing list of installed files to '/home/rsl/Desktop/Indoor_Mobile_Robotic_Arm/Thesis/ws/build/voice_control/install.log'
[4.444s] Invoked command in '/home/rsl/Desktop/Indoor_Mobile_Robotic_Arm/Thesis/ws/src/voice_control' returned '0': PYTHONPATH=/home/rsl/Desktop/Indoor_Mobile_Robotic_Arm/Thesis/ws/build/voice_control/prefix_override:/home/rsl/Desktop/Indoor_Mobile_Robotic_Arm/Thesis/ws/install/voice_control/lib/python3.8/site-packages:${PYTHONPATH} /usr/bin/python3 setup.py egg_info --egg-base ../../build/voice_control build --build-base /home/rsl/Desktop/Indoor_Mobile_Robotic_Arm/Thesis/ws/build/voice_control/build install --record /home/rsl/Desktop/Indoor_Mobile_Robotic_Arm/Thesis/ws/build/voice_control/install.log --install-scripts $base/lib/voice_control --single-version-externally-managed
