[1.672s] Invoking command in '/home/vboxuser/ws/src/my_robot_ctrl': PYTHONPATH=/home/vboxuser/ws/build/my_robot_ctrl/prefix_override:/home/vboxuser/ws/install/my_robot_ctrl/lib/python3.10/site-packages:${PYTHONPATH} /usr/bin/python3 setup.py egg_info --egg-base ../../build/my_robot_ctrl build --build-base /home/vboxuser/ws/build/my_robot_ctrl/build install --record /home/vboxuser/ws/build/my_robot_ctrl/install.log --single-version-externally-managed
[2.139s] running egg_info
[2.140s] writing ../../build/my_robot_ctrl/my_robot_ctrl.egg-info/PKG-INFO
[2.140s] writing dependency_links to ../../build/my_robot_ctrl/my_robot_ctrl.egg-info/dependency_links.txt
[2.141s] writing entry points to ../../build/my_robot_ctrl/my_robot_ctrl.egg-info/entry_points.txt
[2.142s] writing requirements to ../../build/my_robot_ctrl/my_robot_ctrl.egg-info/requires.txt
[2.143s] writing top-level names to ../../build/my_robot_ctrl/my_robot_ctrl.egg-info/top_level.txt
[2.144s] reading manifest file '../../build/my_robot_ctrl/my_robot_ctrl.egg-info/SOURCES.txt'
[2.145s] writing manifest file '../../build/my_robot_ctrl/my_robot_ctrl.egg-info/SOURCES.txt'
[2.146s] running build
[2.147s] running build_py
[2.147s] running install
[2.148s] running install_lib
[2.149s] running install_data
[2.149s] running install_egg_info
[2.150s] removing '/home/vboxuser/ws/install/my_robot_ctrl/lib/python3.10/site-packages/my_robot_ctrl-0.0.0-py3.10.egg-info' (and everything under it)
[2.150s] Copying ../../build/my_robot_ctrl/my_robot_ctrl.egg-info to /home/vboxuser/ws/install/my_robot_ctrl/lib/python3.10/site-packages/my_robot_ctrl-0.0.0-py3.10.egg-info
[2.151s] running install_scripts
[2.166s] Installing mynode script to /home/vboxuser/ws/install/my_robot_ctrl/lib/my_robot_ctrl
[2.166s] writing list of installed files to '/home/vboxuser/ws/build/my_robot_ctrl/install.log'
[2.216s] Invoked command in '/home/vboxuser/ws/src/my_robot_ctrl' returned '0': PYTHONPATH=/home/vboxuser/ws/build/my_robot_ctrl/prefix_override:/home/vboxuser/ws/install/my_robot_ctrl/lib/python3.10/site-packages:${PYTHONPATH} /usr/bin/python3 setup.py egg_info --egg-base ../../build/my_robot_ctrl build --build-base /home/vboxuser/ws/build/my_robot_ctrl/build install --record /home/vboxuser/ws/build/my_robot_ctrl/install.log --single-version-externally-managed
