[0.857s] Invoking command in '/home/vboxuser/ws/build/teleop_twist_joy': CMAKE_PREFIX_PATH=${CMAKE_PREFIX_PATH}:/home/vboxuser/ws/install/locomotion_core:/home/vboxuser/ws/install/py_pubsub:/home/vboxuser/ws/install/my_robot_ctrl:/home/vboxuser/ros2_ws/install/py_pubsub:/opt/ros/humble /usr/bin/cmake --build /home/vboxuser/ws/build/teleop_twist_joy -- -j6 -l6
[0.942s] [ 50%] Built target teleop_twist_joy
[0.988s] [100%] Built target teleop_twist_joy_node
[1.003s] Invoked command in '/home/vboxuser/ws/build/teleop_twist_joy' returned '0': CMAKE_PREFIX_PATH=${CMAKE_PREFIX_PATH}:/home/vboxuser/ws/install/locomotion_core:/home/vboxuser/ws/install/py_pubsub:/home/vboxuser/ws/install/my_robot_ctrl:/home/vboxuser/ros2_ws/install/py_pubsub:/opt/ros/humble /usr/bin/cmake --build /home/vboxuser/ws/build/teleop_twist_joy -- -j6 -l6
[1.058s] Invoking command in '/home/vboxuser/ws/build/teleop_twist_joy': CMAKE_PREFIX_PATH=${CMAKE_PREFIX_PATH}:/home/vboxuser/ws/install/locomotion_core:/home/vboxuser/ws/install/py_pubsub:/home/vboxuser/ws/install/my_robot_ctrl:/home/vboxuser/ros2_ws/install/py_pubsub:/opt/ros/humble /usr/bin/cmake --install /home/vboxuser/ws/build/teleop_twist_joy
[1.065s] -- Install configuration: ""
[1.065s] -- Up-to-date: /home/vboxuser/ws/install/teleop_twist_joy/lib/libteleop_twist_joy.so
[1.066s] -- Up-to-date: /home/vboxuser/ws/install/teleop_twist_joy/lib/teleop_twist_joy/teleop_node
[1.067s] -- Up-to-date: /home/vboxuser/ws/install/teleop_twist_joy/include
[1.067s] -- Up-to-date: /home/vboxuser/ws/install/teleop_twist_joy/include/teleop_twist_joy
[1.067s] -- Up-to-date: /home/vboxuser/ws/install/teleop_twist_joy/include/teleop_twist_joy/teleop_twist_joy.hpp
[1.067s] -- Up-to-date: /home/vboxuser/ws/install/teleop_twist_joy/include/teleop_twist_joy/teleop_twist_joy_export.h
[1.067s] -- Up-to-date: /home/vboxuser/ws/install/teleop_twist_joy/share/teleop_twist_joy/launch
[1.067s] -- Up-to-date: /home/vboxuser/ws/install/teleop_twist_joy/share/teleop_twist_joy/launch/teleop-launch.py
[1.068s] -- Up-to-date: /home/vboxuser/ws/install/teleop_twist_joy/share/teleop_twist_joy/config
[1.068s] -- Up-to-date: /home/vboxuser/ws/install/teleop_twist_joy/share/teleop_twist_joy/config/xbox.config.yaml
[1.068s] -- Up-to-date: /home/vboxuser/ws/install/teleop_twist_joy/share/teleop_twist_joy/config/atk3.config.yaml
[1.068s] -- Up-to-date: /home/vboxuser/ws/install/teleop_twist_joy/share/teleop_twist_joy/config/ps3-holonomic.config.yaml
[1.068s] -- Up-to-date: /home/vboxuser/ws/install/teleop_twist_joy/share/teleop_twist_joy/config/xd3.config.yaml
[1.068s] -- Up-to-date: /home/vboxuser/ws/install/teleop_twist_joy/share/teleop_twist_joy/config/ps3.config.yaml
[1.068s] -- Up-to-date: /home/vboxuser/ws/install/teleop_twist_joy/share/teleop_twist_joy/environment/library_path.sh
[1.068s] -- Up-to-date: /home/vboxuser/ws/install/teleop_twist_joy/share/teleop_twist_joy/environment/library_path.dsv
[1.068s] -- Up-to-date: /home/vboxuser/ws/install/teleop_twist_joy/share/ament_index/resource_index/package_run_dependencies/teleop_twist_joy
[1.068s] -- Up-to-date: /home/vboxuser/ws/install/teleop_twist_joy/share/ament_index/resource_index/parent_prefix_path/teleop_twist_joy
[1.068s] -- Up-to-date: /home/vboxuser/ws/install/teleop_twist_joy/share/teleop_twist_joy/environment/ament_prefix_path.sh
[1.068s] -- Up-to-date: /home/vboxuser/ws/install/teleop_twist_joy/share/teleop_twist_joy/environment/ament_prefix_path.dsv
[1.069s] -- Up-to-date: /home/vboxuser/ws/install/teleop_twist_joy/share/teleop_twist_joy/environment/path.sh
[1.069s] -- Up-to-date: /home/vboxuser/ws/install/teleop_twist_joy/share/teleop_twist_joy/environment/path.dsv
[1.069s] -- Up-to-date: /home/vboxuser/ws/install/teleop_twist_joy/share/teleop_twist_joy/local_setup.bash
[1.069s] -- Up-to-date: /home/vboxuser/ws/install/teleop_twist_joy/share/teleop_twist_joy/local_setup.sh
[1.069s] -- Up-to-date: /home/vboxuser/ws/install/teleop_twist_joy/share/teleop_twist_joy/local_setup.zsh
[1.069s] -- Up-to-date: /home/vboxuser/ws/install/teleop_twist_joy/share/teleop_twist_joy/local_setup.dsv
[1.069s] -- Installing: /home/vboxuser/ws/install/teleop_twist_joy/share/teleop_twist_joy/package.dsv
[1.069s] -- Up-to-date: /home/vboxuser/ws/install/teleop_twist_joy/share/ament_index/resource_index/packages/teleop_twist_joy
[1.070s] -- Up-to-date: /home/vboxuser/ws/install/teleop_twist_joy/share/ament_index/resource_index/rclcpp_components/teleop_twist_joy
[1.072s] -- Up-to-date: /home/vboxuser/ws/install/teleop_twist_joy/share/teleop_twist_joy/cmake/ament_cmake_export_include_directories-extras.cmake
[1.072s] -- Up-to-date: /home/vboxuser/ws/install/teleop_twist_joy/share/teleop_twist_joy/cmake/ament_cmake_export_libraries-extras.cmake
[1.073s] -- Up-to-date: /home/vboxuser/ws/install/teleop_twist_joy/share/teleop_twist_joy/cmake/teleop_twist_joyConfig.cmake
[1.073s] -- Up-to-date: /home/vboxuser/ws/install/teleop_twist_joy/share/teleop_twist_joy/cmake/teleop_twist_joyConfig-version.cmake
[1.073s] -- Up-to-date: /home/vboxuser/ws/install/teleop_twist_joy/share/teleop_twist_joy/package.xml
[1.073s] Invoked command in '/home/vboxuser/ws/build/teleop_twist_joy' returned '0': CMAKE_PREFIX_PATH=${CMAKE_PREFIX_PATH}:/home/vboxuser/ws/install/locomotion_core:/home/vboxuser/ws/install/py_pubsub:/home/vboxuser/ws/install/my_robot_ctrl:/home/vboxuser/ros2_ws/install/py_pubsub:/opt/ros/humble /usr/bin/cmake --install /home/vboxuser/ws/build/teleop_twist_joy
