[3.730s] Invoking command in '/home/rsl/Desktop/Indoor_Mobile_Robotic_Arm/Thesis/ws/src/rsl_scu': PYTHONPATH=/home/rsl/Desktop/Indoor_Mobile_Robotic_Arm/Thesis/ws/build/rsl_scu/prefix_override:/home/rsl/Desktop/Indoor_Mobile_Robotic_Arm/Thesis/ws/install/rsl_scu/lib/python3.8/site-packages: /usr/bin/python3 setup.py egg_info --egg-base ../../build/rsl_scu build --build-base /home/rsl/Desktop/Indoor_Mobile_Robotic_Arm/Thesis/ws/build/rsl_scu/build install --record /home/rsl/Desktop/Indoor_Mobile_Robotic_Arm/Thesis/ws/build/rsl_scu/install.log --install-scripts $base/lib/rsl_scu --single-version-externally-managed
[3.871s] Error processing line 1 of /usr/lib/python3/dist-packages/matplotlib-3.1.2-nspkg.pth:
[3.871s] 
[3.887s]   Traceback (most recent call last):
[3.888s]     File "/usr/lib/python3.8/site.py", line 175, in addpackage
[3.888s]       exec(line)
[3.889s]     File "<string>", line 1, in <module>
[3.889s]     File "<frozen importlib._bootstrap>", line 553, in module_from_spec
[3.890s]   AttributeError: 'NoneType' object has no attribute 'loader'
[3.890s] 
[3.891s] Remainder of file ignored
[4.263s] running egg_info
[4.265s] writing ../../build/rsl_scu/rsl_scu.egg-info/PKG-INFO
[4.266s] writing dependency_links to ../../build/rsl_scu/rsl_scu.egg-info/dependency_links.txt
[4.266s] writing entry points to ../../build/rsl_scu/rsl_scu.egg-info/entry_points.txt
[4.266s] writing requirements to ../../build/rsl_scu/rsl_scu.egg-info/requires.txt
[4.266s] writing top-level names to ../../build/rsl_scu/rsl_scu.egg-info/top_level.txt
[4.469s] reading manifest file '../../build/rsl_scu/rsl_scu.egg-info/SOURCES.txt'
[4.608s] writing manifest file '../../build/rsl_scu/rsl_scu.egg-info/SOURCES.txt'
[4.610s] running build
[4.610s] error: could not delete '/home/rsl/Desktop/Indoor_Mobile_Robotic_Arm/Thesis/ws/build/rsl_scu/build/lib/rsl_scu/custom_joy.py': No such file or directory
[4.611s] running build_py
[4.611s] copying rsl_scu/custom_joy.py -> /home/rsl/Desktop/Indoor_Mobile_Robotic_Arm/Thesis/ws/build/rsl_scu/build/lib/rsl_scu
[4.707s] Invoked command in '/home/rsl/Desktop/Indoor_Mobile_Robotic_Arm/Thesis/ws/src/rsl_scu' returned '1': PYTHONPATH=/home/rsl/Desktop/Indoor_Mobile_Robotic_Arm/Thesis/ws/build/rsl_scu/prefix_override:/home/rsl/Desktop/Indoor_Mobile_Robotic_Arm/Thesis/ws/install/rsl_scu/lib/python3.8/site-packages: /usr/bin/python3 setup.py egg_info --egg-base ../../build/rsl_scu build --build-base /home/rsl/Desktop/Indoor_Mobile_Robotic_Arm/Thesis/ws/build/rsl_scu/build install --record /home/rsl/Desktop/Indoor_Mobile_Robotic_Arm/Thesis/ws/build/rsl_scu/install.log --install-scripts $base/lib/rsl_scu --single-version-externally-managed
