[0.067s] Invoking command in '/home/vboxuser/ws/build/robot_start': AMENT_PREFIX_PATH=/home/vboxuser/ws/install/my_robot_ctrl:${AMENT_PREFIX_PATH} CMAKE_PREFIX_PATH=/opt/ros/humble PYTHONPATH=/home/vboxuser/ws/install/my_robot_ctrl/lib/python3.10/site-packages:${PYTHONPATH} /usr/bin/cmake --build /home/vboxuser/ws/build/robot_start -- -j6 -l6
[0.244s] Invoked command in '/home/vboxuser/ws/build/robot_start' returned '0': AMENT_PREFIX_PATH=/home/vboxuser/ws/install/my_robot_ctrl:${AMENT_PREFIX_PATH} CMAKE_PREFIX_PATH=/opt/ros/humble PYTHONPATH=/home/vboxuser/ws/install/my_robot_ctrl/lib/python3.10/site-packages:${PYTHONPATH} /usr/bin/cmake --build /home/vboxuser/ws/build/robot_start -- -j6 -l6
[0.337s] Invoking command in '/home/vboxuser/ws/build/robot_start': AMENT_PREFIX_PATH=/home/vboxuser/ws/install/my_robot_ctrl:${AMENT_PREFIX_PATH} CMAKE_PREFIX_PATH=/opt/ros/humble PYTHONPATH=/home/vboxuser/ws/install/my_robot_ctrl/lib/python3.10/site-packages:${PYTHONPATH} /usr/bin/cmake --install /home/vboxuser/ws/build/robot_start
[0.387s] -- Install configuration: ""
[0.388s] -- Up-to-date: /home/vboxuser/ws/install/robot_start/share/robot_start/launch
[0.389s] -- Up-to-date: /home/vboxuser/ws/install/robot_start/share/robot_start/launch/demo.launch.py
[0.390s] -- Up-to-date: /home/vboxuser/ws/install/robot_start/share/ament_index/resource_index/package_run_dependencies/robot_start
[0.391s] -- Up-to-date: /home/vboxuser/ws/install/robot_start/share/ament_index/resource_index/parent_prefix_path/robot_start
[0.392s] -- Up-to-date: /home/vboxuser/ws/install/robot_start/share/robot_start/environment/ament_prefix_path.sh
[0.393s] -- Up-to-date: /home/vboxuser/ws/install/robot_start/share/robot_start/environment/ament_prefix_path.dsv
[0.393s] -- Up-to-date: /home/vboxuser/ws/install/robot_start/share/robot_start/environment/path.sh
[0.394s] -- Up-to-date: /home/vboxuser/ws/install/robot_start/share/robot_start/environment/path.dsv
[0.394s] -- Up-to-date: /home/vboxuser/ws/install/robot_start/share/robot_start/local_setup.bash
[0.394s] -- Up-to-date: /home/vboxuser/ws/install/robot_start/share/robot_start/local_setup.sh
[0.395s] -- Up-to-date: /home/vboxuser/ws/install/robot_start/share/robot_start/local_setup.zsh
[0.395s] -- Up-to-date: /home/vboxuser/ws/install/robot_start/share/robot_start/local_setup.dsv
[0.396s] -- Installing: /home/vboxuser/ws/install/robot_start/share/robot_start/package.dsv
[0.399s] -- Up-to-date: /home/vboxuser/ws/install/robot_start/share/ament_index/resource_index/packages/robot_start
[0.400s] -- Up-to-date: /home/vboxuser/ws/install/robot_start/share/robot_start/cmake/robot_startConfig.cmake
[0.400s] -- Up-to-date: /home/vboxuser/ws/install/robot_start/share/robot_start/cmake/robot_startConfig-version.cmake
[0.401s] -- Up-to-date: /home/vboxuser/ws/install/robot_start/share/robot_start/package.xml
[0.410s] Invoked command in '/home/vboxuser/ws/build/robot_start' returned '0': AMENT_PREFIX_PATH=/home/vboxuser/ws/install/my_robot_ctrl:${AMENT_PREFIX_PATH} CMAKE_PREFIX_PATH=/opt/ros/humble PYTHONPATH=/home/vboxuser/ws/install/my_robot_ctrl/lib/python3.10/site-packages:${PYTHONPATH} /usr/bin/cmake --install /home/vboxuser/ws/build/robot_start
