[1.626s] Invoking command in '/home/pi/Desktop/Indoor_Mobile_Robotic_Arm/Thesis/ws/build/teleop_twist_joy': CMAKE_PREFIX_PATH=/opt/ros/humble /usr/bin/cmake --build /home/pi/Desktop/Indoor_Mobile_Robotic_Arm/Thesis/ws/build/teleop_twist_joy -- -j4 -l4
[1.891s] [ 50%] Built target teleop_twist_joy
[2.011s] [100%] Built target teleop_twist_joy_node
[2.056s] Invoked command in '/home/pi/Desktop/Indoor_Mobile_Robotic_Arm/Thesis/ws/build/teleop_twist_joy' returned '0': CMAKE_PREFIX_PATH=/opt/ros/humble /usr/bin/cmake --build /home/pi/Desktop/Indoor_Mobile_Robotic_Arm/Thesis/ws/build/teleop_twist_joy -- -j4 -l4
[2.253s] Invoking command in '/home/pi/Desktop/Indoor_Mobile_Robotic_Arm/Thesis/ws/build/teleop_twist_joy': CMAKE_PREFIX_PATH=/opt/ros/humble /usr/bin/cmake --install /home/pi/Desktop/Indoor_Mobile_Robotic_Arm/Thesis/ws/build/teleop_twist_joy
[2.287s] -- Install configuration: ""
[2.296s] -- Up-to-date: /home/pi/Desktop/Indoor_Mobile_Robotic_Arm/Thesis/ws/install/teleop_twist_joy/lib/libteleop_twist_joy.so
[2.297s] -- Up-to-date: /home/pi/Desktop/Indoor_Mobile_Robotic_Arm/Thesis/ws/install/teleop_twist_joy/lib/teleop_twist_joy/teleop_node
[2.298s] -- Up-to-date: /home/pi/Desktop/Indoor_Mobile_Robotic_Arm/Thesis/ws/install/teleop_twist_joy/include
[2.299s] -- Up-to-date: /home/pi/Desktop/Indoor_Mobile_Robotic_Arm/Thesis/ws/install/teleop_twist_joy/include/teleop_twist_joy
[2.300s] -- Up-to-date: /home/pi/Desktop/Indoor_Mobile_Robotic_Arm/Thesis/ws/install/teleop_twist_joy/include/teleop_twist_joy/teleop_twist_joy.hpp
[2.301s] -- Up-to-date: /home/pi/Desktop/Indoor_Mobile_Robotic_Arm/Thesis/ws/install/teleop_twist_joy/include/teleop_twist_joy/teleop_twist_joy_export.h
[2.302s] -- Up-to-date: /home/pi/Desktop/Indoor_Mobile_Robotic_Arm/Thesis/ws/install/teleop_twist_joy/share/teleop_twist_joy/launch
[2.302s] -- Up-to-date: /home/pi/Desktop/Indoor_Mobile_Robotic_Arm/Thesis/ws/install/teleop_twist_joy/share/teleop_twist_joy/launch/teleop-launch.py
[2.303s] -- Up-to-date: /home/pi/Desktop/Indoor_Mobile_Robotic_Arm/Thesis/ws/install/teleop_twist_joy/share/teleop_twist_joy/config
[2.304s] -- Up-to-date: /home/pi/Desktop/Indoor_Mobile_Robotic_Arm/Thesis/ws/install/teleop_twist_joy/share/teleop_twist_joy/config/xbox.config.yaml
[2.305s] -- Up-to-date: /home/pi/Desktop/Indoor_Mobile_Robotic_Arm/Thesis/ws/install/teleop_twist_joy/share/teleop_twist_joy/config/ps3.config.yaml
[2.306s] -- Up-to-date: /home/pi/Desktop/Indoor_Mobile_Robotic_Arm/Thesis/ws/install/teleop_twist_joy/share/teleop_twist_joy/config/atk3.config.yaml
[2.306s] -- Up-to-date: /home/pi/Desktop/Indoor_Mobile_Robotic_Arm/Thesis/ws/install/teleop_twist_joy/share/teleop_twist_joy/config/ps3-holonomic.config.yaml
[2.307s] -- Up-to-date: /home/pi/Desktop/Indoor_Mobile_Robotic_Arm/Thesis/ws/install/teleop_twist_joy/share/teleop_twist_joy/config/xd3.config.yaml
[2.307s] -- Up-to-date: /home/pi/Desktop/Indoor_Mobile_Robotic_Arm/Thesis/ws/install/teleop_twist_joy/share/teleop_twist_joy/environment/library_path.sh
[2.308s] -- Up-to-date: /home/pi/Desktop/Indoor_Mobile_Robotic_Arm/Thesis/ws/install/teleop_twist_joy/share/teleop_twist_joy/environment/library_path.dsv
[2.309s] -- Up-to-date: /home/pi/Desktop/Indoor_Mobile_Robotic_Arm/Thesis/ws/install/teleop_twist_joy/share/ament_index/resource_index/package_run_dependencies/teleop_twist_joy
[2.309s] -- Up-to-date: /home/pi/Desktop/Indoor_Mobile_Robotic_Arm/Thesis/ws/install/teleop_twist_joy/share/ament_index/resource_index/parent_prefix_path/teleop_twist_joy
[2.310s] -- Up-to-date: /home/pi/Desktop/Indoor_Mobile_Robotic_Arm/Thesis/ws/install/teleop_twist_joy/share/teleop_twist_joy/environment/ament_prefix_path.sh
[2.329s] -- Up-to-date: /home/pi/Desktop/Indoor_Mobile_Robotic_Arm/Thesis/ws/install/teleop_twist_joy/share/teleop_twist_joy/environment/ament_prefix_path.dsv
[2.331s] -- Up-to-date: /home/pi/Desktop/Indoor_Mobile_Robotic_Arm/Thesis/ws/install/teleop_twist_joy/share/teleop_twist_joy/environment/path.sh
[2.332s] -- Up-to-date: /home/pi/Desktop/Indoor_Mobile_Robotic_Arm/Thesis/ws/install/teleop_twist_joy/share/teleop_twist_joy/environment/path.dsv
[2.333s] -- Up-to-date: /home/pi/Desktop/Indoor_Mobile_Robotic_Arm/Thesis/ws/install/teleop_twist_joy/share/teleop_twist_joy/local_setup.bash
[2.333s] -- Up-to-date: /home/pi/Desktop/Indoor_Mobile_Robotic_Arm/Thesis/ws/install/teleop_twist_joy/share/teleop_twist_joy/local_setup.sh
[2.335s] -- Up-to-date: /home/pi/Desktop/Indoor_Mobile_Robotic_Arm/Thesis/ws/install/teleop_twist_joy/share/teleop_twist_joy/local_setup.zsh
[2.337s] -- Up-to-date: /home/pi/Desktop/Indoor_Mobile_Robotic_Arm/Thesis/ws/install/teleop_twist_joy/share/teleop_twist_joy/local_setup.dsv
[2.337s] -- Installing: /home/pi/Desktop/Indoor_Mobile_Robotic_Arm/Thesis/ws/install/teleop_twist_joy/share/teleop_twist_joy/package.dsv
[2.338s] -- Up-to-date: /home/pi/Desktop/Indoor_Mobile_Robotic_Arm/Thesis/ws/install/teleop_twist_joy/share/ament_index/resource_index/packages/teleop_twist_joy
[2.339s] -- Up-to-date: /home/pi/Desktop/Indoor_Mobile_Robotic_Arm/Thesis/ws/install/teleop_twist_joy/share/ament_index/resource_index/rclcpp_components/teleop_twist_joy
[2.340s] -- Up-to-date: /home/pi/Desktop/Indoor_Mobile_Robotic_Arm/Thesis/ws/install/teleop_twist_joy/share/teleop_twist_joy/cmake/ament_cmake_export_include_directories-extras.cmake
[2.341s] -- Up-to-date: /home/pi/Desktop/Indoor_Mobile_Robotic_Arm/Thesis/ws/install/teleop_twist_joy/share/teleop_twist_joy/cmake/ament_cmake_export_libraries-extras.cmake
[2.341s] -- Up-to-date: /home/pi/Desktop/Indoor_Mobile_Robotic_Arm/Thesis/ws/install/teleop_twist_joy/share/teleop_twist_joy/cmake/teleop_twist_joyConfig.cmake
[2.343s] -- Up-to-date: /home/pi/Desktop/Indoor_Mobile_Robotic_Arm/Thesis/ws/install/teleop_twist_joy/share/teleop_twist_joy/cmake/teleop_twist_joyConfig-version.cmake
[2.347s] -- Up-to-date: /home/pi/Desktop/Indoor_Mobile_Robotic_Arm/Thesis/ws/install/teleop_twist_joy/share/teleop_twist_joy/package.xml
[2.349s] Invoked command in '/home/pi/Desktop/Indoor_Mobile_Robotic_Arm/Thesis/ws/build/teleop_twist_joy' returned '0': CMAKE_PREFIX_PATH=/opt/ros/humble /usr/bin/cmake --install /home/pi/Desktop/Indoor_Mobile_Robotic_Arm/Thesis/ws/build/teleop_twist_joy
