[2.119s] Invoking command in '/home/rsl/Desktop/Indoor_Mobile_Robotic_Arm/Thesis/ws/src/rsl_scu': PYTHONPATH=/home/rsl/Desktop/Indoor_Mobile_Robotic_Arm/Thesis/ws/src/build/rsl_scu/prefix_override:/home/rsl/Desktop/Indoor_Mobile_Robotic_Arm/Thesis/ws/src/install/rsl_scu/lib/python3.8/site-packages:${PYTHONPATH} /usr/bin/python3 setup.py egg_info --egg-base ../build/rsl_scu build --build-base /home/rsl/Desktop/Indoor_Mobile_Robotic_Arm/Thesis/ws/src/build/rsl_scu/build install --record /home/rsl/Desktop/Indoor_Mobile_Robotic_Arm/Thesis/ws/src/build/rsl_scu/install.log --install-scripts $base/lib/rsl_scu --single-version-externally-managed
[2.289s] Error processing line 1 of /usr/lib/python3/dist-packages/matplotlib-3.1.2-nspkg.pth:
[2.289s] 
[2.299s]   Traceback (most recent call last):
[2.299s]     File "/usr/lib/python3.8/site.py", line 175, in addpackage
[2.299s]       exec(line)
[2.299s]     File "<string>", line 1, in <module>
[2.299s]     File "<frozen importlib._bootstrap>", line 553, in module_from_spec
[2.299s]   AttributeError: 'NoneType' object has no attribute 'loader'
[2.300s] 
[2.300s] Remainder of file ignored
[2.681s] running egg_info
[2.682s] writing ../build/rsl_scu/rsl_scu.egg-info/PKG-INFO
[2.683s] writing dependency_links to ../build/rsl_scu/rsl_scu.egg-info/dependency_links.txt
[2.684s] writing entry points to ../build/rsl_scu/rsl_scu.egg-info/entry_points.txt
[2.684s] writing requirements to ../build/rsl_scu/rsl_scu.egg-info/requires.txt
[2.684s] writing top-level names to ../build/rsl_scu/rsl_scu.egg-info/top_level.txt
[2.753s] reading manifest file '../build/rsl_scu/rsl_scu.egg-info/SOURCES.txt'
[2.758s] writing manifest file '../build/rsl_scu/rsl_scu.egg-info/SOURCES.txt'
[2.759s] running build
[2.759s] running build_py
[2.759s] running install
[2.759s] running install_lib
[2.760s] running install_data
[2.761s] running install_egg_info
[2.764s] removing '/home/rsl/Desktop/Indoor_Mobile_Robotic_Arm/Thesis/ws/src/install/rsl_scu/lib/python3.8/site-packages/rsl_scu-0.0.0-py3.8.egg-info' (and everything under it)
[2.765s] Copying ../build/rsl_scu/rsl_scu.egg-info to /home/rsl/Desktop/Indoor_Mobile_Robotic_Arm/Thesis/ws/src/install/rsl_scu/lib/python3.8/site-packages/rsl_scu-0.0.0-py3.8.egg-info
[2.767s] running install_scripts
[2.803s] Installing rsl_joy script to /home/rsl/Desktop/Indoor_Mobile_Robotic_Arm/Thesis/ws/src/install/rsl_scu/lib/rsl_scu
[2.804s] writing list of installed files to '/home/rsl/Desktop/Indoor_Mobile_Robotic_Arm/Thesis/ws/src/build/rsl_scu/install.log'
[2.866s] Invoked command in '/home/rsl/Desktop/Indoor_Mobile_Robotic_Arm/Thesis/ws/src/rsl_scu' returned '0': PYTHONPATH=/home/rsl/Desktop/Indoor_Mobile_Robotic_Arm/Thesis/ws/src/build/rsl_scu/prefix_override:/home/rsl/Desktop/Indoor_Mobile_Robotic_Arm/Thesis/ws/src/install/rsl_scu/lib/python3.8/site-packages:${PYTHONPATH} /usr/bin/python3 setup.py egg_info --egg-base ../build/rsl_scu build --build-base /home/rsl/Desktop/Indoor_Mobile_Robotic_Arm/Thesis/ws/src/build/rsl_scu/build install --record /home/rsl/Desktop/Indoor_Mobile_Robotic_Arm/Thesis/ws/src/build/rsl_scu/install.log --install-scripts $base/lib/rsl_scu --single-version-externally-managed
