[0.874s] Invoking command in '/home/vboxuser/ws/build/teleop_twist_joy': CMAKE_PREFIX_PATH=${CMAKE_PREFIX_PATH}:/home/vboxuser/ws/install/locomotion_core:/home/vboxuser/ws/install/py_pubsub:/home/vboxuser/ws/install/my_robot_ctrl:/home/vboxuser/ros2_ws/install/py_pubsub:/opt/ros/humble /usr/bin/cmake --build /home/vboxuser/ws/build/teleop_twist_joy -- -j6 -l6
[0.968s] [ 50%] Built target teleop_twist_joy
[1.002s] [100%] Built target teleop_twist_joy_node
[1.036s] Invoked command in '/home/vboxuser/ws/build/teleop_twist_joy' returned '0': CMAKE_PREFIX_PATH=${CMAKE_PREFIX_PATH}:/home/vboxuser/ws/install/locomotion_core:/home/vboxuser/ws/install/py_pubsub:/home/vboxuser/ws/install/my_robot_ctrl:/home/vboxuser/ros2_ws/install/py_pubsub:/opt/ros/humble /usr/bin/cmake --build /home/vboxuser/ws/build/teleop_twist_joy -- -j6 -l6
[1.097s] Invoking command in '/home/vboxuser/ws/build/teleop_twist_joy': CMAKE_PREFIX_PATH=${CMAKE_PREFIX_PATH}:/home/vboxuser/ws/install/locomotion_core:/home/vboxuser/ws/install/py_pubsub:/home/vboxuser/ws/install/my_robot_ctrl:/home/vboxuser/ros2_ws/install/py_pubsub:/opt/ros/humble /usr/bin/cmake --install /home/vboxuser/ws/build/teleop_twist_joy
[1.119s] -- Install configuration: ""
[1.120s] -- Up-to-date: /home/vboxuser/ws/install/teleop_twist_joy/lib/libteleop_twist_joy.so
[1.121s] -- Up-to-date: /home/vboxuser/ws/install/teleop_twist_joy/lib/teleop_twist_joy/teleop_node
[1.122s] -- Up-to-date: /home/vboxuser/ws/install/teleop_twist_joy/include
[1.123s] -- Up-to-date: /home/vboxuser/ws/install/teleop_twist_joy/include/teleop_twist_joy
[1.126s] -- Up-to-date: /home/vboxuser/ws/install/teleop_twist_joy/include/teleop_twist_joy/teleop_twist_joy.hpp
[1.128s] -- Up-to-date: /home/vboxuser/ws/install/teleop_twist_joy/include/teleop_twist_joy/teleop_twist_joy_export.h
[1.131s] -- Up-to-date: /home/vboxuser/ws/install/teleop_twist_joy/share/teleop_twist_joy/launch
[1.135s] -- Up-to-date: /home/vboxuser/ws/install/teleop_twist_joy/share/teleop_twist_joy/launch/teleop-launch.py
[1.139s] -- Up-to-date: /home/vboxuser/ws/install/teleop_twist_joy/share/teleop_twist_joy/config
[1.141s] -- Up-to-date: /home/vboxuser/ws/install/teleop_twist_joy/share/teleop_twist_joy/config/xbox.config.yaml
[1.143s] -- Up-to-date: /home/vboxuser/ws/install/teleop_twist_joy/share/teleop_twist_joy/config/atk3.config.yaml
[1.146s] -- Up-to-date: /home/vboxuser/ws/install/teleop_twist_joy/share/teleop_twist_joy/config/ps3-holonomic.config.yaml
[1.150s] -- Up-to-date: /home/vboxuser/ws/install/teleop_twist_joy/share/teleop_twist_joy/config/xd3.config.yaml
[1.152s] -- Up-to-date: /home/vboxuser/ws/install/teleop_twist_joy/share/teleop_twist_joy/config/ps3.config.yaml
[1.155s] -- Up-to-date: /home/vboxuser/ws/install/teleop_twist_joy/share/teleop_twist_joy/environment/library_path.sh
[1.159s] -- Up-to-date: /home/vboxuser/ws/install/teleop_twist_joy/share/teleop_twist_joy/environment/library_path.dsv
[1.163s] -- Up-to-date: /home/vboxuser/ws/install/teleop_twist_joy/share/ament_index/resource_index/package_run_dependencies/teleop_twist_joy
[1.167s] -- Up-to-date: /home/vboxuser/ws/install/teleop_twist_joy/share/ament_index/resource_index/parent_prefix_path/teleop_twist_joy
[1.168s] -- Up-to-date: /home/vboxuser/ws/install/teleop_twist_joy/share/teleop_twist_joy/environment/ament_prefix_path.sh
[1.168s] -- Up-to-date: /home/vboxuser/ws/install/teleop_twist_joy/share/teleop_twist_joy/environment/ament_prefix_path.dsv
[1.168s] -- Up-to-date: /home/vboxuser/ws/install/teleop_twist_joy/share/teleop_twist_joy/environment/path.sh
[1.169s] -- Up-to-date: /home/vboxuser/ws/install/teleop_twist_joy/share/teleop_twist_joy/environment/path.dsv
[1.169s] -- Up-to-date: /home/vboxuser/ws/install/teleop_twist_joy/share/teleop_twist_joy/local_setup.bash
[1.170s] -- Up-to-date: /home/vboxuser/ws/install/teleop_twist_joy/share/teleop_twist_joy/local_setup.sh
[1.170s] -- Up-to-date: /home/vboxuser/ws/install/teleop_twist_joy/share/teleop_twist_joy/local_setup.zsh
[1.171s] -- Up-to-date: /home/vboxuser/ws/install/teleop_twist_joy/share/teleop_twist_joy/local_setup.dsv
[1.171s] -- Installing: /home/vboxuser/ws/install/teleop_twist_joy/share/teleop_twist_joy/package.dsv
[1.172s] -- Up-to-date: /home/vboxuser/ws/install/teleop_twist_joy/share/ament_index/resource_index/packages/teleop_twist_joy
[1.172s] -- Up-to-date: /home/vboxuser/ws/install/teleop_twist_joy/share/ament_index/resource_index/rclcpp_components/teleop_twist_joy
[1.173s] -- Up-to-date: /home/vboxuser/ws/install/teleop_twist_joy/share/teleop_twist_joy/cmake/ament_cmake_export_include_directories-extras.cmake
[1.174s] -- Up-to-date: /home/vboxuser/ws/install/teleop_twist_joy/share/teleop_twist_joy/cmake/ament_cmake_export_libraries-extras.cmake
[1.174s] -- Up-to-date: /home/vboxuser/ws/install/teleop_twist_joy/share/teleop_twist_joy/cmake/teleop_twist_joyConfig.cmake
[1.175s] -- Up-to-date: /home/vboxuser/ws/install/teleop_twist_joy/share/teleop_twist_joy/cmake/teleop_twist_joyConfig-version.cmake
[1.176s] -- Up-to-date: /home/vboxuser/ws/install/teleop_twist_joy/share/teleop_twist_joy/package.xml
[1.176s] Invoked command in '/home/vboxuser/ws/build/teleop_twist_joy' returned '0': CMAKE_PREFIX_PATH=${CMAKE_PREFIX_PATH}:/home/vboxuser/ws/install/locomotion_core:/home/vboxuser/ws/install/py_pubsub:/home/vboxuser/ws/install/my_robot_ctrl:/home/vboxuser/ros2_ws/install/py_pubsub:/opt/ros/humble /usr/bin/cmake --install /home/vboxuser/ws/build/teleop_twist_joy
