[2.506s] Invoking command in '/home/rsl/Desktop/Indoor_Mobile_Robotic_Arm/Thesis/ws/src/rsl_scu': PYTHONPATH=/home/rsl/Desktop/Indoor_Mobile_Robotic_Arm/Thesis/ws/build/rsl_scu/prefix_override:/home/rsl/Desktop/Indoor_Mobile_Robotic_Arm/Thesis/ws/install/rsl_scu/lib/python3.8/site-packages:${PYTHONPATH} /usr/bin/python3 setup.py egg_info --egg-base ../../build/rsl_scu build --build-base /home/rsl/Desktop/Indoor_Mobile_Robotic_Arm/Thesis/ws/build/rsl_scu/build install --record /home/rsl/Desktop/Indoor_Mobile_Robotic_Arm/Thesis/ws/build/rsl_scu/install.log --install-scripts $base/lib/rsl_scu --single-version-externally-managed
[2.666s] Error processing line 1 of /usr/lib/python3/dist-packages/matplotlib-3.1.2-nspkg.pth:
[2.666s] 
[2.675s]   Traceback (most recent call last):
[2.675s]     File "/usr/lib/python3.8/site.py", line 175, in addpackage
[2.676s]       exec(line)
[2.676s]     File "<string>", line 1, in <module>
[2.676s]     File "<frozen importlib._bootstrap>", line 553, in module_from_spec
[2.676s]   AttributeError: 'NoneType' object has no attribute 'loader'
[2.677s] 
[2.677s] Remainder of file ignored
[3.054s] running egg_info
[3.055s] writing ../../build/rsl_scu/rsl_scu.egg-info/PKG-INFO
[3.056s] writing dependency_links to ../../build/rsl_scu/rsl_scu.egg-info/dependency_links.txt
[3.056s] writing entry points to ../../build/rsl_scu/rsl_scu.egg-info/entry_points.txt
[3.057s] writing requirements to ../../build/rsl_scu/rsl_scu.egg-info/requires.txt
[3.057s] writing top-level names to ../../build/rsl_scu/rsl_scu.egg-info/top_level.txt
[3.122s] reading manifest file '../../build/rsl_scu/rsl_scu.egg-info/SOURCES.txt'
[3.123s] writing manifest file '../../build/rsl_scu/rsl_scu.egg-info/SOURCES.txt'
[3.124s] running build
[3.124s] running build_py
[3.124s] running install
[3.130s] running install_lib
[3.133s] running install_data
[3.134s] running install_egg_info
[3.137s] removing '/home/rsl/Desktop/Indoor_Mobile_Robotic_Arm/Thesis/ws/install/rsl_scu/lib/python3.8/site-packages/rsl_scu-0.0.0-py3.8.egg-info' (and everything under it)
[3.138s] Copying ../../build/rsl_scu/rsl_scu.egg-info to /home/rsl/Desktop/Indoor_Mobile_Robotic_Arm/Thesis/ws/install/rsl_scu/lib/python3.8/site-packages/rsl_scu-0.0.0-py3.8.egg-info
[3.140s] running install_scripts
[3.177s] Installing rsl_joy script to /home/rsl/Desktop/Indoor_Mobile_Robotic_Arm/Thesis/ws/install/rsl_scu/lib/rsl_scu
[3.178s] writing list of installed files to '/home/rsl/Desktop/Indoor_Mobile_Robotic_Arm/Thesis/ws/build/rsl_scu/install.log'
[3.252s] Invoked command in '/home/rsl/Desktop/Indoor_Mobile_Robotic_Arm/Thesis/ws/src/rsl_scu' returned '0': PYTHONPATH=/home/rsl/Desktop/Indoor_Mobile_Robotic_Arm/Thesis/ws/build/rsl_scu/prefix_override:/home/rsl/Desktop/Indoor_Mobile_Robotic_Arm/Thesis/ws/install/rsl_scu/lib/python3.8/site-packages:${PYTHONPATH} /usr/bin/python3 setup.py egg_info --egg-base ../../build/rsl_scu build --build-base /home/rsl/Desktop/Indoor_Mobile_Robotic_Arm/Thesis/ws/build/rsl_scu/build install --record /home/rsl/Desktop/Indoor_Mobile_Robotic_Arm/Thesis/ws/build/rsl_scu/install.log --install-scripts $base/lib/rsl_scu --single-version-externally-managed
