[2.160s] Invoking command in '/home/vboxuser/ws/src/locomotion_core': PYTHONPATH=/home/vboxuser/ws/build/locomotion_core/prefix_override:/home/vboxuser/ws/install/locomotion_core/lib/python3.10/site-packages:${PYTHONPATH} /usr/bin/python3 setup.py egg_info --egg-base ../../build/locomotion_core build --build-base /home/vboxuser/ws/build/locomotion_core/build install --record /home/vboxuser/ws/build/locomotion_core/install.log --single-version-externally-managed
[2.720s] running egg_info
[2.721s] writing ../../build/locomotion_core/locomotion_core.egg-info/PKG-INFO
[2.722s] writing dependency_links to ../../build/locomotion_core/locomotion_core.egg-info/dependency_links.txt
[2.722s] writing entry points to ../../build/locomotion_core/locomotion_core.egg-info/entry_points.txt
[2.722s] writing requirements to ../../build/locomotion_core/locomotion_core.egg-info/requires.txt
[2.722s] writing top-level names to ../../build/locomotion_core/locomotion_core.egg-info/top_level.txt
[2.725s] reading manifest file '../../build/locomotion_core/locomotion_core.egg-info/SOURCES.txt'
[2.727s] writing manifest file '../../build/locomotion_core/locomotion_core.egg-info/SOURCES.txt'
[2.727s] running build
[2.727s] running build_py
[2.727s] running install
[2.728s] running install_lib
[2.729s] running install_data
[2.730s] running install_egg_info
[2.732s] removing '/home/vboxuser/ws/install/locomotion_core/lib/python3.10/site-packages/locomotion_core-0.0.0-py3.10.egg-info' (and everything under it)
[2.736s] Copying ../../build/locomotion_core/locomotion_core.egg-info to /home/vboxuser/ws/install/locomotion_core/lib/python3.10/site-packages/locomotion_core-0.0.0-py3.10.egg-info
[2.745s] running install_scripts
[2.777s] Installing driver script to /home/vboxuser/ws/install/locomotion_core/lib/locomotion_core
[2.778s] writing list of installed files to '/home/vboxuser/ws/build/locomotion_core/install.log'
[2.859s] Invoked command in '/home/vboxuser/ws/src/locomotion_core' returned '0': PYTHONPATH=/home/vboxuser/ws/build/locomotion_core/prefix_override:/home/vboxuser/ws/install/locomotion_core/lib/python3.10/site-packages:${PYTHONPATH} /usr/bin/python3 setup.py egg_info --egg-base ../../build/locomotion_core build --build-base /home/vboxuser/ws/build/locomotion_core/build install --record /home/vboxuser/ws/build/locomotion_core/install.log --single-version-externally-managed
