[3.401s] Invoking command in '/home/rsl/Desktop/Indoor_Mobile_Robotic_Arm/Thesis/ws/src/rsl_scu': PYTHONPATH=/home/rsl/Desktop/Indoor_Mobile_Robotic_Arm/Thesis/ws/build/rsl_scu/prefix_override:/home/rsl/Desktop/Indoor_Mobile_Robotic_Arm/Thesis/ws/install/rsl_scu/lib/python3.8/site-packages:${PYTHONPATH} /usr/bin/python3 setup.py egg_info --egg-base ../../build/rsl_scu build --build-base /home/rsl/Desktop/Indoor_Mobile_Robotic_Arm/Thesis/ws/build/rsl_scu/build install --record /home/rsl/Desktop/Indoor_Mobile_Robotic_Arm/Thesis/ws/build/rsl_scu/install.log --install-scripts $base/lib/rsl_scu --single-version-externally-managed
[3.827s] Error processing line 1 of /usr/lib/python3/dist-packages/matplotlib-3.1.2-nspkg.pth:
[3.827s] 
[3.840s]   Traceback (most recent call last):
[3.841s]     File "/usr/lib/python3.8/site.py", line 175, in addpackage
[3.841s]       exec(line)
[3.841s]     File "<string>", line 1, in <module>
[3.842s]     File "<frozen importlib._bootstrap>", line 553, in module_from_spec
[3.842s]   AttributeError: 'NoneType' object has no attribute 'loader'
[3.842s] 
[3.842s] Remainder of file ignored
[4.250s] running egg_info
[4.251s] writing ../../build/rsl_scu/rsl_scu.egg-info/PKG-INFO
[4.252s] writing dependency_links to ../../build/rsl_scu/rsl_scu.egg-info/dependency_links.txt
[4.254s] writing entry points to ../../build/rsl_scu/rsl_scu.egg-info/entry_points.txt
[4.254s] writing requirements to ../../build/rsl_scu/rsl_scu.egg-info/requires.txt
[4.255s] writing top-level names to ../../build/rsl_scu/rsl_scu.egg-info/top_level.txt
[4.327s] reading manifest file '../../build/rsl_scu/rsl_scu.egg-info/SOURCES.txt'
[4.396s] writing manifest file '../../build/rsl_scu/rsl_scu.egg-info/SOURCES.txt'
[4.396s] running build
[4.397s] running build_py
[4.398s] running install
[4.400s] running install_lib
[4.404s] running install_data
[4.406s] running install_egg_info
[4.411s] removing '/home/rsl/Desktop/Indoor_Mobile_Robotic_Arm/Thesis/ws/install/rsl_scu/lib/python3.8/site-packages/rsl_scu-0.0.0-py3.8.egg-info' (and everything under it)
[4.412s] Copying ../../build/rsl_scu/rsl_scu.egg-info to /home/rsl/Desktop/Indoor_Mobile_Robotic_Arm/Thesis/ws/install/rsl_scu/lib/python3.8/site-packages/rsl_scu-0.0.0-py3.8.egg-info
[4.553s] running install_scripts
[4.599s] Installing rsl_joy script to /home/rsl/Desktop/Indoor_Mobile_Robotic_Arm/Thesis/ws/install/rsl_scu/lib/rsl_scu
[4.600s] writing list of installed files to '/home/rsl/Desktop/Indoor_Mobile_Robotic_Arm/Thesis/ws/build/rsl_scu/install.log'
[4.713s] Invoked command in '/home/rsl/Desktop/Indoor_Mobile_Robotic_Arm/Thesis/ws/src/rsl_scu' returned '0': PYTHONPATH=/home/rsl/Desktop/Indoor_Mobile_Robotic_Arm/Thesis/ws/build/rsl_scu/prefix_override:/home/rsl/Desktop/Indoor_Mobile_Robotic_Arm/Thesis/ws/install/rsl_scu/lib/python3.8/site-packages:${PYTHONPATH} /usr/bin/python3 setup.py egg_info --egg-base ../../build/rsl_scu build --build-base /home/rsl/Desktop/Indoor_Mobile_Robotic_Arm/Thesis/ws/build/rsl_scu/build install --record /home/rsl/Desktop/Indoor_Mobile_Robotic_Arm/Thesis/ws/build/rsl_scu/install.log --install-scripts $base/lib/rsl_scu --single-version-externally-managed
