[0.380s] Invoking command in '/home/vboxuser/ws/build/robot_start': CMAKE_PREFIX_PATH=${CMAKE_PREFIX_PATH}:/home/vboxuser/ws/install/py_pubsub:/home/vboxuser/ws/install/my_robot_ctrl:/home/vboxuser/ws/install/locomotion_core:/opt/ros/humble /usr/bin/cmake --build /home/vboxuser/ws/build/robot_start -- -j6 -l6
[0.415s] Invoked command in '/home/vboxuser/ws/build/robot_start' returned '0': CMAKE_PREFIX_PATH=${CMAKE_PREFIX_PATH}:/home/vboxuser/ws/install/py_pubsub:/home/vboxuser/ws/install/my_robot_ctrl:/home/vboxuser/ws/install/locomotion_core:/opt/ros/humble /usr/bin/cmake --build /home/vboxuser/ws/build/robot_start -- -j6 -l6
[0.461s] Invoking command in '/home/vboxuser/ws/build/robot_start': CMAKE_PREFIX_PATH=${CMAKE_PREFIX_PATH}:/home/vboxuser/ws/install/py_pubsub:/home/vboxuser/ws/install/my_robot_ctrl:/home/vboxuser/ws/install/locomotion_core:/opt/ros/humble /usr/bin/cmake --install /home/vboxuser/ws/build/robot_start
[0.467s] -- Install configuration: ""
[0.467s] -- Up-to-date: /home/vboxuser/ws/install/robot_start/share/robot_start/launch
[0.468s] -- Up-to-date: /home/vboxuser/ws/install/robot_start/share/robot_start/launch/demo.launch.py
[0.468s] -- Up-to-date: /home/vboxuser/ws/install/robot_start/share/robot_start/launch/rover_start.launch.py
[0.469s] -- Up-to-date: /home/vboxuser/ws/install/robot_start/share/ament_index/resource_index/package_run_dependencies/robot_start
[0.469s] -- Up-to-date: /home/vboxuser/ws/install/robot_start/share/ament_index/resource_index/parent_prefix_path/robot_start
[0.470s] -- Up-to-date: /home/vboxuser/ws/install/robot_start/share/robot_start/environment/ament_prefix_path.sh
[0.470s] -- Up-to-date: /home/vboxuser/ws/install/robot_start/share/robot_start/environment/ament_prefix_path.dsv
[0.471s] -- Up-to-date: /home/vboxuser/ws/install/robot_start/share/robot_start/environment/path.sh
[0.471s] -- Up-to-date: /home/vboxuser/ws/install/robot_start/share/robot_start/environment/path.dsv
[0.472s] -- Up-to-date: /home/vboxuser/ws/install/robot_start/share/robot_start/local_setup.bash
[0.473s] -- Up-to-date: /home/vboxuser/ws/install/robot_start/share/robot_start/local_setup.sh
[0.474s] -- Up-to-date: /home/vboxuser/ws/install/robot_start/share/robot_start/local_setup.zsh
[0.475s] -- Up-to-date: /home/vboxuser/ws/install/robot_start/share/robot_start/local_setup.dsv
[0.476s] -- Installing: /home/vboxuser/ws/install/robot_start/share/robot_start/package.dsv
[0.478s] -- Up-to-date: /home/vboxuser/ws/install/robot_start/share/ament_index/resource_index/packages/robot_start
[0.478s] -- Up-to-date: /home/vboxuser/ws/install/robot_start/share/robot_start/cmake/robot_startConfig.cmake
[0.479s] -- Up-to-date: /home/vboxuser/ws/install/robot_start/share/robot_start/cmake/robot_startConfig-version.cmake
[0.479s] -- Up-to-date: /home/vboxuser/ws/install/robot_start/share/robot_start/package.xml
[0.483s] Invoked command in '/home/vboxuser/ws/build/robot_start' returned '0': CMAKE_PREFIX_PATH=${CMAKE_PREFIX_PATH}:/home/vboxuser/ws/install/py_pubsub:/home/vboxuser/ws/install/my_robot_ctrl:/home/vboxuser/ws/install/locomotion_core:/opt/ros/humble /usr/bin/cmake --install /home/vboxuser/ws/build/robot_start
