[1.946s] Invoking command in '/home/rsl/Desktop/Indoor_Mobile_Robotic_Arm/Thesis/ws/src/rsl_scu': PYTHONPATH=/home/rsl/Desktop/Indoor_Mobile_Robotic_Arm/Thesis/build/rsl_scu/prefix_override:/home/rsl/Desktop/Indoor_Mobile_Robotic_Arm/Thesis/install/rsl_scu/lib/python3.8/site-packages:${PYTHONPATH} /usr/bin/python3 setup.py egg_info --egg-base ../../../build/rsl_scu build --build-base /home/rsl/Desktop/Indoor_Mobile_Robotic_Arm/Thesis/build/rsl_scu/build install --record /home/rsl/Desktop/Indoor_Mobile_Robotic_Arm/Thesis/build/rsl_scu/install.log --install-scripts $base/lib/rsl_scu --single-version-externally-managed
[2.442s] running egg_info
[2.444s] creating ../../../build/rsl_scu/rsl_scu.egg-info
[2.444s] writing ../../../build/rsl_scu/rsl_scu.egg-info/PKG-INFO
[2.445s] writing dependency_links to ../../../build/rsl_scu/rsl_scu.egg-info/dependency_links.txt
[2.445s] writing entry points to ../../../build/rsl_scu/rsl_scu.egg-info/entry_points.txt
[2.446s] writing requirements to ../../../build/rsl_scu/rsl_scu.egg-info/requires.txt
[2.446s] writing top-level names to ../../../build/rsl_scu/rsl_scu.egg-info/top_level.txt
[2.491s] writing manifest file '../../../build/rsl_scu/rsl_scu.egg-info/SOURCES.txt'
[2.564s] reading manifest file '../../../build/rsl_scu/rsl_scu.egg-info/SOURCES.txt'
[2.566s] writing manifest file '../../../build/rsl_scu/rsl_scu.egg-info/SOURCES.txt'
[2.567s] running build
[2.567s] running build_py
[2.568s] creating /home/rsl/Desktop/Indoor_Mobile_Robotic_Arm/Thesis/build/rsl_scu/build
[2.568s] creating /home/rsl/Desktop/Indoor_Mobile_Robotic_Arm/Thesis/build/rsl_scu/build/lib
[2.569s] creating /home/rsl/Desktop/Indoor_Mobile_Robotic_Arm/Thesis/build/rsl_scu/build/lib/rsl_scu
[2.569s] copying rsl_scu/__init__.py -> /home/rsl/Desktop/Indoor_Mobile_Robotic_Arm/Thesis/build/rsl_scu/build/lib/rsl_scu
[2.569s] copying rsl_scu/custom_joy.py -> /home/rsl/Desktop/Indoor_Mobile_Robotic_Arm/Thesis/build/rsl_scu/build/lib/rsl_scu
[2.706s] running install
[2.708s] running install_lib
[2.710s] creating /home/rsl/Desktop/Indoor_Mobile_Robotic_Arm/Thesis/install/rsl_scu/lib/python3.8/site-packages/rsl_scu
[2.710s] copying /home/rsl/Desktop/Indoor_Mobile_Robotic_Arm/Thesis/build/rsl_scu/build/lib/rsl_scu/__init__.py -> /home/rsl/Desktop/Indoor_Mobile_Robotic_Arm/Thesis/install/rsl_scu/lib/python3.8/site-packages/rsl_scu
[2.710s] copying /home/rsl/Desktop/Indoor_Mobile_Robotic_Arm/Thesis/build/rsl_scu/build/lib/rsl_scu/custom_joy.py -> /home/rsl/Desktop/Indoor_Mobile_Robotic_Arm/Thesis/install/rsl_scu/lib/python3.8/site-packages/rsl_scu
[2.712s] byte-compiling /home/rsl/Desktop/Indoor_Mobile_Robotic_Arm/Thesis/install/rsl_scu/lib/python3.8/site-packages/rsl_scu/__init__.py to __init__.cpython-38.pyc
[2.715s] byte-compiling /home/rsl/Desktop/Indoor_Mobile_Robotic_Arm/Thesis/install/rsl_scu/lib/python3.8/site-packages/rsl_scu/custom_joy.py to custom_joy.cpython-38.pyc
[2.716s] running install_data
[2.717s] creating /home/rsl/Desktop/Indoor_Mobile_Robotic_Arm/Thesis/install/rsl_scu/share/ament_index
[2.717s] creating /home/rsl/Desktop/Indoor_Mobile_Robotic_Arm/Thesis/install/rsl_scu/share/ament_index/resource_index
[2.718s] creating /home/rsl/Desktop/Indoor_Mobile_Robotic_Arm/Thesis/install/rsl_scu/share/ament_index/resource_index/packages
[2.718s] copying resource/rsl_scu -> /home/rsl/Desktop/Indoor_Mobile_Robotic_Arm/Thesis/install/rsl_scu/share/ament_index/resource_index/packages
[2.718s] copying package.xml -> /home/rsl/Desktop/Indoor_Mobile_Robotic_Arm/Thesis/install/rsl_scu/share/rsl_scu
[2.718s] running install_egg_info
[2.722s] Copying ../../../build/rsl_scu/rsl_scu.egg-info to /home/rsl/Desktop/Indoor_Mobile_Robotic_Arm/Thesis/install/rsl_scu/lib/python3.8/site-packages/rsl_scu-0.0.0-py3.8.egg-info
[2.735s] running install_scripts
[2.774s] Installing rsl_joy script to /home/rsl/Desktop/Indoor_Mobile_Robotic_Arm/Thesis/install/rsl_scu/lib/rsl_scu
[2.782s] writing list of installed files to '/home/rsl/Desktop/Indoor_Mobile_Robotic_Arm/Thesis/build/rsl_scu/install.log'
[2.883s] Invoked command in '/home/rsl/Desktop/Indoor_Mobile_Robotic_Arm/Thesis/ws/src/rsl_scu' returned '0': PYTHONPATH=/home/rsl/Desktop/Indoor_Mobile_Robotic_Arm/Thesis/build/rsl_scu/prefix_override:/home/rsl/Desktop/Indoor_Mobile_Robotic_Arm/Thesis/install/rsl_scu/lib/python3.8/site-packages:${PYTHONPATH} /usr/bin/python3 setup.py egg_info --egg-base ../../../build/rsl_scu build --build-base /home/rsl/Desktop/Indoor_Mobile_Robotic_Arm/Thesis/build/rsl_scu/build install --record /home/rsl/Desktop/Indoor_Mobile_Robotic_Arm/Thesis/build/rsl_scu/install.log --install-scripts $base/lib/rsl_scu --single-version-externally-managed
